<?xml version="1.0" encoding="UTF-8"?>
<testsuite xmlns:xsi="http://www.w3.org/2001/XMLSchema-instance" xsi:noNamespaceSchemaLocation="https://maven.apache.org/surefire/maven-surefire-plugin/xsd/surefire-test-report-3.0.xsd" version="3.0" name="com.tallerwebi.dominio.RepositorioCategoriaAlimentoTest" time="0.112" tests="3" errors="0" skipped="0" failures="0">
  <properties>
    <property name="java.specification.version" value="20"/>
    <property name="sun.cpu.isalist" value="amd64"/>
    <property name="sun.jnu.encoding" value="Cp1252"/>
    <property name="java.class.path" value="C:\Users\Admin\Downloads\grupo4-main\grupo4-main\Fatloss\target\test-classes;C:\Users\Admin\Downloads\grupo4-main\grupo4-main\Fatloss\target\classes;C:\Users\Admin\.m2\repository\com\mercadopago\sdk-java\2.1.21\sdk-java-2.1.21.jar;C:\Users\Admin\.m2\repository\org\apache\maven\plugins\maven-javadoc-plugin\3.6.3\maven-javadoc-plugin-3.6.3.jar;C:\Users\Admin\.m2\repository\javax\inject\javax.inject\1\javax.inject-1.jar;C:\Users\Admin\.m2\repository\org\apache\maven\reporting\maven-reporting-api\3.1.1\maven-reporting-api-3.1.1.jar;C:\Users\Admin\.m2\repository\org\apache\maven\maven-archiver\3.6.1\maven-archiver-3.6.1.jar;C:\Users\Admin\.m2\repository\org\apache\maven\shared\maven-invoker\3.2.0\maven-invoker-3.2.0.jar;C:\Users\Admin\.m2\repository\org\apache\maven\shared\maven-shared-utils\3.4.2\maven-shared-utils-3.4.2.jar;C:\Users\Admin\.m2\repository\org\apache\maven\shared\maven-common-artifact-filters\3.2.0\maven-common-artifact-filters-3.2.0.jar;C:\Users\Admin\.m2\repository\org\eclipse\aether\aether-api\0.9.0.M2\aether-api-0.9.0.M2.jar;C:\Users\Admin\.m2\repository\org\eclipse\aether\aether-util\0.9.0.M2\aether-util-0.9.0.M2.jar;C:\Users\Admin\.m2\repository\org\apache\maven\doxia\doxia-sink-api\1.11.1\doxia-sink-api-1.11.1.jar;C:\Users\Admin\.m2\repository\org\apache\maven\doxia\doxia-logging-api\1.11.1\doxia-logging-api-1.11.1.jar;C:\Users\Admin\.m2\repository\org\apache\maven\doxia\doxia-site-renderer\1.11.1\doxia-site-renderer-1.11.1.jar;C:\Users\Admin\.m2\repository\org\apache\maven\doxia\doxia-core\1.11.1\doxia-core-1.11.1.jar;C:\Users\Admin\.m2\repository\org\apache\maven\doxia\doxia-decoration-model\1.11.1\doxia-decoration-model-1.11.1.jar;C:\Users\Admin\.m2\repository\org\apache\maven\doxia\doxia-skin-model\1.11.1\doxia-skin-model-1.11.1.jar;C:\Users\Admin\.m2\repository\org\apache\maven\doxia\doxia-module-xhtml\1.11.1\doxia-module-xhtml-1.11.1.jar;C:\Users\Admin\.m2\repository\org\apache\maven\doxia\doxia-module-xhtml5\1.11.1\doxia-module-xhtml5-1.11.1.jar;C:\Users\Admin\.m2\repository\org\codehaus\plexus\plexus-i18n\1.0-beta-10\plexus-i18n-1.0-beta-10.jar;C:\Users\Admin\.m2\repository\org\codehaus\plexus\plexus-container-default\1.0-alpha-30\plexus-container-default-1.0-alpha-30.jar;C:\Users\Admin\.m2\repository\junit\junit\3.8.1\junit-3.8.1.jar;C:\Users\Admin\.m2\repository\org\codehaus\plexus\plexus-velocity\1.2\plexus-velocity-1.2.jar;C:\Users\Admin\.m2\repository\commons-collections\commons-collections\3.2.2\commons-collections-3.2.2.jar;C:\Users\Admin\.m2\repository\org\apache\maven\wagon\wagon-provider-api\2.4\wagon-provider-api-2.4.jar;C:\Users\Admin\.m2\repository\org\apache\commons\commons-lang3\3.14.0\commons-lang3-3.14.0.jar;C:\Users\Admin\.m2\repository\org\apache\commons\commons-text\1.11.0\commons-text-1.11.0.jar;C:\Users\Admin\.m2\repository\org\apache\httpcomponents\httpcore\4.4.16\httpcore-4.4.16.jar;C:\Users\Admin\.m2\repository\com\thoughtworks\qdox\qdox\2.0.3\qdox-2.0.3.jar;C:\Users\Admin\.m2\repository\org\codehaus\plexus\plexus-java\1.2.0\plexus-java-1.2.0.jar;C:\Users\Admin\.m2\repository\org\ow2\asm\asm\9.6\asm-9.6.jar;C:\Users\Admin\.m2\repository\org\codehaus\plexus\plexus-utils\4.0.0\plexus-utils-4.0.0.jar;C:\Users\Admin\.m2\repository\org\codehaus\plexus\plexus-xml\3.0.0\plexus-xml-3.0.0.jar;C:\Users\Admin\.m2\repository\org\codehaus\plexus\plexus-io\3.4.1\plexus-io-3.4.1.jar;C:\Users\Admin\.m2\repository\org\codehaus\plexus\plexus-archiver\4.9.0\plexus-archiver-4.9.0.jar;C:\Users\Admin\.m2\repository\org\apache\commons\commons-compress\1.24.0\commons-compress-1.24.0.jar;C:\Users\Admin\.m2\repository\org\iq80\snappy\snappy\0.4\snappy-0.4.jar;C:\Users\Admin\.m2\repository\org\tukaani\xz\1.9\xz-1.9.jar;C:\Users\Admin\.m2\repository\com\github\luben\zstd-jni\1.5.5-10\zstd-jni-1.5.5-10.jar;C:\Users\Admin\.m2\repository\org\codehaus\plexus\plexus-interactivity-api\1.1\plexus-interactivity-api-1.1.jar;C:\Users\Admin\.m2\repository\org\apache\velocity\velocity-engine-core\2.3\velocity-engine-core-2.3.jar;C:\Users\Admin\.m2\repository\org\apache\velocity\tools\velocity-tools-generic\3.1\velocity-tools-generic-3.1.jar;C:\Users\Admin\.m2\repository\commons-beanutils\commons-beanutils\1.9.4\commons-beanutils-1.9.4.jar;C:\Users\Admin\.m2\repository\org\apache\commons\commons-digester3\3.2\commons-digester3-3.2.jar;C:\Users\Admin\.m2\repository\com\github\cliftonlabs\json-simple\3.0.2\json-simple-3.0.2.jar;C:\Users\Admin\.m2\repository\commons-lang\commons-lang\2.6\commons-lang-2.6.jar;C:\Users\Admin\.m2\repository\org\apache\httpcomponents\httpclient\4.5.13\httpclient-4.5.13.jar;C:\Users\Admin\.m2\repository\commons-logging\commons-logging\1.2\commons-logging-1.2.jar;C:\Users\Admin\.m2\repository\commons-codec\commons-codec\1.11\commons-codec-1.11.jar;C:\Users\Admin\.m2\repository\com\google\code\gson\gson\2.8.9\gson-2.8.9.jar;C:\Users\Admin\.m2\repository\org\apache\maven\maven-core\3.9.6\maven-core-3.9.6.jar;C:\Users\Admin\.m2\repository\org\apache\maven\maven-model\3.9.6\maven-model-3.9.6.jar;C:\Users\Admin\.m2\repository\org\apache\maven\maven-settings\3.9.6\maven-settings-3.9.6.jar;C:\Users\Admin\.m2\repository\org\apache\maven\maven-settings-builder\3.9.6\maven-settings-builder-3.9.6.jar;C:\Users\Admin\.m2\repository\org\codehaus\plexus\plexus-sec-dispatcher\2.0\plexus-sec-dispatcher-2.0.jar;C:\Users\Admin\.m2\repository\org\codehaus\plexus\plexus-cipher\2.0\plexus-cipher-2.0.jar;C:\Users\Admin\.m2\repository\org\apache\maven\maven-builder-support\3.9.6\maven-builder-support-3.9.6.jar;C:\Users\Admin\.m2\repository\org\apache\maven\maven-repository-metadata\3.9.6\maven-repository-metadata-3.9.6.jar;C:\Users\Admin\.m2\repository\org\apache\maven\maven-artifact\3.9.6\maven-artifact-3.9.6.jar;C:\Users\Admin\.m2\repository\org\apache\maven\maven-plugin-api\3.9.6\maven-plugin-api-3.9.6.jar;C:\Users\Admin\.m2\repository\org\apache\maven\maven-model-builder\3.9.6\maven-model-builder-3.9.6.jar;C:\Users\Admin\.m2\repository\org\apache\maven\maven-resolver-provider\3.9.6\maven-resolver-provider-3.9.6.jar;C:\Users\Admin\.m2\repository\org\apache\maven\resolver\maven-resolver-impl\1.9.18\maven-resolver-impl-1.9.18.jar;C:\Users\Admin\.m2\repository\org\apache\maven\resolver\maven-resolver-named-locks\1.9.18\maven-resolver-named-locks-1.9.18.jar;C:\Users\Admin\.m2\repository\org\apache\maven\resolver\maven-resolver-api\1.9.18\maven-resolver-api-1.9.18.jar;C:\Users\Admin\.m2\repository\org\apache\maven\resolver\maven-resolver-spi\1.9.18\maven-resolver-spi-1.9.18.jar;C:\Users\Admin\.m2\repository\org\apache\maven\resolver\maven-resolver-util\1.9.18\maven-resolver-util-1.9.18.jar;C:\Users\Admin\.m2\repository\org\eclipse\sisu\org.eclipse.sisu.plexus\0.9.0.M2\org.eclipse.sisu.plexus-0.9.0.M2.jar;C:\Users\Admin\.m2\repository\javax\annotation\javax.annotation-api\1.2\javax.annotation-api-1.2.jar;C:\Users\Admin\.m2\repository\org\eclipse\sisu\org.eclipse.sisu.inject\0.9.0.M2\org.eclipse.sisu.inject-0.9.0.M2.jar;C:\Users\Admin\.m2\repository\com\google\inject\guice\5.1.0\guice-5.1.0.jar;C:\Users\Admin\.m2\repository\aopalliance\aopalliance\1.0\aopalliance-1.0.jar;C:\Users\Admin\.m2\repository\com\google\guava\guava\32.0.1-jre\guava-32.0.1-jre.jar;C:\Users\Admin\.m2\repository\com\google\guava\failureaccess\1.0.1\failureaccess-1.0.1.jar;C:\Users\Admin\.m2\repository\org\codehaus\plexus\plexus-classworlds\2.7.0\plexus-classworlds-2.7.0.jar;C:\Users\Admin\.m2\repository\org\codehaus\plexus\plexus-interpolation\1.26\plexus-interpolation-1.26.jar;C:\Users\Admin\.m2\repository\org\codehaus\plexus\plexus-component-annotations\2.1.0\plexus-component-annotations-2.1.0.jar;C:\Users\Admin\.m2\repository\org\projectlombok\lombok\1.18.26\lombok-1.18.26.jar;C:\Users\Admin\.m2\repository\org\springframework\spring-webmvc\5.2.22.RELEASE\spring-webmvc-5.2.22.RELEASE.jar;C:\Users\Admin\.m2\repository\org\springframework\spring-aop\5.2.22.RELEASE\spring-aop-5.2.22.RELEASE.jar;C:\Users\Admin\.m2\repository\org\springframework\spring-beans\5.2.22.RELEASE\spring-beans-5.2.22.RELEASE.jar;C:\Users\Admin\.m2\repository\org\springframework\spring-context\5.2.22.RELEASE\spring-context-5.2.22.RELEASE.jar;C:\Users\Admin\.m2\repository\org\springframework\spring-core\5.2.22.RELEASE\spring-core-5.2.22.RELEASE.jar;C:\Users\Admin\.m2\repository\org\springframework\spring-jcl\5.2.22.RELEASE\spring-jcl-5.2.22.RELEASE.jar;C:\Users\Admin\.m2\repository\org\springframework\spring-expression\5.2.22.RELEASE\spring-expression-5.2.22.RELEASE.jar;C:\Users\Admin\.m2\repository\org\springframework\spring-web\5.2.22.RELEASE\spring-web-5.2.22.RELEASE.jar;C:\Users\Admin\.m2\repository\commons-fileupload\commons-fileupload\1.4\commons-fileupload-1.4.jar;C:\Users\Admin\.m2\repository\commons-io\commons-io\2.2\commons-io-2.2.jar;C:\Users\Admin\.m2\repository\org\springframework\spring-orm\5.2.22.RELEASE\spring-orm-5.2.22.RELEASE.jar;C:\Users\Admin\.m2\repository\org\springframework\spring-tx\5.2.22.RELEASE\spring-tx-5.2.22.RELEASE.jar;C:\Users\Admin\.m2\repository\ch\qos\logback\logback-classic\1.2.11\logback-classic-1.2.11.jar;C:\Users\Admin\.m2\repository\ch\qos\logback\logback-core\1.2.11\logback-core-1.2.11.jar;C:\Users\Admin\.m2\repository\org\slf4j\slf4j-api\1.7.32\slf4j-api-1.7.32.jar;C:\Users\Admin\.m2\repository\org\springframework\spring-jdbc\5.2.22.RELEASE\spring-jdbc-5.2.22.RELEASE.jar;C:\Users\Admin\.m2\repository\org\hsqldb\hsqldb\2.3.2\hsqldb-2.3.2.jar;C:\Users\Admin\.m2\repository\org\jfree\jfreechart\1.5.3\jfreechart-1.5.3.jar;C:\Users\Admin\.m2\repository\org\thymeleaf\thymeleaf-spring5\3.0.15.RELEASE\thymeleaf-spring5-3.0.15.RELEASE.jar;C:\Users\Admin\.m2\repository\org\thymeleaf\thymeleaf\3.0.15.RELEASE\thymeleaf-3.0.15.RELEASE.jar;C:\Users\Admin\.m2\repository\org\attoparser\attoparser\2.0.5.RELEASE\attoparser-2.0.5.RELEASE.jar;C:\Users\Admin\.m2\repository\org\unbescape\unbescape\1.1.6.RELEASE\unbescape-1.1.6.RELEASE.jar;C:\Users\Admin\.m2\repository\mysql\mysql-connector-java\8.0.28\mysql-connector-java-8.0.28.jar;C:\Users\Admin\.m2\repository\com\google\protobuf\protobuf-java\3.11.4\protobuf-java-3.11.4.jar;C:\Users\Admin\.m2\repository\org\webjars\bootstrap\5.2.0\bootstrap-5.2.0.jar;C:\Users\Admin\.m2\repository\jakarta\servlet\jakarta.servlet-api\4.0.4\jakarta.servlet-api-4.0.4.jar;C:\Users\Admin\.m2\repository\org\springframework\spring-test\5.2.22.RELEASE\spring-test-5.2.22.RELEASE.jar;C:\Users\Admin\.m2\repository\org\junit\jupiter\junit-jupiter-engine\5.9.0\junit-jupiter-engine-5.9.0.jar;C:\Users\Admin\.m2\repository\org\junit\platform\junit-platform-engine\1.9.0\junit-platform-engine-1.9.0.jar;C:\Users\Admin\.m2\repository\org\junit\platform\junit-platform-commons\1.9.0\junit-platform-commons-1.9.0.jar;C:\Users\Admin\.m2\repository\org\junit\jupiter\junit-jupiter-api\5.9.0\junit-jupiter-api-5.9.0.jar;C:\Users\Admin\.m2\repository\org\apiguardian\apiguardian-api\1.1.2\apiguardian-api-1.1.2.jar;C:\Users\Admin\.m2\repository\org\mockito\mockito-core\5.3.1\mockito-core-5.3.1.jar;C:\Users\Admin\.m2\repository\net\bytebuddy\byte-buddy\1.14.4\byte-buddy-1.14.4.jar;C:\Users\Admin\.m2\repository\net\bytebuddy\byte-buddy-agent\1.14.4\byte-buddy-agent-1.14.4.jar;C:\Users\Admin\.m2\repository\org\objenesis\objenesis\3.3\objenesis-3.3.jar;C:\Users\Admin\.m2\repository\org\hamcrest\hamcrest-core\2.2\hamcrest-core-2.2.jar;C:\Users\Admin\.m2\repository\org\hamcrest\hamcrest\2.2\hamcrest-2.2.jar;C:\Users\Admin\.m2\repository\org\hibernate\hibernate-core\5.4.24.Final\hibernate-core-5.4.24.Final.jar;C:\Users\Admin\.m2\repository\org\jboss\logging\jboss-logging\3.4.1.Final\jboss-logging-3.4.1.Final.jar;C:\Users\Admin\.m2\repository\javax\persistence\javax.persistence-api\2.2\javax.persistence-api-2.2.jar;C:\Users\Admin\.m2\repository\org\javassist\javassist\3.27.0-GA\javassist-3.27.0-GA.jar;C:\Users\Admin\.m2\repository\antlr\antlr\2.7.7\antlr-2.7.7.jar;C:\Users\Admin\.m2\repository\org\jboss\spec\javax\transaction\jboss-transaction-api_1.2_spec\1.1.1.Final\jboss-transaction-api_1.2_spec-1.1.1.Final.jar;C:\Users\Admin\.m2\repository\org\jboss\jandex\2.1.3.Final\jandex-2.1.3.Final.jar;C:\Users\Admin\.m2\repository\com\fasterxml\classmate\1.5.1\classmate-1.5.1.jar;C:\Users\Admin\.m2\repository\javax\activation\javax.activation-api\1.2.0\javax.activation-api-1.2.0.jar;C:\Users\Admin\.m2\repository\org\dom4j\dom4j\2.1.3\dom4j-2.1.3.jar;C:\Users\Admin\.m2\repository\org\hibernate\common\hibernate-commons-annotations\5.1.2.Final\hibernate-commons-annotations-5.1.2.Final.jar;C:\Users\Admin\.m2\repository\javax\xml\bind\jaxb-api\2.3.1\jaxb-api-2.3.1.jar;C:\Users\Admin\.m2\repository\org\glassfish\jaxb\jaxb-runtime\2.3.1\jaxb-runtime-2.3.1.jar;C:\Users\Admin\.m2\repository\org\glassfish\jaxb\txw2\2.3.1\txw2-2.3.1.jar;C:\Users\Admin\.m2\repository\com\sun\istack\istack-commons-runtime\3.0.7\istack-commons-runtime-3.0.7.jar;C:\Users\Admin\.m2\repository\org\jvnet\staxex\stax-ex\1.8\stax-ex-1.8.jar;C:\Users\Admin\.m2\repository\com\sun\xml\fastinfoset\FastInfoset\1.2.15\FastInfoset-1.2.15.jar;C:\Users\Admin\.m2\repository\com\microsoft\playwright\playwright\1.36.0\playwright-1.36.0.jar;C:\Users\Admin\.m2\repository\org\opentest4j\opentest4j\1.2.0\opentest4j-1.2.0.jar;C:\Users\Admin\.m2\repository\com\microsoft\playwright\driver\1.36.0\driver-1.36.0.jar;C:\Users\Admin\.m2\repository\com\microsoft\playwright\driver-bundle\1.36.0\driver-bundle-1.36.0.jar;"/>
    <property name="java.vm.vendor" value="Oracle Corporation"/>
    <property name="sun.arch.data.model" value="64"/>
    <property name="user.variant" value=""/>
    <property name="java.vendor.url" value="https://java.oracle.com/"/>
    <property name="user.timezone" value="America/Buenos_Aires"/>
    <property name="os.name" value="Windows 11"/>
    <property name="java.vm.specification.version" value="20"/>
    <property name="sun.java.launcher" value="SUN_STANDARD"/>
    <property name="user.country" value="MX"/>
    <property name="sun.boot.library.path" value="C:\Program Files\Java\jdk-20\bin"/>
    <property name="sun.java.command" value="C:\Users\Admin\AppData\Local\Temp\surefire13217180163884252534\surefirebooter6502159048919342014.jar C:\Users\Admin\AppData\Local\Temp\surefire13217180163884252534 2025-02-21T00-28-48_783-jvmRun1 surefire3966010290747282987tmp surefire_03171085702677706611tmp"/>
    <property name="jdk.debug" value="release"/>
    <property name="surefire.test.class.path" value="C:\Users\Admin\Downloads\grupo4-main\grupo4-main\Fatloss\target\test-classes;C:\Users\Admin\Downloads\grupo4-main\grupo4-main\Fatloss\target\classes;C:\Users\Admin\.m2\repository\com\mercadopago\sdk-java\2.1.21\sdk-java-2.1.21.jar;C:\Users\Admin\.m2\repository\org\apache\maven\plugins\maven-javadoc-plugin\3.6.3\maven-javadoc-plugin-3.6.3.jar;C:\Users\Admin\.m2\repository\javax\inject\javax.inject\1\javax.inject-1.jar;C:\Users\Admin\.m2\repository\org\apache\maven\reporting\maven-reporting-api\3.1.1\maven-reporting-api-3.1.1.jar;C:\Users\Admin\.m2\repository\org\apache\maven\maven-archiver\3.6.1\maven-archiver-3.6.1.jar;C:\Users\Admin\.m2\repository\org\apache\maven\shared\maven-invoker\3.2.0\maven-invoker-3.2.0.jar;C:\Users\Admin\.m2\repository\org\apache\maven\shared\maven-shared-utils\3.4.2\maven-shared-utils-3.4.2.jar;C:\Users\Admin\.m2\repository\org\apache\maven\shared\maven-common-artifact-filters\3.2.0\maven-common-artifact-filters-3.2.0.jar;C:\Users\Admin\.m2\repository\org\eclipse\aether\aether-api\0.9.0.M2\aether-api-0.9.0.M2.jar;C:\Users\Admin\.m2\repository\org\eclipse\aether\aether-util\0.9.0.M2\aether-util-0.9.0.M2.jar;C:\Users\Admin\.m2\repository\org\apache\maven\doxia\doxia-sink-api\1.11.1\doxia-sink-api-1.11.1.jar;C:\Users\Admin\.m2\repository\org\apache\maven\doxia\doxia-logging-api\1.11.1\doxia-logging-api-1.11.1.jar;C:\Users\Admin\.m2\repository\org\apache\maven\doxia\doxia-site-renderer\1.11.1\doxia-site-renderer-1.11.1.jar;C:\Users\Admin\.m2\repository\org\apache\maven\doxia\doxia-core\1.11.1\doxia-core-1.11.1.jar;C:\Users\Admin\.m2\repository\org\apache\maven\doxia\doxia-decoration-model\1.11.1\doxia-decoration-model-1.11.1.jar;C:\Users\Admin\.m2\repository\org\apache\maven\doxia\doxia-skin-model\1.11.1\doxia-skin-model-1.11.1.jar;C:\Users\Admin\.m2\repository\org\apache\maven\doxia\doxia-module-xhtml\1.11.1\doxia-module-xhtml-1.11.1.jar;C:\Users\Admin\.m2\repository\org\apache\maven\doxia\doxia-module-xhtml5\1.11.1\doxia-module-xhtml5-1.11.1.jar;C:\Users\Admin\.m2\repository\org\codehaus\plexus\plexus-i18n\1.0-beta-10\plexus-i18n-1.0-beta-10.jar;C:\Users\Admin\.m2\repository\org\codehaus\plexus\plexus-container-default\1.0-alpha-30\plexus-container-default-1.0-alpha-30.jar;C:\Users\Admin\.m2\repository\junit\junit\3.8.1\junit-3.8.1.jar;C:\Users\Admin\.m2\repository\org\codehaus\plexus\plexus-velocity\1.2\plexus-velocity-1.2.jar;C:\Users\Admin\.m2\repository\commons-collections\commons-collections\3.2.2\commons-collections-3.2.2.jar;C:\Users\Admin\.m2\repository\org\apache\maven\wagon\wagon-provider-api\2.4\wagon-provider-api-2.4.jar;C:\Users\Admin\.m2\repository\org\apache\commons\commons-lang3\3.14.0\commons-lang3-3.14.0.jar;C:\Users\Admin\.m2\repository\org\apache\commons\commons-text\1.11.0\commons-text-1.11.0.jar;C:\Users\Admin\.m2\repository\org\apache\httpcomponents\httpcore\4.4.16\httpcore-4.4.16.jar;C:\Users\Admin\.m2\repository\com\thoughtworks\qdox\qdox\2.0.3\qdox-2.0.3.jar;C:\Users\Admin\.m2\repository\org\codehaus\plexus\plexus-java\1.2.0\plexus-java-1.2.0.jar;C:\Users\Admin\.m2\repository\org\ow2\asm\asm\9.6\asm-9.6.jar;C:\Users\Admin\.m2\repository\org\codehaus\plexus\plexus-utils\4.0.0\plexus-utils-4.0.0.jar;C:\Users\Admin\.m2\repository\org\codehaus\plexus\plexus-xml\3.0.0\plexus-xml-3.0.0.jar;C:\Users\Admin\.m2\repository\org\codehaus\plexus\plexus-io\3.4.1\plexus-io-3.4.1.jar;C:\Users\Admin\.m2\repository\org\codehaus\plexus\plexus-archiver\4.9.0\plexus-archiver-4.9.0.jar;C:\Users\Admin\.m2\repository\org\apache\commons\commons-compress\1.24.0\commons-compress-1.24.0.jar;C:\Users\Admin\.m2\repository\org\iq80\snappy\snappy\0.4\snappy-0.4.jar;C:\Users\Admin\.m2\repository\org\tukaani\xz\1.9\xz-1.9.jar;C:\Users\Admin\.m2\repository\com\github\luben\zstd-jni\1.5.5-10\zstd-jni-1.5.5-10.jar;C:\Users\Admin\.m2\repository\org\codehaus\plexus\plexus-interactivity-api\1.1\plexus-interactivity-api-1.1.jar;C:\Users\Admin\.m2\repository\org\apache\velocity\velocity-engine-core\2.3\velocity-engine-core-2.3.jar;C:\Users\Admin\.m2\repository\org\apache\velocity\tools\velocity-tools-generic\3.1\velocity-tools-generic-3.1.jar;C:\Users\Admin\.m2\repository\commons-beanutils\commons-beanutils\1.9.4\commons-beanutils-1.9.4.jar;C:\Users\Admin\.m2\repository\org\apache\commons\commons-digester3\3.2\commons-digester3-3.2.jar;C:\Users\Admin\.m2\repository\com\github\cliftonlabs\json-simple\3.0.2\json-simple-3.0.2.jar;C:\Users\Admin\.m2\repository\commons-lang\commons-lang\2.6\commons-lang-2.6.jar;C:\Users\Admin\.m2\repository\org\apache\httpcomponents\httpclient\4.5.13\httpclient-4.5.13.jar;C:\Users\Admin\.m2\repository\commons-logging\commons-logging\1.2\commons-logging-1.2.jar;C:\Users\Admin\.m2\repository\commons-codec\commons-codec\1.11\commons-codec-1.11.jar;C:\Users\Admin\.m2\repository\com\google\code\gson\gson\2.8.9\gson-2.8.9.jar;C:\Users\Admin\.m2\repository\org\apache\maven\maven-core\3.9.6\maven-core-3.9.6.jar;C:\Users\Admin\.m2\repository\org\apache\maven\maven-model\3.9.6\maven-model-3.9.6.jar;C:\Users\Admin\.m2\repository\org\apache\maven\maven-settings\3.9.6\maven-settings-3.9.6.jar;C:\Users\Admin\.m2\repository\org\apache\maven\maven-settings-builder\3.9.6\maven-settings-builder-3.9.6.jar;C:\Users\Admin\.m2\repository\org\codehaus\plexus\plexus-sec-dispatcher\2.0\plexus-sec-dispatcher-2.0.jar;C:\Users\Admin\.m2\repository\org\codehaus\plexus\plexus-cipher\2.0\plexus-cipher-2.0.jar;C:\Users\Admin\.m2\repository\org\apache\maven\maven-builder-support\3.9.6\maven-builder-support-3.9.6.jar;C:\Users\Admin\.m2\repository\org\apache\maven\maven-repository-metadata\3.9.6\maven-repository-metadata-3.9.6.jar;C:\Users\Admin\.m2\repository\org\apache\maven\maven-artifact\3.9.6\maven-artifact-3.9.6.jar;C:\Users\Admin\.m2\repository\org\apache\maven\maven-plugin-api\3.9.6\maven-plugin-api-3.9.6.jar;C:\Users\Admin\.m2\repository\org\apache\maven\maven-model-builder\3.9.6\maven-model-builder-3.9.6.jar;C:\Users\Admin\.m2\repository\org\apache\maven\maven-resolver-provider\3.9.6\maven-resolver-provider-3.9.6.jar;C:\Users\Admin\.m2\repository\org\apache\maven\resolver\maven-resolver-impl\1.9.18\maven-resolver-impl-1.9.18.jar;C:\Users\Admin\.m2\repository\org\apache\maven\resolver\maven-resolver-named-locks\1.9.18\maven-resolver-named-locks-1.9.18.jar;C:\Users\Admin\.m2\repository\org\apache\maven\resolver\maven-resolver-api\1.9.18\maven-resolver-api-1.9.18.jar;C:\Users\Admin\.m2\repository\org\apache\maven\resolver\maven-resolver-spi\1.9.18\maven-resolver-spi-1.9.18.jar;C:\Users\Admin\.m2\repository\org\apache\maven\resolver\maven-resolver-util\1.9.18\maven-resolver-util-1.9.18.jar;C:\Users\Admin\.m2\repository\org\eclipse\sisu\org.eclipse.sisu.plexus\0.9.0.M2\org.eclipse.sisu.plexus-0.9.0.M2.jar;C:\Users\Admin\.m2\repository\javax\annotation\javax.annotation-api\1.2\javax.annotation-api-1.2.jar;C:\Users\Admin\.m2\repository\org\eclipse\sisu\org.eclipse.sisu.inject\0.9.0.M2\org.eclipse.sisu.inject-0.9.0.M2.jar;C:\Users\Admin\.m2\repository\com\google\inject\guice\5.1.0\guice-5.1.0.jar;C:\Users\Admin\.m2\repository\aopalliance\aopalliance\1.0\aopalliance-1.0.jar;C:\Users\Admin\.m2\repository\com\google\guava\guava\32.0.1-jre\guava-32.0.1-jre.jar;C:\Users\Admin\.m2\repository\com\google\guava\failureaccess\1.0.1\failureaccess-1.0.1.jar;C:\Users\Admin\.m2\repository\org\codehaus\plexus\plexus-classworlds\2.7.0\plexus-classworlds-2.7.0.jar;C:\Users\Admin\.m2\repository\org\codehaus\plexus\plexus-interpolation\1.26\plexus-interpolation-1.26.jar;C:\Users\Admin\.m2\repository\org\codehaus\plexus\plexus-component-annotations\2.1.0\plexus-component-annotations-2.1.0.jar;C:\Users\Admin\.m2\repository\org\projectlombok\lombok\1.18.26\lombok-1.18.26.jar;C:\Users\Admin\.m2\repository\org\springframework\spring-webmvc\5.2.22.RELEASE\spring-webmvc-5.2.22.RELEASE.jar;C:\Users\Admin\.m2\repository\org\springframework\spring-aop\5.2.22.RELEASE\spring-aop-5.2.22.RELEASE.jar;C:\Users\Admin\.m2\repository\org\springframework\spring-beans\5.2.22.RELEASE\spring-beans-5.2.22.RELEASE.jar;C:\Users\Admin\.m2\repository\org\springframework\spring-context\5.2.22.RELEASE\spring-context-5.2.22.RELEASE.jar;C:\Users\Admin\.m2\repository\org\springframework\spring-core\5.2.22.RELEASE\spring-core-5.2.22.RELEASE.jar;C:\Users\Admin\.m2\repository\org\springframework\spring-jcl\5.2.22.RELEASE\spring-jcl-5.2.22.RELEASE.jar;C:\Users\Admin\.m2\repository\org\springframework\spring-expression\5.2.22.RELEASE\spring-expression-5.2.22.RELEASE.jar;C:\Users\Admin\.m2\repository\org\springframework\spring-web\5.2.22.RELEASE\spring-web-5.2.22.RELEASE.jar;C:\Users\Admin\.m2\repository\commons-fileupload\commons-fileupload\1.4\commons-fileupload-1.4.jar;C:\Users\Admin\.m2\repository\commons-io\commons-io\2.2\commons-io-2.2.jar;C:\Users\Admin\.m2\repository\org\springframework\spring-orm\5.2.22.RELEASE\spring-orm-5.2.22.RELEASE.jar;C:\Users\Admin\.m2\repository\org\springframework\spring-tx\5.2.22.RELEASE\spring-tx-5.2.22.RELEASE.jar;C:\Users\Admin\.m2\repository\ch\qos\logback\logback-classic\1.2.11\logback-classic-1.2.11.jar;C:\Users\Admin\.m2\repository\ch\qos\logback\logback-core\1.2.11\logback-core-1.2.11.jar;C:\Users\Admin\.m2\repository\org\slf4j\slf4j-api\1.7.32\slf4j-api-1.7.32.jar;C:\Users\Admin\.m2\repository\org\springframework\spring-jdbc\5.2.22.RELEASE\spring-jdbc-5.2.22.RELEASE.jar;C:\Users\Admin\.m2\repository\org\hsqldb\hsqldb\2.3.2\hsqldb-2.3.2.jar;C:\Users\Admin\.m2\repository\org\jfree\jfreechart\1.5.3\jfreechart-1.5.3.jar;C:\Users\Admin\.m2\repository\org\thymeleaf\thymeleaf-spring5\3.0.15.RELEASE\thymeleaf-spring5-3.0.15.RELEASE.jar;C:\Users\Admin\.m2\repository\org\thymeleaf\thymeleaf\3.0.15.RELEASE\thymeleaf-3.0.15.RELEASE.jar;C:\Users\Admin\.m2\repository\org\attoparser\attoparser\2.0.5.RELEASE\attoparser-2.0.5.RELEASE.jar;C:\Users\Admin\.m2\repository\org\unbescape\unbescape\1.1.6.RELEASE\unbescape-1.1.6.RELEASE.jar;C:\Users\Admin\.m2\repository\mysql\mysql-connector-java\8.0.28\mysql-connector-java-8.0.28.jar;C:\Users\Admin\.m2\repository\com\google\protobuf\protobuf-java\3.11.4\protobuf-java-3.11.4.jar;C:\Users\Admin\.m2\repository\org\webjars\bootstrap\5.2.0\bootstrap-5.2.0.jar;C:\Users\Admin\.m2\repository\jakarta\servlet\jakarta.servlet-api\4.0.4\jakarta.servlet-api-4.0.4.jar;C:\Users\Admin\.m2\repository\org\springframework\spring-test\5.2.22.RELEASE\spring-test-5.2.22.RELEASE.jar;C:\Users\Admin\.m2\repository\org\junit\jupiter\junit-jupiter-engine\5.9.0\junit-jupiter-engine-5.9.0.jar;C:\Users\Admin\.m2\repository\org\junit\platform\junit-platform-engine\1.9.0\junit-platform-engine-1.9.0.jar;C:\Users\Admin\.m2\repository\org\junit\platform\junit-platform-commons\1.9.0\junit-platform-commons-1.9.0.jar;C:\Users\Admin\.m2\repository\org\junit\jupiter\junit-jupiter-api\5.9.0\junit-jupiter-api-5.9.0.jar;C:\Users\Admin\.m2\repository\org\apiguardian\apiguardian-api\1.1.2\apiguardian-api-1.1.2.jar;C:\Users\Admin\.m2\repository\org\mockito\mockito-core\5.3.1\mockito-core-5.3.1.jar;C:\Users\Admin\.m2\repository\net\bytebuddy\byte-buddy\1.14.4\byte-buddy-1.14.4.jar;C:\Users\Admin\.m2\repository\net\bytebuddy\byte-buddy-agent\1.14.4\byte-buddy-agent-1.14.4.jar;C:\Users\Admin\.m2\repository\org\objenesis\objenesis\3.3\objenesis-3.3.jar;C:\Users\Admin\.m2\repository\org\hamcrest\hamcrest-core\2.2\hamcrest-core-2.2.jar;C:\Users\Admin\.m2\repository\org\hamcrest\hamcrest\2.2\hamcrest-2.2.jar;C:\Users\Admin\.m2\repository\org\hibernate\hibernate-core\5.4.24.Final\hibernate-core-5.4.24.Final.jar;C:\Users\Admin\.m2\repository\org\jboss\logging\jboss-logging\3.4.1.Final\jboss-logging-3.4.1.Final.jar;C:\Users\Admin\.m2\repository\javax\persistence\javax.persistence-api\2.2\javax.persistence-api-2.2.jar;C:\Users\Admin\.m2\repository\org\javassist\javassist\3.27.0-GA\javassist-3.27.0-GA.jar;C:\Users\Admin\.m2\repository\antlr\antlr\2.7.7\antlr-2.7.7.jar;C:\Users\Admin\.m2\repository\org\jboss\spec\javax\transaction\jboss-transaction-api_1.2_spec\1.1.1.Final\jboss-transaction-api_1.2_spec-1.1.1.Final.jar;C:\Users\Admin\.m2\repository\org\jboss\jandex\2.1.3.Final\jandex-2.1.3.Final.jar;C:\Users\Admin\.m2\repository\com\fasterxml\classmate\1.5.1\classmate-1.5.1.jar;C:\Users\Admin\.m2\repository\javax\activation\javax.activation-api\1.2.0\javax.activation-api-1.2.0.jar;C:\Users\Admin\.m2\repository\org\dom4j\dom4j\2.1.3\dom4j-2.1.3.jar;C:\Users\Admin\.m2\repository\org\hibernate\common\hibernate-commons-annotations\5.1.2.Final\hibernate-commons-annotations-5.1.2.Final.jar;C:\Users\Admin\.m2\repository\javax\xml\bind\jaxb-api\2.3.1\jaxb-api-2.3.1.jar;C:\Users\Admin\.m2\repository\org\glassfish\jaxb\jaxb-runtime\2.3.1\jaxb-runtime-2.3.1.jar;C:\Users\Admin\.m2\repository\org\glassfish\jaxb\txw2\2.3.1\txw2-2.3.1.jar;C:\Users\Admin\.m2\repository\com\sun\istack\istack-commons-runtime\3.0.7\istack-commons-runtime-3.0.7.jar;C:\Users\Admin\.m2\repository\org\jvnet\staxex\stax-ex\1.8\stax-ex-1.8.jar;C:\Users\Admin\.m2\repository\com\sun\xml\fastinfoset\FastInfoset\1.2.15\FastInfoset-1.2.15.jar;C:\Users\Admin\.m2\repository\com\microsoft\playwright\playwright\1.36.0\playwright-1.36.0.jar;C:\Users\Admin\.m2\repository\org\opentest4j\opentest4j\1.2.0\opentest4j-1.2.0.jar;C:\Users\Admin\.m2\repository\com\microsoft\playwright\driver\1.36.0\driver-1.36.0.jar;C:\Users\Admin\.m2\repository\com\microsoft\playwright\driver-bundle\1.36.0\driver-bundle-1.36.0.jar;"/>
    <property name="sun.cpu.endian" value="little"/>
    <property name="user.home" value="C:\Users\Admin"/>
    <property name="user.language" value="es"/>
    <property name="java.specification.vendor" value="Oracle Corporation"/>
    <property name="java.version.date" value="2023-04-18"/>
    <property name="java.home" value="C:\Program Files\Java\jdk-20"/>
    <property name="file.separator" value="\"/>
    <property name="basedir" value="C:\Users\Admin\Downloads\grupo4-main\grupo4-main\Fatloss"/>
    <property name="java.vm.compressedOopsMode" value="Zero based"/>
    <property name="line.separator" value="&#10;"/>
    <property name="java.vm.specification.vendor" value="Oracle Corporation"/>
    <property name="java.specification.name" value="Java Platform API Specification"/>
    <property name="surefire.real.class.path" value="C:\Users\Admin\AppData\Local\Temp\surefire13217180163884252534\surefirebooter6502159048919342014.jar"/>
    <property name="user.script" value=""/>
    <property name="sun.management.compiler" value="HotSpot 64-Bit Tiered Compilers"/>
    <property name="java.runtime.version" value="20.0.1+9-29"/>
    <property name="user.name" value="Admin"/>
    <property name="stdout.encoding" value="Cp1252"/>
    <property name="path.separator" value=";"/>
    <property name="os.version" value="10.0"/>
    <property name="java.runtime.name" value="Java(TM) SE Runtime Environment"/>
    <property name="file.encoding" value="UTF-8"/>
    <property name="java.vm.name" value="Java HotSpot(TM) 64-Bit Server VM"/>
    <property name="localRepository" value="C:\Users\Admin\.m2\repository"/>
    <property name="java.vendor.url.bug" value="https://bugreport.java.com/bugreport/"/>
    <property name="java.io.tmpdir" value="C:\Users\Admin\AppData\Local\Temp\"/>
    <property name="java.version" value="20.0.1"/>
    <property name="user.dir" value="C:\Users\Admin\Downloads\grupo4-main\grupo4-main\Fatloss"/>
    <property name="os.arch" value="amd64"/>
    <property name="java.vm.specification.name" value="Java Virtual Machine Specification"/>
    <property name="sun.os.patch.level" value=""/>
    <property name="native.encoding" value="Cp1252"/>
    <property name="java.library.path" value="C:\Program Files\Java\jdk-20\bin;C:\WINDOWS\Sun\Java\bin;C:\WINDOWS\system32;C:\WINDOWS;C:\Program Files\Eclipse Adoptium\jdk-21.0.5.11-hotspot\bin;C:\Python312\Scripts\;C:\Python312\;C:\Program Files\Common Files\Oracle\Java\javapath;C:\WINDOWS\system32;C:\WINDOWS;C:\WINDOWS\System32\Wbem;C:\WINDOWS\System32\WindowsPowerShell\v1.0\;C:\WINDOWS\System32\OpenSSH\;C:\Program Files\Java\jdk-20\bin.;C:\ProgramData\chocolatey\bin;C:\Program Files\Maven\apache-maven-3.9.6\bin;C:\xampp\php;C:\ProgramData\ComposerSetup\bin;C:\Program Files\Microsoft SQL Server\150\Tools\Binn\;C:\Program Files\Microsoft SQL Server\Client SDK\ODBC\170\Tools\Binn\;C:\Program Files\dotnet\;C:\Program Files (x86)\Microsoft SQL Server\160\Tools\Binn\;C:\Program Files\Microsoft SQL Server\160\Tools\Binn\;C:\Program Files\Microsoft SQL Server\160\DTS\Binn\;C:\Program Files (x86)\Microsoft SQL Server\160\DTS\Binn\;C:\Program Files (x86)\Windows Kits\10\Windows Performance Toolkit\;C:\Program Files\Git\cmd;C:\Program Files\nodejs\;C:\Program Files\MySQL\MySQL Shell 8.0\bin\;C:\Users\Admin\AppData\Local\Microsoft\WindowsApps;C:\Users\Admin\AppData\Local\Programs\Microsoft VS Code\bin;C:\Users\Admin\AppData\Local\GitHubDesktop\bin;C:\Users\Admin\AppData\Roaming\Composer\vendor\bin;C:\Program Files\heroku\bin;C:\Users\Admin\.dotnet\tools;C:\Users\Admin\AppData\Roaming\npm;."/>
    <property name="java.vm.info" value="mixed mode, sharing"/>
    <property name="stderr.encoding" value="Cp1252"/>
    <property name="java.vendor" value="Oracle Corporation"/>
    <property name="java.vm.version" value="20.0.1+9-29"/>
    <property name="sun.io.unicode.encoding" value="UnicodeLittle"/>
    <property name="java.class.version" value="64.0"/>
  </properties>
  <testcase name="testObtenerCategoriasPorNombreExitoso" classname="com.tallerwebi.dominio.RepositorioCategoriaAlimentoTest" time="0.097">
    <system-out><![CDATA[00:28:53.131 [main] DEBUG org.springframework.test.context.BootstrapUtils - Instantiating CacheAwareContextLoaderDelegate from class [org.springframework.test.context.cache.DefaultCacheAwareContextLoaderDelegate]
00:28:53.131 [main] DEBUG org.springframework.test.context.BootstrapUtils - Instantiating BootstrapContext using constructor [public org.springframework.test.context.support.DefaultBootstrapContext(java.lang.Class,org.springframework.test.context.CacheAwareContextLoaderDelegate)]
00:28:53.131 [main] DEBUG org.springframework.test.context.BootstrapUtils - Instantiating TestContextBootstrapper for test class [com.tallerwebi.dominio.RepositorioCategoriaAlimentoTest] from class [org.springframework.test.context.web.WebTestContextBootstrapper]
00:28:53.132 [main] DEBUG org.springframework.test.context.support.AbstractDelegatingSmartContextLoader - Delegating to AnnotationConfigWebContextLoader to process context configuration [ContextConfigurationAttributes@abf1816 declaringClass = 'com.tallerwebi.dominio.RepositorioCategoriaAlimentoTest', classes = '{class com.tallerwebi.integracion.config.SpringWebTestConfig, class com.tallerwebi.integracion.config.HibernateTestConfig}', locations = '{}', inheritLocations = true, initializers = '{}', inheritInitializers = true, name = [null], contextLoaderClass = 'org.springframework.test.context.ContextLoader'].
00:28:53.132 [main] DEBUG org.springframework.test.context.support.ActiveProfilesUtils - Could not find an 'annotation declaring class' for annotation type [org.springframework.test.context.ActiveProfiles] and class [com.tallerwebi.dominio.RepositorioCategoriaAlimentoTest]
00:28:53.132 [main] DEBUG org.springframework.test.context.web.WebTestContextBootstrapper - @TestExecutionListeners is not present for class [com.tallerwebi.dominio.RepositorioCategoriaAlimentoTest]: using defaults.
00:28:53.132 [main] INFO org.springframework.test.context.web.WebTestContextBootstrapper - Loaded default TestExecutionListener class names from location [META-INF/spring.factories]: [org.springframework.test.context.web.ServletTestExecutionListener, org.springframework.test.context.support.DirtiesContextBeforeModesTestExecutionListener, org.springframework.test.context.support.DependencyInjectionTestExecutionListener, org.springframework.test.context.support.DirtiesContextTestExecutionListener, org.springframework.test.context.transaction.TransactionalTestExecutionListener, org.springframework.test.context.jdbc.SqlScriptsTestExecutionListener, org.springframework.test.context.event.EventPublishingTestExecutionListener]
00:28:53.132 [main] INFO org.springframework.test.context.web.WebTestContextBootstrapper - Using TestExecutionListeners: [org.springframework.test.context.web.ServletTestExecutionListener@2e1e7bc6, org.springframework.test.context.support.DirtiesContextBeforeModesTestExecutionListener@7bd1098, org.springframework.test.context.support.DependencyInjectionTestExecutionListener@185bf6e0, org.springframework.test.context.support.DirtiesContextTestExecutionListener@6a562255, org.springframework.test.context.transaction.TransactionalTestExecutionListener@374ba492, org.springframework.test.context.jdbc.SqlScriptsTestExecutionListener@581d5b33, org.springframework.test.context.event.EventPublishingTestExecutionListener@1f365a26]
00:28:53.132 [main] DEBUG org.springframework.test.context.support.AbstractDirtiesContextTestExecutionListener - Before test class: context [DefaultTestContext@44a9971f testClass = RepositorioCategoriaAlimentoTest, testInstance = [null], testMethod = [null], testException = [null], mergedContextConfiguration = [WebMergedContextConfiguration@2e2cd42c testClass = RepositorioCategoriaAlimentoTest, locations = '{}', classes = '{class com.tallerwebi.integracion.config.SpringWebTestConfig, class com.tallerwebi.integracion.config.HibernateTestConfig}', contextInitializerClasses = '[]', activeProfiles = '{}', propertySourceLocations = '{}', propertySourceProperties = '{}', contextCustomizers = set[[empty]], resourceBasePath = 'src/main/webapp', contextLoader = 'org.springframework.test.context.web.WebDelegatingSmartContextLoader', parent = [null]], attributes = map[[empty]]], class annotated with @DirtiesContext [false] with mode [null].
00:28:53.132 [main] DEBUG org.springframework.test.context.cache.DefaultCacheAwareContextLoaderDelegate - Retrieved ApplicationContext [1384210339] from cache with key [[WebMergedContextConfiguration@2e2cd42c testClass = RepositorioCategoriaAlimentoTest, locations = '{}', classes = '{class com.tallerwebi.integracion.config.SpringWebTestConfig, class com.tallerwebi.integracion.config.HibernateTestConfig}', contextInitializerClasses = '[]', activeProfiles = '{}', propertySourceLocations = '{}', propertySourceProperties = '{}', contextCustomizers = set[[empty]], resourceBasePath = 'src/main/webapp', contextLoader = 'org.springframework.test.context.web.WebDelegatingSmartContextLoader', parent = [null]]]
00:28:53.132 [main] DEBUG org.springframework.test.context.cache - Spring test ApplicationContext cache statistics: [DefaultContextCache@397dfbe8 size = 1, maxSize = 32, parentContextCount = 0, hitCount = 33, missCount = 1]
00:28:53.132 [main] DEBUG org.springframework.test.context.cache.DefaultCacheAwareContextLoaderDelegate - Retrieved ApplicationContext [1384210339] from cache with key [[WebMergedContextConfiguration@2e2cd42c testClass = RepositorioCategoriaAlimentoTest, locations = '{}', classes = '{class com.tallerwebi.integracion.config.SpringWebTestConfig, class com.tallerwebi.integracion.config.HibernateTestConfig}', contextInitializerClasses = '[]', activeProfiles = '{}', propertySourceLocations = '{}', propertySourceProperties = '{}', contextCustomizers = set[[empty]], resourceBasePath = 'src/main/webapp', contextLoader = 'org.springframework.test.context.web.WebDelegatingSmartContextLoader', parent = [null]]]
00:28:53.132 [main] DEBUG org.springframework.test.context.cache - Spring test ApplicationContext cache statistics: [DefaultContextCache@397dfbe8 size = 1, maxSize = 32, parentContextCount = 0, hitCount = 34, missCount = 1]
00:28:53.132 [main] DEBUG org.springframework.test.context.web.ServletTestExecutionListener - Setting up MockHttpServletRequest, MockHttpServletResponse, ServletWebRequest, and RequestContextHolder for test context [DefaultTestContext@44a9971f testClass = RepositorioCategoriaAlimentoTest, testInstance = com.tallerwebi.dominio.RepositorioCategoriaAlimentoTest@1cdad619, testMethod = [null], testException = [null], mergedContextConfiguration = [WebMergedContextConfiguration@2e2cd42c testClass = RepositorioCategoriaAlimentoTest, locations = '{}', classes = '{class com.tallerwebi.integracion.config.SpringWebTestConfig, class com.tallerwebi.integracion.config.HibernateTestConfig}', contextInitializerClasses = '[]', activeProfiles = '{}', propertySourceLocations = '{}', propertySourceProperties = '{}', contextCustomizers = set[[empty]], resourceBasePath = 'src/main/webapp', contextLoader = 'org.springframework.test.context.web.WebDelegatingSmartContextLoader', parent = [null]], attributes = map[[empty]]].
00:28:53.132 [main] DEBUG org.springframework.test.context.support.DependencyInjectionTestExecutionListener - Performing dependency injection for test context [[DefaultTestContext@44a9971f testClass = RepositorioCategoriaAlimentoTest, testInstance = com.tallerwebi.dominio.RepositorioCategoriaAlimentoTest@1cdad619, testMethod = [null], testException = [null], mergedContextConfiguration = [WebMergedContextConfiguration@2e2cd42c testClass = RepositorioCategoriaAlimentoTest, locations = '{}', classes = '{class com.tallerwebi.integracion.config.SpringWebTestConfig, class com.tallerwebi.integracion.config.HibernateTestConfig}', contextInitializerClasses = '[]', activeProfiles = '{}', propertySourceLocations = '{}', propertySourceProperties = '{}', contextCustomizers = set[[empty]], resourceBasePath = 'src/main/webapp', contextLoader = 'org.springframework.test.context.web.WebDelegatingSmartContextLoader', parent = [null]], attributes = map['org.springframework.test.context.web.ServletTestExecutionListener.populatedRequestContextHolder' -> true, 'org.springframework.test.context.web.ServletTestExecutionListener.resetRequestContextHolder' -> true]]].
00:28:53.133 [main] DEBUG org.springframework.test.context.cache.DefaultCacheAwareContextLoaderDelegate - Retrieved ApplicationContext [1384210339] from cache with key [[WebMergedContextConfiguration@2e2cd42c testClass = RepositorioCategoriaAlimentoTest, locations = '{}', classes = '{class com.tallerwebi.integracion.config.SpringWebTestConfig, class com.tallerwebi.integracion.config.HibernateTestConfig}', contextInitializerClasses = '[]', activeProfiles = '{}', propertySourceLocations = '{}', propertySourceProperties = '{}', contextCustomizers = set[[empty]], resourceBasePath = 'src/main/webapp', contextLoader = 'org.springframework.test.context.web.WebDelegatingSmartContextLoader', parent = [null]]]
00:28:53.133 [main] DEBUG org.springframework.test.context.cache - Spring test ApplicationContext cache statistics: [DefaultContextCache@397dfbe8 size = 1, maxSize = 32, parentContextCount = 0, hitCount = 35, missCount = 1]
00:28:53.133 [main] DEBUG org.springframework.test.context.cache.DefaultCacheAwareContextLoaderDelegate - Retrieved ApplicationContext [1384210339] from cache with key [[WebMergedContextConfiguration@2e2cd42c testClass = RepositorioCategoriaAlimentoTest, locations = '{}', classes = '{class com.tallerwebi.integracion.config.SpringWebTestConfig, class com.tallerwebi.integracion.config.HibernateTestConfig}', contextInitializerClasses = '[]', activeProfiles = '{}', propertySourceLocations = '{}', propertySourceProperties = '{}', contextCustomizers = set[[empty]], resourceBasePath = 'src/main/webapp', contextLoader = 'org.springframework.test.context.web.WebDelegatingSmartContextLoader', parent = [null]]]
00:28:53.133 [main] DEBUG org.springframework.test.context.cache - Spring test ApplicationContext cache statistics: [DefaultContextCache@397dfbe8 size = 1, maxSize = 32, parentContextCount = 0, hitCount = 36, missCount = 1]
00:28:53.134 [main] DEBUG org.springframework.test.context.support.AbstractDirtiesContextTestExecutionListener - Before test method: context [DefaultTestContext@44a9971f testClass = RepositorioCategoriaAlimentoTest, testInstance = com.tallerwebi.dominio.RepositorioCategoriaAlimentoTest@1cdad619, testMethod = testObtenerCategoriasPorNombreExitoso@RepositorioCategoriaAlimentoTest, testException = [null], mergedContextConfiguration = [WebMergedContextConfiguration@2e2cd42c testClass = RepositorioCategoriaAlimentoTest, locations = '{}', classes = '{class com.tallerwebi.integracion.config.SpringWebTestConfig, class com.tallerwebi.integracion.config.HibernateTestConfig}', contextInitializerClasses = '[]', activeProfiles = '{}', propertySourceLocations = '{}', propertySourceProperties = '{}', contextCustomizers = set[[empty]], resourceBasePath = 'src/main/webapp', contextLoader = 'org.springframework.test.context.web.WebDelegatingSmartContextLoader', parent = [null]], attributes = map['org.springframework.test.context.web.ServletTestExecutionListener.populatedRequestContextHolder' -> true, 'org.springframework.test.context.web.ServletTestExecutionListener.resetRequestContextHolder' -> true]], class annotated with @DirtiesContext [false] with mode [null], method annotated with @DirtiesContext [false] with mode [null].
00:28:53.134 [main] DEBUG org.springframework.test.context.transaction.TransactionalTestExecutionListener - Explicit transaction definition [PROPAGATION_REQUIRED,ISOLATION_DEFAULT] found for test context [DefaultTestContext@44a9971f testClass = RepositorioCategoriaAlimentoTest, testInstance = com.tallerwebi.dominio.RepositorioCategoriaAlimentoTest@1cdad619, testMethod = testObtenerCategoriasPorNombreExitoso@RepositorioCategoriaAlimentoTest, testException = [null], mergedContextConfiguration = [WebMergedContextConfiguration@2e2cd42c testClass = RepositorioCategoriaAlimentoTest, locations = '{}', classes = '{class com.tallerwebi.integracion.config.SpringWebTestConfig, class com.tallerwebi.integracion.config.HibernateTestConfig}', contextInitializerClasses = '[]', activeProfiles = '{}', propertySourceLocations = '{}', propertySourceProperties = '{}', contextCustomizers = set[[empty]], resourceBasePath = 'src/main/webapp', contextLoader = 'org.springframework.test.context.web.WebDelegatingSmartContextLoader', parent = [null]], attributes = map['org.springframework.test.context.web.ServletTestExecutionListener.populatedRequestContextHolder' -> true, 'org.springframework.test.context.web.ServletTestExecutionListener.resetRequestContextHolder' -> true]]
00:28:53.134 [main] DEBUG org.springframework.test.context.cache.DefaultCacheAwareContextLoaderDelegate - Retrieved ApplicationContext [1384210339] from cache with key [[WebMergedContextConfiguration@2e2cd42c testClass = RepositorioCategoriaAlimentoTest, locations = '{}', classes = '{class com.tallerwebi.integracion.config.SpringWebTestConfig, class com.tallerwebi.integracion.config.HibernateTestConfig}', contextInitializerClasses = '[]', activeProfiles = '{}', propertySourceLocations = '{}', propertySourceProperties = '{}', contextCustomizers = set[[empty]], resourceBasePath = 'src/main/webapp', contextLoader = 'org.springframework.test.context.web.WebDelegatingSmartContextLoader', parent = [null]]]
00:28:53.134 [main] DEBUG org.springframework.test.context.cache - Spring test ApplicationContext cache statistics: [DefaultContextCache@397dfbe8 size = 1, maxSize = 32, parentContextCount = 0, hitCount = 37, missCount = 1]
00:28:53.134 [main] DEBUG org.springframework.test.context.transaction.TransactionalTestExecutionListener - Method-level @Rollback(true) overrides default rollback [true] for test context [DefaultTestContext@44a9971f testClass = RepositorioCategoriaAlimentoTest, testInstance = com.tallerwebi.dominio.RepositorioCategoriaAlimentoTest@1cdad619, testMethod = testObtenerCategoriasPorNombreExitoso@RepositorioCategoriaAlimentoTest, testException = [null], mergedContextConfiguration = [WebMergedContextConfiguration@2e2cd42c testClass = RepositorioCategoriaAlimentoTest, locations = '{}', classes = '{class com.tallerwebi.integracion.config.SpringWebTestConfig, class com.tallerwebi.integracion.config.HibernateTestConfig}', contextInitializerClasses = '[]', activeProfiles = '{}', propertySourceLocations = '{}', propertySourceProperties = '{}', contextCustomizers = set[[empty]], resourceBasePath = 'src/main/webapp', contextLoader = 'org.springframework.test.context.web.WebDelegatingSmartContextLoader', parent = [null]], attributes = map['org.springframework.test.context.web.ServletTestExecutionListener.populatedRequestContextHolder' -> true, 'org.springframework.test.context.web.ServletTestExecutionListener.resetRequestContextHolder' -> true]].
00:28:53.134 [main] DEBUG org.springframework.orm.hibernate5.HibernateTransactionManager - Creating new transaction with name [com.tallerwebi.dominio.RepositorioCategoriaAlimentoTest.testObtenerCategoriasPorNombreExitoso]: PROPAGATION_REQUIRED,ISOLATION_DEFAULT
00:28:53.134 [main] DEBUG org.springframework.orm.hibernate5.HibernateTransactionManager - Opened new Session [SessionImpl(1909198389<open>)] for Hibernate transaction
00:28:53.134 [main] DEBUG org.hibernate.engine.transaction.internal.TransactionImpl - On TransactionImpl creation, JpaCompliance#isJpaTransactionComplianceEnabled == false
00:28:53.134 [main] DEBUG org.hibernate.engine.transaction.internal.TransactionImpl - begin
00:28:53.134 [main] DEBUG org.springframework.jdbc.datasource.DriverManagerDataSource - Creating new JDBC DriverManager Connection to [jdbc:hsqldb:mem:db_]
00:28:53.135 [main] DEBUG org.springframework.orm.hibernate5.HibernateTransactionManager - Exposing Hibernate transaction as JDBC [org.springframework.orm.hibernate5.HibernateTransactionManager$$Lambda$602/0x0000000801596000@3b6c740b]
00:28:53.135 [main] INFO org.springframework.test.context.transaction.TransactionContext - Began transaction (1) for test context [DefaultTestContext@44a9971f testClass = RepositorioCategoriaAlimentoTest, testInstance = com.tallerwebi.dominio.RepositorioCategoriaAlimentoTest@1cdad619, testMethod = testObtenerCategoriasPorNombreExitoso@RepositorioCategoriaAlimentoTest, testException = [null], mergedContextConfiguration = [WebMergedContextConfiguration@2e2cd42c testClass = RepositorioCategoriaAlimentoTest, locations = '{}', classes = '{class com.tallerwebi.integracion.config.SpringWebTestConfig, class com.tallerwebi.integracion.config.HibernateTestConfig}', contextInitializerClasses = '[]', activeProfiles = '{}', propertySourceLocations = '{}', propertySourceProperties = '{}', contextCustomizers = set[[empty]], resourceBasePath = 'src/main/webapp', contextLoader = 'org.springframework.test.context.web.WebDelegatingSmartContextLoader', parent = [null]], attributes = map['org.springframework.test.context.web.ServletTestExecutionListener.populatedRequestContextHolder' -> true, 'org.springframework.test.context.web.ServletTestExecutionListener.resetRequestContextHolder' -> true]]; transaction manager [org.springframework.orm.hibernate5.HibernateTransactionManager@6ad198c9]; rollback [true]
00:28:53.135 [main] DEBUG org.springframework.test.context.cache.DefaultCacheAwareContextLoaderDelegate - Retrieved ApplicationContext [1384210339] from cache with key [[WebMergedContextConfiguration@2e2cd42c testClass = RepositorioCategoriaAlimentoTest, locations = '{}', classes = '{class com.tallerwebi.integracion.config.SpringWebTestConfig, class com.tallerwebi.integracion.config.HibernateTestConfig}', contextInitializerClasses = '[]', activeProfiles = '{}', propertySourceLocations = '{}', propertySourceProperties = '{}', contextCustomizers = set[[empty]], resourceBasePath = 'src/main/webapp', contextLoader = 'org.springframework.test.context.web.WebDelegatingSmartContextLoader', parent = [null]]]
00:28:53.135 [main] DEBUG org.springframework.test.context.cache - Spring test ApplicationContext cache statistics: [DefaultContextCache@397dfbe8 size = 1, maxSize = 32, parentContextCount = 0, hitCount = 38, missCount = 1]
00:28:53.135 [main] DEBUG org.springframework.test.context.cache.DefaultCacheAwareContextLoaderDelegate - Retrieved ApplicationContext [1384210339] from cache with key [[WebMergedContextConfiguration@2e2cd42c testClass = RepositorioCategoriaAlimentoTest, locations = '{}', classes = '{class com.tallerwebi.integracion.config.SpringWebTestConfig, class com.tallerwebi.integracion.config.HibernateTestConfig}', contextInitializerClasses = '[]', activeProfiles = '{}', propertySourceLocations = '{}', propertySourceProperties = '{}', contextCustomizers = set[[empty]], resourceBasePath = 'src/main/webapp', contextLoader = 'org.springframework.test.context.web.WebDelegatingSmartContextLoader', parent = [null]]]
00:28:53.135 [main] DEBUG org.springframework.test.context.cache - Spring test ApplicationContext cache statistics: [DefaultContextCache@397dfbe8 size = 1, maxSize = 32, parentContextCount = 0, hitCount = 39, missCount = 1]
00:28:53.135 [main] DEBUG org.hibernate.engine.spi.ActionQueue - Executing identity-insert immediately
00:28:53.135 [main] DEBUG org.hibernate.SQL - 
    insert 
    into
        CategoriaAlimento
        (id, imagen, nombre) 
    values
        (default, ?, ?)
Hibernate: 
    insert 
    into
        CategoriaAlimento
        (id, imagen, nombre) 
    values
        (default, ?, ?)
00:28:53.135 [main] DEBUG org.hibernate.id.IdentifierGeneratorHelper - Natively generated identity: 6
00:28:53.135 [main] DEBUG org.hibernate.resource.jdbc.internal.ResourceRegistryStandardImpl - HHH000387: ResultSet's statement was not registered
00:28:53.136 [main] DEBUG org.hibernate.engine.spi.ActionQueue - Executing identity-insert immediately
00:28:53.136 [main] DEBUG org.hibernate.SQL - 
    insert 
    into
        CategoriaAlimento
        (id, imagen, nombre) 
    values
        (default, ?, ?)
Hibernate: 
    insert 
    into
        CategoriaAlimento
        (id, imagen, nombre) 
    values
        (default, ?, ?)
00:28:53.136 [main] DEBUG org.hibernate.id.IdentifierGeneratorHelper - Natively generated identity: 7
00:28:53.136 [main] DEBUG org.hibernate.resource.jdbc.internal.ResourceRegistryStandardImpl - HHH000387: ResultSet's statement was not registered
00:28:53.136 [main] DEBUG org.hibernate.engine.spi.ActionQueue - Executing identity-insert immediately
00:28:53.136 [main] DEBUG org.hibernate.SQL - 
    insert 
    into
        CategoriaAlimento
        (id, imagen, nombre) 
    values
        (default, ?, ?)
Hibernate: 
    insert 
    into
        CategoriaAlimento
        (id, imagen, nombre) 
    values
        (default, ?, ?)
00:28:53.136 [main] DEBUG org.hibernate.id.IdentifierGeneratorHelper - Natively generated identity: 8
00:28:53.136 [main] DEBUG org.hibernate.resource.jdbc.internal.ResourceRegistryStandardImpl - HHH000387: ResultSet's statement was not registered
00:28:53.139 [main] DEBUG org.springframework.orm.hibernate5.HibernateTransactionManager - Found thread-bound Session [SessionImpl(1909198389<open>)] for Hibernate transaction
00:28:53.139 [main] DEBUG org.springframework.orm.hibernate5.HibernateTransactionManager - Participating in existing transaction
00:28:53.150 [main] DEBUG org.hibernate.hql.internal.QueryTranslatorFactoryInitiator - QueryTranslatorFactory: org.hibernate.hql.internal.ast.ASTQueryTranslatorFactory@4745bcc6
00:28:53.169 [main] DEBUG org.hibernate.hql.internal.ast.QueryTranslatorImpl - parse() - HQL: from com.tallerwebi.dominio.CategoriaAlimento where LOWER(nombre) like LOWER(:nombre)
00:28:53.172 [main] DEBUG org.hibernate.hql.internal.ast.ErrorTracker - throwQueryException() : no errors
00:28:53.176 [main] DEBUG org.hibernate.hql.internal.ast.QueryTranslatorImpl - --- HQL AST ---
 \-[QUERY] Node: 'query'
    +-[SELECT_FROM] Node: 'SELECT_FROM'
    |  \-[FROM] Node: 'from'
    |     \-[RANGE] Node: 'RANGE'
    |        \-[DOT] Node: '.'
    |           +-[DOT] Node: '.'
    |           |  +-[DOT] Node: '.'
    |           |  |  +-[IDENT] Node: 'com'
    |           |  |  \-[IDENT] Node: 'tallerwebi'
    |           |  \-[IDENT] Node: 'dominio'
    |           \-[IDENT] Node: 'CategoriaAlimento'
    \-[WHERE] Node: 'where'
       \-[LIKE] Node: 'like'
          +-[METHOD_CALL] Node: '('
          |  +-[IDENT] Node: 'LOWER'
          |  \-[EXPR_LIST] Node: 'exprList'
          |     \-[IDENT] Node: 'nombre'
          \-[METHOD_CALL] Node: '('
             +-[IDENT] Node: 'LOWER'
             \-[EXPR_LIST] Node: 'exprList'
                \-[COLON] Node: ':'
                   \-[IDENT] Node: 'nombre'

00:28:53.192 [main] DEBUG org.hibernate.hql.internal.antlr.HqlSqlBaseWalker - select << begin [level=1, statement=select]
00:28:53.198 [main] DEBUG org.hibernate.hql.internal.ast.tree.FromElement - FromClause{level=1} : com.tallerwebi.dominio.CategoriaAlimento (<no alias>) -> categoriaa0_
00:28:53.199 [main] DEBUG org.hibernate.hql.internal.ast.tree.FromReferenceNode - Resolved : {synthetic-alias} -> {synthetic-alias}
00:28:53.200 [main] DEBUG org.hibernate.hql.internal.ast.tree.DotNode - getDataType() : nombre -> org.hibernate.type.StringType@4cb957b8
00:28:53.200 [main] DEBUG org.hibernate.hql.internal.ast.tree.FromReferenceNode - Resolved : {synthetic-alias}.nombre -> categoriaa0_.nombre
00:28:53.202 [main] DEBUG org.hibernate.hql.internal.antlr.HqlSqlBaseWalker - select : finishing up [level=1, statement=select]
00:28:53.202 [main] DEBUG org.hibernate.hql.internal.ast.HqlSqlWalker - processQuery() :  ( SELECT ( FromClause{level=1} CategoriaAlimento categoriaa0_ ) ( where ( like ( ( LOWER ( exprList ( categoriaa0_.nombre {synthetic-alias} nombre ) ) ) ( ( LOWER ( exprList ? ) ) ) ) )
00:28:53.205 [main] DEBUG org.hibernate.hql.internal.ast.HqlSqlWalker - Derived SELECT clause created.
00:28:53.208 [main] DEBUG org.hibernate.hql.internal.ast.util.JoinProcessor - Tables referenced from query nodes:
 \-QueryNode
    +-SelectClause
    | referencedTables(entity CategoriaAlimento): [CategoriaAlimento]
    |  +-SelectExpressionImpl
    |  | persister: SingleTableEntityPersister(com.tallerwebi.dominio.CategoriaAlimento)
    |  \-SqlFragment
    +-FromClause
    |  \-FromElement
    \-SqlNode
       \-BinaryLogicOperatorNode
          +-MethodNode
          |  +-IdentNode
          |  | persister: null
          |  | originalText: LOWER
          |  \-SqlNode
          |     \-DotNode
          |       persister: SingleTableEntityPersister(com.tallerwebi.dominio.CategoriaAlimento)
          |       path: {synthetic-alias}.nombre
          |        +-IdentNode
          |        | persister: SingleTableEntityPersister(com.tallerwebi.dominio.CategoriaAlimento)
          |        | originalText: {synthetic-alias}
          |        \-IdentNode
          |          persister: null
          |          originalText: nombre
          \-MethodNode
             +-IdentNode
             | persister: null
             | originalText: LOWER
             \-SqlNode
                \-ParameterNode

00:28:53.209 [main] DEBUG org.hibernate.hql.internal.ast.util.JoinProcessor - Using FROM fragment [CategoriaAlimento categoriaa0_]
00:28:53.209 [main] DEBUG org.hibernate.hql.internal.antlr.HqlSqlBaseWalker - select >> end [level=1, statement=select]
00:28:53.209 [main] DEBUG org.hibernate.hql.internal.ast.QueryTranslatorImpl - --- SQL AST ---
 \-[SELECT] QueryNode: 'SELECT'  querySpaces (CategoriaAlimento)
    +-[SELECT_CLAUSE] SelectClause: '{derived select clause}'
    |  +-[SELECT_EXPR] SelectExpressionImpl: 'categoriaa0_.id as id1_1_' {FromElement{explicit,not a collection join,not a fetch join,fetch non-lazy properties,classAlias=null,role=null,tableName=CategoriaAlimento,tableAlias=categoriaa0_,origin=null,columns={,className=com.tallerwebi.dominio.CategoriaAlimento}}}
    |  \-[SQL_TOKEN] SqlFragment: 'categoriaa0_.imagen as imagen2_1_, categoriaa0_.nombre as nombre3_1_'
    +-[FROM] FromClause: 'from' FromClause{level=1, fromElementCounter=1, fromElements=1, fromElementByClassAlias=[], fromElementByTableAlias=[categoriaa0_], fromElementsByPath=[], collectionJoinFromElementsByPath=[], impliedElements=[]}
    |  \-[FROM_FRAGMENT] FromElement: 'CategoriaAlimento categoriaa0_' FromElement{explicit,not a collection join,not a fetch join,fetch non-lazy properties,classAlias=null,role=null,tableName=CategoriaAlimento,tableAlias=categoriaa0_,origin=null,columns={,className=com.tallerwebi.dominio.CategoriaAlimento}}
    \-[WHERE] SqlNode: 'where'
       \-[LIKE] BinaryLogicOperatorNode: 'like'
          +-[METHOD_CALL] MethodNode: '('
          |  +-[METHOD_NAME] IdentNode: 'LOWER' {originalText=LOWER}
          |  \-[EXPR_LIST] SqlNode: 'exprList'
          |     \-[DOT] DotNode: 'categoriaa0_.nombre' {propertyName=nombre,dereferenceType=PRIMITIVE,getPropertyPath=nombre,path={synthetic-alias}.nombre,tableAlias=categoriaa0_,className=com.tallerwebi.dominio.CategoriaAlimento,classAlias=null}
          |        +-[IDENT] IdentNode: '{synthetic-alias}' {originalText={synthetic-alias}}
          |        \-[IDENT] IdentNode: 'nombre' {originalText=nombre}
          \-[METHOD_CALL] MethodNode: '('
             +-[METHOD_NAME] IdentNode: 'LOWER' {originalText=LOWER}
             \-[EXPR_LIST] SqlNode: 'exprList'
                \-[NAMED_PARAM] ParameterNode: '?' {name=nombre, expectedType=null}

00:28:53.209 [main] DEBUG org.hibernate.hql.internal.ast.ErrorTracker - throwQueryException() : no errors
00:28:53.212 [main] DEBUG org.hibernate.hql.internal.ast.QueryTranslatorImpl - HQL: from com.tallerwebi.dominio.CategoriaAlimento where LOWER(nombre) like LOWER(:nombre)
00:28:53.212 [main] DEBUG org.hibernate.hql.internal.ast.QueryTranslatorImpl - SQL: select categoriaa0_.id as id1_1_, categoriaa0_.imagen as imagen2_1_, categoriaa0_.nombre as nombre3_1_ from CategoriaAlimento categoriaa0_ where lower(categoriaa0_.nombre) like lower(?)
00:28:53.212 [main] DEBUG org.hibernate.hql.internal.ast.ErrorTracker - throwQueryException() : no errors
00:28:53.220 [main] DEBUG org.hibernate.event.internal.AbstractFlushingEventListener - Processing flush-time cascades
00:28:53.220 [main] DEBUG org.hibernate.event.internal.AbstractFlushingEventListener - Dirty checking collections
00:28:53.222 [main] DEBUG org.hibernate.event.internal.AbstractFlushingEventListener - Flushed: 0 insertions, 0 updates, 0 deletions to 3 objects
00:28:53.222 [main] DEBUG org.hibernate.event.internal.AbstractFlushingEventListener - Flushed: 0 (re)creations, 0 updates, 0 removals to 0 collections
00:28:53.223 [main] DEBUG org.hibernate.internal.util.EntityPrinter - Listing entities:
00:28:53.223 [main] DEBUG org.hibernate.internal.util.EntityPrinter - com.tallerwebi.dominio.CategoriaAlimento{imagen=null, id=8, nombre=verduras, alimentos=null}
00:28:53.223 [main] DEBUG org.hibernate.internal.util.EntityPrinter - com.tallerwebi.dominio.CategoriaAlimento{imagen=null, id=6, nombre=fruta, alimentos=null}
00:28:53.223 [main] DEBUG org.hibernate.internal.util.EntityPrinter - com.tallerwebi.dominio.CategoriaAlimento{imagen=null, id=7, nombre=cereales, alimentos=null}
00:28:53.223 [main] DEBUG org.hibernate.SQL - 
    select
        categoriaa0_.id as id1_1_,
        categoriaa0_.imagen as imagen2_1_,
        categoriaa0_.nombre as nombre3_1_ 
    from
        CategoriaAlimento categoriaa0_ 
    where
        lower(categoriaa0_.nombre) like lower(?)
Hibernate: 
    select
        categoriaa0_.id as id1_1_,
        categoriaa0_.imagen as imagen2_1_,
        categoriaa0_.nombre as nombre3_1_ 
    from
        CategoriaAlimento categoriaa0_ 
    where
        lower(categoriaa0_.nombre) like lower(?)
00:28:53.226 [main] DEBUG org.hibernate.loader.Loader - Result set row: 0
00:28:53.226 [main] DEBUG org.hibernate.loader.Loader - Result row: EntityKey[com.tallerwebi.dominio.CategoriaAlimento#7]
00:28:53.226 [main] DEBUG org.hibernate.loader.Loader - Result set row: 1
00:28:53.226 [main] DEBUG org.hibernate.loader.Loader - Result row: EntityKey[com.tallerwebi.dominio.CategoriaAlimento#8]
00:28:53.230 [main] DEBUG org.springframework.test.context.cache.DefaultCacheAwareContextLoaderDelegate - Retrieved ApplicationContext [1384210339] from cache with key [[WebMergedContextConfiguration@2e2cd42c testClass = RepositorioCategoriaAlimentoTest, locations = '{}', classes = '{class com.tallerwebi.integracion.config.SpringWebTestConfig, class com.tallerwebi.integracion.config.HibernateTestConfig}', contextInitializerClasses = '[]', activeProfiles = '{}', propertySourceLocations = '{}', propertySourceProperties = '{}', contextCustomizers = set[[empty]], resourceBasePath = 'src/main/webapp', contextLoader = 'org.springframework.test.context.web.WebDelegatingSmartContextLoader', parent = [null]]]
00:28:53.230 [main] DEBUG org.springframework.test.context.cache - Spring test ApplicationContext cache statistics: [DefaultContextCache@397dfbe8 size = 1, maxSize = 32, parentContextCount = 0, hitCount = 40, missCount = 1]
00:28:53.231 [main] DEBUG org.springframework.test.context.cache.DefaultCacheAwareContextLoaderDelegate - Retrieved ApplicationContext [1384210339] from cache with key [[WebMergedContextConfiguration@2e2cd42c testClass = RepositorioCategoriaAlimentoTest, locations = '{}', classes = '{class com.tallerwebi.integracion.config.SpringWebTestConfig, class com.tallerwebi.integracion.config.HibernateTestConfig}', contextInitializerClasses = '[]', activeProfiles = '{}', propertySourceLocations = '{}', propertySourceProperties = '{}', contextCustomizers = set[[empty]], resourceBasePath = 'src/main/webapp', contextLoader = 'org.springframework.test.context.web.WebDelegatingSmartContextLoader', parent = [null]]]
00:28:53.231 [main] DEBUG org.springframework.test.context.cache - Spring test ApplicationContext cache statistics: [DefaultContextCache@397dfbe8 size = 1, maxSize = 32, parentContextCount = 0, hitCount = 41, missCount = 1]
00:28:53.231 [main] DEBUG org.springframework.orm.hibernate5.HibernateTransactionManager - Initiating transaction rollback
00:28:53.231 [main] DEBUG org.springframework.orm.hibernate5.HibernateTransactionManager - Rolling back Hibernate transaction on Session [SessionImpl(1909198389<open>)]
00:28:53.231 [main] DEBUG org.hibernate.engine.transaction.internal.TransactionImpl - rolling back
00:28:53.231 [main] DEBUG org.springframework.orm.hibernate5.HibernateTransactionManager - Closing Hibernate Session [SessionImpl(1909198389<open>)] after transaction
00:28:53.231 [main] INFO org.springframework.test.context.transaction.TransactionContext - Rolled back transaction for test: [DefaultTestContext@44a9971f testClass = RepositorioCategoriaAlimentoTest, testInstance = com.tallerwebi.dominio.RepositorioCategoriaAlimentoTest@1cdad619, testMethod = testObtenerCategoriasPorNombreExitoso@RepositorioCategoriaAlimentoTest, testException = [null], mergedContextConfiguration = [WebMergedContextConfiguration@2e2cd42c testClass = RepositorioCategoriaAlimentoTest, locations = '{}', classes = '{class com.tallerwebi.integracion.config.SpringWebTestConfig, class com.tallerwebi.integracion.config.HibernateTestConfig}', contextInitializerClasses = '[]', activeProfiles = '{}', propertySourceLocations = '{}', propertySourceProperties = '{}', contextCustomizers = set[[empty]], resourceBasePath = 'src/main/webapp', contextLoader = 'org.springframework.test.context.web.WebDelegatingSmartContextLoader', parent = [null]], attributes = map['org.springframework.test.context.web.ServletTestExecutionListener.populatedRequestContextHolder' -> true, 'org.springframework.test.context.web.ServletTestExecutionListener.resetRequestContextHolder' -> true]]
00:28:53.231 [main] DEBUG org.springframework.test.context.support.AbstractDirtiesContextTestExecutionListener - After test method: context [DefaultTestContext@44a9971f testClass = RepositorioCategoriaAlimentoTest, testInstance = com.tallerwebi.dominio.RepositorioCategoriaAlimentoTest@1cdad619, testMethod = testObtenerCategoriasPorNombreExitoso@RepositorioCategoriaAlimentoTest, testException = [null], mergedContextConfiguration = [WebMergedContextConfiguration@2e2cd42c testClass = RepositorioCategoriaAlimentoTest, locations = '{}', classes = '{class com.tallerwebi.integracion.config.SpringWebTestConfig, class com.tallerwebi.integracion.config.HibernateTestConfig}', contextInitializerClasses = '[]', activeProfiles = '{}', propertySourceLocations = '{}', propertySourceProperties = '{}', contextCustomizers = set[[empty]], resourceBasePath = 'src/main/webapp', contextLoader = 'org.springframework.test.context.web.WebDelegatingSmartContextLoader', parent = [null]], attributes = map['org.springframework.test.context.web.ServletTestExecutionListener.populatedRequestContextHolder' -> true, 'org.springframework.test.context.web.ServletTestExecutionListener.resetRequestContextHolder' -> true]], class annotated with @DirtiesContext [false] with mode [null], method annotated with @DirtiesContext [false] with mode [null].
00:28:53.231 [main] DEBUG org.springframework.test.context.web.ServletTestExecutionListener - Resetting RequestContextHolder for test context [DefaultTestContext@44a9971f testClass = RepositorioCategoriaAlimentoTest, testInstance = com.tallerwebi.dominio.RepositorioCategoriaAlimentoTest@1cdad619, testMethod = testObtenerCategoriasPorNombreExitoso@RepositorioCategoriaAlimentoTest, testException = [null], mergedContextConfiguration = [WebMergedContextConfiguration@2e2cd42c testClass = RepositorioCategoriaAlimentoTest, locations = '{}', classes = '{class com.tallerwebi.integracion.config.SpringWebTestConfig, class com.tallerwebi.integracion.config.HibernateTestConfig}', contextInitializerClasses = '[]', activeProfiles = '{}', propertySourceLocations = '{}', propertySourceProperties = '{}', contextCustomizers = set[[empty]], resourceBasePath = 'src/main/webapp', contextLoader = 'org.springframework.test.context.web.WebDelegatingSmartContextLoader', parent = [null]], attributes = map['org.springframework.test.context.web.ServletTestExecutionListener.populatedRequestContextHolder' -> true, 'org.springframework.test.context.web.ServletTestExecutionListener.resetRequestContextHolder' -> true]].
]]></system-out>
  </testcase>
  <testcase name="testObtenerCategoriasPorNombreFallido" classname="com.tallerwebi.dominio.RepositorioCategoriaAlimentoTest" time="0.004">
    <system-out><![CDATA[00:28:53.232 [main] DEBUG org.springframework.test.context.cache.DefaultCacheAwareContextLoaderDelegate - Retrieved ApplicationContext [1384210339] from cache with key [[WebMergedContextConfiguration@2e2cd42c testClass = RepositorioCategoriaAlimentoTest, locations = '{}', classes = '{class com.tallerwebi.integracion.config.SpringWebTestConfig, class com.tallerwebi.integracion.config.HibernateTestConfig}', contextInitializerClasses = '[]', activeProfiles = '{}', propertySourceLocations = '{}', propertySourceProperties = '{}', contextCustomizers = set[[empty]], resourceBasePath = 'src/main/webapp', contextLoader = 'org.springframework.test.context.web.WebDelegatingSmartContextLoader', parent = [null]]]
00:28:53.232 [main] DEBUG org.springframework.test.context.cache - Spring test ApplicationContext cache statistics: [DefaultContextCache@397dfbe8 size = 1, maxSize = 32, parentContextCount = 0, hitCount = 42, missCount = 1]
00:28:53.232 [main] DEBUG org.springframework.test.context.web.ServletTestExecutionListener - Setting up MockHttpServletRequest, MockHttpServletResponse, ServletWebRequest, and RequestContextHolder for test context [DefaultTestContext@44a9971f testClass = RepositorioCategoriaAlimentoTest, testInstance = com.tallerwebi.dominio.RepositorioCategoriaAlimentoTest@3050d479, testMethod = [null], testException = [null], mergedContextConfiguration = [WebMergedContextConfiguration@2e2cd42c testClass = RepositorioCategoriaAlimentoTest, locations = '{}', classes = '{class com.tallerwebi.integracion.config.SpringWebTestConfig, class com.tallerwebi.integracion.config.HibernateTestConfig}', contextInitializerClasses = '[]', activeProfiles = '{}', propertySourceLocations = '{}', propertySourceProperties = '{}', contextCustomizers = set[[empty]], resourceBasePath = 'src/main/webapp', contextLoader = 'org.springframework.test.context.web.WebDelegatingSmartContextLoader', parent = [null]], attributes = map['org.springframework.test.context.support.DependencyInjectionTestExecutionListener.reinjectDependencies' -> true]].
00:28:53.232 [main] DEBUG org.springframework.test.context.support.DependencyInjectionTestExecutionListener - Performing dependency injection for test context [[DefaultTestContext@44a9971f testClass = RepositorioCategoriaAlimentoTest, testInstance = com.tallerwebi.dominio.RepositorioCategoriaAlimentoTest@3050d479, testMethod = [null], testException = [null], mergedContextConfiguration = [WebMergedContextConfiguration@2e2cd42c testClass = RepositorioCategoriaAlimentoTest, locations = '{}', classes = '{class com.tallerwebi.integracion.config.SpringWebTestConfig, class com.tallerwebi.integracion.config.HibernateTestConfig}', contextInitializerClasses = '[]', activeProfiles = '{}', propertySourceLocations = '{}', propertySourceProperties = '{}', contextCustomizers = set[[empty]], resourceBasePath = 'src/main/webapp', contextLoader = 'org.springframework.test.context.web.WebDelegatingSmartContextLoader', parent = [null]], attributes = map['org.springframework.test.context.web.ServletTestExecutionListener.populatedRequestContextHolder' -> true, 'org.springframework.test.context.web.ServletTestExecutionListener.resetRequestContextHolder' -> true, 'org.springframework.test.context.support.DependencyInjectionTestExecutionListener.reinjectDependencies' -> true]]].
00:28:53.232 [main] DEBUG org.springframework.test.context.cache.DefaultCacheAwareContextLoaderDelegate - Retrieved ApplicationContext [1384210339] from cache with key [[WebMergedContextConfiguration@2e2cd42c testClass = RepositorioCategoriaAlimentoTest, locations = '{}', classes = '{class com.tallerwebi.integracion.config.SpringWebTestConfig, class com.tallerwebi.integracion.config.HibernateTestConfig}', contextInitializerClasses = '[]', activeProfiles = '{}', propertySourceLocations = '{}', propertySourceProperties = '{}', contextCustomizers = set[[empty]], resourceBasePath = 'src/main/webapp', contextLoader = 'org.springframework.test.context.web.WebDelegatingSmartContextLoader', parent = [null]]]
00:28:53.232 [main] DEBUG org.springframework.test.context.cache - Spring test ApplicationContext cache statistics: [DefaultContextCache@397dfbe8 size = 1, maxSize = 32, parentContextCount = 0, hitCount = 43, missCount = 1]
00:28:53.232 [main] DEBUG org.springframework.test.context.cache.DefaultCacheAwareContextLoaderDelegate - Retrieved ApplicationContext [1384210339] from cache with key [[WebMergedContextConfiguration@2e2cd42c testClass = RepositorioCategoriaAlimentoTest, locations = '{}', classes = '{class com.tallerwebi.integracion.config.SpringWebTestConfig, class com.tallerwebi.integracion.config.HibernateTestConfig}', contextInitializerClasses = '[]', activeProfiles = '{}', propertySourceLocations = '{}', propertySourceProperties = '{}', contextCustomizers = set[[empty]], resourceBasePath = 'src/main/webapp', contextLoader = 'org.springframework.test.context.web.WebDelegatingSmartContextLoader', parent = [null]]]
00:28:53.232 [main] DEBUG org.springframework.test.context.cache - Spring test ApplicationContext cache statistics: [DefaultContextCache@397dfbe8 size = 1, maxSize = 32, parentContextCount = 0, hitCount = 44, missCount = 1]
00:28:53.232 [main] DEBUG org.springframework.test.context.support.AbstractDirtiesContextTestExecutionListener - Before test method: context [DefaultTestContext@44a9971f testClass = RepositorioCategoriaAlimentoTest, testInstance = com.tallerwebi.dominio.RepositorioCategoriaAlimentoTest@3050d479, testMethod = testObtenerCategoriasPorNombreFallido@RepositorioCategoriaAlimentoTest, testException = [null], mergedContextConfiguration = [WebMergedContextConfiguration@2e2cd42c testClass = RepositorioCategoriaAlimentoTest, locations = '{}', classes = '{class com.tallerwebi.integracion.config.SpringWebTestConfig, class com.tallerwebi.integracion.config.HibernateTestConfig}', contextInitializerClasses = '[]', activeProfiles = '{}', propertySourceLocations = '{}', propertySourceProperties = '{}', contextCustomizers = set[[empty]], resourceBasePath = 'src/main/webapp', contextLoader = 'org.springframework.test.context.web.WebDelegatingSmartContextLoader', parent = [null]], attributes = map['org.springframework.test.context.web.ServletTestExecutionListener.populatedRequestContextHolder' -> true, 'org.springframework.test.context.web.ServletTestExecutionListener.resetRequestContextHolder' -> true]], class annotated with @DirtiesContext [false] with mode [null], method annotated with @DirtiesContext [false] with mode [null].
00:28:53.232 [main] DEBUG org.springframework.test.context.transaction.TransactionalTestExecutionListener - Explicit transaction definition [PROPAGATION_REQUIRED,ISOLATION_DEFAULT] found for test context [DefaultTestContext@44a9971f testClass = RepositorioCategoriaAlimentoTest, testInstance = com.tallerwebi.dominio.RepositorioCategoriaAlimentoTest@3050d479, testMethod = testObtenerCategoriasPorNombreFallido@RepositorioCategoriaAlimentoTest, testException = [null], mergedContextConfiguration = [WebMergedContextConfiguration@2e2cd42c testClass = RepositorioCategoriaAlimentoTest, locations = '{}', classes = '{class com.tallerwebi.integracion.config.SpringWebTestConfig, class com.tallerwebi.integracion.config.HibernateTestConfig}', contextInitializerClasses = '[]', activeProfiles = '{}', propertySourceLocations = '{}', propertySourceProperties = '{}', contextCustomizers = set[[empty]], resourceBasePath = 'src/main/webapp', contextLoader = 'org.springframework.test.context.web.WebDelegatingSmartContextLoader', parent = [null]], attributes = map['org.springframework.test.context.web.ServletTestExecutionListener.populatedRequestContextHolder' -> true, 'org.springframework.test.context.web.ServletTestExecutionListener.resetRequestContextHolder' -> true]]
00:28:53.232 [main] DEBUG org.springframework.test.context.cache.DefaultCacheAwareContextLoaderDelegate - Retrieved ApplicationContext [1384210339] from cache with key [[WebMergedContextConfiguration@2e2cd42c testClass = RepositorioCategoriaAlimentoTest, locations = '{}', classes = '{class com.tallerwebi.integracion.config.SpringWebTestConfig, class com.tallerwebi.integracion.config.HibernateTestConfig}', contextInitializerClasses = '[]', activeProfiles = '{}', propertySourceLocations = '{}', propertySourceProperties = '{}', contextCustomizers = set[[empty]], resourceBasePath = 'src/main/webapp', contextLoader = 'org.springframework.test.context.web.WebDelegatingSmartContextLoader', parent = [null]]]
00:28:53.232 [main] DEBUG org.springframework.test.context.cache - Spring test ApplicationContext cache statistics: [DefaultContextCache@397dfbe8 size = 1, maxSize = 32, parentContextCount = 0, hitCount = 45, missCount = 1]
00:28:53.232 [main] DEBUG org.springframework.test.context.transaction.TransactionalTestExecutionListener - Method-level @Rollback(true) overrides default rollback [true] for test context [DefaultTestContext@44a9971f testClass = RepositorioCategoriaAlimentoTest, testInstance = com.tallerwebi.dominio.RepositorioCategoriaAlimentoTest@3050d479, testMethod = testObtenerCategoriasPorNombreFallido@RepositorioCategoriaAlimentoTest, testException = [null], mergedContextConfiguration = [WebMergedContextConfiguration@2e2cd42c testClass = RepositorioCategoriaAlimentoTest, locations = '{}', classes = '{class com.tallerwebi.integracion.config.SpringWebTestConfig, class com.tallerwebi.integracion.config.HibernateTestConfig}', contextInitializerClasses = '[]', activeProfiles = '{}', propertySourceLocations = '{}', propertySourceProperties = '{}', contextCustomizers = set[[empty]], resourceBasePath = 'src/main/webapp', contextLoader = 'org.springframework.test.context.web.WebDelegatingSmartContextLoader', parent = [null]], attributes = map['org.springframework.test.context.web.ServletTestExecutionListener.populatedRequestContextHolder' -> true, 'org.springframework.test.context.web.ServletTestExecutionListener.resetRequestContextHolder' -> true]].
00:28:53.232 [main] DEBUG org.springframework.orm.hibernate5.HibernateTransactionManager - Creating new transaction with name [com.tallerwebi.dominio.RepositorioCategoriaAlimentoTest.testObtenerCategoriasPorNombreFallido]: PROPAGATION_REQUIRED,ISOLATION_DEFAULT
00:28:53.232 [main] DEBUG org.springframework.orm.hibernate5.HibernateTransactionManager - Opened new Session [SessionImpl(1551501036<open>)] for Hibernate transaction
00:28:53.234 [main] DEBUG org.hibernate.engine.transaction.internal.TransactionImpl - On TransactionImpl creation, JpaCompliance#isJpaTransactionComplianceEnabled == false
00:28:53.234 [main] DEBUG org.hibernate.engine.transaction.internal.TransactionImpl - begin
00:28:53.234 [main] DEBUG org.springframework.jdbc.datasource.DriverManagerDataSource - Creating new JDBC DriverManager Connection to [jdbc:hsqldb:mem:db_]
00:28:53.234 [main] DEBUG org.springframework.orm.hibernate5.HibernateTransactionManager - Exposing Hibernate transaction as JDBC [org.springframework.orm.hibernate5.HibernateTransactionManager$$Lambda$602/0x0000000801596000@697b48e4]
00:28:53.234 [main] INFO org.springframework.test.context.transaction.TransactionContext - Began transaction (1) for test context [DefaultTestContext@44a9971f testClass = RepositorioCategoriaAlimentoTest, testInstance = com.tallerwebi.dominio.RepositorioCategoriaAlimentoTest@3050d479, testMethod = testObtenerCategoriasPorNombreFallido@RepositorioCategoriaAlimentoTest, testException = [null], mergedContextConfiguration = [WebMergedContextConfiguration@2e2cd42c testClass = RepositorioCategoriaAlimentoTest, locations = '{}', classes = '{class com.tallerwebi.integracion.config.SpringWebTestConfig, class com.tallerwebi.integracion.config.HibernateTestConfig}', contextInitializerClasses = '[]', activeProfiles = '{}', propertySourceLocations = '{}', propertySourceProperties = '{}', contextCustomizers = set[[empty]], resourceBasePath = 'src/main/webapp', contextLoader = 'org.springframework.test.context.web.WebDelegatingSmartContextLoader', parent = [null]], attributes = map['org.springframework.test.context.web.ServletTestExecutionListener.populatedRequestContextHolder' -> true, 'org.springframework.test.context.web.ServletTestExecutionListener.resetRequestContextHolder' -> true]]; transaction manager [org.springframework.orm.hibernate5.HibernateTransactionManager@6ad198c9]; rollback [true]
00:28:53.234 [main] DEBUG org.springframework.test.context.cache.DefaultCacheAwareContextLoaderDelegate - Retrieved ApplicationContext [1384210339] from cache with key [[WebMergedContextConfiguration@2e2cd42c testClass = RepositorioCategoriaAlimentoTest, locations = '{}', classes = '{class com.tallerwebi.integracion.config.SpringWebTestConfig, class com.tallerwebi.integracion.config.HibernateTestConfig}', contextInitializerClasses = '[]', activeProfiles = '{}', propertySourceLocations = '{}', propertySourceProperties = '{}', contextCustomizers = set[[empty]], resourceBasePath = 'src/main/webapp', contextLoader = 'org.springframework.test.context.web.WebDelegatingSmartContextLoader', parent = [null]]]
00:28:53.234 [main] DEBUG org.springframework.test.context.cache - Spring test ApplicationContext cache statistics: [DefaultContextCache@397dfbe8 size = 1, maxSize = 32, parentContextCount = 0, hitCount = 46, missCount = 1]
00:28:53.234 [main] DEBUG org.springframework.test.context.cache.DefaultCacheAwareContextLoaderDelegate - Retrieved ApplicationContext [1384210339] from cache with key [[WebMergedContextConfiguration@2e2cd42c testClass = RepositorioCategoriaAlimentoTest, locations = '{}', classes = '{class com.tallerwebi.integracion.config.SpringWebTestConfig, class com.tallerwebi.integracion.config.HibernateTestConfig}', contextInitializerClasses = '[]', activeProfiles = '{}', propertySourceLocations = '{}', propertySourceProperties = '{}', contextCustomizers = set[[empty]], resourceBasePath = 'src/main/webapp', contextLoader = 'org.springframework.test.context.web.WebDelegatingSmartContextLoader', parent = [null]]]
00:28:53.234 [main] DEBUG org.springframework.test.context.cache - Spring test ApplicationContext cache statistics: [DefaultContextCache@397dfbe8 size = 1, maxSize = 32, parentContextCount = 0, hitCount = 47, missCount = 1]
00:28:53.234 [main] DEBUG org.hibernate.engine.spi.ActionQueue - Executing identity-insert immediately
00:28:53.234 [main] DEBUG org.hibernate.SQL - 
    insert 
    into
        CategoriaAlimento
        (id, imagen, nombre) 
    values
        (default, ?, ?)
Hibernate: 
    insert 
    into
        CategoriaAlimento
        (id, imagen, nombre) 
    values
        (default, ?, ?)
00:28:53.234 [main] DEBUG org.hibernate.id.IdentifierGeneratorHelper - Natively generated identity: 9
00:28:53.234 [main] DEBUG org.hibernate.resource.jdbc.internal.ResourceRegistryStandardImpl - HHH000387: ResultSet's statement was not registered
00:28:53.234 [main] DEBUG org.hibernate.engine.spi.ActionQueue - Executing identity-insert immediately
00:28:53.234 [main] DEBUG org.hibernate.SQL - 
    insert 
    into
        CategoriaAlimento
        (id, imagen, nombre) 
    values
        (default, ?, ?)
Hibernate: 
    insert 
    into
        CategoriaAlimento
        (id, imagen, nombre) 
    values
        (default, ?, ?)
00:28:53.235 [main] DEBUG org.hibernate.id.IdentifierGeneratorHelper - Natively generated identity: 10
00:28:53.235 [main] DEBUG org.hibernate.resource.jdbc.internal.ResourceRegistryStandardImpl - HHH000387: ResultSet's statement was not registered
00:28:53.235 [main] DEBUG org.springframework.orm.hibernate5.HibernateTransactionManager - Found thread-bound Session [SessionImpl(1551501036<open>)] for Hibernate transaction
00:28:53.235 [main] DEBUG org.springframework.orm.hibernate5.HibernateTransactionManager - Participating in existing transaction
00:28:53.235 [main] DEBUG org.hibernate.event.internal.AbstractFlushingEventListener - Processing flush-time cascades
00:28:53.235 [main] DEBUG org.hibernate.event.internal.AbstractFlushingEventListener - Dirty checking collections
00:28:53.235 [main] DEBUG org.hibernate.event.internal.AbstractFlushingEventListener - Flushed: 0 insertions, 0 updates, 0 deletions to 2 objects
00:28:53.235 [main] DEBUG org.hibernate.event.internal.AbstractFlushingEventListener - Flushed: 0 (re)creations, 0 updates, 0 removals to 0 collections
00:28:53.235 [main] DEBUG org.hibernate.internal.util.EntityPrinter - Listing entities:
00:28:53.235 [main] DEBUG org.hibernate.internal.util.EntityPrinter - com.tallerwebi.dominio.CategoriaAlimento{imagen=null, id=10, nombre=verduras, alimentos=null}
00:28:53.235 [main] DEBUG org.hibernate.internal.util.EntityPrinter - com.tallerwebi.dominio.CategoriaAlimento{imagen=null, id=9, nombre=fruta, alimentos=null}
00:28:53.235 [main] DEBUG org.hibernate.SQL - 
    select
        categoriaa0_.id as id1_1_,
        categoriaa0_.imagen as imagen2_1_,
        categoriaa0_.nombre as nombre3_1_ 
    from
        CategoriaAlimento categoriaa0_ 
    where
        lower(categoriaa0_.nombre) like lower(?)
Hibernate: 
    select
        categoriaa0_.id as id1_1_,
        categoriaa0_.imagen as imagen2_1_,
        categoriaa0_.nombre as nombre3_1_ 
    from
        CategoriaAlimento categoriaa0_ 
    where
        lower(categoriaa0_.nombre) like lower(?)
00:28:53.235 [main] DEBUG org.springframework.test.context.cache.DefaultCacheAwareContextLoaderDelegate - Retrieved ApplicationContext [1384210339] from cache with key [[WebMergedContextConfiguration@2e2cd42c testClass = RepositorioCategoriaAlimentoTest, locations = '{}', classes = '{class com.tallerwebi.integracion.config.SpringWebTestConfig, class com.tallerwebi.integracion.config.HibernateTestConfig}', contextInitializerClasses = '[]', activeProfiles = '{}', propertySourceLocations = '{}', propertySourceProperties = '{}', contextCustomizers = set[[empty]], resourceBasePath = 'src/main/webapp', contextLoader = 'org.springframework.test.context.web.WebDelegatingSmartContextLoader', parent = [null]]]
00:28:53.235 [main] DEBUG org.springframework.test.context.cache - Spring test ApplicationContext cache statistics: [DefaultContextCache@397dfbe8 size = 1, maxSize = 32, parentContextCount = 0, hitCount = 48, missCount = 1]
00:28:53.235 [main] DEBUG org.springframework.test.context.cache.DefaultCacheAwareContextLoaderDelegate - Retrieved ApplicationContext [1384210339] from cache with key [[WebMergedContextConfiguration@2e2cd42c testClass = RepositorioCategoriaAlimentoTest, locations = '{}', classes = '{class com.tallerwebi.integracion.config.SpringWebTestConfig, class com.tallerwebi.integracion.config.HibernateTestConfig}', contextInitializerClasses = '[]', activeProfiles = '{}', propertySourceLocations = '{}', propertySourceProperties = '{}', contextCustomizers = set[[empty]], resourceBasePath = 'src/main/webapp', contextLoader = 'org.springframework.test.context.web.WebDelegatingSmartContextLoader', parent = [null]]]
00:28:53.235 [main] DEBUG org.springframework.test.context.cache - Spring test ApplicationContext cache statistics: [DefaultContextCache@397dfbe8 size = 1, maxSize = 32, parentContextCount = 0, hitCount = 49, missCount = 1]
00:28:53.236 [main] DEBUG org.springframework.orm.hibernate5.HibernateTransactionManager - Initiating transaction rollback
00:28:53.236 [main] DEBUG org.springframework.orm.hibernate5.HibernateTransactionManager - Rolling back Hibernate transaction on Session [SessionImpl(1551501036<open>)]
00:28:53.236 [main] DEBUG org.hibernate.engine.transaction.internal.TransactionImpl - rolling back
00:28:53.236 [main] DEBUG org.springframework.orm.hibernate5.HibernateTransactionManager - Closing Hibernate Session [SessionImpl(1551501036<open>)] after transaction
00:28:53.236 [main] INFO org.springframework.test.context.transaction.TransactionContext - Rolled back transaction for test: [DefaultTestContext@44a9971f testClass = RepositorioCategoriaAlimentoTest, testInstance = com.tallerwebi.dominio.RepositorioCategoriaAlimentoTest@3050d479, testMethod = testObtenerCategoriasPorNombreFallido@RepositorioCategoriaAlimentoTest, testException = [null], mergedContextConfiguration = [WebMergedContextConfiguration@2e2cd42c testClass = RepositorioCategoriaAlimentoTest, locations = '{}', classes = '{class com.tallerwebi.integracion.config.SpringWebTestConfig, class com.tallerwebi.integracion.config.HibernateTestConfig}', contextInitializerClasses = '[]', activeProfiles = '{}', propertySourceLocations = '{}', propertySourceProperties = '{}', contextCustomizers = set[[empty]], resourceBasePath = 'src/main/webapp', contextLoader = 'org.springframework.test.context.web.WebDelegatingSmartContextLoader', parent = [null]], attributes = map['org.springframework.test.context.web.ServletTestExecutionListener.populatedRequestContextHolder' -> true, 'org.springframework.test.context.web.ServletTestExecutionListener.resetRequestContextHolder' -> true]]
00:28:53.236 [main] DEBUG org.springframework.test.context.support.AbstractDirtiesContextTestExecutionListener - After test method: context [DefaultTestContext@44a9971f testClass = RepositorioCategoriaAlimentoTest, testInstance = com.tallerwebi.dominio.RepositorioCategoriaAlimentoTest@3050d479, testMethod = testObtenerCategoriasPorNombreFallido@RepositorioCategoriaAlimentoTest, testException = [null], mergedContextConfiguration = [WebMergedContextConfiguration@2e2cd42c testClass = RepositorioCategoriaAlimentoTest, locations = '{}', classes = '{class com.tallerwebi.integracion.config.SpringWebTestConfig, class com.tallerwebi.integracion.config.HibernateTestConfig}', contextInitializerClasses = '[]', activeProfiles = '{}', propertySourceLocations = '{}', propertySourceProperties = '{}', contextCustomizers = set[[empty]], resourceBasePath = 'src/main/webapp', contextLoader = 'org.springframework.test.context.web.WebDelegatingSmartContextLoader', parent = [null]], attributes = map['org.springframework.test.context.web.ServletTestExecutionListener.populatedRequestContextHolder' -> true, 'org.springframework.test.context.web.ServletTestExecutionListener.resetRequestContextHolder' -> true]], class annotated with @DirtiesContext [false] with mode [null], method annotated with @DirtiesContext [false] with mode [null].
00:28:53.236 [main] DEBUG org.springframework.test.context.web.ServletTestExecutionListener - Resetting RequestContextHolder for test context [DefaultTestContext@44a9971f testClass = RepositorioCategoriaAlimentoTest, testInstance = com.tallerwebi.dominio.RepositorioCategoriaAlimentoTest@3050d479, testMethod = testObtenerCategoriasPorNombreFallido@RepositorioCategoriaAlimentoTest, testException = [null], mergedContextConfiguration = [WebMergedContextConfiguration@2e2cd42c testClass = RepositorioCategoriaAlimentoTest, locations = '{}', classes = '{class com.tallerwebi.integracion.config.SpringWebTestConfig, class com.tallerwebi.integracion.config.HibernateTestConfig}', contextInitializerClasses = '[]', activeProfiles = '{}', propertySourceLocations = '{}', propertySourceProperties = '{}', contextCustomizers = set[[empty]], resourceBasePath = 'src/main/webapp', contextLoader = 'org.springframework.test.context.web.WebDelegatingSmartContextLoader', parent = [null]], attributes = map['org.springframework.test.context.web.ServletTestExecutionListener.populatedRequestContextHolder' -> true, 'org.springframework.test.context.web.ServletTestExecutionListener.resetRequestContextHolder' -> true]].
]]></system-out>
  </testcase>
  <testcase name="testObtenerTodosLasCategorias" classname="com.tallerwebi.dominio.RepositorioCategoriaAlimentoTest" time="0.006">
    <system-out><![CDATA[00:28:53.236 [main] DEBUG org.springframework.test.context.cache.DefaultCacheAwareContextLoaderDelegate - Retrieved ApplicationContext [1384210339] from cache with key [[WebMergedContextConfiguration@2e2cd42c testClass = RepositorioCategoriaAlimentoTest, locations = '{}', classes = '{class com.tallerwebi.integracion.config.SpringWebTestConfig, class com.tallerwebi.integracion.config.HibernateTestConfig}', contextInitializerClasses = '[]', activeProfiles = '{}', propertySourceLocations = '{}', propertySourceProperties = '{}', contextCustomizers = set[[empty]], resourceBasePath = 'src/main/webapp', contextLoader = 'org.springframework.test.context.web.WebDelegatingSmartContextLoader', parent = [null]]]
00:28:53.236 [main] DEBUG org.springframework.test.context.cache - Spring test ApplicationContext cache statistics: [DefaultContextCache@397dfbe8 size = 1, maxSize = 32, parentContextCount = 0, hitCount = 50, missCount = 1]
00:28:53.237 [main] DEBUG org.springframework.test.context.web.ServletTestExecutionListener - Setting up MockHttpServletRequest, MockHttpServletResponse, ServletWebRequest, and RequestContextHolder for test context [DefaultTestContext@44a9971f testClass = RepositorioCategoriaAlimentoTest, testInstance = com.tallerwebi.dominio.RepositorioCategoriaAlimentoTest@8c34631, testMethod = [null], testException = [null], mergedContextConfiguration = [WebMergedContextConfiguration@2e2cd42c testClass = RepositorioCategoriaAlimentoTest, locations = '{}', classes = '{class com.tallerwebi.integracion.config.SpringWebTestConfig, class com.tallerwebi.integracion.config.HibernateTestConfig}', contextInitializerClasses = '[]', activeProfiles = '{}', propertySourceLocations = '{}', propertySourceProperties = '{}', contextCustomizers = set[[empty]], resourceBasePath = 'src/main/webapp', contextLoader = 'org.springframework.test.context.web.WebDelegatingSmartContextLoader', parent = [null]], attributes = map['org.springframework.test.context.support.DependencyInjectionTestExecutionListener.reinjectDependencies' -> true]].
00:28:53.237 [main] DEBUG org.springframework.test.context.support.DependencyInjectionTestExecutionListener - Performing dependency injection for test context [[DefaultTestContext@44a9971f testClass = RepositorioCategoriaAlimentoTest, testInstance = com.tallerwebi.dominio.RepositorioCategoriaAlimentoTest@8c34631, testMethod = [null], testException = [null], mergedContextConfiguration = [WebMergedContextConfiguration@2e2cd42c testClass = RepositorioCategoriaAlimentoTest, locations = '{}', classes = '{class com.tallerwebi.integracion.config.SpringWebTestConfig, class com.tallerwebi.integracion.config.HibernateTestConfig}', contextInitializerClasses = '[]', activeProfiles = '{}', propertySourceLocations = '{}', propertySourceProperties = '{}', contextCustomizers = set[[empty]], resourceBasePath = 'src/main/webapp', contextLoader = 'org.springframework.test.context.web.WebDelegatingSmartContextLoader', parent = [null]], attributes = map['org.springframework.test.context.web.ServletTestExecutionListener.populatedRequestContextHolder' -> true, 'org.springframework.test.context.web.ServletTestExecutionListener.resetRequestContextHolder' -> true, 'org.springframework.test.context.support.DependencyInjectionTestExecutionListener.reinjectDependencies' -> true]]].
00:28:53.237 [main] DEBUG org.springframework.test.context.cache.DefaultCacheAwareContextLoaderDelegate - Retrieved ApplicationContext [1384210339] from cache with key [[WebMergedContextConfiguration@2e2cd42c testClass = RepositorioCategoriaAlimentoTest, locations = '{}', classes = '{class com.tallerwebi.integracion.config.SpringWebTestConfig, class com.tallerwebi.integracion.config.HibernateTestConfig}', contextInitializerClasses = '[]', activeProfiles = '{}', propertySourceLocations = '{}', propertySourceProperties = '{}', contextCustomizers = set[[empty]], resourceBasePath = 'src/main/webapp', contextLoader = 'org.springframework.test.context.web.WebDelegatingSmartContextLoader', parent = [null]]]
00:28:53.237 [main] DEBUG org.springframework.test.context.cache - Spring test ApplicationContext cache statistics: [DefaultContextCache@397dfbe8 size = 1, maxSize = 32, parentContextCount = 0, hitCount = 51, missCount = 1]
00:28:53.237 [main] DEBUG org.springframework.test.context.cache.DefaultCacheAwareContextLoaderDelegate - Retrieved ApplicationContext [1384210339] from cache with key [[WebMergedContextConfiguration@2e2cd42c testClass = RepositorioCategoriaAlimentoTest, locations = '{}', classes = '{class com.tallerwebi.integracion.config.SpringWebTestConfig, class com.tallerwebi.integracion.config.HibernateTestConfig}', contextInitializerClasses = '[]', activeProfiles = '{}', propertySourceLocations = '{}', propertySourceProperties = '{}', contextCustomizers = set[[empty]], resourceBasePath = 'src/main/webapp', contextLoader = 'org.springframework.test.context.web.WebDelegatingSmartContextLoader', parent = [null]]]
00:28:53.237 [main] DEBUG org.springframework.test.context.cache - Spring test ApplicationContext cache statistics: [DefaultContextCache@397dfbe8 size = 1, maxSize = 32, parentContextCount = 0, hitCount = 52, missCount = 1]
00:28:53.237 [main] DEBUG org.springframework.test.context.support.AbstractDirtiesContextTestExecutionListener - Before test method: context [DefaultTestContext@44a9971f testClass = RepositorioCategoriaAlimentoTest, testInstance = com.tallerwebi.dominio.RepositorioCategoriaAlimentoTest@8c34631, testMethod = testObtenerTodosLasCategorias@RepositorioCategoriaAlimentoTest, testException = [null], mergedContextConfiguration = [WebMergedContextConfiguration@2e2cd42c testClass = RepositorioCategoriaAlimentoTest, locations = '{}', classes = '{class com.tallerwebi.integracion.config.SpringWebTestConfig, class com.tallerwebi.integracion.config.HibernateTestConfig}', contextInitializerClasses = '[]', activeProfiles = '{}', propertySourceLocations = '{}', propertySourceProperties = '{}', contextCustomizers = set[[empty]], resourceBasePath = 'src/main/webapp', contextLoader = 'org.springframework.test.context.web.WebDelegatingSmartContextLoader', parent = [null]], attributes = map['org.springframework.test.context.web.ServletTestExecutionListener.populatedRequestContextHolder' -> true, 'org.springframework.test.context.web.ServletTestExecutionListener.resetRequestContextHolder' -> true]], class annotated with @DirtiesContext [false] with mode [null], method annotated with @DirtiesContext [false] with mode [null].
00:28:53.237 [main] DEBUG org.springframework.test.context.transaction.TransactionalTestExecutionListener - Explicit transaction definition [PROPAGATION_REQUIRED,ISOLATION_DEFAULT] found for test context [DefaultTestContext@44a9971f testClass = RepositorioCategoriaAlimentoTest, testInstance = com.tallerwebi.dominio.RepositorioCategoriaAlimentoTest@8c34631, testMethod = testObtenerTodosLasCategorias@RepositorioCategoriaAlimentoTest, testException = [null], mergedContextConfiguration = [WebMergedContextConfiguration@2e2cd42c testClass = RepositorioCategoriaAlimentoTest, locations = '{}', classes = '{class com.tallerwebi.integracion.config.SpringWebTestConfig, class com.tallerwebi.integracion.config.HibernateTestConfig}', contextInitializerClasses = '[]', activeProfiles = '{}', propertySourceLocations = '{}', propertySourceProperties = '{}', contextCustomizers = set[[empty]], resourceBasePath = 'src/main/webapp', contextLoader = 'org.springframework.test.context.web.WebDelegatingSmartContextLoader', parent = [null]], attributes = map['org.springframework.test.context.web.ServletTestExecutionListener.populatedRequestContextHolder' -> true, 'org.springframework.test.context.web.ServletTestExecutionListener.resetRequestContextHolder' -> true]]
00:28:53.237 [main] DEBUG org.springframework.test.context.cache.DefaultCacheAwareContextLoaderDelegate - Retrieved ApplicationContext [1384210339] from cache with key [[WebMergedContextConfiguration@2e2cd42c testClass = RepositorioCategoriaAlimentoTest, locations = '{}', classes = '{class com.tallerwebi.integracion.config.SpringWebTestConfig, class com.tallerwebi.integracion.config.HibernateTestConfig}', contextInitializerClasses = '[]', activeProfiles = '{}', propertySourceLocations = '{}', propertySourceProperties = '{}', contextCustomizers = set[[empty]], resourceBasePath = 'src/main/webapp', contextLoader = 'org.springframework.test.context.web.WebDelegatingSmartContextLoader', parent = [null]]]
00:28:53.237 [main] DEBUG org.springframework.test.context.cache - Spring test ApplicationContext cache statistics: [DefaultContextCache@397dfbe8 size = 1, maxSize = 32, parentContextCount = 0, hitCount = 53, missCount = 1]
00:28:53.238 [main] DEBUG org.springframework.test.context.transaction.TransactionalTestExecutionListener - Method-level @Rollback(true) overrides default rollback [true] for test context [DefaultTestContext@44a9971f testClass = RepositorioCategoriaAlimentoTest, testInstance = com.tallerwebi.dominio.RepositorioCategoriaAlimentoTest@8c34631, testMethod = testObtenerTodosLasCategorias@RepositorioCategoriaAlimentoTest, testException = [null], mergedContextConfiguration = [WebMergedContextConfiguration@2e2cd42c testClass = RepositorioCategoriaAlimentoTest, locations = '{}', classes = '{class com.tallerwebi.integracion.config.SpringWebTestConfig, class com.tallerwebi.integracion.config.HibernateTestConfig}', contextInitializerClasses = '[]', activeProfiles = '{}', propertySourceLocations = '{}', propertySourceProperties = '{}', contextCustomizers = set[[empty]], resourceBasePath = 'src/main/webapp', contextLoader = 'org.springframework.test.context.web.WebDelegatingSmartContextLoader', parent = [null]], attributes = map['org.springframework.test.context.web.ServletTestExecutionListener.populatedRequestContextHolder' -> true, 'org.springframework.test.context.web.ServletTestExecutionListener.resetRequestContextHolder' -> true]].
00:28:53.238 [main] DEBUG org.springframework.orm.hibernate5.HibernateTransactionManager - Creating new transaction with name [com.tallerwebi.dominio.RepositorioCategoriaAlimentoTest.testObtenerTodosLasCategorias]: PROPAGATION_REQUIRED,ISOLATION_DEFAULT
00:28:53.238 [main] DEBUG org.springframework.orm.hibernate5.HibernateTransactionManager - Opened new Session [SessionImpl(861286727<open>)] for Hibernate transaction
00:28:53.238 [main] DEBUG org.hibernate.engine.transaction.internal.TransactionImpl - On TransactionImpl creation, JpaCompliance#isJpaTransactionComplianceEnabled == false
00:28:53.238 [main] DEBUG org.hibernate.engine.transaction.internal.TransactionImpl - begin
00:28:53.238 [main] DEBUG org.springframework.jdbc.datasource.DriverManagerDataSource - Creating new JDBC DriverManager Connection to [jdbc:hsqldb:mem:db_]
00:28:53.238 [main] DEBUG org.springframework.orm.hibernate5.HibernateTransactionManager - Exposing Hibernate transaction as JDBC [org.springframework.orm.hibernate5.HibernateTransactionManager$$Lambda$602/0x0000000801596000@33239d72]
00:28:53.238 [main] INFO org.springframework.test.context.transaction.TransactionContext - Began transaction (1) for test context [DefaultTestContext@44a9971f testClass = RepositorioCategoriaAlimentoTest, testInstance = com.tallerwebi.dominio.RepositorioCategoriaAlimentoTest@8c34631, testMethod = testObtenerTodosLasCategorias@RepositorioCategoriaAlimentoTest, testException = [null], mergedContextConfiguration = [WebMergedContextConfiguration@2e2cd42c testClass = RepositorioCategoriaAlimentoTest, locations = '{}', classes = '{class com.tallerwebi.integracion.config.SpringWebTestConfig, class com.tallerwebi.integracion.config.HibernateTestConfig}', contextInitializerClasses = '[]', activeProfiles = '{}', propertySourceLocations = '{}', propertySourceProperties = '{}', contextCustomizers = set[[empty]], resourceBasePath = 'src/main/webapp', contextLoader = 'org.springframework.test.context.web.WebDelegatingSmartContextLoader', parent = [null]], attributes = map['org.springframework.test.context.web.ServletTestExecutionListener.populatedRequestContextHolder' -> true, 'org.springframework.test.context.web.ServletTestExecutionListener.resetRequestContextHolder' -> true]]; transaction manager [org.springframework.orm.hibernate5.HibernateTransactionManager@6ad198c9]; rollback [true]
00:28:53.238 [main] DEBUG org.springframework.test.context.cache.DefaultCacheAwareContextLoaderDelegate - Retrieved ApplicationContext [1384210339] from cache with key [[WebMergedContextConfiguration@2e2cd42c testClass = RepositorioCategoriaAlimentoTest, locations = '{}', classes = '{class com.tallerwebi.integracion.config.SpringWebTestConfig, class com.tallerwebi.integracion.config.HibernateTestConfig}', contextInitializerClasses = '[]', activeProfiles = '{}', propertySourceLocations = '{}', propertySourceProperties = '{}', contextCustomizers = set[[empty]], resourceBasePath = 'src/main/webapp', contextLoader = 'org.springframework.test.context.web.WebDelegatingSmartContextLoader', parent = [null]]]
00:28:53.238 [main] DEBUG org.springframework.test.context.cache - Spring test ApplicationContext cache statistics: [DefaultContextCache@397dfbe8 size = 1, maxSize = 32, parentContextCount = 0, hitCount = 54, missCount = 1]
00:28:53.238 [main] DEBUG org.springframework.test.context.cache.DefaultCacheAwareContextLoaderDelegate - Retrieved ApplicationContext [1384210339] from cache with key [[WebMergedContextConfiguration@2e2cd42c testClass = RepositorioCategoriaAlimentoTest, locations = '{}', classes = '{class com.tallerwebi.integracion.config.SpringWebTestConfig, class com.tallerwebi.integracion.config.HibernateTestConfig}', contextInitializerClasses = '[]', activeProfiles = '{}', propertySourceLocations = '{}', propertySourceProperties = '{}', contextCustomizers = set[[empty]], resourceBasePath = 'src/main/webapp', contextLoader = 'org.springframework.test.context.web.WebDelegatingSmartContextLoader', parent = [null]]]
00:28:53.238 [main] DEBUG org.springframework.test.context.cache - Spring test ApplicationContext cache statistics: [DefaultContextCache@397dfbe8 size = 1, maxSize = 32, parentContextCount = 0, hitCount = 55, missCount = 1]
00:28:53.238 [main] DEBUG org.hibernate.engine.spi.ActionQueue - Executing identity-insert immediately
00:28:53.238 [main] DEBUG org.hibernate.SQL - 
    insert 
    into
        CategoriaAlimento
        (id, imagen, nombre) 
    values
        (default, ?, ?)
Hibernate: 
    insert 
    into
        CategoriaAlimento
        (id, imagen, nombre) 
    values
        (default, ?, ?)
00:28:53.238 [main] DEBUG org.hibernate.id.IdentifierGeneratorHelper - Natively generated identity: 11
00:28:53.238 [main] DEBUG org.hibernate.resource.jdbc.internal.ResourceRegistryStandardImpl - HHH000387: ResultSet's statement was not registered
00:28:53.238 [main] DEBUG org.hibernate.engine.spi.ActionQueue - Executing identity-insert immediately
00:28:53.238 [main] DEBUG org.hibernate.SQL - 
    insert 
    into
        CategoriaAlimento
        (id, imagen, nombre) 
    values
        (default, ?, ?)
Hibernate: 
    insert 
    into
        CategoriaAlimento
        (id, imagen, nombre) 
    values
        (default, ?, ?)
00:28:53.240 [main] DEBUG org.hibernate.id.IdentifierGeneratorHelper - Natively generated identity: 12
00:28:53.240 [main] DEBUG org.hibernate.resource.jdbc.internal.ResourceRegistryStandardImpl - HHH000387: ResultSet's statement was not registered
00:28:53.240 [main] DEBUG org.hibernate.engine.spi.ActionQueue - Executing identity-insert immediately
00:28:53.240 [main] DEBUG org.hibernate.SQL - 
    insert 
    into
        CategoriaAlimento
        (id, imagen, nombre) 
    values
        (default, ?, ?)
Hibernate: 
    insert 
    into
        CategoriaAlimento
        (id, imagen, nombre) 
    values
        (default, ?, ?)
00:28:53.240 [main] DEBUG org.hibernate.id.IdentifierGeneratorHelper - Natively generated identity: 13
00:28:53.240 [main] DEBUG org.hibernate.resource.jdbc.internal.ResourceRegistryStandardImpl - HHH000387: ResultSet's statement was not registered
00:28:53.240 [main] DEBUG org.springframework.orm.hibernate5.HibernateTransactionManager - Found thread-bound Session [SessionImpl(861286727<open>)] for Hibernate transaction
00:28:53.240 [main] DEBUG org.springframework.orm.hibernate5.HibernateTransactionManager - Participating in existing transaction
00:28:53.240 [main] DEBUG org.hibernate.hql.internal.ast.QueryTranslatorImpl - parse() - HQL: from com.tallerwebi.dominio.CategoriaAlimento
00:28:53.241 [main] DEBUG org.hibernate.hql.internal.ast.ErrorTracker - throwQueryException() : no errors
00:28:53.241 [main] DEBUG org.hibernate.hql.internal.ast.QueryTranslatorImpl - --- HQL AST ---
 \-[QUERY] Node: 'query'
    \-[SELECT_FROM] Node: 'SELECT_FROM'
       \-[FROM] Node: 'from'
          \-[RANGE] Node: 'RANGE'
             \-[DOT] Node: '.'
                +-[DOT] Node: '.'
                |  +-[DOT] Node: '.'
                |  |  +-[IDENT] Node: 'com'
                |  |  \-[IDENT] Node: 'tallerwebi'
                |  \-[IDENT] Node: 'dominio'
                \-[IDENT] Node: 'CategoriaAlimento'

00:28:53.241 [main] DEBUG org.hibernate.hql.internal.antlr.HqlSqlBaseWalker - select << begin [level=1, statement=select]
00:28:53.241 [main] DEBUG org.hibernate.hql.internal.ast.tree.FromElement - FromClause{level=1} : com.tallerwebi.dominio.CategoriaAlimento (<no alias>) -> categoriaa0_
00:28:53.241 [main] DEBUG org.hibernate.hql.internal.antlr.HqlSqlBaseWalker - select : finishing up [level=1, statement=select]
00:28:53.241 [main] DEBUG org.hibernate.hql.internal.ast.HqlSqlWalker - processQuery() :  ( SELECT ( FromClause{level=1} CategoriaAlimento categoriaa0_ ) )
00:28:53.241 [main] DEBUG org.hibernate.hql.internal.ast.HqlSqlWalker - Derived SELECT clause created.
00:28:53.241 [main] DEBUG org.hibernate.hql.internal.ast.util.JoinProcessor - Tables referenced from query nodes:
 \-QueryNode
    +-SelectClause
    | referencedTables(entity CategoriaAlimento): [CategoriaAlimento]
    |  +-SelectExpressionImpl
    |  | persister: SingleTableEntityPersister(com.tallerwebi.dominio.CategoriaAlimento)
    |  \-SqlFragment
    \-FromClause
       \-FromElement

00:28:53.241 [main] DEBUG org.hibernate.hql.internal.ast.util.JoinProcessor - Using FROM fragment [CategoriaAlimento categoriaa0_]
00:28:53.241 [main] DEBUG org.hibernate.hql.internal.antlr.HqlSqlBaseWalker - select >> end [level=1, statement=select]
00:28:53.241 [main] DEBUG org.hibernate.hql.internal.ast.QueryTranslatorImpl - --- SQL AST ---
 \-[SELECT] QueryNode: 'SELECT'  querySpaces (CategoriaAlimento)
    +-[SELECT_CLAUSE] SelectClause: '{derived select clause}'
    |  +-[SELECT_EXPR] SelectExpressionImpl: 'categoriaa0_.id as id1_1_' {FromElement{explicit,not a collection join,not a fetch join,fetch non-lazy properties,classAlias=null,role=null,tableName=CategoriaAlimento,tableAlias=categoriaa0_,origin=null,columns={,className=com.tallerwebi.dominio.CategoriaAlimento}}}
    |  \-[SQL_TOKEN] SqlFragment: 'categoriaa0_.imagen as imagen2_1_, categoriaa0_.nombre as nombre3_1_'
    \-[FROM] FromClause: 'from' FromClause{level=1, fromElementCounter=1, fromElements=1, fromElementByClassAlias=[], fromElementByTableAlias=[categoriaa0_], fromElementsByPath=[], collectionJoinFromElementsByPath=[], impliedElements=[]}
       \-[FROM_FRAGMENT] FromElement: 'CategoriaAlimento categoriaa0_' FromElement{explicit,not a collection join,not a fetch join,fetch non-lazy properties,classAlias=null,role=null,tableName=CategoriaAlimento,tableAlias=categoriaa0_,origin=null,columns={,className=com.tallerwebi.dominio.CategoriaAlimento}}

00:28:53.241 [main] DEBUG org.hibernate.hql.internal.ast.ErrorTracker - throwQueryException() : no errors
00:28:53.241 [main] DEBUG org.hibernate.hql.internal.ast.QueryTranslatorImpl - HQL: from com.tallerwebi.dominio.CategoriaAlimento
00:28:53.241 [main] DEBUG org.hibernate.hql.internal.ast.QueryTranslatorImpl - SQL: select categoriaa0_.id as id1_1_, categoriaa0_.imagen as imagen2_1_, categoriaa0_.nombre as nombre3_1_ from CategoriaAlimento categoriaa0_
00:28:53.241 [main] DEBUG org.hibernate.hql.internal.ast.ErrorTracker - throwQueryException() : no errors
00:28:53.241 [main] DEBUG org.hibernate.event.internal.AbstractFlushingEventListener - Processing flush-time cascades
00:28:53.241 [main] DEBUG org.hibernate.event.internal.AbstractFlushingEventListener - Dirty checking collections
00:28:53.241 [main] DEBUG org.hibernate.event.internal.AbstractFlushingEventListener - Flushed: 0 insertions, 0 updates, 0 deletions to 3 objects
00:28:53.241 [main] DEBUG org.hibernate.event.internal.AbstractFlushingEventListener - Flushed: 0 (re)creations, 0 updates, 0 removals to 0 collections
00:28:53.241 [main] DEBUG org.hibernate.internal.util.EntityPrinter - Listing entities:
00:28:53.241 [main] DEBUG org.hibernate.internal.util.EntityPrinter - com.tallerwebi.dominio.CategoriaAlimento{imagen=null, id=11, nombre=fruta, alimentos=null}
00:28:53.241 [main] DEBUG org.hibernate.internal.util.EntityPrinter - com.tallerwebi.dominio.CategoriaAlimento{imagen=null, id=12, nombre=verduras, alimentos=null}
00:28:53.241 [main] DEBUG org.hibernate.internal.util.EntityPrinter - com.tallerwebi.dominio.CategoriaAlimento{imagen=null, id=13, nombre=carne, alimentos=null}
00:28:53.242 [main] DEBUG org.hibernate.SQL - 
    select
        categoriaa0_.id as id1_1_,
        categoriaa0_.imagen as imagen2_1_,
        categoriaa0_.nombre as nombre3_1_ 
    from
        CategoriaAlimento categoriaa0_
Hibernate: 
    select
        categoriaa0_.id as id1_1_,
        categoriaa0_.imagen as imagen2_1_,
        categoriaa0_.nombre as nombre3_1_ 
    from
        CategoriaAlimento categoriaa0_
00:28:53.242 [main] DEBUG org.hibernate.loader.Loader - Result set row: 0
00:28:53.242 [main] DEBUG org.hibernate.loader.Loader - Result row: EntityKey[com.tallerwebi.dominio.CategoriaAlimento#11]
00:28:53.242 [main] DEBUG org.hibernate.loader.Loader - Result set row: 1
00:28:53.242 [main] DEBUG org.hibernate.loader.Loader - Result row: EntityKey[com.tallerwebi.dominio.CategoriaAlimento#12]
00:28:53.242 [main] DEBUG org.hibernate.loader.Loader - Result set row: 2
00:28:53.242 [main] DEBUG org.hibernate.loader.Loader - Result row: EntityKey[com.tallerwebi.dominio.CategoriaAlimento#13]
00:28:53.242 [main] DEBUG org.springframework.test.context.cache.DefaultCacheAwareContextLoaderDelegate - Retrieved ApplicationContext [1384210339] from cache with key [[WebMergedContextConfiguration@2e2cd42c testClass = RepositorioCategoriaAlimentoTest, locations = '{}', classes = '{class com.tallerwebi.integracion.config.SpringWebTestConfig, class com.tallerwebi.integracion.config.HibernateTestConfig}', contextInitializerClasses = '[]', activeProfiles = '{}', propertySourceLocations = '{}', propertySourceProperties = '{}', contextCustomizers = set[[empty]], resourceBasePath = 'src/main/webapp', contextLoader = 'org.springframework.test.context.web.WebDelegatingSmartContextLoader', parent = [null]]]
00:28:53.242 [main] DEBUG org.springframework.test.context.cache - Spring test ApplicationContext cache statistics: [DefaultContextCache@397dfbe8 size = 1, maxSize = 32, parentContextCount = 0, hitCount = 56, missCount = 1]
00:28:53.242 [main] DEBUG org.springframework.test.context.cache.DefaultCacheAwareContextLoaderDelegate - Retrieved ApplicationContext [1384210339] from cache with key [[WebMergedContextConfiguration@2e2cd42c testClass = RepositorioCategoriaAlimentoTest, locations = '{}', classes = '{class com.tallerwebi.integracion.config.SpringWebTestConfig, class com.tallerwebi.integracion.config.HibernateTestConfig}', contextInitializerClasses = '[]', activeProfiles = '{}', propertySourceLocations = '{}', propertySourceProperties = '{}', contextCustomizers = set[[empty]], resourceBasePath = 'src/main/webapp', contextLoader = 'org.springframework.test.context.web.WebDelegatingSmartContextLoader', parent = [null]]]
00:28:53.242 [main] DEBUG org.springframework.test.context.cache - Spring test ApplicationContext cache statistics: [DefaultContextCache@397dfbe8 size = 1, maxSize = 32, parentContextCount = 0, hitCount = 57, missCount = 1]
00:28:53.242 [main] DEBUG org.springframework.orm.hibernate5.HibernateTransactionManager - Initiating transaction rollback
00:28:53.242 [main] DEBUG org.springframework.orm.hibernate5.HibernateTransactionManager - Rolling back Hibernate transaction on Session [SessionImpl(861286727<open>)]
00:28:53.242 [main] DEBUG org.hibernate.engine.transaction.internal.TransactionImpl - rolling back
00:28:53.242 [main] DEBUG org.springframework.orm.hibernate5.HibernateTransactionManager - Closing Hibernate Session [SessionImpl(861286727<open>)] after transaction
00:28:53.242 [main] INFO org.springframework.test.context.transaction.TransactionContext - Rolled back transaction for test: [DefaultTestContext@44a9971f testClass = RepositorioCategoriaAlimentoTest, testInstance = com.tallerwebi.dominio.RepositorioCategoriaAlimentoTest@8c34631, testMethod = testObtenerTodosLasCategorias@RepositorioCategoriaAlimentoTest, testException = [null], mergedContextConfiguration = [WebMergedContextConfiguration@2e2cd42c testClass = RepositorioCategoriaAlimentoTest, locations = '{}', classes = '{class com.tallerwebi.integracion.config.SpringWebTestConfig, class com.tallerwebi.integracion.config.HibernateTestConfig}', contextInitializerClasses = '[]', activeProfiles = '{}', propertySourceLocations = '{}', propertySourceProperties = '{}', contextCustomizers = set[[empty]], resourceBasePath = 'src/main/webapp', contextLoader = 'org.springframework.test.context.web.WebDelegatingSmartContextLoader', parent = [null]], attributes = map['org.springframework.test.context.web.ServletTestExecutionListener.populatedRequestContextHolder' -> true, 'org.springframework.test.context.web.ServletTestExecutionListener.resetRequestContextHolder' -> true]]
00:28:53.242 [main] DEBUG org.springframework.test.context.support.AbstractDirtiesContextTestExecutionListener - After test method: context [DefaultTestContext@44a9971f testClass = RepositorioCategoriaAlimentoTest, testInstance = com.tallerwebi.dominio.RepositorioCategoriaAlimentoTest@8c34631, testMethod = testObtenerTodosLasCategorias@RepositorioCategoriaAlimentoTest, testException = [null], mergedContextConfiguration = [WebMergedContextConfiguration@2e2cd42c testClass = RepositorioCategoriaAlimentoTest, locations = '{}', classes = '{class com.tallerwebi.integracion.config.SpringWebTestConfig, class com.tallerwebi.integracion.config.HibernateTestConfig}', contextInitializerClasses = '[]', activeProfiles = '{}', propertySourceLocations = '{}', propertySourceProperties = '{}', contextCustomizers = set[[empty]], resourceBasePath = 'src/main/webapp', contextLoader = 'org.springframework.test.context.web.WebDelegatingSmartContextLoader', parent = [null]], attributes = map['org.springframework.test.context.web.ServletTestExecutionListener.populatedRequestContextHolder' -> true, 'org.springframework.test.context.web.ServletTestExecutionListener.resetRequestContextHolder' -> true]], class annotated with @DirtiesContext [false] with mode [null], method annotated with @DirtiesContext [false] with mode [null].
00:28:53.242 [main] DEBUG org.springframework.test.context.web.ServletTestExecutionListener - Resetting RequestContextHolder for test context [DefaultTestContext@44a9971f testClass = RepositorioCategoriaAlimentoTest, testInstance = com.tallerwebi.dominio.RepositorioCategoriaAlimentoTest@8c34631, testMethod = testObtenerTodosLasCategorias@RepositorioCategoriaAlimentoTest, testException = [null], mergedContextConfiguration = [WebMergedContextConfiguration@2e2cd42c testClass = RepositorioCategoriaAlimentoTest, locations = '{}', classes = '{class com.tallerwebi.integracion.config.SpringWebTestConfig, class com.tallerwebi.integracion.config.HibernateTestConfig}', contextInitializerClasses = '[]', activeProfiles = '{}', propertySourceLocations = '{}', propertySourceProperties = '{}', contextCustomizers = set[[empty]], resourceBasePath = 'src/main/webapp', contextLoader = 'org.springframework.test.context.web.WebDelegatingSmartContextLoader', parent = [null]], attributes = map['org.springframework.test.context.web.ServletTestExecutionListener.populatedRequestContextHolder' -> true, 'org.springframework.test.context.web.ServletTestExecutionListener.resetRequestContextHolder' -> true]].
]]></system-out>
  </testcase>
</testsuite>