<?xml version="1.0" encoding="UTF-8"?>
<testsuite xmlns:xsi="http://www.w3.org/2001/XMLSchema-instance" xsi:noNamespaceSchemaLocation="https://maven.apache.org/surefire/maven-surefire-plugin/xsd/surefire-test-report-3.0.xsd" version="3.0" name="com.tallerwebi.dominio.RepositorioNotificacionUsuarioTest" time="0.039" tests="4" errors="0" skipped="0" failures="1">
  <properties>
    <property name="java.specification.version" value="20"/>
    <property name="sun.cpu.isalist" value="amd64"/>
    <property name="sun.jnu.encoding" value="Cp1252"/>
    <property name="java.class.path" value="C:\Users\Admin\Downloads\grupo4-main\grupo4-main\Fatloss\target\test-classes;C:\Users\Admin\Downloads\grupo4-main\grupo4-main\Fatloss\target\classes;C:\Users\Admin\.m2\repository\com\mercadopago\sdk-java\2.1.21\sdk-java-2.1.21.jar;C:\Users\Admin\.m2\repository\org\apache\maven\plugins\maven-javadoc-plugin\3.6.3\maven-javadoc-plugin-3.6.3.jar;C:\Users\Admin\.m2\repository\javax\inject\javax.inject\1\javax.inject-1.jar;C:\Users\Admin\.m2\repository\org\apache\maven\reporting\maven-reporting-api\3.1.1\maven-reporting-api-3.1.1.jar;C:\Users\Admin\.m2\repository\org\apache\maven\maven-archiver\3.6.1\maven-archiver-3.6.1.jar;C:\Users\Admin\.m2\repository\org\apache\maven\shared\maven-invoker\3.2.0\maven-invoker-3.2.0.jar;C:\Users\Admin\.m2\repository\org\apache\maven\shared\maven-shared-utils\3.4.2\maven-shared-utils-3.4.2.jar;C:\Users\Admin\.m2\repository\org\apache\maven\shared\maven-common-artifact-filters\3.2.0\maven-common-artifact-filters-3.2.0.jar;C:\Users\Admin\.m2\repository\org\eclipse\aether\aether-api\0.9.0.M2\aether-api-0.9.0.M2.jar;C:\Users\Admin\.m2\repository\org\eclipse\aether\aether-util\0.9.0.M2\aether-util-0.9.0.M2.jar;C:\Users\Admin\.m2\repository\org\apache\maven\doxia\doxia-sink-api\1.11.1\doxia-sink-api-1.11.1.jar;C:\Users\Admin\.m2\repository\org\apache\maven\doxia\doxia-logging-api\1.11.1\doxia-logging-api-1.11.1.jar;C:\Users\Admin\.m2\repository\org\apache\maven\doxia\doxia-site-renderer\1.11.1\doxia-site-renderer-1.11.1.jar;C:\Users\Admin\.m2\repository\org\apache\maven\doxia\doxia-core\1.11.1\doxia-core-1.11.1.jar;C:\Users\Admin\.m2\repository\org\apache\maven\doxia\doxia-decoration-model\1.11.1\doxia-decoration-model-1.11.1.jar;C:\Users\Admin\.m2\repository\org\apache\maven\doxia\doxia-skin-model\1.11.1\doxia-skin-model-1.11.1.jar;C:\Users\Admin\.m2\repository\org\apache\maven\doxia\doxia-module-xhtml\1.11.1\doxia-module-xhtml-1.11.1.jar;C:\Users\Admin\.m2\repository\org\apache\maven\doxia\doxia-module-xhtml5\1.11.1\doxia-module-xhtml5-1.11.1.jar;C:\Users\Admin\.m2\repository\org\codehaus\plexus\plexus-i18n\1.0-beta-10\plexus-i18n-1.0-beta-10.jar;C:\Users\Admin\.m2\repository\org\codehaus\plexus\plexus-container-default\1.0-alpha-30\plexus-container-default-1.0-alpha-30.jar;C:\Users\Admin\.m2\repository\junit\junit\3.8.1\junit-3.8.1.jar;C:\Users\Admin\.m2\repository\org\codehaus\plexus\plexus-velocity\1.2\plexus-velocity-1.2.jar;C:\Users\Admin\.m2\repository\commons-collections\commons-collections\3.2.2\commons-collections-3.2.2.jar;C:\Users\Admin\.m2\repository\org\apache\maven\wagon\wagon-provider-api\2.4\wagon-provider-api-2.4.jar;C:\Users\Admin\.m2\repository\org\apache\commons\commons-lang3\3.14.0\commons-lang3-3.14.0.jar;C:\Users\Admin\.m2\repository\org\apache\commons\commons-text\1.11.0\commons-text-1.11.0.jar;C:\Users\Admin\.m2\repository\org\apache\httpcomponents\httpcore\4.4.16\httpcore-4.4.16.jar;C:\Users\Admin\.m2\repository\com\thoughtworks\qdox\qdox\2.0.3\qdox-2.0.3.jar;C:\Users\Admin\.m2\repository\org\codehaus\plexus\plexus-java\1.2.0\plexus-java-1.2.0.jar;C:\Users\Admin\.m2\repository\org\ow2\asm\asm\9.6\asm-9.6.jar;C:\Users\Admin\.m2\repository\org\codehaus\plexus\plexus-utils\4.0.0\plexus-utils-4.0.0.jar;C:\Users\Admin\.m2\repository\org\codehaus\plexus\plexus-xml\3.0.0\plexus-xml-3.0.0.jar;C:\Users\Admin\.m2\repository\org\codehaus\plexus\plexus-io\3.4.1\plexus-io-3.4.1.jar;C:\Users\Admin\.m2\repository\org\codehaus\plexus\plexus-archiver\4.9.0\plexus-archiver-4.9.0.jar;C:\Users\Admin\.m2\repository\org\apache\commons\commons-compress\1.24.0\commons-compress-1.24.0.jar;C:\Users\Admin\.m2\repository\org\iq80\snappy\snappy\0.4\snappy-0.4.jar;C:\Users\Admin\.m2\repository\org\tukaani\xz\1.9\xz-1.9.jar;C:\Users\Admin\.m2\repository\com\github\luben\zstd-jni\1.5.5-10\zstd-jni-1.5.5-10.jar;C:\Users\Admin\.m2\repository\org\codehaus\plexus\plexus-interactivity-api\1.1\plexus-interactivity-api-1.1.jar;C:\Users\Admin\.m2\repository\org\apache\velocity\velocity-engine-core\2.3\velocity-engine-core-2.3.jar;C:\Users\Admin\.m2\repository\org\apache\velocity\tools\velocity-tools-generic\3.1\velocity-tools-generic-3.1.jar;C:\Users\Admin\.m2\repository\commons-beanutils\commons-beanutils\1.9.4\commons-beanutils-1.9.4.jar;C:\Users\Admin\.m2\repository\org\apache\commons\commons-digester3\3.2\commons-digester3-3.2.jar;C:\Users\Admin\.m2\repository\com\github\cliftonlabs\json-simple\3.0.2\json-simple-3.0.2.jar;C:\Users\Admin\.m2\repository\commons-lang\commons-lang\2.6\commons-lang-2.6.jar;C:\Users\Admin\.m2\repository\org\apache\httpcomponents\httpclient\4.5.13\httpclient-4.5.13.jar;C:\Users\Admin\.m2\repository\commons-logging\commons-logging\1.2\commons-logging-1.2.jar;C:\Users\Admin\.m2\repository\commons-codec\commons-codec\1.11\commons-codec-1.11.jar;C:\Users\Admin\.m2\repository\com\google\code\gson\gson\2.8.9\gson-2.8.9.jar;C:\Users\Admin\.m2\repository\org\apache\maven\maven-core\3.9.6\maven-core-3.9.6.jar;C:\Users\Admin\.m2\repository\org\apache\maven\maven-model\3.9.6\maven-model-3.9.6.jar;C:\Users\Admin\.m2\repository\org\apache\maven\maven-settings\3.9.6\maven-settings-3.9.6.jar;C:\Users\Admin\.m2\repository\org\apache\maven\maven-settings-builder\3.9.6\maven-settings-builder-3.9.6.jar;C:\Users\Admin\.m2\repository\org\codehaus\plexus\plexus-sec-dispatcher\2.0\plexus-sec-dispatcher-2.0.jar;C:\Users\Admin\.m2\repository\org\codehaus\plexus\plexus-cipher\2.0\plexus-cipher-2.0.jar;C:\Users\Admin\.m2\repository\org\apache\maven\maven-builder-support\3.9.6\maven-builder-support-3.9.6.jar;C:\Users\Admin\.m2\repository\org\apache\maven\maven-repository-metadata\3.9.6\maven-repository-metadata-3.9.6.jar;C:\Users\Admin\.m2\repository\org\apache\maven\maven-artifact\3.9.6\maven-artifact-3.9.6.jar;C:\Users\Admin\.m2\repository\org\apache\maven\maven-plugin-api\3.9.6\maven-plugin-api-3.9.6.jar;C:\Users\Admin\.m2\repository\org\apache\maven\maven-model-builder\3.9.6\maven-model-builder-3.9.6.jar;C:\Users\Admin\.m2\repository\org\apache\maven\maven-resolver-provider\3.9.6\maven-resolver-provider-3.9.6.jar;C:\Users\Admin\.m2\repository\org\apache\maven\resolver\maven-resolver-impl\1.9.18\maven-resolver-impl-1.9.18.jar;C:\Users\Admin\.m2\repository\org\apache\maven\resolver\maven-resolver-named-locks\1.9.18\maven-resolver-named-locks-1.9.18.jar;C:\Users\Admin\.m2\repository\org\apache\maven\resolver\maven-resolver-api\1.9.18\maven-resolver-api-1.9.18.jar;C:\Users\Admin\.m2\repository\org\apache\maven\resolver\maven-resolver-spi\1.9.18\maven-resolver-spi-1.9.18.jar;C:\Users\Admin\.m2\repository\org\apache\maven\resolver\maven-resolver-util\1.9.18\maven-resolver-util-1.9.18.jar;C:\Users\Admin\.m2\repository\org\eclipse\sisu\org.eclipse.sisu.plexus\0.9.0.M2\org.eclipse.sisu.plexus-0.9.0.M2.jar;C:\Users\Admin\.m2\repository\javax\annotation\javax.annotation-api\1.2\javax.annotation-api-1.2.jar;C:\Users\Admin\.m2\repository\org\eclipse\sisu\org.eclipse.sisu.inject\0.9.0.M2\org.eclipse.sisu.inject-0.9.0.M2.jar;C:\Users\Admin\.m2\repository\com\google\inject\guice\5.1.0\guice-5.1.0.jar;C:\Users\Admin\.m2\repository\aopalliance\aopalliance\1.0\aopalliance-1.0.jar;C:\Users\Admin\.m2\repository\com\google\guava\guava\32.0.1-jre\guava-32.0.1-jre.jar;C:\Users\Admin\.m2\repository\com\google\guava\failureaccess\1.0.1\failureaccess-1.0.1.jar;C:\Users\Admin\.m2\repository\org\codehaus\plexus\plexus-classworlds\2.7.0\plexus-classworlds-2.7.0.jar;C:\Users\Admin\.m2\repository\org\codehaus\plexus\plexus-interpolation\1.26\plexus-interpolation-1.26.jar;C:\Users\Admin\.m2\repository\org\codehaus\plexus\plexus-component-annotations\2.1.0\plexus-component-annotations-2.1.0.jar;C:\Users\Admin\.m2\repository\org\projectlombok\lombok\1.18.26\lombok-1.18.26.jar;C:\Users\Admin\.m2\repository\org\springframework\spring-webmvc\5.2.22.RELEASE\spring-webmvc-5.2.22.RELEASE.jar;C:\Users\Admin\.m2\repository\org\springframework\spring-aop\5.2.22.RELEASE\spring-aop-5.2.22.RELEASE.jar;C:\Users\Admin\.m2\repository\org\springframework\spring-beans\5.2.22.RELEASE\spring-beans-5.2.22.RELEASE.jar;C:\Users\Admin\.m2\repository\org\springframework\spring-context\5.2.22.RELEASE\spring-context-5.2.22.RELEASE.jar;C:\Users\Admin\.m2\repository\org\springframework\spring-core\5.2.22.RELEASE\spring-core-5.2.22.RELEASE.jar;C:\Users\Admin\.m2\repository\org\springframework\spring-jcl\5.2.22.RELEASE\spring-jcl-5.2.22.RELEASE.jar;C:\Users\Admin\.m2\repository\org\springframework\spring-expression\5.2.22.RELEASE\spring-expression-5.2.22.RELEASE.jar;C:\Users\Admin\.m2\repository\org\springframework\spring-web\5.2.22.RELEASE\spring-web-5.2.22.RELEASE.jar;C:\Users\Admin\.m2\repository\commons-fileupload\commons-fileupload\1.4\commons-fileupload-1.4.jar;C:\Users\Admin\.m2\repository\commons-io\commons-io\2.2\commons-io-2.2.jar;C:\Users\Admin\.m2\repository\org\springframework\spring-orm\5.2.22.RELEASE\spring-orm-5.2.22.RELEASE.jar;C:\Users\Admin\.m2\repository\org\springframework\spring-tx\5.2.22.RELEASE\spring-tx-5.2.22.RELEASE.jar;C:\Users\Admin\.m2\repository\ch\qos\logback\logback-classic\1.2.11\logback-classic-1.2.11.jar;C:\Users\Admin\.m2\repository\ch\qos\logback\logback-core\1.2.11\logback-core-1.2.11.jar;C:\Users\Admin\.m2\repository\org\slf4j\slf4j-api\1.7.32\slf4j-api-1.7.32.jar;C:\Users\Admin\.m2\repository\org\springframework\spring-jdbc\5.2.22.RELEASE\spring-jdbc-5.2.22.RELEASE.jar;C:\Users\Admin\.m2\repository\org\hsqldb\hsqldb\2.3.2\hsqldb-2.3.2.jar;C:\Users\Admin\.m2\repository\org\jfree\jfreechart\1.5.3\jfreechart-1.5.3.jar;C:\Users\Admin\.m2\repository\org\thymeleaf\thymeleaf-spring5\3.0.15.RELEASE\thymeleaf-spring5-3.0.15.RELEASE.jar;C:\Users\Admin\.m2\repository\org\thymeleaf\thymeleaf\3.0.15.RELEASE\thymeleaf-3.0.15.RELEASE.jar;C:\Users\Admin\.m2\repository\org\attoparser\attoparser\2.0.5.RELEASE\attoparser-2.0.5.RELEASE.jar;C:\Users\Admin\.m2\repository\org\unbescape\unbescape\1.1.6.RELEASE\unbescape-1.1.6.RELEASE.jar;C:\Users\Admin\.m2\repository\mysql\mysql-connector-java\8.0.28\mysql-connector-java-8.0.28.jar;C:\Users\Admin\.m2\repository\com\google\protobuf\protobuf-java\3.11.4\protobuf-java-3.11.4.jar;C:\Users\Admin\.m2\repository\org\webjars\bootstrap\5.2.0\bootstrap-5.2.0.jar;C:\Users\Admin\.m2\repository\jakarta\servlet\jakarta.servlet-api\4.0.4\jakarta.servlet-api-4.0.4.jar;C:\Users\Admin\.m2\repository\org\springframework\spring-test\5.2.22.RELEASE\spring-test-5.2.22.RELEASE.jar;C:\Users\Admin\.m2\repository\org\junit\jupiter\junit-jupiter-engine\5.9.0\junit-jupiter-engine-5.9.0.jar;C:\Users\Admin\.m2\repository\org\junit\platform\junit-platform-engine\1.9.0\junit-platform-engine-1.9.0.jar;C:\Users\Admin\.m2\repository\org\junit\platform\junit-platform-commons\1.9.0\junit-platform-commons-1.9.0.jar;C:\Users\Admin\.m2\repository\org\junit\jupiter\junit-jupiter-api\5.9.0\junit-jupiter-api-5.9.0.jar;C:\Users\Admin\.m2\repository\org\apiguardian\apiguardian-api\1.1.2\apiguardian-api-1.1.2.jar;C:\Users\Admin\.m2\repository\org\mockito\mockito-core\5.3.1\mockito-core-5.3.1.jar;C:\Users\Admin\.m2\repository\net\bytebuddy\byte-buddy\1.14.4\byte-buddy-1.14.4.jar;C:\Users\Admin\.m2\repository\net\bytebuddy\byte-buddy-agent\1.14.4\byte-buddy-agent-1.14.4.jar;C:\Users\Admin\.m2\repository\org\objenesis\objenesis\3.3\objenesis-3.3.jar;C:\Users\Admin\.m2\repository\org\hamcrest\hamcrest-core\2.2\hamcrest-core-2.2.jar;C:\Users\Admin\.m2\repository\org\hamcrest\hamcrest\2.2\hamcrest-2.2.jar;C:\Users\Admin\.m2\repository\org\hibernate\hibernate-core\5.4.24.Final\hibernate-core-5.4.24.Final.jar;C:\Users\Admin\.m2\repository\org\jboss\logging\jboss-logging\3.4.1.Final\jboss-logging-3.4.1.Final.jar;C:\Users\Admin\.m2\repository\javax\persistence\javax.persistence-api\2.2\javax.persistence-api-2.2.jar;C:\Users\Admin\.m2\repository\org\javassist\javassist\3.27.0-GA\javassist-3.27.0-GA.jar;C:\Users\Admin\.m2\repository\antlr\antlr\2.7.7\antlr-2.7.7.jar;C:\Users\Admin\.m2\repository\org\jboss\spec\javax\transaction\jboss-transaction-api_1.2_spec\1.1.1.Final\jboss-transaction-api_1.2_spec-1.1.1.Final.jar;C:\Users\Admin\.m2\repository\org\jboss\jandex\2.1.3.Final\jandex-2.1.3.Final.jar;C:\Users\Admin\.m2\repository\com\fasterxml\classmate\1.5.1\classmate-1.5.1.jar;C:\Users\Admin\.m2\repository\javax\activation\javax.activation-api\1.2.0\javax.activation-api-1.2.0.jar;C:\Users\Admin\.m2\repository\org\dom4j\dom4j\2.1.3\dom4j-2.1.3.jar;C:\Users\Admin\.m2\repository\org\hibernate\common\hibernate-commons-annotations\5.1.2.Final\hibernate-commons-annotations-5.1.2.Final.jar;C:\Users\Admin\.m2\repository\javax\xml\bind\jaxb-api\2.3.1\jaxb-api-2.3.1.jar;C:\Users\Admin\.m2\repository\org\glassfish\jaxb\jaxb-runtime\2.3.1\jaxb-runtime-2.3.1.jar;C:\Users\Admin\.m2\repository\org\glassfish\jaxb\txw2\2.3.1\txw2-2.3.1.jar;C:\Users\Admin\.m2\repository\com\sun\istack\istack-commons-runtime\3.0.7\istack-commons-runtime-3.0.7.jar;C:\Users\Admin\.m2\repository\org\jvnet\staxex\stax-ex\1.8\stax-ex-1.8.jar;C:\Users\Admin\.m2\repository\com\sun\xml\fastinfoset\FastInfoset\1.2.15\FastInfoset-1.2.15.jar;C:\Users\Admin\.m2\repository\com\microsoft\playwright\playwright\1.36.0\playwright-1.36.0.jar;C:\Users\Admin\.m2\repository\org\opentest4j\opentest4j\1.2.0\opentest4j-1.2.0.jar;C:\Users\Admin\.m2\repository\com\microsoft\playwright\driver\1.36.0\driver-1.36.0.jar;C:\Users\Admin\.m2\repository\com\microsoft\playwright\driver-bundle\1.36.0\driver-bundle-1.36.0.jar;"/>
    <property name="java.vm.vendor" value="Oracle Corporation"/>
    <property name="sun.arch.data.model" value="64"/>
    <property name="user.variant" value=""/>
    <property name="java.vendor.url" value="https://java.oracle.com/"/>
    <property name="user.timezone" value="America/Buenos_Aires"/>
    <property name="os.name" value="Windows 11"/>
    <property name="java.vm.specification.version" value="20"/>
    <property name="sun.java.launcher" value="SUN_STANDARD"/>
    <property name="user.country" value="MX"/>
    <property name="sun.boot.library.path" value="C:\Program Files\Java\jdk-20\bin"/>
    <property name="sun.java.command" value="C:\Users\Admin\AppData\Local\Temp\surefire13217180163884252534\surefirebooter6502159048919342014.jar C:\Users\Admin\AppData\Local\Temp\surefire13217180163884252534 2025-02-21T00-28-48_783-jvmRun1 surefire3966010290747282987tmp surefire_03171085702677706611tmp"/>
    <property name="jdk.debug" value="release"/>
    <property name="surefire.test.class.path" value="C:\Users\Admin\Downloads\grupo4-main\grupo4-main\Fatloss\target\test-classes;C:\Users\Admin\Downloads\grupo4-main\grupo4-main\Fatloss\target\classes;C:\Users\Admin\.m2\repository\com\mercadopago\sdk-java\2.1.21\sdk-java-2.1.21.jar;C:\Users\Admin\.m2\repository\org\apache\maven\plugins\maven-javadoc-plugin\3.6.3\maven-javadoc-plugin-3.6.3.jar;C:\Users\Admin\.m2\repository\javax\inject\javax.inject\1\javax.inject-1.jar;C:\Users\Admin\.m2\repository\org\apache\maven\reporting\maven-reporting-api\3.1.1\maven-reporting-api-3.1.1.jar;C:\Users\Admin\.m2\repository\org\apache\maven\maven-archiver\3.6.1\maven-archiver-3.6.1.jar;C:\Users\Admin\.m2\repository\org\apache\maven\shared\maven-invoker\3.2.0\maven-invoker-3.2.0.jar;C:\Users\Admin\.m2\repository\org\apache\maven\shared\maven-shared-utils\3.4.2\maven-shared-utils-3.4.2.jar;C:\Users\Admin\.m2\repository\org\apache\maven\shared\maven-common-artifact-filters\3.2.0\maven-common-artifact-filters-3.2.0.jar;C:\Users\Admin\.m2\repository\org\eclipse\aether\aether-api\0.9.0.M2\aether-api-0.9.0.M2.jar;C:\Users\Admin\.m2\repository\org\eclipse\aether\aether-util\0.9.0.M2\aether-util-0.9.0.M2.jar;C:\Users\Admin\.m2\repository\org\apache\maven\doxia\doxia-sink-api\1.11.1\doxia-sink-api-1.11.1.jar;C:\Users\Admin\.m2\repository\org\apache\maven\doxia\doxia-logging-api\1.11.1\doxia-logging-api-1.11.1.jar;C:\Users\Admin\.m2\repository\org\apache\maven\doxia\doxia-site-renderer\1.11.1\doxia-site-renderer-1.11.1.jar;C:\Users\Admin\.m2\repository\org\apache\maven\doxia\doxia-core\1.11.1\doxia-core-1.11.1.jar;C:\Users\Admin\.m2\repository\org\apache\maven\doxia\doxia-decoration-model\1.11.1\doxia-decoration-model-1.11.1.jar;C:\Users\Admin\.m2\repository\org\apache\maven\doxia\doxia-skin-model\1.11.1\doxia-skin-model-1.11.1.jar;C:\Users\Admin\.m2\repository\org\apache\maven\doxia\doxia-module-xhtml\1.11.1\doxia-module-xhtml-1.11.1.jar;C:\Users\Admin\.m2\repository\org\apache\maven\doxia\doxia-module-xhtml5\1.11.1\doxia-module-xhtml5-1.11.1.jar;C:\Users\Admin\.m2\repository\org\codehaus\plexus\plexus-i18n\1.0-beta-10\plexus-i18n-1.0-beta-10.jar;C:\Users\Admin\.m2\repository\org\codehaus\plexus\plexus-container-default\1.0-alpha-30\plexus-container-default-1.0-alpha-30.jar;C:\Users\Admin\.m2\repository\junit\junit\3.8.1\junit-3.8.1.jar;C:\Users\Admin\.m2\repository\org\codehaus\plexus\plexus-velocity\1.2\plexus-velocity-1.2.jar;C:\Users\Admin\.m2\repository\commons-collections\commons-collections\3.2.2\commons-collections-3.2.2.jar;C:\Users\Admin\.m2\repository\org\apache\maven\wagon\wagon-provider-api\2.4\wagon-provider-api-2.4.jar;C:\Users\Admin\.m2\repository\org\apache\commons\commons-lang3\3.14.0\commons-lang3-3.14.0.jar;C:\Users\Admin\.m2\repository\org\apache\commons\commons-text\1.11.0\commons-text-1.11.0.jar;C:\Users\Admin\.m2\repository\org\apache\httpcomponents\httpcore\4.4.16\httpcore-4.4.16.jar;C:\Users\Admin\.m2\repository\com\thoughtworks\qdox\qdox\2.0.3\qdox-2.0.3.jar;C:\Users\Admin\.m2\repository\org\codehaus\plexus\plexus-java\1.2.0\plexus-java-1.2.0.jar;C:\Users\Admin\.m2\repository\org\ow2\asm\asm\9.6\asm-9.6.jar;C:\Users\Admin\.m2\repository\org\codehaus\plexus\plexus-utils\4.0.0\plexus-utils-4.0.0.jar;C:\Users\Admin\.m2\repository\org\codehaus\plexus\plexus-xml\3.0.0\plexus-xml-3.0.0.jar;C:\Users\Admin\.m2\repository\org\codehaus\plexus\plexus-io\3.4.1\plexus-io-3.4.1.jar;C:\Users\Admin\.m2\repository\org\codehaus\plexus\plexus-archiver\4.9.0\plexus-archiver-4.9.0.jar;C:\Users\Admin\.m2\repository\org\apache\commons\commons-compress\1.24.0\commons-compress-1.24.0.jar;C:\Users\Admin\.m2\repository\org\iq80\snappy\snappy\0.4\snappy-0.4.jar;C:\Users\Admin\.m2\repository\org\tukaani\xz\1.9\xz-1.9.jar;C:\Users\Admin\.m2\repository\com\github\luben\zstd-jni\1.5.5-10\zstd-jni-1.5.5-10.jar;C:\Users\Admin\.m2\repository\org\codehaus\plexus\plexus-interactivity-api\1.1\plexus-interactivity-api-1.1.jar;C:\Users\Admin\.m2\repository\org\apache\velocity\velocity-engine-core\2.3\velocity-engine-core-2.3.jar;C:\Users\Admin\.m2\repository\org\apache\velocity\tools\velocity-tools-generic\3.1\velocity-tools-generic-3.1.jar;C:\Users\Admin\.m2\repository\commons-beanutils\commons-beanutils\1.9.4\commons-beanutils-1.9.4.jar;C:\Users\Admin\.m2\repository\org\apache\commons\commons-digester3\3.2\commons-digester3-3.2.jar;C:\Users\Admin\.m2\repository\com\github\cliftonlabs\json-simple\3.0.2\json-simple-3.0.2.jar;C:\Users\Admin\.m2\repository\commons-lang\commons-lang\2.6\commons-lang-2.6.jar;C:\Users\Admin\.m2\repository\org\apache\httpcomponents\httpclient\4.5.13\httpclient-4.5.13.jar;C:\Users\Admin\.m2\repository\commons-logging\commons-logging\1.2\commons-logging-1.2.jar;C:\Users\Admin\.m2\repository\commons-codec\commons-codec\1.11\commons-codec-1.11.jar;C:\Users\Admin\.m2\repository\com\google\code\gson\gson\2.8.9\gson-2.8.9.jar;C:\Users\Admin\.m2\repository\org\apache\maven\maven-core\3.9.6\maven-core-3.9.6.jar;C:\Users\Admin\.m2\repository\org\apache\maven\maven-model\3.9.6\maven-model-3.9.6.jar;C:\Users\Admin\.m2\repository\org\apache\maven\maven-settings\3.9.6\maven-settings-3.9.6.jar;C:\Users\Admin\.m2\repository\org\apache\maven\maven-settings-builder\3.9.6\maven-settings-builder-3.9.6.jar;C:\Users\Admin\.m2\repository\org\codehaus\plexus\plexus-sec-dispatcher\2.0\plexus-sec-dispatcher-2.0.jar;C:\Users\Admin\.m2\repository\org\codehaus\plexus\plexus-cipher\2.0\plexus-cipher-2.0.jar;C:\Users\Admin\.m2\repository\org\apache\maven\maven-builder-support\3.9.6\maven-builder-support-3.9.6.jar;C:\Users\Admin\.m2\repository\org\apache\maven\maven-repository-metadata\3.9.6\maven-repository-metadata-3.9.6.jar;C:\Users\Admin\.m2\repository\org\apache\maven\maven-artifact\3.9.6\maven-artifact-3.9.6.jar;C:\Users\Admin\.m2\repository\org\apache\maven\maven-plugin-api\3.9.6\maven-plugin-api-3.9.6.jar;C:\Users\Admin\.m2\repository\org\apache\maven\maven-model-builder\3.9.6\maven-model-builder-3.9.6.jar;C:\Users\Admin\.m2\repository\org\apache\maven\maven-resolver-provider\3.9.6\maven-resolver-provider-3.9.6.jar;C:\Users\Admin\.m2\repository\org\apache\maven\resolver\maven-resolver-impl\1.9.18\maven-resolver-impl-1.9.18.jar;C:\Users\Admin\.m2\repository\org\apache\maven\resolver\maven-resolver-named-locks\1.9.18\maven-resolver-named-locks-1.9.18.jar;C:\Users\Admin\.m2\repository\org\apache\maven\resolver\maven-resolver-api\1.9.18\maven-resolver-api-1.9.18.jar;C:\Users\Admin\.m2\repository\org\apache\maven\resolver\maven-resolver-spi\1.9.18\maven-resolver-spi-1.9.18.jar;C:\Users\Admin\.m2\repository\org\apache\maven\resolver\maven-resolver-util\1.9.18\maven-resolver-util-1.9.18.jar;C:\Users\Admin\.m2\repository\org\eclipse\sisu\org.eclipse.sisu.plexus\0.9.0.M2\org.eclipse.sisu.plexus-0.9.0.M2.jar;C:\Users\Admin\.m2\repository\javax\annotation\javax.annotation-api\1.2\javax.annotation-api-1.2.jar;C:\Users\Admin\.m2\repository\org\eclipse\sisu\org.eclipse.sisu.inject\0.9.0.M2\org.eclipse.sisu.inject-0.9.0.M2.jar;C:\Users\Admin\.m2\repository\com\google\inject\guice\5.1.0\guice-5.1.0.jar;C:\Users\Admin\.m2\repository\aopalliance\aopalliance\1.0\aopalliance-1.0.jar;C:\Users\Admin\.m2\repository\com\google\guava\guava\32.0.1-jre\guava-32.0.1-jre.jar;C:\Users\Admin\.m2\repository\com\google\guava\failureaccess\1.0.1\failureaccess-1.0.1.jar;C:\Users\Admin\.m2\repository\org\codehaus\plexus\plexus-classworlds\2.7.0\plexus-classworlds-2.7.0.jar;C:\Users\Admin\.m2\repository\org\codehaus\plexus\plexus-interpolation\1.26\plexus-interpolation-1.26.jar;C:\Users\Admin\.m2\repository\org\codehaus\plexus\plexus-component-annotations\2.1.0\plexus-component-annotations-2.1.0.jar;C:\Users\Admin\.m2\repository\org\projectlombok\lombok\1.18.26\lombok-1.18.26.jar;C:\Users\Admin\.m2\repository\org\springframework\spring-webmvc\5.2.22.RELEASE\spring-webmvc-5.2.22.RELEASE.jar;C:\Users\Admin\.m2\repository\org\springframework\spring-aop\5.2.22.RELEASE\spring-aop-5.2.22.RELEASE.jar;C:\Users\Admin\.m2\repository\org\springframework\spring-beans\5.2.22.RELEASE\spring-beans-5.2.22.RELEASE.jar;C:\Users\Admin\.m2\repository\org\springframework\spring-context\5.2.22.RELEASE\spring-context-5.2.22.RELEASE.jar;C:\Users\Admin\.m2\repository\org\springframework\spring-core\5.2.22.RELEASE\spring-core-5.2.22.RELEASE.jar;C:\Users\Admin\.m2\repository\org\springframework\spring-jcl\5.2.22.RELEASE\spring-jcl-5.2.22.RELEASE.jar;C:\Users\Admin\.m2\repository\org\springframework\spring-expression\5.2.22.RELEASE\spring-expression-5.2.22.RELEASE.jar;C:\Users\Admin\.m2\repository\org\springframework\spring-web\5.2.22.RELEASE\spring-web-5.2.22.RELEASE.jar;C:\Users\Admin\.m2\repository\commons-fileupload\commons-fileupload\1.4\commons-fileupload-1.4.jar;C:\Users\Admin\.m2\repository\commons-io\commons-io\2.2\commons-io-2.2.jar;C:\Users\Admin\.m2\repository\org\springframework\spring-orm\5.2.22.RELEASE\spring-orm-5.2.22.RELEASE.jar;C:\Users\Admin\.m2\repository\org\springframework\spring-tx\5.2.22.RELEASE\spring-tx-5.2.22.RELEASE.jar;C:\Users\Admin\.m2\repository\ch\qos\logback\logback-classic\1.2.11\logback-classic-1.2.11.jar;C:\Users\Admin\.m2\repository\ch\qos\logback\logback-core\1.2.11\logback-core-1.2.11.jar;C:\Users\Admin\.m2\repository\org\slf4j\slf4j-api\1.7.32\slf4j-api-1.7.32.jar;C:\Users\Admin\.m2\repository\org\springframework\spring-jdbc\5.2.22.RELEASE\spring-jdbc-5.2.22.RELEASE.jar;C:\Users\Admin\.m2\repository\org\hsqldb\hsqldb\2.3.2\hsqldb-2.3.2.jar;C:\Users\Admin\.m2\repository\org\jfree\jfreechart\1.5.3\jfreechart-1.5.3.jar;C:\Users\Admin\.m2\repository\org\thymeleaf\thymeleaf-spring5\3.0.15.RELEASE\thymeleaf-spring5-3.0.15.RELEASE.jar;C:\Users\Admin\.m2\repository\org\thymeleaf\thymeleaf\3.0.15.RELEASE\thymeleaf-3.0.15.RELEASE.jar;C:\Users\Admin\.m2\repository\org\attoparser\attoparser\2.0.5.RELEASE\attoparser-2.0.5.RELEASE.jar;C:\Users\Admin\.m2\repository\org\unbescape\unbescape\1.1.6.RELEASE\unbescape-1.1.6.RELEASE.jar;C:\Users\Admin\.m2\repository\mysql\mysql-connector-java\8.0.28\mysql-connector-java-8.0.28.jar;C:\Users\Admin\.m2\repository\com\google\protobuf\protobuf-java\3.11.4\protobuf-java-3.11.4.jar;C:\Users\Admin\.m2\repository\org\webjars\bootstrap\5.2.0\bootstrap-5.2.0.jar;C:\Users\Admin\.m2\repository\jakarta\servlet\jakarta.servlet-api\4.0.4\jakarta.servlet-api-4.0.4.jar;C:\Users\Admin\.m2\repository\org\springframework\spring-test\5.2.22.RELEASE\spring-test-5.2.22.RELEASE.jar;C:\Users\Admin\.m2\repository\org\junit\jupiter\junit-jupiter-engine\5.9.0\junit-jupiter-engine-5.9.0.jar;C:\Users\Admin\.m2\repository\org\junit\platform\junit-platform-engine\1.9.0\junit-platform-engine-1.9.0.jar;C:\Users\Admin\.m2\repository\org\junit\platform\junit-platform-commons\1.9.0\junit-platform-commons-1.9.0.jar;C:\Users\Admin\.m2\repository\org\junit\jupiter\junit-jupiter-api\5.9.0\junit-jupiter-api-5.9.0.jar;C:\Users\Admin\.m2\repository\org\apiguardian\apiguardian-api\1.1.2\apiguardian-api-1.1.2.jar;C:\Users\Admin\.m2\repository\org\mockito\mockito-core\5.3.1\mockito-core-5.3.1.jar;C:\Users\Admin\.m2\repository\net\bytebuddy\byte-buddy\1.14.4\byte-buddy-1.14.4.jar;C:\Users\Admin\.m2\repository\net\bytebuddy\byte-buddy-agent\1.14.4\byte-buddy-agent-1.14.4.jar;C:\Users\Admin\.m2\repository\org\objenesis\objenesis\3.3\objenesis-3.3.jar;C:\Users\Admin\.m2\repository\org\hamcrest\hamcrest-core\2.2\hamcrest-core-2.2.jar;C:\Users\Admin\.m2\repository\org\hamcrest\hamcrest\2.2\hamcrest-2.2.jar;C:\Users\Admin\.m2\repository\org\hibernate\hibernate-core\5.4.24.Final\hibernate-core-5.4.24.Final.jar;C:\Users\Admin\.m2\repository\org\jboss\logging\jboss-logging\3.4.1.Final\jboss-logging-3.4.1.Final.jar;C:\Users\Admin\.m2\repository\javax\persistence\javax.persistence-api\2.2\javax.persistence-api-2.2.jar;C:\Users\Admin\.m2\repository\org\javassist\javassist\3.27.0-GA\javassist-3.27.0-GA.jar;C:\Users\Admin\.m2\repository\antlr\antlr\2.7.7\antlr-2.7.7.jar;C:\Users\Admin\.m2\repository\org\jboss\spec\javax\transaction\jboss-transaction-api_1.2_spec\1.1.1.Final\jboss-transaction-api_1.2_spec-1.1.1.Final.jar;C:\Users\Admin\.m2\repository\org\jboss\jandex\2.1.3.Final\jandex-2.1.3.Final.jar;C:\Users\Admin\.m2\repository\com\fasterxml\classmate\1.5.1\classmate-1.5.1.jar;C:\Users\Admin\.m2\repository\javax\activation\javax.activation-api\1.2.0\javax.activation-api-1.2.0.jar;C:\Users\Admin\.m2\repository\org\dom4j\dom4j\2.1.3\dom4j-2.1.3.jar;C:\Users\Admin\.m2\repository\org\hibernate\common\hibernate-commons-annotations\5.1.2.Final\hibernate-commons-annotations-5.1.2.Final.jar;C:\Users\Admin\.m2\repository\javax\xml\bind\jaxb-api\2.3.1\jaxb-api-2.3.1.jar;C:\Users\Admin\.m2\repository\org\glassfish\jaxb\jaxb-runtime\2.3.1\jaxb-runtime-2.3.1.jar;C:\Users\Admin\.m2\repository\org\glassfish\jaxb\txw2\2.3.1\txw2-2.3.1.jar;C:\Users\Admin\.m2\repository\com\sun\istack\istack-commons-runtime\3.0.7\istack-commons-runtime-3.0.7.jar;C:\Users\Admin\.m2\repository\org\jvnet\staxex\stax-ex\1.8\stax-ex-1.8.jar;C:\Users\Admin\.m2\repository\com\sun\xml\fastinfoset\FastInfoset\1.2.15\FastInfoset-1.2.15.jar;C:\Users\Admin\.m2\repository\com\microsoft\playwright\playwright\1.36.0\playwright-1.36.0.jar;C:\Users\Admin\.m2\repository\org\opentest4j\opentest4j\1.2.0\opentest4j-1.2.0.jar;C:\Users\Admin\.m2\repository\com\microsoft\playwright\driver\1.36.0\driver-1.36.0.jar;C:\Users\Admin\.m2\repository\com\microsoft\playwright\driver-bundle\1.36.0\driver-bundle-1.36.0.jar;"/>
    <property name="sun.cpu.endian" value="little"/>
    <property name="user.home" value="C:\Users\Admin"/>
    <property name="user.language" value="es"/>
    <property name="java.specification.vendor" value="Oracle Corporation"/>
    <property name="java.version.date" value="2023-04-18"/>
    <property name="java.home" value="C:\Program Files\Java\jdk-20"/>
    <property name="file.separator" value="\"/>
    <property name="basedir" value="C:\Users\Admin\Downloads\grupo4-main\grupo4-main\Fatloss"/>
    <property name="java.vm.compressedOopsMode" value="Zero based"/>
    <property name="line.separator" value="&#10;"/>
    <property name="java.vm.specification.vendor" value="Oracle Corporation"/>
    <property name="java.specification.name" value="Java Platform API Specification"/>
    <property name="surefire.real.class.path" value="C:\Users\Admin\AppData\Local\Temp\surefire13217180163884252534\surefirebooter6502159048919342014.jar"/>
    <property name="user.script" value=""/>
    <property name="sun.management.compiler" value="HotSpot 64-Bit Tiered Compilers"/>
    <property name="java.runtime.version" value="20.0.1+9-29"/>
    <property name="user.name" value="Admin"/>
    <property name="stdout.encoding" value="Cp1252"/>
    <property name="path.separator" value=";"/>
    <property name="os.version" value="10.0"/>
    <property name="java.runtime.name" value="Java(TM) SE Runtime Environment"/>
    <property name="file.encoding" value="UTF-8"/>
    <property name="java.vm.name" value="Java HotSpot(TM) 64-Bit Server VM"/>
    <property name="localRepository" value="C:\Users\Admin\.m2\repository"/>
    <property name="java.vendor.url.bug" value="https://bugreport.java.com/bugreport/"/>
    <property name="java.io.tmpdir" value="C:\Users\Admin\AppData\Local\Temp\"/>
    <property name="java.version" value="20.0.1"/>
    <property name="user.dir" value="C:\Users\Admin\Downloads\grupo4-main\grupo4-main\Fatloss"/>
    <property name="os.arch" value="amd64"/>
    <property name="java.vm.specification.name" value="Java Virtual Machine Specification"/>
    <property name="sun.os.patch.level" value=""/>
    <property name="native.encoding" value="Cp1252"/>
    <property name="java.library.path" value="C:\Program Files\Java\jdk-20\bin;C:\WINDOWS\Sun\Java\bin;C:\WINDOWS\system32;C:\WINDOWS;C:\Program Files\Eclipse Adoptium\jdk-21.0.5.11-hotspot\bin;C:\Python312\Scripts\;C:\Python312\;C:\Program Files\Common Files\Oracle\Java\javapath;C:\WINDOWS\system32;C:\WINDOWS;C:\WINDOWS\System32\Wbem;C:\WINDOWS\System32\WindowsPowerShell\v1.0\;C:\WINDOWS\System32\OpenSSH\;C:\Program Files\Java\jdk-20\bin.;C:\ProgramData\chocolatey\bin;C:\Program Files\Maven\apache-maven-3.9.6\bin;C:\xampp\php;C:\ProgramData\ComposerSetup\bin;C:\Program Files\Microsoft SQL Server\150\Tools\Binn\;C:\Program Files\Microsoft SQL Server\Client SDK\ODBC\170\Tools\Binn\;C:\Program Files\dotnet\;C:\Program Files (x86)\Microsoft SQL Server\160\Tools\Binn\;C:\Program Files\Microsoft SQL Server\160\Tools\Binn\;C:\Program Files\Microsoft SQL Server\160\DTS\Binn\;C:\Program Files (x86)\Microsoft SQL Server\160\DTS\Binn\;C:\Program Files (x86)\Windows Kits\10\Windows Performance Toolkit\;C:\Program Files\Git\cmd;C:\Program Files\nodejs\;C:\Program Files\MySQL\MySQL Shell 8.0\bin\;C:\Users\Admin\AppData\Local\Microsoft\WindowsApps;C:\Users\Admin\AppData\Local\Programs\Microsoft VS Code\bin;C:\Users\Admin\AppData\Local\GitHubDesktop\bin;C:\Users\Admin\AppData\Roaming\Composer\vendor\bin;C:\Program Files\heroku\bin;C:\Users\Admin\.dotnet\tools;C:\Users\Admin\AppData\Roaming\npm;."/>
    <property name="java.vm.info" value="mixed mode, sharing"/>
    <property name="stderr.encoding" value="Cp1252"/>
    <property name="java.vendor" value="Oracle Corporation"/>
    <property name="java.vm.version" value="20.0.1+9-29"/>
    <property name="sun.io.unicode.encoding" value="UnicodeLittle"/>
    <property name="java.class.version" value="64.0"/>
  </properties>
  <testcase name="testNoObtenerUsuarioInexistente" classname="com.tallerwebi.dominio.RepositorioNotificacionUsuarioTest" time="0.006">
    <system-out><![CDATA[00:28:53.293 [main] DEBUG org.springframework.test.context.BootstrapUtils - Instantiating CacheAwareContextLoaderDelegate from class [org.springframework.test.context.cache.DefaultCacheAwareContextLoaderDelegate]
00:28:53.293 [main] DEBUG org.springframework.test.context.BootstrapUtils - Instantiating BootstrapContext using constructor [public org.springframework.test.context.support.DefaultBootstrapContext(java.lang.Class,org.springframework.test.context.CacheAwareContextLoaderDelegate)]
00:28:53.294 [main] DEBUG org.springframework.test.context.BootstrapUtils - Instantiating TestContextBootstrapper for test class [com.tallerwebi.dominio.RepositorioNotificacionUsuarioTest] from class [org.springframework.test.context.web.WebTestContextBootstrapper]
00:28:53.294 [main] DEBUG org.springframework.test.context.support.AbstractDelegatingSmartContextLoader - Delegating to AnnotationConfigWebContextLoader to process context configuration [ContextConfigurationAttributes@43e86c0c declaringClass = 'com.tallerwebi.dominio.RepositorioNotificacionUsuarioTest', classes = '{class com.tallerwebi.integracion.config.SpringWebTestConfig, class com.tallerwebi.integracion.config.HibernateTestConfig}', locations = '{}', inheritLocations = true, initializers = '{}', inheritInitializers = true, name = [null], contextLoaderClass = 'org.springframework.test.context.ContextLoader'].
00:28:53.294 [main] DEBUG org.springframework.test.context.support.ActiveProfilesUtils - Could not find an 'annotation declaring class' for annotation type [org.springframework.test.context.ActiveProfiles] and class [com.tallerwebi.dominio.RepositorioNotificacionUsuarioTest]
00:28:53.294 [main] DEBUG org.springframework.test.context.web.WebTestContextBootstrapper - @TestExecutionListeners is not present for class [com.tallerwebi.dominio.RepositorioNotificacionUsuarioTest]: using defaults.
00:28:53.294 [main] INFO org.springframework.test.context.web.WebTestContextBootstrapper - Loaded default TestExecutionListener class names from location [META-INF/spring.factories]: [org.springframework.test.context.web.ServletTestExecutionListener, org.springframework.test.context.support.DirtiesContextBeforeModesTestExecutionListener, org.springframework.test.context.support.DependencyInjectionTestExecutionListener, org.springframework.test.context.support.DirtiesContextTestExecutionListener, org.springframework.test.context.transaction.TransactionalTestExecutionListener, org.springframework.test.context.jdbc.SqlScriptsTestExecutionListener, org.springframework.test.context.event.EventPublishingTestExecutionListener]
00:28:53.294 [main] INFO org.springframework.test.context.web.WebTestContextBootstrapper - Using TestExecutionListeners: [org.springframework.test.context.web.ServletTestExecutionListener@c6c58ce, org.springframework.test.context.support.DirtiesContextBeforeModesTestExecutionListener@6d4c7248, org.springframework.test.context.support.DependencyInjectionTestExecutionListener@178ebac3, org.springframework.test.context.support.DirtiesContextTestExecutionListener@17063c32, org.springframework.test.context.transaction.TransactionalTestExecutionListener@79c2bc34, org.springframework.test.context.jdbc.SqlScriptsTestExecutionListener@77925f76, org.springframework.test.context.event.EventPublishingTestExecutionListener@15a8bbe5]
00:28:53.294 [main] DEBUG org.springframework.test.context.support.AbstractDirtiesContextTestExecutionListener - Before test class: context [DefaultTestContext@3369e2ce testClass = RepositorioNotificacionUsuarioTest, testInstance = [null], testMethod = [null], testException = [null], mergedContextConfiguration = [WebMergedContextConfiguration@5f26cb8b testClass = RepositorioNotificacionUsuarioTest, locations = '{}', classes = '{class com.tallerwebi.integracion.config.SpringWebTestConfig, class com.tallerwebi.integracion.config.HibernateTestConfig}', contextInitializerClasses = '[]', activeProfiles = '{}', propertySourceLocations = '{}', propertySourceProperties = '{}', contextCustomizers = set[[empty]], resourceBasePath = 'src/main/webapp', contextLoader = 'org.springframework.test.context.web.WebDelegatingSmartContextLoader', parent = [null]], attributes = map[[empty]]], class annotated with @DirtiesContext [false] with mode [null].
00:28:53.294 [main] DEBUG org.springframework.test.context.cache.DefaultCacheAwareContextLoaderDelegate - Retrieved ApplicationContext [1384210339] from cache with key [[WebMergedContextConfiguration@5f26cb8b testClass = RepositorioNotificacionUsuarioTest, locations = '{}', classes = '{class com.tallerwebi.integracion.config.SpringWebTestConfig, class com.tallerwebi.integracion.config.HibernateTestConfig}', contextInitializerClasses = '[]', activeProfiles = '{}', propertySourceLocations = '{}', propertySourceProperties = '{}', contextCustomizers = set[[empty]], resourceBasePath = 'src/main/webapp', contextLoader = 'org.springframework.test.context.web.WebDelegatingSmartContextLoader', parent = [null]]]
00:28:53.294 [main] DEBUG org.springframework.test.context.cache - Spring test ApplicationContext cache statistics: [DefaultContextCache@397dfbe8 size = 1, maxSize = 32, parentContextCount = 0, hitCount = 89, missCount = 1]
00:28:53.295 [main] DEBUG org.springframework.test.context.cache.DefaultCacheAwareContextLoaderDelegate - Retrieved ApplicationContext [1384210339] from cache with key [[WebMergedContextConfiguration@5f26cb8b testClass = RepositorioNotificacionUsuarioTest, locations = '{}', classes = '{class com.tallerwebi.integracion.config.SpringWebTestConfig, class com.tallerwebi.integracion.config.HibernateTestConfig}', contextInitializerClasses = '[]', activeProfiles = '{}', propertySourceLocations = '{}', propertySourceProperties = '{}', contextCustomizers = set[[empty]], resourceBasePath = 'src/main/webapp', contextLoader = 'org.springframework.test.context.web.WebDelegatingSmartContextLoader', parent = [null]]]
00:28:53.295 [main] DEBUG org.springframework.test.context.cache - Spring test ApplicationContext cache statistics: [DefaultContextCache@397dfbe8 size = 1, maxSize = 32, parentContextCount = 0, hitCount = 90, missCount = 1]
00:28:53.295 [main] DEBUG org.springframework.test.context.web.ServletTestExecutionListener - Setting up MockHttpServletRequest, MockHttpServletResponse, ServletWebRequest, and RequestContextHolder for test context [DefaultTestContext@3369e2ce testClass = RepositorioNotificacionUsuarioTest, testInstance = com.tallerwebi.dominio.RepositorioNotificacionUsuarioTest@3a2a56f6, testMethod = [null], testException = [null], mergedContextConfiguration = [WebMergedContextConfiguration@5f26cb8b testClass = RepositorioNotificacionUsuarioTest, locations = '{}', classes = '{class com.tallerwebi.integracion.config.SpringWebTestConfig, class com.tallerwebi.integracion.config.HibernateTestConfig}', contextInitializerClasses = '[]', activeProfiles = '{}', propertySourceLocations = '{}', propertySourceProperties = '{}', contextCustomizers = set[[empty]], resourceBasePath = 'src/main/webapp', contextLoader = 'org.springframework.test.context.web.WebDelegatingSmartContextLoader', parent = [null]], attributes = map[[empty]]].
00:28:53.295 [main] DEBUG org.springframework.test.context.support.DependencyInjectionTestExecutionListener - Performing dependency injection for test context [[DefaultTestContext@3369e2ce testClass = RepositorioNotificacionUsuarioTest, testInstance = com.tallerwebi.dominio.RepositorioNotificacionUsuarioTest@3a2a56f6, testMethod = [null], testException = [null], mergedContextConfiguration = [WebMergedContextConfiguration@5f26cb8b testClass = RepositorioNotificacionUsuarioTest, locations = '{}', classes = '{class com.tallerwebi.integracion.config.SpringWebTestConfig, class com.tallerwebi.integracion.config.HibernateTestConfig}', contextInitializerClasses = '[]', activeProfiles = '{}', propertySourceLocations = '{}', propertySourceProperties = '{}', contextCustomizers = set[[empty]], resourceBasePath = 'src/main/webapp', contextLoader = 'org.springframework.test.context.web.WebDelegatingSmartContextLoader', parent = [null]], attributes = map['org.springframework.test.context.web.ServletTestExecutionListener.populatedRequestContextHolder' -> true, 'org.springframework.test.context.web.ServletTestExecutionListener.resetRequestContextHolder' -> true]]].
00:28:53.295 [main] DEBUG org.springframework.test.context.cache.DefaultCacheAwareContextLoaderDelegate - Retrieved ApplicationContext [1384210339] from cache with key [[WebMergedContextConfiguration@5f26cb8b testClass = RepositorioNotificacionUsuarioTest, locations = '{}', classes = '{class com.tallerwebi.integracion.config.SpringWebTestConfig, class com.tallerwebi.integracion.config.HibernateTestConfig}', contextInitializerClasses = '[]', activeProfiles = '{}', propertySourceLocations = '{}', propertySourceProperties = '{}', contextCustomizers = set[[empty]], resourceBasePath = 'src/main/webapp', contextLoader = 'org.springframework.test.context.web.WebDelegatingSmartContextLoader', parent = [null]]]
00:28:53.295 [main] DEBUG org.springframework.test.context.cache - Spring test ApplicationContext cache statistics: [DefaultContextCache@397dfbe8 size = 1, maxSize = 32, parentContextCount = 0, hitCount = 91, missCount = 1]
00:28:53.295 [main] DEBUG org.springframework.test.context.cache.DefaultCacheAwareContextLoaderDelegate - Retrieved ApplicationContext [1384210339] from cache with key [[WebMergedContextConfiguration@5f26cb8b testClass = RepositorioNotificacionUsuarioTest, locations = '{}', classes = '{class com.tallerwebi.integracion.config.SpringWebTestConfig, class com.tallerwebi.integracion.config.HibernateTestConfig}', contextInitializerClasses = '[]', activeProfiles = '{}', propertySourceLocations = '{}', propertySourceProperties = '{}', contextCustomizers = set[[empty]], resourceBasePath = 'src/main/webapp', contextLoader = 'org.springframework.test.context.web.WebDelegatingSmartContextLoader', parent = [null]]]
00:28:53.295 [main] DEBUG org.springframework.test.context.cache - Spring test ApplicationContext cache statistics: [DefaultContextCache@397dfbe8 size = 1, maxSize = 32, parentContextCount = 0, hitCount = 92, missCount = 1]
00:28:53.296 [main] DEBUG org.springframework.test.context.support.AbstractDirtiesContextTestExecutionListener - Before test method: context [DefaultTestContext@3369e2ce testClass = RepositorioNotificacionUsuarioTest, testInstance = com.tallerwebi.dominio.RepositorioNotificacionUsuarioTest@3a2a56f6, testMethod = testNoObtenerUsuarioInexistente@RepositorioNotificacionUsuarioTest, testException = [null], mergedContextConfiguration = [WebMergedContextConfiguration@5f26cb8b testClass = RepositorioNotificacionUsuarioTest, locations = '{}', classes = '{class com.tallerwebi.integracion.config.SpringWebTestConfig, class com.tallerwebi.integracion.config.HibernateTestConfig}', contextInitializerClasses = '[]', activeProfiles = '{}', propertySourceLocations = '{}', propertySourceProperties = '{}', contextCustomizers = set[[empty]], resourceBasePath = 'src/main/webapp', contextLoader = 'org.springframework.test.context.web.WebDelegatingSmartContextLoader', parent = [null]], attributes = map['org.springframework.test.context.web.ServletTestExecutionListener.populatedRequestContextHolder' -> true, 'org.springframework.test.context.web.ServletTestExecutionListener.resetRequestContextHolder' -> true]], class annotated with @DirtiesContext [false] with mode [null], method annotated with @DirtiesContext [false] with mode [null].
00:28:53.296 [main] DEBUG org.springframework.test.context.transaction.TransactionalTestExecutionListener - Explicit transaction definition [PROPAGATION_REQUIRED,ISOLATION_DEFAULT] found for test context [DefaultTestContext@3369e2ce testClass = RepositorioNotificacionUsuarioTest, testInstance = com.tallerwebi.dominio.RepositorioNotificacionUsuarioTest@3a2a56f6, testMethod = testNoObtenerUsuarioInexistente@RepositorioNotificacionUsuarioTest, testException = [null], mergedContextConfiguration = [WebMergedContextConfiguration@5f26cb8b testClass = RepositorioNotificacionUsuarioTest, locations = '{}', classes = '{class com.tallerwebi.integracion.config.SpringWebTestConfig, class com.tallerwebi.integracion.config.HibernateTestConfig}', contextInitializerClasses = '[]', activeProfiles = '{}', propertySourceLocations = '{}', propertySourceProperties = '{}', contextCustomizers = set[[empty]], resourceBasePath = 'src/main/webapp', contextLoader = 'org.springframework.test.context.web.WebDelegatingSmartContextLoader', parent = [null]], attributes = map['org.springframework.test.context.web.ServletTestExecutionListener.populatedRequestContextHolder' -> true, 'org.springframework.test.context.web.ServletTestExecutionListener.resetRequestContextHolder' -> true]]
00:28:53.296 [main] DEBUG org.springframework.test.context.cache.DefaultCacheAwareContextLoaderDelegate - Retrieved ApplicationContext [1384210339] from cache with key [[WebMergedContextConfiguration@5f26cb8b testClass = RepositorioNotificacionUsuarioTest, locations = '{}', classes = '{class com.tallerwebi.integracion.config.SpringWebTestConfig, class com.tallerwebi.integracion.config.HibernateTestConfig}', contextInitializerClasses = '[]', activeProfiles = '{}', propertySourceLocations = '{}', propertySourceProperties = '{}', contextCustomizers = set[[empty]], resourceBasePath = 'src/main/webapp', contextLoader = 'org.springframework.test.context.web.WebDelegatingSmartContextLoader', parent = [null]]]
00:28:53.296 [main] DEBUG org.springframework.test.context.cache - Spring test ApplicationContext cache statistics: [DefaultContextCache@397dfbe8 size = 1, maxSize = 32, parentContextCount = 0, hitCount = 93, missCount = 1]
00:28:53.296 [main] DEBUG org.springframework.test.context.transaction.TransactionalTestExecutionListener - Method-level @Rollback(true) overrides default rollback [true] for test context [DefaultTestContext@3369e2ce testClass = RepositorioNotificacionUsuarioTest, testInstance = com.tallerwebi.dominio.RepositorioNotificacionUsuarioTest@3a2a56f6, testMethod = testNoObtenerUsuarioInexistente@RepositorioNotificacionUsuarioTest, testException = [null], mergedContextConfiguration = [WebMergedContextConfiguration@5f26cb8b testClass = RepositorioNotificacionUsuarioTest, locations = '{}', classes = '{class com.tallerwebi.integracion.config.SpringWebTestConfig, class com.tallerwebi.integracion.config.HibernateTestConfig}', contextInitializerClasses = '[]', activeProfiles = '{}', propertySourceLocations = '{}', propertySourceProperties = '{}', contextCustomizers = set[[empty]], resourceBasePath = 'src/main/webapp', contextLoader = 'org.springframework.test.context.web.WebDelegatingSmartContextLoader', parent = [null]], attributes = map['org.springframework.test.context.web.ServletTestExecutionListener.populatedRequestContextHolder' -> true, 'org.springframework.test.context.web.ServletTestExecutionListener.resetRequestContextHolder' -> true]].
00:28:53.296 [main] DEBUG org.springframework.orm.hibernate5.HibernateTransactionManager - Creating new transaction with name [com.tallerwebi.dominio.RepositorioNotificacionUsuarioTest.testNoObtenerUsuarioInexistente]: PROPAGATION_REQUIRED,ISOLATION_DEFAULT
00:28:53.296 [main] DEBUG org.springframework.orm.hibernate5.HibernateTransactionManager - Opened new Session [SessionImpl(2141044241<open>)] for Hibernate transaction
00:28:53.296 [main] DEBUG org.hibernate.engine.transaction.internal.TransactionImpl - On TransactionImpl creation, JpaCompliance#isJpaTransactionComplianceEnabled == false
00:28:53.296 [main] DEBUG org.hibernate.engine.transaction.internal.TransactionImpl - begin
00:28:53.296 [main] DEBUG org.springframework.jdbc.datasource.DriverManagerDataSource - Creating new JDBC DriverManager Connection to [jdbc:hsqldb:mem:db_]
00:28:53.297 [main] DEBUG org.springframework.orm.hibernate5.HibernateTransactionManager - Exposing Hibernate transaction as JDBC [org.springframework.orm.hibernate5.HibernateTransactionManager$$Lambda$602/0x0000000801596000@17e8caf2]
00:28:53.297 [main] INFO org.springframework.test.context.transaction.TransactionContext - Began transaction (1) for test context [DefaultTestContext@3369e2ce testClass = RepositorioNotificacionUsuarioTest, testInstance = com.tallerwebi.dominio.RepositorioNotificacionUsuarioTest@3a2a56f6, testMethod = testNoObtenerUsuarioInexistente@RepositorioNotificacionUsuarioTest, testException = [null], mergedContextConfiguration = [WebMergedContextConfiguration@5f26cb8b testClass = RepositorioNotificacionUsuarioTest, locations = '{}', classes = '{class com.tallerwebi.integracion.config.SpringWebTestConfig, class com.tallerwebi.integracion.config.HibernateTestConfig}', contextInitializerClasses = '[]', activeProfiles = '{}', propertySourceLocations = '{}', propertySourceProperties = '{}', contextCustomizers = set[[empty]], resourceBasePath = 'src/main/webapp', contextLoader = 'org.springframework.test.context.web.WebDelegatingSmartContextLoader', parent = [null]], attributes = map['org.springframework.test.context.web.ServletTestExecutionListener.populatedRequestContextHolder' -> true, 'org.springframework.test.context.web.ServletTestExecutionListener.resetRequestContextHolder' -> true]]; transaction manager [org.springframework.orm.hibernate5.HibernateTransactionManager@6ad198c9]; rollback [true]
00:28:53.297 [main] DEBUG org.springframework.test.context.cache.DefaultCacheAwareContextLoaderDelegate - Retrieved ApplicationContext [1384210339] from cache with key [[WebMergedContextConfiguration@5f26cb8b testClass = RepositorioNotificacionUsuarioTest, locations = '{}', classes = '{class com.tallerwebi.integracion.config.SpringWebTestConfig, class com.tallerwebi.integracion.config.HibernateTestConfig}', contextInitializerClasses = '[]', activeProfiles = '{}', propertySourceLocations = '{}', propertySourceProperties = '{}', contextCustomizers = set[[empty]], resourceBasePath = 'src/main/webapp', contextLoader = 'org.springframework.test.context.web.WebDelegatingSmartContextLoader', parent = [null]]]
00:28:53.297 [main] DEBUG org.springframework.test.context.cache - Spring test ApplicationContext cache statistics: [DefaultContextCache@397dfbe8 size = 1, maxSize = 32, parentContextCount = 0, hitCount = 94, missCount = 1]
00:28:53.297 [main] DEBUG org.springframework.test.context.cache.DefaultCacheAwareContextLoaderDelegate - Retrieved ApplicationContext [1384210339] from cache with key [[WebMergedContextConfiguration@5f26cb8b testClass = RepositorioNotificacionUsuarioTest, locations = '{}', classes = '{class com.tallerwebi.integracion.config.SpringWebTestConfig, class com.tallerwebi.integracion.config.HibernateTestConfig}', contextInitializerClasses = '[]', activeProfiles = '{}', propertySourceLocations = '{}', propertySourceProperties = '{}', contextCustomizers = set[[empty]], resourceBasePath = 'src/main/webapp', contextLoader = 'org.springframework.test.context.web.WebDelegatingSmartContextLoader', parent = [null]]]
00:28:53.297 [main] DEBUG org.springframework.test.context.cache - Spring test ApplicationContext cache statistics: [DefaultContextCache@397dfbe8 size = 1, maxSize = 32, parentContextCount = 0, hitCount = 95, missCount = 1]
00:28:53.297 [main] DEBUG org.springframework.orm.hibernate5.HibernateTransactionManager - Found thread-bound Session [SessionImpl(2141044241<open>)] for Hibernate transaction
00:28:53.297 [main] DEBUG org.springframework.orm.hibernate5.HibernateTransactionManager - Participating in existing transaction
00:28:53.298 [main] DEBUG org.hibernate.hql.internal.ast.QueryTranslatorImpl - parse() - HQL: from com.tallerwebi.dominio.NotificacionUsuario nu where nu.notificacion.id=:idNotificacion and nu.usuario.id=:idUsuario
00:28:53.298 [main] DEBUG org.hibernate.hql.internal.ast.ErrorTracker - throwQueryException() : no errors
00:28:53.298 [main] DEBUG org.hibernate.hql.internal.ast.QueryTranslatorImpl - --- HQL AST ---
 \-[QUERY] Node: 'query'
    +-[SELECT_FROM] Node: 'SELECT_FROM'
    |  \-[FROM] Node: 'from'
    |     \-[RANGE] Node: 'RANGE'
    |        +-[DOT] Node: '.'
    |        |  +-[DOT] Node: '.'
    |        |  |  +-[DOT] Node: '.'
    |        |  |  |  +-[IDENT] Node: 'com'
    |        |  |  |  \-[IDENT] Node: 'tallerwebi'
    |        |  |  \-[IDENT] Node: 'dominio'
    |        |  \-[IDENT] Node: 'NotificacionUsuario'
    |        \-[ALIAS] Node: 'nu'
    \-[WHERE] Node: 'where'
       \-[AND] Node: 'and'
          +-[EQ] Node: '='
          |  +-[DOT] Node: '.'
          |  |  +-[DOT] Node: '.'
          |  |  |  +-[IDENT] Node: 'nu'
          |  |  |  \-[IDENT] Node: 'notificacion'
          |  |  \-[IDENT] Node: 'id'
          |  \-[COLON] Node: ':'
          |     \-[IDENT] Node: 'idNotificacion'
          \-[EQ] Node: '='
             +-[DOT] Node: '.'
             |  +-[DOT] Node: '.'
             |  |  +-[IDENT] Node: 'nu'
             |  |  \-[IDENT] Node: 'usuario'
             |  \-[IDENT] Node: 'id'
             \-[COLON] Node: ':'
                \-[IDENT] Node: 'idUsuario'

00:28:53.299 [main] DEBUG org.hibernate.hql.internal.antlr.HqlSqlBaseWalker - select << begin [level=1, statement=select]
00:28:53.299 [main] DEBUG org.hibernate.hql.internal.ast.tree.FromElement - FromClause{level=1} : com.tallerwebi.dominio.NotificacionUsuario (nu) -> notificaci0_
00:28:53.299 [main] DEBUG org.hibernate.hql.internal.ast.tree.FromReferenceNode - Resolved : nu -> notificaci0_.id
00:28:53.299 [main] DEBUG org.hibernate.hql.internal.ast.tree.DotNode - getDataType() : notificacion -> org.hibernate.type.ManyToOneType(com.tallerwebi.dominio.Notificacion)
00:28:53.299 [main] DEBUG org.hibernate.hql.internal.ast.tree.DotNode - dereferenceShortcut() : property id in com.tallerwebi.dominio.NotificacionUsuario does not require a join.
00:28:53.299 [main] DEBUG org.hibernate.hql.internal.ast.tree.DotNode - Unresolved property path is now 'notificacion.id'
00:28:53.299 [main] DEBUG org.hibernate.hql.internal.ast.tree.FromReferenceNode - Resolved : nu.notificacion -> notificaci0_.notificacion_id
00:28:53.299 [main] DEBUG org.hibernate.hql.internal.ast.tree.DotNode - getDataType() : notificacion.id -> org.hibernate.type.LongType@1fd7a37
00:28:53.299 [main] DEBUG org.hibernate.hql.internal.ast.tree.FromReferenceNode - Resolved : nu.notificacion.id -> notificaci0_.notificacion_id
00:28:53.299 [main] DEBUG org.hibernate.hql.internal.ast.tree.FromReferenceNode - Resolved : nu -> notificaci0_.id
00:28:53.299 [main] DEBUG org.hibernate.hql.internal.ast.tree.DotNode - getDataType() : usuario -> org.hibernate.type.ManyToOneType(com.tallerwebi.dominio.Usuario)
00:28:53.299 [main] DEBUG org.hibernate.hql.internal.ast.tree.DotNode - dereferenceShortcut() : property id in com.tallerwebi.dominio.NotificacionUsuario does not require a join.
00:28:53.299 [main] DEBUG org.hibernate.hql.internal.ast.tree.DotNode - Unresolved property path is now 'usuario.id'
00:28:53.299 [main] DEBUG org.hibernate.hql.internal.ast.tree.FromReferenceNode - Resolved : nu.usuario -> notificaci0_.usuario_id
00:28:53.299 [main] DEBUG org.hibernate.hql.internal.ast.tree.DotNode - getDataType() : usuario.id -> org.hibernate.type.LongType@1fd7a37
00:28:53.299 [main] DEBUG org.hibernate.hql.internal.ast.tree.FromReferenceNode - Resolved : nu.usuario.id -> notificaci0_.usuario_id
00:28:53.299 [main] DEBUG org.hibernate.hql.internal.antlr.HqlSqlBaseWalker - select : finishing up [level=1, statement=select]
00:28:53.299 [main] DEBUG org.hibernate.hql.internal.ast.HqlSqlWalker - processQuery() :  ( SELECT ( FromClause{level=1} NotificacionUsuario notificaci0_ ) ( where ( and ( = ( notificaci0_.notificacion_id ( notificaci0_.notificacion_id notificaci0_.id notificacion ) id ) ? ) ( = ( notificaci0_.usuario_id ( notificaci0_.usuario_id notificaci0_.id usuario ) id ) ? ) ) ) )
00:28:53.299 [main] DEBUG org.hibernate.hql.internal.ast.HqlSqlWalker - Derived SELECT clause created.
00:28:53.299 [main] DEBUG org.hibernate.hql.internal.ast.util.JoinProcessor - Tables referenced from query nodes:
 \-QueryNode
    +-SelectClause
    | referencedTables(entity NotificacionUsuario): [NotificacionUsuario]
    |  +-SelectExpressionImpl
    |  | persister: SingleTableEntityPersister(com.tallerwebi.dominio.NotificacionUsuario)
    |  \-SqlFragment
    +-FromClause
    |  \-FromElement
    \-SqlNode
       \-SqlNode
          +-BinaryLogicOperatorNode
          |  +-DotNode
          |  | persister: SingleTableEntityPersister(com.tallerwebi.dominio.NotificacionUsuario)
          |  | path: nu.notificacion.id
          |  |  +-DotNode
          |  |  | persister: SingleTableEntityPersister(com.tallerwebi.dominio.NotificacionUsuario)
          |  |  | path: nu.notificacion
          |  |  |  +-IdentNode
          |  |  |  | persister: SingleTableEntityPersister(com.tallerwebi.dominio.NotificacionUsuario)
          |  |  |  | originalText: nu
          |  |  |  \-IdentNode
          |  |  |    persister: null
          |  |  |    originalText: notificacion
          |  |  \-IdentNode
          |  |    persister: null
          |  |    originalText: id
          |  \-ParameterNode
          \-BinaryLogicOperatorNode
             +-DotNode
             | persister: SingleTableEntityPersister(com.tallerwebi.dominio.NotificacionUsuario)
             | path: nu.usuario.id
             |  +-DotNode
             |  | persister: SingleTableEntityPersister(com.tallerwebi.dominio.NotificacionUsuario)
             |  | path: nu.usuario
             |  |  +-IdentNode
             |  |  | persister: SingleTableEntityPersister(com.tallerwebi.dominio.NotificacionUsuario)
             |  |  | originalText: nu
             |  |  \-IdentNode
             |  |    persister: null
             |  |    originalText: usuario
             |  \-IdentNode
             |    persister: null
             |    originalText: id
             \-ParameterNode

00:28:53.299 [main] DEBUG org.hibernate.hql.internal.ast.util.JoinProcessor - Using FROM fragment [NotificacionUsuario notificaci0_]
00:28:53.299 [main] DEBUG org.hibernate.hql.internal.antlr.HqlSqlBaseWalker - select >> end [level=1, statement=select]
00:28:53.300 [main] DEBUG org.hibernate.hql.internal.ast.QueryTranslatorImpl - --- SQL AST ---
 \-[SELECT] QueryNode: 'SELECT'  querySpaces (NotificacionUsuario)
    +-[SELECT_CLAUSE] SelectClause: '{derived select clause}'
    |  +-[SELECT_EXPR] SelectExpressionImpl: 'notificaci0_.id as id1_10_' {FromElement{explicit,not a collection join,not a fetch join,fetch non-lazy properties,classAlias=nu,role=null,tableName=NotificacionUsuario,tableAlias=notificaci0_,origin=null,columns={,className=com.tallerwebi.dominio.NotificacionUsuario}}}
    |  \-[SQL_TOKEN] SqlFragment: 'notificaci0_.fechaHora as fechahor2_10_, notificaci0_.leida as leida3_10_, notificaci0_.notificacion_id as notifica4_10_, notificaci0_.usuario_id as usuario_5_10_'
    +-[FROM] FromClause: 'from' FromClause{level=1, fromElementCounter=1, fromElements=1, fromElementByClassAlias=[nu], fromElementByTableAlias=[notificaci0_], fromElementsByPath=[], collectionJoinFromElementsByPath=[], impliedElements=[]}
    |  \-[FROM_FRAGMENT] FromElement: 'NotificacionUsuario notificaci0_' FromElement{explicit,not a collection join,not a fetch join,fetch non-lazy properties,classAlias=nu,role=null,tableName=NotificacionUsuario,tableAlias=notificaci0_,origin=null,columns={,className=com.tallerwebi.dominio.NotificacionUsuario}}
    \-[WHERE] SqlNode: 'where'
       \-[AND] SqlNode: 'and'
          +-[EQ] BinaryLogicOperatorNode: '='
          |  +-[DOT] DotNode: 'notificaci0_.notificacion_id' {propertyName=id,dereferenceType=PRIMITIVE,getPropertyPath=notificacion.id,path=nu.notificacion.id,tableAlias=notificaci0_,className=com.tallerwebi.dominio.NotificacionUsuario,classAlias=nu}
          |  |  +-[DOT] DotNode: 'notificaci0_.notificacion_id' {propertyName=id,dereferenceType=UNKNOWN,getPropertyPath=notificacion.id,path=nu.notificacion,tableAlias=notificaci0_,className=com.tallerwebi.dominio.NotificacionUsuario,classAlias=nu}
          |  |  |  +-[ALIAS_REF] IdentNode: 'notificaci0_.id' {alias=nu, className=com.tallerwebi.dominio.NotificacionUsuario, tableAlias=notificaci0_}
          |  |  |  \-[IDENT] IdentNode: 'notificacion' {originalText=notificacion}
          |  |  \-[IDENT] IdentNode: 'id' {originalText=id}
          |  \-[NAMED_PARAM] ParameterNode: '?' {name=idNotificacion, expectedType=org.hibernate.type.LongType@1fd7a37}
          \-[EQ] BinaryLogicOperatorNode: '='
             +-[DOT] DotNode: 'notificaci0_.usuario_id' {propertyName=id,dereferenceType=PRIMITIVE,getPropertyPath=usuario.id,path=nu.usuario.id,tableAlias=notificaci0_,className=com.tallerwebi.dominio.NotificacionUsuario,classAlias=nu}
             |  +-[DOT] DotNode: 'notificaci0_.usuario_id' {propertyName=id,dereferenceType=UNKNOWN,getPropertyPath=usuario.id,path=nu.usuario,tableAlias=notificaci0_,className=com.tallerwebi.dominio.NotificacionUsuario,classAlias=nu}
             |  |  +-[ALIAS_REF] IdentNode: 'notificaci0_.id' {alias=nu, className=com.tallerwebi.dominio.NotificacionUsuario, tableAlias=notificaci0_}
             |  |  \-[IDENT] IdentNode: 'usuario' {originalText=usuario}
             |  \-[IDENT] IdentNode: 'id' {originalText=id}
             \-[NAMED_PARAM] ParameterNode: '?' {name=idUsuario, expectedType=org.hibernate.type.LongType@1fd7a37}

00:28:53.300 [main] DEBUG org.hibernate.hql.internal.ast.ErrorTracker - throwQueryException() : no errors
00:28:53.300 [main] DEBUG org.hibernate.hql.internal.ast.QueryTranslatorImpl - HQL: from com.tallerwebi.dominio.NotificacionUsuario nu where nu.notificacion.id=:idNotificacion and nu.usuario.id=:idUsuario
00:28:53.300 [main] DEBUG org.hibernate.hql.internal.ast.QueryTranslatorImpl - SQL: select notificaci0_.id as id1_10_, notificaci0_.fechaHora as fechahor2_10_, notificaci0_.leida as leida3_10_, notificaci0_.notificacion_id as notifica4_10_, notificaci0_.usuario_id as usuario_5_10_ from NotificacionUsuario notificaci0_ where notificaci0_.notificacion_id=? and notificaci0_.usuario_id=?
00:28:53.300 [main] DEBUG org.hibernate.hql.internal.ast.ErrorTracker - throwQueryException() : no errors
00:28:53.300 [main] DEBUG org.hibernate.SQL - 
    select
        notificaci0_.id as id1_10_,
        notificaci0_.fechaHora as fechahor2_10_,
        notificaci0_.leida as leida3_10_,
        notificaci0_.notificacion_id as notifica4_10_,
        notificaci0_.usuario_id as usuario_5_10_ 
    from
        NotificacionUsuario notificaci0_ 
    where
        notificaci0_.notificacion_id=? 
        and notificaci0_.usuario_id=?
Hibernate: 
    select
        notificaci0_.id as id1_10_,
        notificaci0_.fechaHora as fechahor2_10_,
        notificaci0_.leida as leida3_10_,
        notificaci0_.notificacion_id as notifica4_10_,
        notificaci0_.usuario_id as usuario_5_10_ 
    from
        NotificacionUsuario notificaci0_ 
    where
        notificaci0_.notificacion_id=? 
        and notificaci0_.usuario_id=?
00:28:53.301 [main] DEBUG org.springframework.test.context.cache.DefaultCacheAwareContextLoaderDelegate - Retrieved ApplicationContext [1384210339] from cache with key [[WebMergedContextConfiguration@5f26cb8b testClass = RepositorioNotificacionUsuarioTest, locations = '{}', classes = '{class com.tallerwebi.integracion.config.SpringWebTestConfig, class com.tallerwebi.integracion.config.HibernateTestConfig}', contextInitializerClasses = '[]', activeProfiles = '{}', propertySourceLocations = '{}', propertySourceProperties = '{}', contextCustomizers = set[[empty]], resourceBasePath = 'src/main/webapp', contextLoader = 'org.springframework.test.context.web.WebDelegatingSmartContextLoader', parent = [null]]]
00:28:53.301 [main] DEBUG org.springframework.test.context.cache - Spring test ApplicationContext cache statistics: [DefaultContextCache@397dfbe8 size = 1, maxSize = 32, parentContextCount = 0, hitCount = 96, missCount = 1]
00:28:53.301 [main] DEBUG org.springframework.test.context.cache.DefaultCacheAwareContextLoaderDelegate - Retrieved ApplicationContext [1384210339] from cache with key [[WebMergedContextConfiguration@5f26cb8b testClass = RepositorioNotificacionUsuarioTest, locations = '{}', classes = '{class com.tallerwebi.integracion.config.SpringWebTestConfig, class com.tallerwebi.integracion.config.HibernateTestConfig}', contextInitializerClasses = '[]', activeProfiles = '{}', propertySourceLocations = '{}', propertySourceProperties = '{}', contextCustomizers = set[[empty]], resourceBasePath = 'src/main/webapp', contextLoader = 'org.springframework.test.context.web.WebDelegatingSmartContextLoader', parent = [null]]]
00:28:53.301 [main] DEBUG org.springframework.test.context.cache - Spring test ApplicationContext cache statistics: [DefaultContextCache@397dfbe8 size = 1, maxSize = 32, parentContextCount = 0, hitCount = 97, missCount = 1]
00:28:53.301 [main] DEBUG org.springframework.orm.hibernate5.HibernateTransactionManager - Initiating transaction rollback
00:28:53.301 [main] DEBUG org.springframework.orm.hibernate5.HibernateTransactionManager - Rolling back Hibernate transaction on Session [SessionImpl(2141044241<open>)]
00:28:53.301 [main] DEBUG org.hibernate.engine.transaction.internal.TransactionImpl - rolling back
00:28:53.301 [main] DEBUG org.springframework.orm.hibernate5.HibernateTransactionManager - Closing Hibernate Session [SessionImpl(2141044241<open>)] after transaction
00:28:53.301 [main] INFO org.springframework.test.context.transaction.TransactionContext - Rolled back transaction for test: [DefaultTestContext@3369e2ce testClass = RepositorioNotificacionUsuarioTest, testInstance = com.tallerwebi.dominio.RepositorioNotificacionUsuarioTest@3a2a56f6, testMethod = testNoObtenerUsuarioInexistente@RepositorioNotificacionUsuarioTest, testException = [null], mergedContextConfiguration = [WebMergedContextConfiguration@5f26cb8b testClass = RepositorioNotificacionUsuarioTest, locations = '{}', classes = '{class com.tallerwebi.integracion.config.SpringWebTestConfig, class com.tallerwebi.integracion.config.HibernateTestConfig}', contextInitializerClasses = '[]', activeProfiles = '{}', propertySourceLocations = '{}', propertySourceProperties = '{}', contextCustomizers = set[[empty]], resourceBasePath = 'src/main/webapp', contextLoader = 'org.springframework.test.context.web.WebDelegatingSmartContextLoader', parent = [null]], attributes = map['org.springframework.test.context.web.ServletTestExecutionListener.populatedRequestContextHolder' -> true, 'org.springframework.test.context.web.ServletTestExecutionListener.resetRequestContextHolder' -> true]]
00:28:53.302 [main] DEBUG org.springframework.test.context.support.AbstractDirtiesContextTestExecutionListener - After test method: context [DefaultTestContext@3369e2ce testClass = RepositorioNotificacionUsuarioTest, testInstance = com.tallerwebi.dominio.RepositorioNotificacionUsuarioTest@3a2a56f6, testMethod = testNoObtenerUsuarioInexistente@RepositorioNotificacionUsuarioTest, testException = [null], mergedContextConfiguration = [WebMergedContextConfiguration@5f26cb8b testClass = RepositorioNotificacionUsuarioTest, locations = '{}', classes = '{class com.tallerwebi.integracion.config.SpringWebTestConfig, class com.tallerwebi.integracion.config.HibernateTestConfig}', contextInitializerClasses = '[]', activeProfiles = '{}', propertySourceLocations = '{}', propertySourceProperties = '{}', contextCustomizers = set[[empty]], resourceBasePath = 'src/main/webapp', contextLoader = 'org.springframework.test.context.web.WebDelegatingSmartContextLoader', parent = [null]], attributes = map['org.springframework.test.context.web.ServletTestExecutionListener.populatedRequestContextHolder' -> true, 'org.springframework.test.context.web.ServletTestExecutionListener.resetRequestContextHolder' -> true]], class annotated with @DirtiesContext [false] with mode [null], method annotated with @DirtiesContext [false] with mode [null].
00:28:53.302 [main] DEBUG org.springframework.test.context.web.ServletTestExecutionListener - Resetting RequestContextHolder for test context [DefaultTestContext@3369e2ce testClass = RepositorioNotificacionUsuarioTest, testInstance = com.tallerwebi.dominio.RepositorioNotificacionUsuarioTest@3a2a56f6, testMethod = testNoObtenerUsuarioInexistente@RepositorioNotificacionUsuarioTest, testException = [null], mergedContextConfiguration = [WebMergedContextConfiguration@5f26cb8b testClass = RepositorioNotificacionUsuarioTest, locations = '{}', classes = '{class com.tallerwebi.integracion.config.SpringWebTestConfig, class com.tallerwebi.integracion.config.HibernateTestConfig}', contextInitializerClasses = '[]', activeProfiles = '{}', propertySourceLocations = '{}', propertySourceProperties = '{}', contextCustomizers = set[[empty]], resourceBasePath = 'src/main/webapp', contextLoader = 'org.springframework.test.context.web.WebDelegatingSmartContextLoader', parent = [null]], attributes = map['org.springframework.test.context.web.ServletTestExecutionListener.populatedRequestContextHolder' -> true, 'org.springframework.test.context.web.ServletTestExecutionListener.resetRequestContextHolder' -> true]].
]]></system-out>
  </testcase>
  <testcase name="testObtenerNotificacionUsuarioPorIdNotificacionYIdUsuario" classname="com.tallerwebi.dominio.RepositorioNotificacionUsuarioTest" time="0.007">
    <failure type="org.opentest4j.AssertionFailedError"><![CDATA[org.opentest4j.AssertionFailedError: expected: not <null>
	at com.tallerwebi.dominio.RepositorioNotificacionUsuarioTest.thenObtenerNotificacionUsuario(RepositorioNotificacionUsuarioTest.java:62)
	at com.tallerwebi.dominio.RepositorioNotificacionUsuarioTest.testObtenerNotificacionUsuarioPorIdNotificacionYIdUsuario(RepositorioNotificacionUsuarioTest.java:41)
]]></failure>
    <system-out><![CDATA[00:28:53.302 [main] DEBUG org.springframework.test.context.cache.DefaultCacheAwareContextLoaderDelegate - Retrieved ApplicationContext [1384210339] from cache with key [[WebMergedContextConfiguration@5f26cb8b testClass = RepositorioNotificacionUsuarioTest, locations = '{}', classes = '{class com.tallerwebi.integracion.config.SpringWebTestConfig, class com.tallerwebi.integracion.config.HibernateTestConfig}', contextInitializerClasses = '[]', activeProfiles = '{}', propertySourceLocations = '{}', propertySourceProperties = '{}', contextCustomizers = set[[empty]], resourceBasePath = 'src/main/webapp', contextLoader = 'org.springframework.test.context.web.WebDelegatingSmartContextLoader', parent = [null]]]
00:28:53.302 [main] DEBUG org.springframework.test.context.cache - Spring test ApplicationContext cache statistics: [DefaultContextCache@397dfbe8 size = 1, maxSize = 32, parentContextCount = 0, hitCount = 98, missCount = 1]
00:28:53.302 [main] DEBUG org.springframework.test.context.web.ServletTestExecutionListener - Setting up MockHttpServletRequest, MockHttpServletResponse, ServletWebRequest, and RequestContextHolder for test context [DefaultTestContext@3369e2ce testClass = RepositorioNotificacionUsuarioTest, testInstance = com.tallerwebi.dominio.RepositorioNotificacionUsuarioTest@54b96813, testMethod = [null], testException = [null], mergedContextConfiguration = [WebMergedContextConfiguration@5f26cb8b testClass = RepositorioNotificacionUsuarioTest, locations = '{}', classes = '{class com.tallerwebi.integracion.config.SpringWebTestConfig, class com.tallerwebi.integracion.config.HibernateTestConfig}', contextInitializerClasses = '[]', activeProfiles = '{}', propertySourceLocations = '{}', propertySourceProperties = '{}', contextCustomizers = set[[empty]], resourceBasePath = 'src/main/webapp', contextLoader = 'org.springframework.test.context.web.WebDelegatingSmartContextLoader', parent = [null]], attributes = map['org.springframework.test.context.support.DependencyInjectionTestExecutionListener.reinjectDependencies' -> true]].
00:28:53.302 [main] DEBUG org.springframework.test.context.support.DependencyInjectionTestExecutionListener - Performing dependency injection for test context [[DefaultTestContext@3369e2ce testClass = RepositorioNotificacionUsuarioTest, testInstance = com.tallerwebi.dominio.RepositorioNotificacionUsuarioTest@54b96813, testMethod = [null], testException = [null], mergedContextConfiguration = [WebMergedContextConfiguration@5f26cb8b testClass = RepositorioNotificacionUsuarioTest, locations = '{}', classes = '{class com.tallerwebi.integracion.config.SpringWebTestConfig, class com.tallerwebi.integracion.config.HibernateTestConfig}', contextInitializerClasses = '[]', activeProfiles = '{}', propertySourceLocations = '{}', propertySourceProperties = '{}', contextCustomizers = set[[empty]], resourceBasePath = 'src/main/webapp', contextLoader = 'org.springframework.test.context.web.WebDelegatingSmartContextLoader', parent = [null]], attributes = map['org.springframework.test.context.web.ServletTestExecutionListener.populatedRequestContextHolder' -> true, 'org.springframework.test.context.web.ServletTestExecutionListener.resetRequestContextHolder' -> true, 'org.springframework.test.context.support.DependencyInjectionTestExecutionListener.reinjectDependencies' -> true]]].
00:28:53.302 [main] DEBUG org.springframework.test.context.cache.DefaultCacheAwareContextLoaderDelegate - Retrieved ApplicationContext [1384210339] from cache with key [[WebMergedContextConfiguration@5f26cb8b testClass = RepositorioNotificacionUsuarioTest, locations = '{}', classes = '{class com.tallerwebi.integracion.config.SpringWebTestConfig, class com.tallerwebi.integracion.config.HibernateTestConfig}', contextInitializerClasses = '[]', activeProfiles = '{}', propertySourceLocations = '{}', propertySourceProperties = '{}', contextCustomizers = set[[empty]], resourceBasePath = 'src/main/webapp', contextLoader = 'org.springframework.test.context.web.WebDelegatingSmartContextLoader', parent = [null]]]
00:28:53.302 [main] DEBUG org.springframework.test.context.cache - Spring test ApplicationContext cache statistics: [DefaultContextCache@397dfbe8 size = 1, maxSize = 32, parentContextCount = 0, hitCount = 99, missCount = 1]
00:28:53.302 [main] DEBUG org.springframework.test.context.cache.DefaultCacheAwareContextLoaderDelegate - Retrieved ApplicationContext [1384210339] from cache with key [[WebMergedContextConfiguration@5f26cb8b testClass = RepositorioNotificacionUsuarioTest, locations = '{}', classes = '{class com.tallerwebi.integracion.config.SpringWebTestConfig, class com.tallerwebi.integracion.config.HibernateTestConfig}', contextInitializerClasses = '[]', activeProfiles = '{}', propertySourceLocations = '{}', propertySourceProperties = '{}', contextCustomizers = set[[empty]], resourceBasePath = 'src/main/webapp', contextLoader = 'org.springframework.test.context.web.WebDelegatingSmartContextLoader', parent = [null]]]
00:28:53.302 [main] DEBUG org.springframework.test.context.cache - Spring test ApplicationContext cache statistics: [DefaultContextCache@397dfbe8 size = 1, maxSize = 32, parentContextCount = 0, hitCount = 100, missCount = 1]
00:28:53.302 [main] DEBUG org.springframework.test.context.support.AbstractDirtiesContextTestExecutionListener - Before test method: context [DefaultTestContext@3369e2ce testClass = RepositorioNotificacionUsuarioTest, testInstance = com.tallerwebi.dominio.RepositorioNotificacionUsuarioTest@54b96813, testMethod = testObtenerNotificacionUsuarioPorIdNotificacionYIdUsuario@RepositorioNotificacionUsuarioTest, testException = [null], mergedContextConfiguration = [WebMergedContextConfiguration@5f26cb8b testClass = RepositorioNotificacionUsuarioTest, locations = '{}', classes = '{class com.tallerwebi.integracion.config.SpringWebTestConfig, class com.tallerwebi.integracion.config.HibernateTestConfig}', contextInitializerClasses = '[]', activeProfiles = '{}', propertySourceLocations = '{}', propertySourceProperties = '{}', contextCustomizers = set[[empty]], resourceBasePath = 'src/main/webapp', contextLoader = 'org.springframework.test.context.web.WebDelegatingSmartContextLoader', parent = [null]], attributes = map['org.springframework.test.context.web.ServletTestExecutionListener.populatedRequestContextHolder' -> true, 'org.springframework.test.context.web.ServletTestExecutionListener.resetRequestContextHolder' -> true]], class annotated with @DirtiesContext [false] with mode [null], method annotated with @DirtiesContext [false] with mode [null].
00:28:53.302 [main] DEBUG org.springframework.test.context.transaction.TransactionalTestExecutionListener - Explicit transaction definition [PROPAGATION_REQUIRED,ISOLATION_DEFAULT] found for test context [DefaultTestContext@3369e2ce testClass = RepositorioNotificacionUsuarioTest, testInstance = com.tallerwebi.dominio.RepositorioNotificacionUsuarioTest@54b96813, testMethod = testObtenerNotificacionUsuarioPorIdNotificacionYIdUsuario@RepositorioNotificacionUsuarioTest, testException = [null], mergedContextConfiguration = [WebMergedContextConfiguration@5f26cb8b testClass = RepositorioNotificacionUsuarioTest, locations = '{}', classes = '{class com.tallerwebi.integracion.config.SpringWebTestConfig, class com.tallerwebi.integracion.config.HibernateTestConfig}', contextInitializerClasses = '[]', activeProfiles = '{}', propertySourceLocations = '{}', propertySourceProperties = '{}', contextCustomizers = set[[empty]], resourceBasePath = 'src/main/webapp', contextLoader = 'org.springframework.test.context.web.WebDelegatingSmartContextLoader', parent = [null]], attributes = map['org.springframework.test.context.web.ServletTestExecutionListener.populatedRequestContextHolder' -> true, 'org.springframework.test.context.web.ServletTestExecutionListener.resetRequestContextHolder' -> true]]
00:28:53.302 [main] DEBUG org.springframework.test.context.cache.DefaultCacheAwareContextLoaderDelegate - Retrieved ApplicationContext [1384210339] from cache with key [[WebMergedContextConfiguration@5f26cb8b testClass = RepositorioNotificacionUsuarioTest, locations = '{}', classes = '{class com.tallerwebi.integracion.config.SpringWebTestConfig, class com.tallerwebi.integracion.config.HibernateTestConfig}', contextInitializerClasses = '[]', activeProfiles = '{}', propertySourceLocations = '{}', propertySourceProperties = '{}', contextCustomizers = set[[empty]], resourceBasePath = 'src/main/webapp', contextLoader = 'org.springframework.test.context.web.WebDelegatingSmartContextLoader', parent = [null]]]
00:28:53.302 [main] DEBUG org.springframework.test.context.cache - Spring test ApplicationContext cache statistics: [DefaultContextCache@397dfbe8 size = 1, maxSize = 32, parentContextCount = 0, hitCount = 101, missCount = 1]
00:28:53.302 [main] DEBUG org.springframework.test.context.transaction.TransactionalTestExecutionListener - Method-level @Rollback(true) overrides default rollback [true] for test context [DefaultTestContext@3369e2ce testClass = RepositorioNotificacionUsuarioTest, testInstance = com.tallerwebi.dominio.RepositorioNotificacionUsuarioTest@54b96813, testMethod = testObtenerNotificacionUsuarioPorIdNotificacionYIdUsuario@RepositorioNotificacionUsuarioTest, testException = [null], mergedContextConfiguration = [WebMergedContextConfiguration@5f26cb8b testClass = RepositorioNotificacionUsuarioTest, locations = '{}', classes = '{class com.tallerwebi.integracion.config.SpringWebTestConfig, class com.tallerwebi.integracion.config.HibernateTestConfig}', contextInitializerClasses = '[]', activeProfiles = '{}', propertySourceLocations = '{}', propertySourceProperties = '{}', contextCustomizers = set[[empty]], resourceBasePath = 'src/main/webapp', contextLoader = 'org.springframework.test.context.web.WebDelegatingSmartContextLoader', parent = [null]], attributes = map['org.springframework.test.context.web.ServletTestExecutionListener.populatedRequestContextHolder' -> true, 'org.springframework.test.context.web.ServletTestExecutionListener.resetRequestContextHolder' -> true]].
00:28:53.302 [main] DEBUG org.springframework.orm.hibernate5.HibernateTransactionManager - Creating new transaction with name [com.tallerwebi.dominio.RepositorioNotificacionUsuarioTest.testObtenerNotificacionUsuarioPorIdNotificacionYIdUsuario]: PROPAGATION_REQUIRED,ISOLATION_DEFAULT
00:28:53.302 [main] DEBUG org.springframework.orm.hibernate5.HibernateTransactionManager - Opened new Session [SessionImpl(725418930<open>)] for Hibernate transaction
00:28:53.302 [main] DEBUG org.hibernate.engine.transaction.internal.TransactionImpl - On TransactionImpl creation, JpaCompliance#isJpaTransactionComplianceEnabled == false
00:28:53.302 [main] DEBUG org.hibernate.engine.transaction.internal.TransactionImpl - begin
00:28:53.305 [main] DEBUG org.springframework.jdbc.datasource.DriverManagerDataSource - Creating new JDBC DriverManager Connection to [jdbc:hsqldb:mem:db_]
00:28:53.305 [main] DEBUG org.springframework.orm.hibernate5.HibernateTransactionManager - Exposing Hibernate transaction as JDBC [org.springframework.orm.hibernate5.HibernateTransactionManager$$Lambda$602/0x0000000801596000@542beecb]
00:28:53.305 [main] INFO org.springframework.test.context.transaction.TransactionContext - Began transaction (1) for test context [DefaultTestContext@3369e2ce testClass = RepositorioNotificacionUsuarioTest, testInstance = com.tallerwebi.dominio.RepositorioNotificacionUsuarioTest@54b96813, testMethod = testObtenerNotificacionUsuarioPorIdNotificacionYIdUsuario@RepositorioNotificacionUsuarioTest, testException = [null], mergedContextConfiguration = [WebMergedContextConfiguration@5f26cb8b testClass = RepositorioNotificacionUsuarioTest, locations = '{}', classes = '{class com.tallerwebi.integracion.config.SpringWebTestConfig, class com.tallerwebi.integracion.config.HibernateTestConfig}', contextInitializerClasses = '[]', activeProfiles = '{}', propertySourceLocations = '{}', propertySourceProperties = '{}', contextCustomizers = set[[empty]], resourceBasePath = 'src/main/webapp', contextLoader = 'org.springframework.test.context.web.WebDelegatingSmartContextLoader', parent = [null]], attributes = map['org.springframework.test.context.web.ServletTestExecutionListener.populatedRequestContextHolder' -> true, 'org.springframework.test.context.web.ServletTestExecutionListener.resetRequestContextHolder' -> true]]; transaction manager [org.springframework.orm.hibernate5.HibernateTransactionManager@6ad198c9]; rollback [true]
00:28:53.305 [main] DEBUG org.springframework.test.context.cache.DefaultCacheAwareContextLoaderDelegate - Retrieved ApplicationContext [1384210339] from cache with key [[WebMergedContextConfiguration@5f26cb8b testClass = RepositorioNotificacionUsuarioTest, locations = '{}', classes = '{class com.tallerwebi.integracion.config.SpringWebTestConfig, class com.tallerwebi.integracion.config.HibernateTestConfig}', contextInitializerClasses = '[]', activeProfiles = '{}', propertySourceLocations = '{}', propertySourceProperties = '{}', contextCustomizers = set[[empty]], resourceBasePath = 'src/main/webapp', contextLoader = 'org.springframework.test.context.web.WebDelegatingSmartContextLoader', parent = [null]]]
00:28:53.305 [main] DEBUG org.springframework.test.context.cache - Spring test ApplicationContext cache statistics: [DefaultContextCache@397dfbe8 size = 1, maxSize = 32, parentContextCount = 0, hitCount = 102, missCount = 1]
00:28:53.305 [main] DEBUG org.springframework.test.context.cache.DefaultCacheAwareContextLoaderDelegate - Retrieved ApplicationContext [1384210339] from cache with key [[WebMergedContextConfiguration@5f26cb8b testClass = RepositorioNotificacionUsuarioTest, locations = '{}', classes = '{class com.tallerwebi.integracion.config.SpringWebTestConfig, class com.tallerwebi.integracion.config.HibernateTestConfig}', contextInitializerClasses = '[]', activeProfiles = '{}', propertySourceLocations = '{}', propertySourceProperties = '{}', contextCustomizers = set[[empty]], resourceBasePath = 'src/main/webapp', contextLoader = 'org.springframework.test.context.web.WebDelegatingSmartContextLoader', parent = [null]]]
00:28:53.305 [main] DEBUG org.springframework.test.context.cache - Spring test ApplicationContext cache statistics: [DefaultContextCache@397dfbe8 size = 1, maxSize = 32, parentContextCount = 0, hitCount = 103, missCount = 1]
00:28:53.305 [main] DEBUG org.hibernate.engine.spi.ActionQueue - Executing identity-insert immediately
00:28:53.305 [main] DEBUG org.hibernate.SQL - 
    insert 
    into
        Notificacion
        (id, contenido, titulo) 
    values
        (default, ?, ?)
Hibernate: 
    insert 
    into
        Notificacion
        (id, contenido, titulo) 
    values
        (default, ?, ?)
00:28:53.306 [main] DEBUG org.hibernate.id.IdentifierGeneratorHelper - Natively generated identity: 3
00:28:53.306 [main] DEBUG org.hibernate.resource.jdbc.internal.ResourceRegistryStandardImpl - HHH000387: ResultSet's statement was not registered
00:28:53.306 [main] DEBUG org.hibernate.engine.spi.ActionQueue - Executing identity-insert immediately
00:28:53.306 [main] DEBUG org.hibernate.SQL - 
    insert 
    into
        Usuario
        (id, altura, edad, email, genero, imagen, ingestaCalorica, metaAlcanzarPeso, nivelDeActividad, nombre, password, peso, pesoInicial, premium) 
    values
        (default, ?, ?, ?, ?, ?, ?, ?, ?, ?, ?, ?, ?, ?)
Hibernate: 
    insert 
    into
        Usuario
        (id, altura, edad, email, genero, imagen, ingestaCalorica, metaAlcanzarPeso, nivelDeActividad, nombre, password, peso, pesoInicial, premium) 
    values
        (default, ?, ?, ?, ?, ?, ?, ?, ?, ?, ?, ?, ?, ?)
00:28:53.306 [main] DEBUG org.hibernate.id.IdentifierGeneratorHelper - Natively generated identity: 3
00:28:53.306 [main] DEBUG org.hibernate.resource.jdbc.internal.ResourceRegistryStandardImpl - HHH000387: ResultSet's statement was not registered
00:28:53.306 [main] DEBUG org.hibernate.engine.spi.ActionQueue - Executing identity-insert immediately
00:28:53.306 [main] DEBUG org.hibernate.SQL - 
    insert 
    into
        NotificacionUsuario
        (id, fechaHora, leida, notificacion_id, usuario_id) 
    values
        (default, ?, ?, ?, ?)
Hibernate: 
    insert 
    into
        NotificacionUsuario
        (id, fechaHora, leida, notificacion_id, usuario_id) 
    values
        (default, ?, ?, ?, ?)
00:28:53.307 [main] DEBUG org.hibernate.id.IdentifierGeneratorHelper - Natively generated identity: 1
00:28:53.307 [main] DEBUG org.hibernate.resource.jdbc.internal.ResourceRegistryStandardImpl - HHH000387: ResultSet's statement was not registered
00:28:53.307 [main] DEBUG org.springframework.orm.hibernate5.HibernateTransactionManager - Found thread-bound Session [SessionImpl(725418930<open>)] for Hibernate transaction
00:28:53.307 [main] DEBUG org.springframework.orm.hibernate5.HibernateTransactionManager - Participating in existing transaction
00:28:53.307 [main] DEBUG org.hibernate.event.internal.AbstractFlushingEventListener - Processing flush-time cascades
00:28:53.307 [main] DEBUG org.hibernate.event.internal.AbstractFlushingEventListener - Dirty checking collections
00:28:53.307 [main] DEBUG org.hibernate.engine.internal.Collections - Collection found: [com.tallerwebi.dominio.Usuario.desafiosCompletados#3], was: [<unreferenced>] (initialized)
00:28:53.307 [main] DEBUG org.hibernate.event.internal.AbstractFlushingEventListener - Flushed: 0 insertions, 0 updates, 0 deletions to 3 objects
00:28:53.307 [main] DEBUG org.hibernate.event.internal.AbstractFlushingEventListener - Flushed: 1 (re)creations, 0 updates, 0 removals to 1 collections
00:28:53.307 [main] DEBUG org.hibernate.internal.util.EntityPrinter - Listing entities:
00:28:53.307 [main] DEBUG org.hibernate.internal.util.EntityPrinter - com.tallerwebi.dominio.NotificacionUsuario{fechaHora=null, usuario=com.tallerwebi.dominio.Usuario#3, id=1, leida=false, notificacion=com.tallerwebi.dominio.Notificacion#3}
00:28:53.307 [main] DEBUG org.hibernate.internal.util.EntityPrinter - com.tallerwebi.dominio.Notificacion{contenido=null, titulo=null, id=3}
00:28:53.307 [main] DEBUG org.hibernate.internal.util.EntityPrinter - com.tallerwebi.dominio.Usuario{ingestaCalorica=null, peso=null, desafiosCompletados=[], imagen=null, colaciones=null, edad=null, nombre=null, password=null, premium=false, metaAlcanzarPeso=null, altura=null, genero=null, id=3, nivelDeActividad=null, email=null, pesoInicial=null}
00:28:53.307 [main] DEBUG org.hibernate.SQL - 
    select
        notificaci0_.id as id1_10_,
        notificaci0_.fechaHora as fechahor2_10_,
        notificaci0_.leida as leida3_10_,
        notificaci0_.notificacion_id as notifica4_10_,
        notificaci0_.usuario_id as usuario_5_10_ 
    from
        NotificacionUsuario notificaci0_ 
    where
        notificaci0_.notificacion_id=? 
        and notificaci0_.usuario_id=?
Hibernate: 
    select
        notificaci0_.id as id1_10_,
        notificaci0_.fechaHora as fechahor2_10_,
        notificaci0_.leida as leida3_10_,
        notificaci0_.notificacion_id as notifica4_10_,
        notificaci0_.usuario_id as usuario_5_10_ 
    from
        NotificacionUsuario notificaci0_ 
    where
        notificaci0_.notificacion_id=? 
        and notificaci0_.usuario_id=?
00:28:53.308 [main] DEBUG org.springframework.test.context.cache.DefaultCacheAwareContextLoaderDelegate - Retrieved ApplicationContext [1384210339] from cache with key [[WebMergedContextConfiguration@5f26cb8b testClass = RepositorioNotificacionUsuarioTest, locations = '{}', classes = '{class com.tallerwebi.integracion.config.SpringWebTestConfig, class com.tallerwebi.integracion.config.HibernateTestConfig}', contextInitializerClasses = '[]', activeProfiles = '{}', propertySourceLocations = '{}', propertySourceProperties = '{}', contextCustomizers = set[[empty]], resourceBasePath = 'src/main/webapp', contextLoader = 'org.springframework.test.context.web.WebDelegatingSmartContextLoader', parent = [null]]]
00:28:53.308 [main] DEBUG org.springframework.test.context.cache - Spring test ApplicationContext cache statistics: [DefaultContextCache@397dfbe8 size = 1, maxSize = 32, parentContextCount = 0, hitCount = 104, missCount = 1]
00:28:53.309 [main] DEBUG org.springframework.test.context.cache.DefaultCacheAwareContextLoaderDelegate - Retrieved ApplicationContext [1384210339] from cache with key [[WebMergedContextConfiguration@5f26cb8b testClass = RepositorioNotificacionUsuarioTest, locations = '{}', classes = '{class com.tallerwebi.integracion.config.SpringWebTestConfig, class com.tallerwebi.integracion.config.HibernateTestConfig}', contextInitializerClasses = '[]', activeProfiles = '{}', propertySourceLocations = '{}', propertySourceProperties = '{}', contextCustomizers = set[[empty]], resourceBasePath = 'src/main/webapp', contextLoader = 'org.springframework.test.context.web.WebDelegatingSmartContextLoader', parent = [null]]]
00:28:53.309 [main] DEBUG org.springframework.test.context.cache - Spring test ApplicationContext cache statistics: [DefaultContextCache@397dfbe8 size = 1, maxSize = 32, parentContextCount = 0, hitCount = 105, missCount = 1]
00:28:53.309 [main] DEBUG org.springframework.orm.hibernate5.HibernateTransactionManager - Initiating transaction rollback
00:28:53.309 [main] DEBUG org.springframework.orm.hibernate5.HibernateTransactionManager - Rolling back Hibernate transaction on Session [SessionImpl(725418930<open>)]
00:28:53.309 [main] DEBUG org.hibernate.engine.transaction.internal.TransactionImpl - rolling back
00:28:53.309 [main] DEBUG org.springframework.orm.hibernate5.HibernateTransactionManager - Closing Hibernate Session [SessionImpl(725418930<open>)] after transaction
00:28:53.309 [main] INFO org.springframework.test.context.transaction.TransactionContext - Rolled back transaction for test: [DefaultTestContext@3369e2ce testClass = RepositorioNotificacionUsuarioTest, testInstance = com.tallerwebi.dominio.RepositorioNotificacionUsuarioTest@54b96813, testMethod = testObtenerNotificacionUsuarioPorIdNotificacionYIdUsuario@RepositorioNotificacionUsuarioTest, testException = org.opentest4j.AssertionFailedError: expected: not <null>, mergedContextConfiguration = [WebMergedContextConfiguration@5f26cb8b testClass = RepositorioNotificacionUsuarioTest, locations = '{}', classes = '{class com.tallerwebi.integracion.config.SpringWebTestConfig, class com.tallerwebi.integracion.config.HibernateTestConfig}', contextInitializerClasses = '[]', activeProfiles = '{}', propertySourceLocations = '{}', propertySourceProperties = '{}', contextCustomizers = set[[empty]], resourceBasePath = 'src/main/webapp', contextLoader = 'org.springframework.test.context.web.WebDelegatingSmartContextLoader', parent = [null]], attributes = map['org.springframework.test.context.web.ServletTestExecutionListener.populatedRequestContextHolder' -> true, 'org.springframework.test.context.web.ServletTestExecutionListener.resetRequestContextHolder' -> true]]
00:28:53.309 [main] DEBUG org.springframework.test.context.support.AbstractDirtiesContextTestExecutionListener - After test method: context [DefaultTestContext@3369e2ce testClass = RepositorioNotificacionUsuarioTest, testInstance = com.tallerwebi.dominio.RepositorioNotificacionUsuarioTest@54b96813, testMethod = testObtenerNotificacionUsuarioPorIdNotificacionYIdUsuario@RepositorioNotificacionUsuarioTest, testException = org.opentest4j.AssertionFailedError: expected: not <null>, mergedContextConfiguration = [WebMergedContextConfiguration@5f26cb8b testClass = RepositorioNotificacionUsuarioTest, locations = '{}', classes = '{class com.tallerwebi.integracion.config.SpringWebTestConfig, class com.tallerwebi.integracion.config.HibernateTestConfig}', contextInitializerClasses = '[]', activeProfiles = '{}', propertySourceLocations = '{}', propertySourceProperties = '{}', contextCustomizers = set[[empty]], resourceBasePath = 'src/main/webapp', contextLoader = 'org.springframework.test.context.web.WebDelegatingSmartContextLoader', parent = [null]], attributes = map['org.springframework.test.context.web.ServletTestExecutionListener.populatedRequestContextHolder' -> true, 'org.springframework.test.context.web.ServletTestExecutionListener.resetRequestContextHolder' -> true]], class annotated with @DirtiesContext [false] with mode [null], method annotated with @DirtiesContext [false] with mode [null].
00:28:53.309 [main] DEBUG org.springframework.test.context.web.ServletTestExecutionListener - Resetting RequestContextHolder for test context [DefaultTestContext@3369e2ce testClass = RepositorioNotificacionUsuarioTest, testInstance = com.tallerwebi.dominio.RepositorioNotificacionUsuarioTest@54b96813, testMethod = testObtenerNotificacionUsuarioPorIdNotificacionYIdUsuario@RepositorioNotificacionUsuarioTest, testException = org.opentest4j.AssertionFailedError: expected: not <null>, mergedContextConfiguration = [WebMergedContextConfiguration@5f26cb8b testClass = RepositorioNotificacionUsuarioTest, locations = '{}', classes = '{class com.tallerwebi.integracion.config.SpringWebTestConfig, class com.tallerwebi.integracion.config.HibernateTestConfig}', contextInitializerClasses = '[]', activeProfiles = '{}', propertySourceLocations = '{}', propertySourceProperties = '{}', contextCustomizers = set[[empty]], resourceBasePath = 'src/main/webapp', contextLoader = 'org.springframework.test.context.web.WebDelegatingSmartContextLoader', parent = [null]], attributes = map['org.springframework.test.context.web.ServletTestExecutionListener.populatedRequestContextHolder' -> true, 'org.springframework.test.context.web.ServletTestExecutionListener.resetRequestContextHolder' -> true]].
]]></system-out>
  </testcase>
  <testcase name="testObtenerNotificacionesPorIdUsuario" classname="com.tallerwebi.dominio.RepositorioNotificacionUsuarioTest" time="0.01">
    <system-out><![CDATA[00:28:53.310 [main] DEBUG org.springframework.test.context.cache.DefaultCacheAwareContextLoaderDelegate - Retrieved ApplicationContext [1384210339] from cache with key [[WebMergedContextConfiguration@5f26cb8b testClass = RepositorioNotificacionUsuarioTest, locations = '{}', classes = '{class com.tallerwebi.integracion.config.SpringWebTestConfig, class com.tallerwebi.integracion.config.HibernateTestConfig}', contextInitializerClasses = '[]', activeProfiles = '{}', propertySourceLocations = '{}', propertySourceProperties = '{}', contextCustomizers = set[[empty]], resourceBasePath = 'src/main/webapp', contextLoader = 'org.springframework.test.context.web.WebDelegatingSmartContextLoader', parent = [null]]]
00:28:53.310 [main] DEBUG org.springframework.test.context.cache - Spring test ApplicationContext cache statistics: [DefaultContextCache@397dfbe8 size = 1, maxSize = 32, parentContextCount = 0, hitCount = 106, missCount = 1]
00:28:53.310 [main] DEBUG org.springframework.test.context.web.ServletTestExecutionListener - Setting up MockHttpServletRequest, MockHttpServletResponse, ServletWebRequest, and RequestContextHolder for test context [DefaultTestContext@3369e2ce testClass = RepositorioNotificacionUsuarioTest, testInstance = com.tallerwebi.dominio.RepositorioNotificacionUsuarioTest@63537871, testMethod = [null], testException = [null], mergedContextConfiguration = [WebMergedContextConfiguration@5f26cb8b testClass = RepositorioNotificacionUsuarioTest, locations = '{}', classes = '{class com.tallerwebi.integracion.config.SpringWebTestConfig, class com.tallerwebi.integracion.config.HibernateTestConfig}', contextInitializerClasses = '[]', activeProfiles = '{}', propertySourceLocations = '{}', propertySourceProperties = '{}', contextCustomizers = set[[empty]], resourceBasePath = 'src/main/webapp', contextLoader = 'org.springframework.test.context.web.WebDelegatingSmartContextLoader', parent = [null]], attributes = map['org.springframework.test.context.support.DependencyInjectionTestExecutionListener.reinjectDependencies' -> true]].
00:28:53.310 [main] DEBUG org.springframework.test.context.support.DependencyInjectionTestExecutionListener - Performing dependency injection for test context [[DefaultTestContext@3369e2ce testClass = RepositorioNotificacionUsuarioTest, testInstance = com.tallerwebi.dominio.RepositorioNotificacionUsuarioTest@63537871, testMethod = [null], testException = [null], mergedContextConfiguration = [WebMergedContextConfiguration@5f26cb8b testClass = RepositorioNotificacionUsuarioTest, locations = '{}', classes = '{class com.tallerwebi.integracion.config.SpringWebTestConfig, class com.tallerwebi.integracion.config.HibernateTestConfig}', contextInitializerClasses = '[]', activeProfiles = '{}', propertySourceLocations = '{}', propertySourceProperties = '{}', contextCustomizers = set[[empty]], resourceBasePath = 'src/main/webapp', contextLoader = 'org.springframework.test.context.web.WebDelegatingSmartContextLoader', parent = [null]], attributes = map['org.springframework.test.context.web.ServletTestExecutionListener.populatedRequestContextHolder' -> true, 'org.springframework.test.context.web.ServletTestExecutionListener.resetRequestContextHolder' -> true, 'org.springframework.test.context.support.DependencyInjectionTestExecutionListener.reinjectDependencies' -> true]]].
00:28:53.310 [main] DEBUG org.springframework.test.context.cache.DefaultCacheAwareContextLoaderDelegate - Retrieved ApplicationContext [1384210339] from cache with key [[WebMergedContextConfiguration@5f26cb8b testClass = RepositorioNotificacionUsuarioTest, locations = '{}', classes = '{class com.tallerwebi.integracion.config.SpringWebTestConfig, class com.tallerwebi.integracion.config.HibernateTestConfig}', contextInitializerClasses = '[]', activeProfiles = '{}', propertySourceLocations = '{}', propertySourceProperties = '{}', contextCustomizers = set[[empty]], resourceBasePath = 'src/main/webapp', contextLoader = 'org.springframework.test.context.web.WebDelegatingSmartContextLoader', parent = [null]]]
00:28:53.310 [main] DEBUG org.springframework.test.context.cache - Spring test ApplicationContext cache statistics: [DefaultContextCache@397dfbe8 size = 1, maxSize = 32, parentContextCount = 0, hitCount = 107, missCount = 1]
00:28:53.310 [main] DEBUG org.springframework.test.context.cache.DefaultCacheAwareContextLoaderDelegate - Retrieved ApplicationContext [1384210339] from cache with key [[WebMergedContextConfiguration@5f26cb8b testClass = RepositorioNotificacionUsuarioTest, locations = '{}', classes = '{class com.tallerwebi.integracion.config.SpringWebTestConfig, class com.tallerwebi.integracion.config.HibernateTestConfig}', contextInitializerClasses = '[]', activeProfiles = '{}', propertySourceLocations = '{}', propertySourceProperties = '{}', contextCustomizers = set[[empty]], resourceBasePath = 'src/main/webapp', contextLoader = 'org.springframework.test.context.web.WebDelegatingSmartContextLoader', parent = [null]]]
00:28:53.310 [main] DEBUG org.springframework.test.context.cache - Spring test ApplicationContext cache statistics: [DefaultContextCache@397dfbe8 size = 1, maxSize = 32, parentContextCount = 0, hitCount = 108, missCount = 1]
00:28:53.311 [main] DEBUG org.springframework.test.context.support.AbstractDirtiesContextTestExecutionListener - Before test method: context [DefaultTestContext@3369e2ce testClass = RepositorioNotificacionUsuarioTest, testInstance = com.tallerwebi.dominio.RepositorioNotificacionUsuarioTest@63537871, testMethod = testObtenerNotificacionesPorIdUsuario@RepositorioNotificacionUsuarioTest, testException = [null], mergedContextConfiguration = [WebMergedContextConfiguration@5f26cb8b testClass = RepositorioNotificacionUsuarioTest, locations = '{}', classes = '{class com.tallerwebi.integracion.config.SpringWebTestConfig, class com.tallerwebi.integracion.config.HibernateTestConfig}', contextInitializerClasses = '[]', activeProfiles = '{}', propertySourceLocations = '{}', propertySourceProperties = '{}', contextCustomizers = set[[empty]], resourceBasePath = 'src/main/webapp', contextLoader = 'org.springframework.test.context.web.WebDelegatingSmartContextLoader', parent = [null]], attributes = map['org.springframework.test.context.web.ServletTestExecutionListener.populatedRequestContextHolder' -> true, 'org.springframework.test.context.web.ServletTestExecutionListener.resetRequestContextHolder' -> true]], class annotated with @DirtiesContext [false] with mode [null], method annotated with @DirtiesContext [false] with mode [null].
00:28:53.311 [main] DEBUG org.springframework.test.context.transaction.TransactionalTestExecutionListener - Explicit transaction definition [PROPAGATION_REQUIRED,ISOLATION_DEFAULT] found for test context [DefaultTestContext@3369e2ce testClass = RepositorioNotificacionUsuarioTest, testInstance = com.tallerwebi.dominio.RepositorioNotificacionUsuarioTest@63537871, testMethod = testObtenerNotificacionesPorIdUsuario@RepositorioNotificacionUsuarioTest, testException = [null], mergedContextConfiguration = [WebMergedContextConfiguration@5f26cb8b testClass = RepositorioNotificacionUsuarioTest, locations = '{}', classes = '{class com.tallerwebi.integracion.config.SpringWebTestConfig, class com.tallerwebi.integracion.config.HibernateTestConfig}', contextInitializerClasses = '[]', activeProfiles = '{}', propertySourceLocations = '{}', propertySourceProperties = '{}', contextCustomizers = set[[empty]], resourceBasePath = 'src/main/webapp', contextLoader = 'org.springframework.test.context.web.WebDelegatingSmartContextLoader', parent = [null]], attributes = map['org.springframework.test.context.web.ServletTestExecutionListener.populatedRequestContextHolder' -> true, 'org.springframework.test.context.web.ServletTestExecutionListener.resetRequestContextHolder' -> true]]
00:28:53.311 [main] DEBUG org.springframework.test.context.cache.DefaultCacheAwareContextLoaderDelegate - Retrieved ApplicationContext [1384210339] from cache with key [[WebMergedContextConfiguration@5f26cb8b testClass = RepositorioNotificacionUsuarioTest, locations = '{}', classes = '{class com.tallerwebi.integracion.config.SpringWebTestConfig, class com.tallerwebi.integracion.config.HibernateTestConfig}', contextInitializerClasses = '[]', activeProfiles = '{}', propertySourceLocations = '{}', propertySourceProperties = '{}', contextCustomizers = set[[empty]], resourceBasePath = 'src/main/webapp', contextLoader = 'org.springframework.test.context.web.WebDelegatingSmartContextLoader', parent = [null]]]
00:28:53.311 [main] DEBUG org.springframework.test.context.cache - Spring test ApplicationContext cache statistics: [DefaultContextCache@397dfbe8 size = 1, maxSize = 32, parentContextCount = 0, hitCount = 109, missCount = 1]
00:28:53.311 [main] DEBUG org.springframework.test.context.transaction.TransactionalTestExecutionListener - Method-level @Rollback(true) overrides default rollback [true] for test context [DefaultTestContext@3369e2ce testClass = RepositorioNotificacionUsuarioTest, testInstance = com.tallerwebi.dominio.RepositorioNotificacionUsuarioTest@63537871, testMethod = testObtenerNotificacionesPorIdUsuario@RepositorioNotificacionUsuarioTest, testException = [null], mergedContextConfiguration = [WebMergedContextConfiguration@5f26cb8b testClass = RepositorioNotificacionUsuarioTest, locations = '{}', classes = '{class com.tallerwebi.integracion.config.SpringWebTestConfig, class com.tallerwebi.integracion.config.HibernateTestConfig}', contextInitializerClasses = '[]', activeProfiles = '{}', propertySourceLocations = '{}', propertySourceProperties = '{}', contextCustomizers = set[[empty]], resourceBasePath = 'src/main/webapp', contextLoader = 'org.springframework.test.context.web.WebDelegatingSmartContextLoader', parent = [null]], attributes = map['org.springframework.test.context.web.ServletTestExecutionListener.populatedRequestContextHolder' -> true, 'org.springframework.test.context.web.ServletTestExecutionListener.resetRequestContextHolder' -> true]].
00:28:53.311 [main] DEBUG org.springframework.orm.hibernate5.HibernateTransactionManager - Creating new transaction with name [com.tallerwebi.dominio.RepositorioNotificacionUsuarioTest.testObtenerNotificacionesPorIdUsuario]: PROPAGATION_REQUIRED,ISOLATION_DEFAULT
00:28:53.311 [main] DEBUG org.springframework.orm.hibernate5.HibernateTransactionManager - Opened new Session [SessionImpl(1693127898<open>)] for Hibernate transaction
00:28:53.311 [main] DEBUG org.hibernate.engine.transaction.internal.TransactionImpl - On TransactionImpl creation, JpaCompliance#isJpaTransactionComplianceEnabled == false
00:28:53.311 [main] DEBUG org.hibernate.engine.transaction.internal.TransactionImpl - begin
00:28:53.311 [main] DEBUG org.springframework.jdbc.datasource.DriverManagerDataSource - Creating new JDBC DriverManager Connection to [jdbc:hsqldb:mem:db_]
00:28:53.311 [main] DEBUG org.springframework.orm.hibernate5.HibernateTransactionManager - Exposing Hibernate transaction as JDBC [org.springframework.orm.hibernate5.HibernateTransactionManager$$Lambda$602/0x0000000801596000@25587290]
00:28:53.311 [main] INFO org.springframework.test.context.transaction.TransactionContext - Began transaction (1) for test context [DefaultTestContext@3369e2ce testClass = RepositorioNotificacionUsuarioTest, testInstance = com.tallerwebi.dominio.RepositorioNotificacionUsuarioTest@63537871, testMethod = testObtenerNotificacionesPorIdUsuario@RepositorioNotificacionUsuarioTest, testException = [null], mergedContextConfiguration = [WebMergedContextConfiguration@5f26cb8b testClass = RepositorioNotificacionUsuarioTest, locations = '{}', classes = '{class com.tallerwebi.integracion.config.SpringWebTestConfig, class com.tallerwebi.integracion.config.HibernateTestConfig}', contextInitializerClasses = '[]', activeProfiles = '{}', propertySourceLocations = '{}', propertySourceProperties = '{}', contextCustomizers = set[[empty]], resourceBasePath = 'src/main/webapp', contextLoader = 'org.springframework.test.context.web.WebDelegatingSmartContextLoader', parent = [null]], attributes = map['org.springframework.test.context.web.ServletTestExecutionListener.populatedRequestContextHolder' -> true, 'org.springframework.test.context.web.ServletTestExecutionListener.resetRequestContextHolder' -> true]]; transaction manager [org.springframework.orm.hibernate5.HibernateTransactionManager@6ad198c9]; rollback [true]
00:28:53.312 [main] DEBUG org.springframework.test.context.cache.DefaultCacheAwareContextLoaderDelegate - Retrieved ApplicationContext [1384210339] from cache with key [[WebMergedContextConfiguration@5f26cb8b testClass = RepositorioNotificacionUsuarioTest, locations = '{}', classes = '{class com.tallerwebi.integracion.config.SpringWebTestConfig, class com.tallerwebi.integracion.config.HibernateTestConfig}', contextInitializerClasses = '[]', activeProfiles = '{}', propertySourceLocations = '{}', propertySourceProperties = '{}', contextCustomizers = set[[empty]], resourceBasePath = 'src/main/webapp', contextLoader = 'org.springframework.test.context.web.WebDelegatingSmartContextLoader', parent = [null]]]
00:28:53.312 [main] DEBUG org.springframework.test.context.cache - Spring test ApplicationContext cache statistics: [DefaultContextCache@397dfbe8 size = 1, maxSize = 32, parentContextCount = 0, hitCount = 110, missCount = 1]
00:28:53.312 [main] DEBUG org.springframework.test.context.cache.DefaultCacheAwareContextLoaderDelegate - Retrieved ApplicationContext [1384210339] from cache with key [[WebMergedContextConfiguration@5f26cb8b testClass = RepositorioNotificacionUsuarioTest, locations = '{}', classes = '{class com.tallerwebi.integracion.config.SpringWebTestConfig, class com.tallerwebi.integracion.config.HibernateTestConfig}', contextInitializerClasses = '[]', activeProfiles = '{}', propertySourceLocations = '{}', propertySourceProperties = '{}', contextCustomizers = set[[empty]], resourceBasePath = 'src/main/webapp', contextLoader = 'org.springframework.test.context.web.WebDelegatingSmartContextLoader', parent = [null]]]
00:28:53.312 [main] DEBUG org.springframework.test.context.cache - Spring test ApplicationContext cache statistics: [DefaultContextCache@397dfbe8 size = 1, maxSize = 32, parentContextCount = 0, hitCount = 111, missCount = 1]
00:28:53.312 [main] DEBUG org.hibernate.engine.spi.ActionQueue - Executing identity-insert immediately
00:28:53.312 [main] DEBUG org.hibernate.SQL - 
    insert 
    into
        Usuario
        (id, altura, edad, email, genero, imagen, ingestaCalorica, metaAlcanzarPeso, nivelDeActividad, nombre, password, peso, pesoInicial, premium) 
    values
        (default, ?, ?, ?, ?, ?, ?, ?, ?, ?, ?, ?, ?, ?)
Hibernate: 
    insert 
    into
        Usuario
        (id, altura, edad, email, genero, imagen, ingestaCalorica, metaAlcanzarPeso, nivelDeActividad, nombre, password, peso, pesoInicial, premium) 
    values
        (default, ?, ?, ?, ?, ?, ?, ?, ?, ?, ?, ?, ?, ?)
00:28:53.312 [main] DEBUG org.hibernate.id.IdentifierGeneratorHelper - Natively generated identity: 4
00:28:53.312 [main] DEBUG org.hibernate.resource.jdbc.internal.ResourceRegistryStandardImpl - HHH000387: ResultSet's statement was not registered
00:28:53.312 [main] DEBUG org.hibernate.engine.spi.ActionQueue - Executing identity-insert immediately
00:28:53.312 [main] DEBUG org.hibernate.SQL - 
    insert 
    into
        Notificacion
        (id, contenido, titulo) 
    values
        (default, ?, ?)
Hibernate: 
    insert 
    into
        Notificacion
        (id, contenido, titulo) 
    values
        (default, ?, ?)
00:28:53.312 [main] DEBUG org.hibernate.id.IdentifierGeneratorHelper - Natively generated identity: 4
00:28:53.312 [main] DEBUG org.hibernate.resource.jdbc.internal.ResourceRegistryStandardImpl - HHH000387: ResultSet's statement was not registered
00:28:53.312 [main] DEBUG org.hibernate.engine.spi.ActionQueue - Executing identity-insert immediately
00:28:53.312 [main] DEBUG org.hibernate.SQL - 
    insert 
    into
        NotificacionUsuario
        (id, fechaHora, leida, notificacion_id, usuario_id) 
    values
        (default, ?, ?, ?, ?)
Hibernate: 
    insert 
    into
        NotificacionUsuario
        (id, fechaHora, leida, notificacion_id, usuario_id) 
    values
        (default, ?, ?, ?, ?)
00:28:53.312 [main] DEBUG org.hibernate.id.IdentifierGeneratorHelper - Natively generated identity: 2
00:28:53.312 [main] DEBUG org.hibernate.resource.jdbc.internal.ResourceRegistryStandardImpl - HHH000387: ResultSet's statement was not registered
00:28:53.312 [main] DEBUG org.hibernate.engine.spi.ActionQueue - Executing identity-insert immediately
00:28:53.312 [main] DEBUG org.hibernate.SQL - 
    insert 
    into
        Notificacion
        (id, contenido, titulo) 
    values
        (default, ?, ?)
Hibernate: 
    insert 
    into
        Notificacion
        (id, contenido, titulo) 
    values
        (default, ?, ?)
00:28:53.315 [main] DEBUG org.hibernate.id.IdentifierGeneratorHelper - Natively generated identity: 5
00:28:53.315 [main] DEBUG org.hibernate.resource.jdbc.internal.ResourceRegistryStandardImpl - HHH000387: ResultSet's statement was not registered
00:28:53.315 [main] DEBUG org.hibernate.engine.spi.ActionQueue - Executing identity-insert immediately
00:28:53.315 [main] DEBUG org.hibernate.SQL - 
    insert 
    into
        NotificacionUsuario
        (id, fechaHora, leida, notificacion_id, usuario_id) 
    values
        (default, ?, ?, ?, ?)
Hibernate: 
    insert 
    into
        NotificacionUsuario
        (id, fechaHora, leida, notificacion_id, usuario_id) 
    values
        (default, ?, ?, ?, ?)
00:28:53.315 [main] DEBUG org.hibernate.id.IdentifierGeneratorHelper - Natively generated identity: 3
00:28:53.315 [main] DEBUG org.hibernate.resource.jdbc.internal.ResourceRegistryStandardImpl - HHH000387: ResultSet's statement was not registered
00:28:53.315 [main] DEBUG org.springframework.orm.hibernate5.HibernateTransactionManager - Found thread-bound Session [SessionImpl(1693127898<open>)] for Hibernate transaction
00:28:53.315 [main] DEBUG org.springframework.orm.hibernate5.HibernateTransactionManager - Participating in existing transaction
00:28:53.315 [main] DEBUG org.hibernate.hql.internal.ast.QueryTranslatorImpl - parse() - HQL: select notificacion from com.tallerwebi.dominio.NotificacionUsuario nu where nu.usuario.id=:idUsuario
00:28:53.316 [main] DEBUG org.hibernate.hql.internal.ast.ErrorTracker - throwQueryException() : no errors
00:28:53.316 [main] DEBUG org.hibernate.hql.internal.ast.QueryTranslatorImpl - --- HQL AST ---
 \-[QUERY] Node: 'query'
    +-[SELECT_FROM] Node: 'SELECT_FROM'
    |  +-[FROM] Node: 'from'
    |  |  \-[RANGE] Node: 'RANGE'
    |  |     +-[DOT] Node: '.'
    |  |     |  +-[DOT] Node: '.'
    |  |     |  |  +-[DOT] Node: '.'
    |  |     |  |  |  +-[IDENT] Node: 'com'
    |  |     |  |  |  \-[IDENT] Node: 'tallerwebi'
    |  |     |  |  \-[IDENT] Node: 'dominio'
    |  |     |  \-[IDENT] Node: 'NotificacionUsuario'
    |  |     \-[ALIAS] Node: 'nu'
    |  \-[SELECT] Node: 'select'
    |     \-[IDENT] Node: 'notificacion'
    \-[WHERE] Node: 'where'
       \-[EQ] Node: '='
          +-[DOT] Node: '.'
          |  +-[DOT] Node: '.'
          |  |  +-[IDENT] Node: 'nu'
          |  |  \-[IDENT] Node: 'usuario'
          |  \-[IDENT] Node: 'id'
          \-[COLON] Node: ':'
             \-[IDENT] Node: 'idUsuario'

00:28:53.316 [main] DEBUG org.hibernate.hql.internal.antlr.HqlSqlBaseWalker - select << begin [level=1, statement=select]
00:28:53.316 [main] DEBUG org.hibernate.hql.internal.ast.tree.FromElement - FromClause{level=1} : com.tallerwebi.dominio.NotificacionUsuario (nu) -> notificaci0_
00:28:53.316 [main] DEBUG org.hibernate.hql.internal.ast.tree.FromReferenceNode - Resolved : {synthetic-alias} -> {synthetic-alias}
00:28:53.316 [main] DEBUG org.hibernate.hql.internal.ast.tree.DotNode - getDataType() : notificacion -> org.hibernate.type.ManyToOneType(com.tallerwebi.dominio.Notificacion)
00:28:53.316 [main] DEBUG org.hibernate.hql.internal.ast.tree.DotNode - dereferenceEntityJoin() : generating join for notificacion in com.tallerwebi.dominio.NotificacionUsuario (<no alias>) parent = [ {null} ]
00:28:53.316 [main] DEBUG org.hibernate.hql.internal.ast.tree.FromElement - FromClause{level=1} : com.tallerwebi.dominio.Notificacion (<no alias>) -> notificaci1_
00:28:53.316 [main] DEBUG org.hibernate.hql.internal.ast.tree.FromClause - addJoinByPathMap() : {synthetic-alias}.notificacion -> FromElement{explicit,not a collection join,not a fetch join,fetch non-lazy properties,classAlias=null,role=null,tableName=Notificacion,tableAlias=notificaci1_,origin=NotificacionUsuario notificaci0_,columns={notificaci0_.notificacion_id,className=com.tallerwebi.dominio.Notificacion}}
00:28:53.316 [main] DEBUG org.hibernate.hql.internal.ast.tree.FromReferenceNode - Resolved : {synthetic-alias}.notificacion -> notificaci0_.notificacion_id
00:28:53.316 [main] DEBUG org.hibernate.hql.internal.ast.tree.FromReferenceNode - Resolved : nu -> notificaci0_.id
00:28:53.317 [main] DEBUG org.hibernate.hql.internal.ast.tree.DotNode - getDataType() : usuario -> org.hibernate.type.ManyToOneType(com.tallerwebi.dominio.Usuario)
00:28:53.317 [main] DEBUG org.hibernate.hql.internal.ast.tree.DotNode - dereferenceShortcut() : property id in com.tallerwebi.dominio.NotificacionUsuario does not require a join.
00:28:53.317 [main] DEBUG org.hibernate.hql.internal.ast.tree.DotNode - Unresolved property path is now 'usuario.id'
00:28:53.317 [main] DEBUG org.hibernate.hql.internal.ast.tree.FromReferenceNode - Resolved : nu.usuario -> notificaci0_.usuario_id
00:28:53.317 [main] DEBUG org.hibernate.hql.internal.ast.tree.DotNode - getDataType() : usuario.id -> org.hibernate.type.LongType@1fd7a37
00:28:53.317 [main] DEBUG org.hibernate.hql.internal.ast.tree.FromReferenceNode - Resolved : nu.usuario.id -> notificaci0_.usuario_id
00:28:53.317 [main] DEBUG org.hibernate.hql.internal.antlr.HqlSqlBaseWalker - select : finishing up [level=1, statement=select]
00:28:53.317 [main] DEBUG org.hibernate.hql.internal.ast.HqlSqlWalker - processQuery() :  ( SELECT ( {select clause} ( notificaci0_.notificacion_id {synthetic-alias} notificacion ) ) ( FromClause{level=1} ( NotificacionUsuario notificaci0_ Notificacion notificaci1_ ) ) ( where ( = ( notificaci0_.usuario_id ( notificaci0_.usuario_id notificaci0_.id usuario ) id ) ? ) ) )
00:28:53.317 [main] DEBUG org.hibernate.hql.internal.ast.util.JoinProcessor - Tables referenced from query nodes:
 \-QueryNode
    +-SelectClause
    | referencedTables(entity Notificacion): [Notificacion]
    |  +-DotNode
    |  | persister: SingleTableEntityPersister(com.tallerwebi.dominio.Notificacion)
    |  | path: {synthetic-alias}.notificacion
    |  |  +-IdentNode
    |  |  | persister: SingleTableEntityPersister(com.tallerwebi.dominio.NotificacionUsuario)
    |  |  | originalText: {synthetic-alias}
    |  |  \-IdentNode
    |  |    persister: null
    |  |    originalText: notificacion
    |  \-SqlFragment
    +-FromClause
    |  \-FromElement
    |     \-FromElement
    \-SqlNode
       \-BinaryLogicOperatorNode
          +-DotNode
          | persister: SingleTableEntityPersister(com.tallerwebi.dominio.NotificacionUsuario)
          | path: nu.usuario.id
          |  +-DotNode
          |  | persister: SingleTableEntityPersister(com.tallerwebi.dominio.NotificacionUsuario)
          |  | path: nu.usuario
          |  |  +-IdentNode
          |  |  | persister: SingleTableEntityPersister(com.tallerwebi.dominio.NotificacionUsuario)
          |  |  | originalText: nu
          |  |  \-IdentNode
          |  |    persister: null
          |  |    originalText: usuario
          |  \-IdentNode
          |    persister: null
          |    originalText: id
          \-ParameterNode

00:28:53.317 [main] DEBUG org.hibernate.hql.internal.ast.util.JoinProcessor - Using FROM fragment [NotificacionUsuario notificaci0_]
00:28:53.317 [main] DEBUG org.hibernate.hql.internal.ast.util.JoinProcessor - Using FROM fragment [inner join Notificacion notificaci1_ on notificaci0_.notificacion_id=notificaci1_.id]
00:28:53.317 [main] DEBUG org.hibernate.hql.internal.antlr.HqlSqlBaseWalker - select >> end [level=1, statement=select]
00:28:53.317 [main] DEBUG org.hibernate.hql.internal.ast.QueryTranslatorImpl - --- SQL AST ---
 \-[SELECT] QueryNode: 'SELECT'  querySpaces (NotificacionUsuario,Notificacion)
    +-[SELECT_CLAUSE] SelectClause: '{select clause}'
    |  +-[DOT] DotNode: 'notificaci1_.id as id1_9_' {propertyName=notificacion,dereferenceType=ENTITY,getPropertyPath=notificacion,path={synthetic-alias}.notificacion,tableAlias=notificaci1_,className=com.tallerwebi.dominio.Notificacion,classAlias=null}
    |  |  +-[IDENT] IdentNode: '{synthetic-alias}' {originalText={synthetic-alias}}
    |  |  \-[IDENT] IdentNode: 'notificacion' {originalText=notificacion}
    |  \-[SQL_TOKEN] SqlFragment: 'notificaci1_.contenido as contenid2_9_, notificaci1_.titulo as titulo3_9_'
    +-[FROM] FromClause: 'from' FromClause{level=1, fromElementCounter=2, fromElements=2, fromElementByClassAlias=[nu], fromElementByTableAlias=[notificaci1_, notificaci0_], fromElementsByPath=[{synthetic-alias}.notificacion], collectionJoinFromElementsByPath=[], impliedElements=[]}
    |  \-[FROM_FRAGMENT] FromElement: 'NotificacionUsuario notificaci0_' FromElement{explicit,not a collection join,not a fetch join,fetch non-lazy properties,classAlias=nu,role=null,tableName=NotificacionUsuario,tableAlias=notificaci0_,origin=null,columns={,className=com.tallerwebi.dominio.NotificacionUsuario}}
    |     \-[JOIN_FRAGMENT] FromElement: 'inner join Notificacion notificaci1_ on notificaci0_.notificacion_id=notificaci1_.id' FromElement{explicit,not a collection join,not a fetch join,fetch non-lazy properties,classAlias=null,role=com.tallerwebi.dominio.NotificacionUsuario.notificacion,tableName=Notificacion,tableAlias=notificaci1_,origin=NotificacionUsuario notificaci0_,columns={notificaci0_.notificacion_id,className=com.tallerwebi.dominio.Notificacion}}
    \-[WHERE] SqlNode: 'where'
       \-[EQ] BinaryLogicOperatorNode: '='
          +-[DOT] DotNode: 'notificaci0_.usuario_id' {propertyName=id,dereferenceType=PRIMITIVE,getPropertyPath=usuario.id,path=nu.usuario.id,tableAlias=notificaci0_,className=com.tallerwebi.dominio.NotificacionUsuario,classAlias=nu}
          |  +-[DOT] DotNode: 'notificaci0_.usuario_id' {propertyName=id,dereferenceType=UNKNOWN,getPropertyPath=usuario.id,path=nu.usuario,tableAlias=notificaci0_,className=com.tallerwebi.dominio.NotificacionUsuario,classAlias=nu}
          |  |  +-[ALIAS_REF] IdentNode: 'notificaci0_.id' {alias=nu, className=com.tallerwebi.dominio.NotificacionUsuario, tableAlias=notificaci0_}
          |  |  \-[IDENT] IdentNode: 'usuario' {originalText=usuario}
          |  \-[IDENT] IdentNode: 'id' {originalText=id}
          \-[NAMED_PARAM] ParameterNode: '?' {name=idUsuario, expectedType=org.hibernate.type.LongType@1fd7a37}

00:28:53.317 [main] DEBUG org.hibernate.hql.internal.ast.ErrorTracker - throwQueryException() : no errors
00:28:53.317 [main] DEBUG org.hibernate.hql.internal.ast.QueryTranslatorImpl - HQL: select notificacion from com.tallerwebi.dominio.NotificacionUsuario nu where nu.usuario.id=:idUsuario
00:28:53.317 [main] DEBUG org.hibernate.hql.internal.ast.QueryTranslatorImpl - SQL: select notificaci1_.id as id1_9_, notificaci1_.contenido as contenid2_9_, notificaci1_.titulo as titulo3_9_ from NotificacionUsuario notificaci0_ inner join Notificacion notificaci1_ on notificaci0_.notificacion_id=notificaci1_.id where notificaci0_.usuario_id=?
00:28:53.317 [main] DEBUG org.hibernate.hql.internal.ast.ErrorTracker - throwQueryException() : no errors
00:28:53.317 [main] DEBUG org.hibernate.event.internal.AbstractFlushingEventListener - Processing flush-time cascades
00:28:53.317 [main] DEBUG org.hibernate.event.internal.AbstractFlushingEventListener - Dirty checking collections
00:28:53.319 [main] DEBUG org.hibernate.engine.internal.Collections - Collection found: [com.tallerwebi.dominio.Usuario.desafiosCompletados#4], was: [<unreferenced>] (initialized)
00:28:53.319 [main] DEBUG org.hibernate.event.internal.AbstractFlushingEventListener - Flushed: 0 insertions, 0 updates, 0 deletions to 5 objects
00:28:53.319 [main] DEBUG org.hibernate.event.internal.AbstractFlushingEventListener - Flushed: 1 (re)creations, 0 updates, 0 removals to 1 collections
00:28:53.319 [main] DEBUG org.hibernate.internal.util.EntityPrinter - Listing entities:
00:28:53.319 [main] DEBUG org.hibernate.internal.util.EntityPrinter - com.tallerwebi.dominio.Usuario{ingestaCalorica=null, peso=null, desafiosCompletados=[], imagen=null, colaciones=null, edad=null, nombre=null, password=null, premium=false, metaAlcanzarPeso=null, altura=null, genero=null, id=4, nivelDeActividad=null, email=null, pesoInicial=null}
00:28:53.319 [main] DEBUG org.hibernate.internal.util.EntityPrinter - com.tallerwebi.dominio.NotificacionUsuario{fechaHora=null, usuario=com.tallerwebi.dominio.Usuario#4, id=2, leida=false, notificacion=com.tallerwebi.dominio.Notificacion#4}
00:28:53.319 [main] DEBUG org.hibernate.internal.util.EntityPrinter - com.tallerwebi.dominio.NotificacionUsuario{fechaHora=null, usuario=com.tallerwebi.dominio.Usuario#4, id=3, leida=false, notificacion=com.tallerwebi.dominio.Notificacion#5}
00:28:53.319 [main] DEBUG org.hibernate.internal.util.EntityPrinter - com.tallerwebi.dominio.Notificacion{contenido=null, titulo=null, id=5}
00:28:53.319 [main] DEBUG org.hibernate.internal.util.EntityPrinter - com.tallerwebi.dominio.Notificacion{contenido=null, titulo=null, id=4}
00:28:53.319 [main] DEBUG org.hibernate.SQL - 
    select
        notificaci1_.id as id1_9_,
        notificaci1_.contenido as contenid2_9_,
        notificaci1_.titulo as titulo3_9_ 
    from
        NotificacionUsuario notificaci0_ 
    inner join
        Notificacion notificaci1_ 
            on notificaci0_.notificacion_id=notificaci1_.id 
    where
        notificaci0_.usuario_id=?
Hibernate: 
    select
        notificaci1_.id as id1_9_,
        notificaci1_.contenido as contenid2_9_,
        notificaci1_.titulo as titulo3_9_ 
    from
        NotificacionUsuario notificaci0_ 
    inner join
        Notificacion notificaci1_ 
            on notificaci0_.notificacion_id=notificaci1_.id 
    where
        notificaci0_.usuario_id=?
00:28:53.319 [main] DEBUG org.hibernate.loader.Loader - Result set row: 0
00:28:53.319 [main] DEBUG org.hibernate.loader.Loader - Result row: EntityKey[com.tallerwebi.dominio.Notificacion#4]
00:28:53.319 [main] DEBUG org.hibernate.loader.Loader - Result set row: 1
00:28:53.319 [main] DEBUG org.hibernate.loader.Loader - Result row: EntityKey[com.tallerwebi.dominio.Notificacion#5]
00:28:53.319 [main] DEBUG org.springframework.test.context.cache.DefaultCacheAwareContextLoaderDelegate - Retrieved ApplicationContext [1384210339] from cache with key [[WebMergedContextConfiguration@5f26cb8b testClass = RepositorioNotificacionUsuarioTest, locations = '{}', classes = '{class com.tallerwebi.integracion.config.SpringWebTestConfig, class com.tallerwebi.integracion.config.HibernateTestConfig}', contextInitializerClasses = '[]', activeProfiles = '{}', propertySourceLocations = '{}', propertySourceProperties = '{}', contextCustomizers = set[[empty]], resourceBasePath = 'src/main/webapp', contextLoader = 'org.springframework.test.context.web.WebDelegatingSmartContextLoader', parent = [null]]]
00:28:53.319 [main] DEBUG org.springframework.test.context.cache - Spring test ApplicationContext cache statistics: [DefaultContextCache@397dfbe8 size = 1, maxSize = 32, parentContextCount = 0, hitCount = 112, missCount = 1]
00:28:53.319 [main] DEBUG org.springframework.test.context.cache.DefaultCacheAwareContextLoaderDelegate - Retrieved ApplicationContext [1384210339] from cache with key [[WebMergedContextConfiguration@5f26cb8b testClass = RepositorioNotificacionUsuarioTest, locations = '{}', classes = '{class com.tallerwebi.integracion.config.SpringWebTestConfig, class com.tallerwebi.integracion.config.HibernateTestConfig}', contextInitializerClasses = '[]', activeProfiles = '{}', propertySourceLocations = '{}', propertySourceProperties = '{}', contextCustomizers = set[[empty]], resourceBasePath = 'src/main/webapp', contextLoader = 'org.springframework.test.context.web.WebDelegatingSmartContextLoader', parent = [null]]]
00:28:53.319 [main] DEBUG org.springframework.test.context.cache - Spring test ApplicationContext cache statistics: [DefaultContextCache@397dfbe8 size = 1, maxSize = 32, parentContextCount = 0, hitCount = 113, missCount = 1]
00:28:53.319 [main] DEBUG org.springframework.orm.hibernate5.HibernateTransactionManager - Initiating transaction rollback
00:28:53.319 [main] DEBUG org.springframework.orm.hibernate5.HibernateTransactionManager - Rolling back Hibernate transaction on Session [SessionImpl(1693127898<open>)]
00:28:53.319 [main] DEBUG org.hibernate.engine.transaction.internal.TransactionImpl - rolling back
00:28:53.320 [main] DEBUG org.springframework.orm.hibernate5.HibernateTransactionManager - Closing Hibernate Session [SessionImpl(1693127898<open>)] after transaction
00:28:53.320 [main] INFO org.springframework.test.context.transaction.TransactionContext - Rolled back transaction for test: [DefaultTestContext@3369e2ce testClass = RepositorioNotificacionUsuarioTest, testInstance = com.tallerwebi.dominio.RepositorioNotificacionUsuarioTest@63537871, testMethod = testObtenerNotificacionesPorIdUsuario@RepositorioNotificacionUsuarioTest, testException = [null], mergedContextConfiguration = [WebMergedContextConfiguration@5f26cb8b testClass = RepositorioNotificacionUsuarioTest, locations = '{}', classes = '{class com.tallerwebi.integracion.config.SpringWebTestConfig, class com.tallerwebi.integracion.config.HibernateTestConfig}', contextInitializerClasses = '[]', activeProfiles = '{}', propertySourceLocations = '{}', propertySourceProperties = '{}', contextCustomizers = set[[empty]], resourceBasePath = 'src/main/webapp', contextLoader = 'org.springframework.test.context.web.WebDelegatingSmartContextLoader', parent = [null]], attributes = map['org.springframework.test.context.web.ServletTestExecutionListener.populatedRequestContextHolder' -> true, 'org.springframework.test.context.web.ServletTestExecutionListener.resetRequestContextHolder' -> true]]
00:28:53.320 [main] DEBUG org.springframework.test.context.support.AbstractDirtiesContextTestExecutionListener - After test method: context [DefaultTestContext@3369e2ce testClass = RepositorioNotificacionUsuarioTest, testInstance = com.tallerwebi.dominio.RepositorioNotificacionUsuarioTest@63537871, testMethod = testObtenerNotificacionesPorIdUsuario@RepositorioNotificacionUsuarioTest, testException = [null], mergedContextConfiguration = [WebMergedContextConfiguration@5f26cb8b testClass = RepositorioNotificacionUsuarioTest, locations = '{}', classes = '{class com.tallerwebi.integracion.config.SpringWebTestConfig, class com.tallerwebi.integracion.config.HibernateTestConfig}', contextInitializerClasses = '[]', activeProfiles = '{}', propertySourceLocations = '{}', propertySourceProperties = '{}', contextCustomizers = set[[empty]], resourceBasePath = 'src/main/webapp', contextLoader = 'org.springframework.test.context.web.WebDelegatingSmartContextLoader', parent = [null]], attributes = map['org.springframework.test.context.web.ServletTestExecutionListener.populatedRequestContextHolder' -> true, 'org.springframework.test.context.web.ServletTestExecutionListener.resetRequestContextHolder' -> true]], class annotated with @DirtiesContext [false] with mode [null], method annotated with @DirtiesContext [false] with mode [null].
00:28:53.320 [main] DEBUG org.springframework.test.context.web.ServletTestExecutionListener - Resetting RequestContextHolder for test context [DefaultTestContext@3369e2ce testClass = RepositorioNotificacionUsuarioTest, testInstance = com.tallerwebi.dominio.RepositorioNotificacionUsuarioTest@63537871, testMethod = testObtenerNotificacionesPorIdUsuario@RepositorioNotificacionUsuarioTest, testException = [null], mergedContextConfiguration = [WebMergedContextConfiguration@5f26cb8b testClass = RepositorioNotificacionUsuarioTest, locations = '{}', classes = '{class com.tallerwebi.integracion.config.SpringWebTestConfig, class com.tallerwebi.integracion.config.HibernateTestConfig}', contextInitializerClasses = '[]', activeProfiles = '{}', propertySourceLocations = '{}', propertySourceProperties = '{}', contextCustomizers = set[[empty]], resourceBasePath = 'src/main/webapp', contextLoader = 'org.springframework.test.context.web.WebDelegatingSmartContextLoader', parent = [null]], attributes = map['org.springframework.test.context.web.ServletTestExecutionListener.populatedRequestContextHolder' -> true, 'org.springframework.test.context.web.ServletTestExecutionListener.resetRequestContextHolder' -> true]].
]]></system-out>
  </testcase>
  <testcase name="testObtenerNotificacionesUsuarios" classname="com.tallerwebi.dominio.RepositorioNotificacionUsuarioTest" time="0.01">
    <system-out><![CDATA[00:28:53.321 [main] DEBUG org.springframework.test.context.cache.DefaultCacheAwareContextLoaderDelegate - Retrieved ApplicationContext [1384210339] from cache with key [[WebMergedContextConfiguration@5f26cb8b testClass = RepositorioNotificacionUsuarioTest, locations = '{}', classes = '{class com.tallerwebi.integracion.config.SpringWebTestConfig, class com.tallerwebi.integracion.config.HibernateTestConfig}', contextInitializerClasses = '[]', activeProfiles = '{}', propertySourceLocations = '{}', propertySourceProperties = '{}', contextCustomizers = set[[empty]], resourceBasePath = 'src/main/webapp', contextLoader = 'org.springframework.test.context.web.WebDelegatingSmartContextLoader', parent = [null]]]
00:28:53.321 [main] DEBUG org.springframework.test.context.cache - Spring test ApplicationContext cache statistics: [DefaultContextCache@397dfbe8 size = 1, maxSize = 32, parentContextCount = 0, hitCount = 114, missCount = 1]
00:28:53.321 [main] DEBUG org.springframework.test.context.web.ServletTestExecutionListener - Setting up MockHttpServletRequest, MockHttpServletResponse, ServletWebRequest, and RequestContextHolder for test context [DefaultTestContext@3369e2ce testClass = RepositorioNotificacionUsuarioTest, testInstance = com.tallerwebi.dominio.RepositorioNotificacionUsuarioTest@9fc2f89, testMethod = [null], testException = [null], mergedContextConfiguration = [WebMergedContextConfiguration@5f26cb8b testClass = RepositorioNotificacionUsuarioTest, locations = '{}', classes = '{class com.tallerwebi.integracion.config.SpringWebTestConfig, class com.tallerwebi.integracion.config.HibernateTestConfig}', contextInitializerClasses = '[]', activeProfiles = '{}', propertySourceLocations = '{}', propertySourceProperties = '{}', contextCustomizers = set[[empty]], resourceBasePath = 'src/main/webapp', contextLoader = 'org.springframework.test.context.web.WebDelegatingSmartContextLoader', parent = [null]], attributes = map['org.springframework.test.context.support.DependencyInjectionTestExecutionListener.reinjectDependencies' -> true]].
00:28:53.321 [main] DEBUG org.springframework.test.context.support.DependencyInjectionTestExecutionListener - Performing dependency injection for test context [[DefaultTestContext@3369e2ce testClass = RepositorioNotificacionUsuarioTest, testInstance = com.tallerwebi.dominio.RepositorioNotificacionUsuarioTest@9fc2f89, testMethod = [null], testException = [null], mergedContextConfiguration = [WebMergedContextConfiguration@5f26cb8b testClass = RepositorioNotificacionUsuarioTest, locations = '{}', classes = '{class com.tallerwebi.integracion.config.SpringWebTestConfig, class com.tallerwebi.integracion.config.HibernateTestConfig}', contextInitializerClasses = '[]', activeProfiles = '{}', propertySourceLocations = '{}', propertySourceProperties = '{}', contextCustomizers = set[[empty]], resourceBasePath = 'src/main/webapp', contextLoader = 'org.springframework.test.context.web.WebDelegatingSmartContextLoader', parent = [null]], attributes = map['org.springframework.test.context.web.ServletTestExecutionListener.populatedRequestContextHolder' -> true, 'org.springframework.test.context.web.ServletTestExecutionListener.resetRequestContextHolder' -> true, 'org.springframework.test.context.support.DependencyInjectionTestExecutionListener.reinjectDependencies' -> true]]].
00:28:53.321 [main] DEBUG org.springframework.test.context.cache.DefaultCacheAwareContextLoaderDelegate - Retrieved ApplicationContext [1384210339] from cache with key [[WebMergedContextConfiguration@5f26cb8b testClass = RepositorioNotificacionUsuarioTest, locations = '{}', classes = '{class com.tallerwebi.integracion.config.SpringWebTestConfig, class com.tallerwebi.integracion.config.HibernateTestConfig}', contextInitializerClasses = '[]', activeProfiles = '{}', propertySourceLocations = '{}', propertySourceProperties = '{}', contextCustomizers = set[[empty]], resourceBasePath = 'src/main/webapp', contextLoader = 'org.springframework.test.context.web.WebDelegatingSmartContextLoader', parent = [null]]]
00:28:53.321 [main] DEBUG org.springframework.test.context.cache - Spring test ApplicationContext cache statistics: [DefaultContextCache@397dfbe8 size = 1, maxSize = 32, parentContextCount = 0, hitCount = 115, missCount = 1]
00:28:53.321 [main] DEBUG org.springframework.test.context.cache.DefaultCacheAwareContextLoaderDelegate - Retrieved ApplicationContext [1384210339] from cache with key [[WebMergedContextConfiguration@5f26cb8b testClass = RepositorioNotificacionUsuarioTest, locations = '{}', classes = '{class com.tallerwebi.integracion.config.SpringWebTestConfig, class com.tallerwebi.integracion.config.HibernateTestConfig}', contextInitializerClasses = '[]', activeProfiles = '{}', propertySourceLocations = '{}', propertySourceProperties = '{}', contextCustomizers = set[[empty]], resourceBasePath = 'src/main/webapp', contextLoader = 'org.springframework.test.context.web.WebDelegatingSmartContextLoader', parent = [null]]]
00:28:53.321 [main] DEBUG org.springframework.test.context.cache - Spring test ApplicationContext cache statistics: [DefaultContextCache@397dfbe8 size = 1, maxSize = 32, parentContextCount = 0, hitCount = 116, missCount = 1]
00:28:53.322 [main] DEBUG org.springframework.test.context.support.AbstractDirtiesContextTestExecutionListener - Before test method: context [DefaultTestContext@3369e2ce testClass = RepositorioNotificacionUsuarioTest, testInstance = com.tallerwebi.dominio.RepositorioNotificacionUsuarioTest@9fc2f89, testMethod = testObtenerNotificacionesUsuarios@RepositorioNotificacionUsuarioTest, testException = [null], mergedContextConfiguration = [WebMergedContextConfiguration@5f26cb8b testClass = RepositorioNotificacionUsuarioTest, locations = '{}', classes = '{class com.tallerwebi.integracion.config.SpringWebTestConfig, class com.tallerwebi.integracion.config.HibernateTestConfig}', contextInitializerClasses = '[]', activeProfiles = '{}', propertySourceLocations = '{}', propertySourceProperties = '{}', contextCustomizers = set[[empty]], resourceBasePath = 'src/main/webapp', contextLoader = 'org.springframework.test.context.web.WebDelegatingSmartContextLoader', parent = [null]], attributes = map['org.springframework.test.context.web.ServletTestExecutionListener.populatedRequestContextHolder' -> true, 'org.springframework.test.context.web.ServletTestExecutionListener.resetRequestContextHolder' -> true]], class annotated with @DirtiesContext [false] with mode [null], method annotated with @DirtiesContext [false] with mode [null].
00:28:53.322 [main] DEBUG org.springframework.test.context.transaction.TransactionalTestExecutionListener - Explicit transaction definition [PROPAGATION_REQUIRED,ISOLATION_DEFAULT] found for test context [DefaultTestContext@3369e2ce testClass = RepositorioNotificacionUsuarioTest, testInstance = com.tallerwebi.dominio.RepositorioNotificacionUsuarioTest@9fc2f89, testMethod = testObtenerNotificacionesUsuarios@RepositorioNotificacionUsuarioTest, testException = [null], mergedContextConfiguration = [WebMergedContextConfiguration@5f26cb8b testClass = RepositorioNotificacionUsuarioTest, locations = '{}', classes = '{class com.tallerwebi.integracion.config.SpringWebTestConfig, class com.tallerwebi.integracion.config.HibernateTestConfig}', contextInitializerClasses = '[]', activeProfiles = '{}', propertySourceLocations = '{}', propertySourceProperties = '{}', contextCustomizers = set[[empty]], resourceBasePath = 'src/main/webapp', contextLoader = 'org.springframework.test.context.web.WebDelegatingSmartContextLoader', parent = [null]], attributes = map['org.springframework.test.context.web.ServletTestExecutionListener.populatedRequestContextHolder' -> true, 'org.springframework.test.context.web.ServletTestExecutionListener.resetRequestContextHolder' -> true]]
00:28:53.322 [main] DEBUG org.springframework.test.context.cache.DefaultCacheAwareContextLoaderDelegate - Retrieved ApplicationContext [1384210339] from cache with key [[WebMergedContextConfiguration@5f26cb8b testClass = RepositorioNotificacionUsuarioTest, locations = '{}', classes = '{class com.tallerwebi.integracion.config.SpringWebTestConfig, class com.tallerwebi.integracion.config.HibernateTestConfig}', contextInitializerClasses = '[]', activeProfiles = '{}', propertySourceLocations = '{}', propertySourceProperties = '{}', contextCustomizers = set[[empty]], resourceBasePath = 'src/main/webapp', contextLoader = 'org.springframework.test.context.web.WebDelegatingSmartContextLoader', parent = [null]]]
00:28:53.322 [main] DEBUG org.springframework.test.context.cache - Spring test ApplicationContext cache statistics: [DefaultContextCache@397dfbe8 size = 1, maxSize = 32, parentContextCount = 0, hitCount = 117, missCount = 1]
00:28:53.322 [main] DEBUG org.springframework.test.context.transaction.TransactionalTestExecutionListener - Method-level @Rollback(true) overrides default rollback [true] for test context [DefaultTestContext@3369e2ce testClass = RepositorioNotificacionUsuarioTest, testInstance = com.tallerwebi.dominio.RepositorioNotificacionUsuarioTest@9fc2f89, testMethod = testObtenerNotificacionesUsuarios@RepositorioNotificacionUsuarioTest, testException = [null], mergedContextConfiguration = [WebMergedContextConfiguration@5f26cb8b testClass = RepositorioNotificacionUsuarioTest, locations = '{}', classes = '{class com.tallerwebi.integracion.config.SpringWebTestConfig, class com.tallerwebi.integracion.config.HibernateTestConfig}', contextInitializerClasses = '[]', activeProfiles = '{}', propertySourceLocations = '{}', propertySourceProperties = '{}', contextCustomizers = set[[empty]], resourceBasePath = 'src/main/webapp', contextLoader = 'org.springframework.test.context.web.WebDelegatingSmartContextLoader', parent = [null]], attributes = map['org.springframework.test.context.web.ServletTestExecutionListener.populatedRequestContextHolder' -> true, 'org.springframework.test.context.web.ServletTestExecutionListener.resetRequestContextHolder' -> true]].
00:28:53.322 [main] DEBUG org.springframework.orm.hibernate5.HibernateTransactionManager - Creating new transaction with name [com.tallerwebi.dominio.RepositorioNotificacionUsuarioTest.testObtenerNotificacionesUsuarios]: PROPAGATION_REQUIRED,ISOLATION_DEFAULT
00:28:53.322 [main] DEBUG org.springframework.orm.hibernate5.HibernateTransactionManager - Opened new Session [SessionImpl(1602711561<open>)] for Hibernate transaction
00:28:53.322 [main] DEBUG org.hibernate.engine.transaction.internal.TransactionImpl - On TransactionImpl creation, JpaCompliance#isJpaTransactionComplianceEnabled == false
00:28:53.322 [main] DEBUG org.hibernate.engine.transaction.internal.TransactionImpl - begin
00:28:53.322 [main] DEBUG org.springframework.jdbc.datasource.DriverManagerDataSource - Creating new JDBC DriverManager Connection to [jdbc:hsqldb:mem:db_]
00:28:53.322 [main] DEBUG org.springframework.orm.hibernate5.HibernateTransactionManager - Exposing Hibernate transaction as JDBC [org.springframework.orm.hibernate5.HibernateTransactionManager$$Lambda$602/0x0000000801596000@591ba330]
00:28:53.322 [main] INFO org.springframework.test.context.transaction.TransactionContext - Began transaction (1) for test context [DefaultTestContext@3369e2ce testClass = RepositorioNotificacionUsuarioTest, testInstance = com.tallerwebi.dominio.RepositorioNotificacionUsuarioTest@9fc2f89, testMethod = testObtenerNotificacionesUsuarios@RepositorioNotificacionUsuarioTest, testException = [null], mergedContextConfiguration = [WebMergedContextConfiguration@5f26cb8b testClass = RepositorioNotificacionUsuarioTest, locations = '{}', classes = '{class com.tallerwebi.integracion.config.SpringWebTestConfig, class com.tallerwebi.integracion.config.HibernateTestConfig}', contextInitializerClasses = '[]', activeProfiles = '{}', propertySourceLocations = '{}', propertySourceProperties = '{}', contextCustomizers = set[[empty]], resourceBasePath = 'src/main/webapp', contextLoader = 'org.springframework.test.context.web.WebDelegatingSmartContextLoader', parent = [null]], attributes = map['org.springframework.test.context.web.ServletTestExecutionListener.populatedRequestContextHolder' -> true, 'org.springframework.test.context.web.ServletTestExecutionListener.resetRequestContextHolder' -> true]]; transaction manager [org.springframework.orm.hibernate5.HibernateTransactionManager@6ad198c9]; rollback [true]
00:28:53.322 [main] DEBUG org.springframework.test.context.cache.DefaultCacheAwareContextLoaderDelegate - Retrieved ApplicationContext [1384210339] from cache with key [[WebMergedContextConfiguration@5f26cb8b testClass = RepositorioNotificacionUsuarioTest, locations = '{}', classes = '{class com.tallerwebi.integracion.config.SpringWebTestConfig, class com.tallerwebi.integracion.config.HibernateTestConfig}', contextInitializerClasses = '[]', activeProfiles = '{}', propertySourceLocations = '{}', propertySourceProperties = '{}', contextCustomizers = set[[empty]], resourceBasePath = 'src/main/webapp', contextLoader = 'org.springframework.test.context.web.WebDelegatingSmartContextLoader', parent = [null]]]
00:28:53.322 [main] DEBUG org.springframework.test.context.cache - Spring test ApplicationContext cache statistics: [DefaultContextCache@397dfbe8 size = 1, maxSize = 32, parentContextCount = 0, hitCount = 118, missCount = 1]
00:28:53.322 [main] DEBUG org.springframework.test.context.cache.DefaultCacheAwareContextLoaderDelegate - Retrieved ApplicationContext [1384210339] from cache with key [[WebMergedContextConfiguration@5f26cb8b testClass = RepositorioNotificacionUsuarioTest, locations = '{}', classes = '{class com.tallerwebi.integracion.config.SpringWebTestConfig, class com.tallerwebi.integracion.config.HibernateTestConfig}', contextInitializerClasses = '[]', activeProfiles = '{}', propertySourceLocations = '{}', propertySourceProperties = '{}', contextCustomizers = set[[empty]], resourceBasePath = 'src/main/webapp', contextLoader = 'org.springframework.test.context.web.WebDelegatingSmartContextLoader', parent = [null]]]
00:28:53.322 [main] DEBUG org.springframework.test.context.cache - Spring test ApplicationContext cache statistics: [DefaultContextCache@397dfbe8 size = 1, maxSize = 32, parentContextCount = 0, hitCount = 119, missCount = 1]
00:28:53.323 [main] DEBUG org.hibernate.engine.spi.ActionQueue - Executing identity-insert immediately
00:28:53.323 [main] DEBUG org.hibernate.SQL - 
    insert 
    into
        Notificacion
        (id, contenido, titulo) 
    values
        (default, ?, ?)
Hibernate: 
    insert 
    into
        Notificacion
        (id, contenido, titulo) 
    values
        (default, ?, ?)
00:28:53.323 [main] DEBUG org.hibernate.id.IdentifierGeneratorHelper - Natively generated identity: 6
00:28:53.323 [main] DEBUG org.hibernate.resource.jdbc.internal.ResourceRegistryStandardImpl - HHH000387: ResultSet's statement was not registered
00:28:53.323 [main] DEBUG org.hibernate.engine.spi.ActionQueue - Executing identity-insert immediately
00:28:53.323 [main] DEBUG org.hibernate.SQL - 
    insert 
    into
        Usuario
        (id, altura, edad, email, genero, imagen, ingestaCalorica, metaAlcanzarPeso, nivelDeActividad, nombre, password, peso, pesoInicial, premium) 
    values
        (default, ?, ?, ?, ?, ?, ?, ?, ?, ?, ?, ?, ?, ?)
Hibernate: 
    insert 
    into
        Usuario
        (id, altura, edad, email, genero, imagen, ingestaCalorica, metaAlcanzarPeso, nivelDeActividad, nombre, password, peso, pesoInicial, premium) 
    values
        (default, ?, ?, ?, ?, ?, ?, ?, ?, ?, ?, ?, ?, ?)
00:28:53.323 [main] DEBUG org.hibernate.id.IdentifierGeneratorHelper - Natively generated identity: 5
00:28:53.323 [main] DEBUG org.hibernate.resource.jdbc.internal.ResourceRegistryStandardImpl - HHH000387: ResultSet's statement was not registered
00:28:53.323 [main] DEBUG org.hibernate.engine.spi.ActionQueue - Executing identity-insert immediately
00:28:53.324 [main] DEBUG org.hibernate.SQL - 
    insert 
    into
        NotificacionUsuario
        (id, fechaHora, leida, notificacion_id, usuario_id) 
    values
        (default, ?, ?, ?, ?)
Hibernate: 
    insert 
    into
        NotificacionUsuario
        (id, fechaHora, leida, notificacion_id, usuario_id) 
    values
        (default, ?, ?, ?, ?)
00:28:53.324 [main] DEBUG org.hibernate.id.IdentifierGeneratorHelper - Natively generated identity: 4
00:28:53.324 [main] DEBUG org.hibernate.resource.jdbc.internal.ResourceRegistryStandardImpl - HHH000387: ResultSet's statement was not registered
00:28:53.324 [main] DEBUG org.hibernate.engine.spi.ActionQueue - Executing identity-insert immediately
00:28:53.324 [main] DEBUG org.hibernate.SQL - 
    insert 
    into
        Notificacion
        (id, contenido, titulo) 
    values
        (default, ?, ?)
Hibernate: 
    insert 
    into
        Notificacion
        (id, contenido, titulo) 
    values
        (default, ?, ?)
00:28:53.324 [main] DEBUG org.hibernate.id.IdentifierGeneratorHelper - Natively generated identity: 7
00:28:53.324 [main] DEBUG org.hibernate.resource.jdbc.internal.ResourceRegistryStandardImpl - HHH000387: ResultSet's statement was not registered
00:28:53.324 [main] DEBUG org.hibernate.engine.spi.ActionQueue - Executing identity-insert immediately
00:28:53.324 [main] DEBUG org.hibernate.SQL - 
    insert 
    into
        Usuario
        (id, altura, edad, email, genero, imagen, ingestaCalorica, metaAlcanzarPeso, nivelDeActividad, nombre, password, peso, pesoInicial, premium) 
    values
        (default, ?, ?, ?, ?, ?, ?, ?, ?, ?, ?, ?, ?, ?)
Hibernate: 
    insert 
    into
        Usuario
        (id, altura, edad, email, genero, imagen, ingestaCalorica, metaAlcanzarPeso, nivelDeActividad, nombre, password, peso, pesoInicial, premium) 
    values
        (default, ?, ?, ?, ?, ?, ?, ?, ?, ?, ?, ?, ?, ?)
00:28:53.325 [main] DEBUG org.hibernate.id.IdentifierGeneratorHelper - Natively generated identity: 6
00:28:53.325 [main] DEBUG org.hibernate.resource.jdbc.internal.ResourceRegistryStandardImpl - HHH000387: ResultSet's statement was not registered
00:28:53.325 [main] DEBUG org.hibernate.engine.spi.ActionQueue - Executing identity-insert immediately
00:28:53.325 [main] DEBUG org.hibernate.SQL - 
    insert 
    into
        NotificacionUsuario
        (id, fechaHora, leida, notificacion_id, usuario_id) 
    values
        (default, ?, ?, ?, ?)
Hibernate: 
    insert 
    into
        NotificacionUsuario
        (id, fechaHora, leida, notificacion_id, usuario_id) 
    values
        (default, ?, ?, ?, ?)
00:28:53.325 [main] DEBUG org.hibernate.id.IdentifierGeneratorHelper - Natively generated identity: 5
00:28:53.325 [main] DEBUG org.hibernate.resource.jdbc.internal.ResourceRegistryStandardImpl - HHH000387: ResultSet's statement was not registered
00:28:53.325 [main] DEBUG org.hibernate.engine.spi.ActionQueue - Executing identity-insert immediately
00:28:53.325 [main] DEBUG org.hibernate.SQL - 
    insert 
    into
        Notificacion
        (id, contenido, titulo) 
    values
        (default, ?, ?)
Hibernate: 
    insert 
    into
        Notificacion
        (id, contenido, titulo) 
    values
        (default, ?, ?)
00:28:53.325 [main] DEBUG org.hibernate.id.IdentifierGeneratorHelper - Natively generated identity: 8
00:28:53.325 [main] DEBUG org.hibernate.resource.jdbc.internal.ResourceRegistryStandardImpl - HHH000387: ResultSet's statement was not registered
00:28:53.325 [main] DEBUG org.hibernate.engine.spi.ActionQueue - Executing identity-insert immediately
00:28:53.325 [main] DEBUG org.hibernate.SQL - 
    insert 
    into
        Usuario
        (id, altura, edad, email, genero, imagen, ingestaCalorica, metaAlcanzarPeso, nivelDeActividad, nombre, password, peso, pesoInicial, premium) 
    values
        (default, ?, ?, ?, ?, ?, ?, ?, ?, ?, ?, ?, ?, ?)
Hibernate: 
    insert 
    into
        Usuario
        (id, altura, edad, email, genero, imagen, ingestaCalorica, metaAlcanzarPeso, nivelDeActividad, nombre, password, peso, pesoInicial, premium) 
    values
        (default, ?, ?, ?, ?, ?, ?, ?, ?, ?, ?, ?, ?, ?)
00:28:53.325 [main] DEBUG org.hibernate.id.IdentifierGeneratorHelper - Natively generated identity: 7
00:28:53.325 [main] DEBUG org.hibernate.resource.jdbc.internal.ResourceRegistryStandardImpl - HHH000387: ResultSet's statement was not registered
00:28:53.325 [main] DEBUG org.hibernate.engine.spi.ActionQueue - Executing identity-insert immediately
00:28:53.325 [main] DEBUG org.hibernate.SQL - 
    insert 
    into
        NotificacionUsuario
        (id, fechaHora, leida, notificacion_id, usuario_id) 
    values
        (default, ?, ?, ?, ?)
Hibernate: 
    insert 
    into
        NotificacionUsuario
        (id, fechaHora, leida, notificacion_id, usuario_id) 
    values
        (default, ?, ?, ?, ?)
00:28:53.325 [main] DEBUG org.hibernate.id.IdentifierGeneratorHelper - Natively generated identity: 6
00:28:53.325 [main] DEBUG org.hibernate.resource.jdbc.internal.ResourceRegistryStandardImpl - HHH000387: ResultSet's statement was not registered
00:28:53.327 [main] DEBUG org.springframework.orm.hibernate5.HibernateTransactionManager - Found thread-bound Session [SessionImpl(1602711561<open>)] for Hibernate transaction
00:28:53.327 [main] DEBUG org.springframework.orm.hibernate5.HibernateTransactionManager - Participating in existing transaction
00:28:53.327 [main] DEBUG org.hibernate.hql.internal.ast.QueryTranslatorImpl - parse() - HQL: from com.tallerwebi.dominio.NotificacionUsuario
00:28:53.327 [main] DEBUG org.hibernate.hql.internal.ast.ErrorTracker - throwQueryException() : no errors
00:28:53.327 [main] DEBUG org.hibernate.hql.internal.ast.QueryTranslatorImpl - --- HQL AST ---
 \-[QUERY] Node: 'query'
    \-[SELECT_FROM] Node: 'SELECT_FROM'
       \-[FROM] Node: 'from'
          \-[RANGE] Node: 'RANGE'
             \-[DOT] Node: '.'
                +-[DOT] Node: '.'
                |  +-[DOT] Node: '.'
                |  |  +-[IDENT] Node: 'com'
                |  |  \-[IDENT] Node: 'tallerwebi'
                |  \-[IDENT] Node: 'dominio'
                \-[IDENT] Node: 'NotificacionUsuario'

00:28:53.327 [main] DEBUG org.hibernate.hql.internal.antlr.HqlSqlBaseWalker - select << begin [level=1, statement=select]
00:28:53.327 [main] DEBUG org.hibernate.hql.internal.ast.tree.FromElement - FromClause{level=1} : com.tallerwebi.dominio.NotificacionUsuario (<no alias>) -> notificaci0_
00:28:53.327 [main] DEBUG org.hibernate.hql.internal.antlr.HqlSqlBaseWalker - select : finishing up [level=1, statement=select]
00:28:53.327 [main] DEBUG org.hibernate.hql.internal.ast.HqlSqlWalker - processQuery() :  ( SELECT ( FromClause{level=1} NotificacionUsuario notificaci0_ ) )
00:28:53.328 [main] DEBUG org.hibernate.hql.internal.ast.HqlSqlWalker - Derived SELECT clause created.
00:28:53.328 [main] DEBUG org.hibernate.hql.internal.ast.util.JoinProcessor - Tables referenced from query nodes:
 \-QueryNode
    +-SelectClause
    | referencedTables(entity NotificacionUsuario): [NotificacionUsuario]
    |  +-SelectExpressionImpl
    |  | persister: SingleTableEntityPersister(com.tallerwebi.dominio.NotificacionUsuario)
    |  \-SqlFragment
    \-FromClause
       \-FromElement

00:28:53.328 [main] DEBUG org.hibernate.hql.internal.ast.util.JoinProcessor - Using FROM fragment [NotificacionUsuario notificaci0_]
00:28:53.328 [main] DEBUG org.hibernate.hql.internal.antlr.HqlSqlBaseWalker - select >> end [level=1, statement=select]
00:28:53.328 [main] DEBUG org.hibernate.hql.internal.ast.QueryTranslatorImpl - --- SQL AST ---
 \-[SELECT] QueryNode: 'SELECT'  querySpaces (NotificacionUsuario)
    +-[SELECT_CLAUSE] SelectClause: '{derived select clause}'
    |  +-[SELECT_EXPR] SelectExpressionImpl: 'notificaci0_.id as id1_10_' {FromElement{explicit,not a collection join,not a fetch join,fetch non-lazy properties,classAlias=null,role=null,tableName=NotificacionUsuario,tableAlias=notificaci0_,origin=null,columns={,className=com.tallerwebi.dominio.NotificacionUsuario}}}
    |  \-[SQL_TOKEN] SqlFragment: 'notificaci0_.fechaHora as fechahor2_10_, notificaci0_.leida as leida3_10_, notificaci0_.notificacion_id as notifica4_10_, notificaci0_.usuario_id as usuario_5_10_'
    \-[FROM] FromClause: 'from' FromClause{level=1, fromElementCounter=1, fromElements=1, fromElementByClassAlias=[], fromElementByTableAlias=[notificaci0_], fromElementsByPath=[], collectionJoinFromElementsByPath=[], impliedElements=[]}
       \-[FROM_FRAGMENT] FromElement: 'NotificacionUsuario notificaci0_' FromElement{explicit,not a collection join,not a fetch join,fetch non-lazy properties,classAlias=null,role=null,tableName=NotificacionUsuario,tableAlias=notificaci0_,origin=null,columns={,className=com.tallerwebi.dominio.NotificacionUsuario}}

00:28:53.328 [main] DEBUG org.hibernate.hql.internal.ast.ErrorTracker - throwQueryException() : no errors
00:28:53.328 [main] DEBUG org.hibernate.hql.internal.ast.QueryTranslatorImpl - HQL: from com.tallerwebi.dominio.NotificacionUsuario
00:28:53.328 [main] DEBUG org.hibernate.hql.internal.ast.QueryTranslatorImpl - SQL: select notificaci0_.id as id1_10_, notificaci0_.fechaHora as fechahor2_10_, notificaci0_.leida as leida3_10_, notificaci0_.notificacion_id as notifica4_10_, notificaci0_.usuario_id as usuario_5_10_ from NotificacionUsuario notificaci0_
00:28:53.328 [main] DEBUG org.hibernate.hql.internal.ast.ErrorTracker - throwQueryException() : no errors
00:28:53.328 [main] DEBUG org.hibernate.event.internal.AbstractFlushingEventListener - Processing flush-time cascades
00:28:53.328 [main] DEBUG org.hibernate.event.internal.AbstractFlushingEventListener - Dirty checking collections
00:28:53.328 [main] DEBUG org.hibernate.engine.internal.Collections - Collection found: [com.tallerwebi.dominio.Usuario.desafiosCompletados#5], was: [<unreferenced>] (initialized)
00:28:53.328 [main] DEBUG org.hibernate.engine.internal.Collections - Collection found: [com.tallerwebi.dominio.Usuario.desafiosCompletados#6], was: [<unreferenced>] (initialized)
00:28:53.328 [main] DEBUG org.hibernate.engine.internal.Collections - Collection found: [com.tallerwebi.dominio.Usuario.desafiosCompletados#7], was: [<unreferenced>] (initialized)
00:28:53.328 [main] DEBUG org.hibernate.event.internal.AbstractFlushingEventListener - Flushed: 0 insertions, 0 updates, 0 deletions to 9 objects
00:28:53.328 [main] DEBUG org.hibernate.event.internal.AbstractFlushingEventListener - Flushed: 3 (re)creations, 0 updates, 0 removals to 3 collections
00:28:53.328 [main] DEBUG org.hibernate.internal.util.EntityPrinter - Listing entities:
00:28:53.328 [main] DEBUG org.hibernate.internal.util.EntityPrinter - com.tallerwebi.dominio.Notificacion{contenido=null, titulo=null, id=8}
00:28:53.328 [main] DEBUG org.hibernate.internal.util.EntityPrinter - com.tallerwebi.dominio.Notificacion{contenido=null, titulo=null, id=7}
00:28:53.329 [main] DEBUG org.hibernate.internal.util.EntityPrinter - com.tallerwebi.dominio.Notificacion{contenido=null, titulo=null, id=6}
00:28:53.329 [main] DEBUG org.hibernate.internal.util.EntityPrinter - com.tallerwebi.dominio.Usuario{ingestaCalorica=null, peso=null, desafiosCompletados=[], imagen=null, colaciones=null, edad=null, nombre=null, password=null, premium=false, metaAlcanzarPeso=null, altura=null, genero=null, id=5, nivelDeActividad=null, email=null, pesoInicial=null}
00:28:53.329 [main] DEBUG org.hibernate.internal.util.EntityPrinter - com.tallerwebi.dominio.Usuario{ingestaCalorica=null, peso=null, desafiosCompletados=[], imagen=null, colaciones=null, edad=null, nombre=null, password=null, premium=false, metaAlcanzarPeso=null, altura=null, genero=null, id=7, nivelDeActividad=null, email=null, pesoInicial=null}
00:28:53.329 [main] DEBUG org.hibernate.internal.util.EntityPrinter - com.tallerwebi.dominio.Usuario{ingestaCalorica=null, peso=null, desafiosCompletados=[], imagen=null, colaciones=null, edad=null, nombre=null, password=null, premium=false, metaAlcanzarPeso=null, altura=null, genero=null, id=6, nivelDeActividad=null, email=null, pesoInicial=null}
00:28:53.329 [main] DEBUG org.hibernate.internal.util.EntityPrinter - com.tallerwebi.dominio.NotificacionUsuario{fechaHora=null, usuario=com.tallerwebi.dominio.Usuario#5, id=4, leida=false, notificacion=com.tallerwebi.dominio.Notificacion#6}
00:28:53.329 [main] DEBUG org.hibernate.internal.util.EntityPrinter - com.tallerwebi.dominio.NotificacionUsuario{fechaHora=null, usuario=com.tallerwebi.dominio.Usuario#6, id=5, leida=false, notificacion=com.tallerwebi.dominio.Notificacion#7}
00:28:53.329 [main] DEBUG org.hibernate.internal.util.EntityPrinter - com.tallerwebi.dominio.NotificacionUsuario{fechaHora=null, usuario=com.tallerwebi.dominio.Usuario#7, id=6, leida=false, notificacion=com.tallerwebi.dominio.Notificacion#8}
00:28:53.329 [main] DEBUG org.hibernate.SQL - 
    select
        notificaci0_.id as id1_10_,
        notificaci0_.fechaHora as fechahor2_10_,
        notificaci0_.leida as leida3_10_,
        notificaci0_.notificacion_id as notifica4_10_,
        notificaci0_.usuario_id as usuario_5_10_ 
    from
        NotificacionUsuario notificaci0_
Hibernate: 
    select
        notificaci0_.id as id1_10_,
        notificaci0_.fechaHora as fechahor2_10_,
        notificaci0_.leida as leida3_10_,
        notificaci0_.notificacion_id as notifica4_10_,
        notificaci0_.usuario_id as usuario_5_10_ 
    from
        NotificacionUsuario notificaci0_
00:28:53.329 [main] DEBUG org.hibernate.loader.Loader - Result set row: 0
00:28:53.329 [main] DEBUG org.hibernate.loader.Loader - Result row: EntityKey[com.tallerwebi.dominio.NotificacionUsuario#4]
00:28:53.329 [main] DEBUG org.hibernate.loader.Loader - Result set row: 1
00:28:53.329 [main] DEBUG org.hibernate.loader.Loader - Result row: EntityKey[com.tallerwebi.dominio.NotificacionUsuario#5]
00:28:53.329 [main] DEBUG org.hibernate.loader.Loader - Result set row: 2
00:28:53.329 [main] DEBUG org.hibernate.loader.Loader - Result row: EntityKey[com.tallerwebi.dominio.NotificacionUsuario#6]
00:28:53.329 [main] DEBUG org.springframework.test.context.cache.DefaultCacheAwareContextLoaderDelegate - Retrieved ApplicationContext [1384210339] from cache with key [[WebMergedContextConfiguration@5f26cb8b testClass = RepositorioNotificacionUsuarioTest, locations = '{}', classes = '{class com.tallerwebi.integracion.config.SpringWebTestConfig, class com.tallerwebi.integracion.config.HibernateTestConfig}', contextInitializerClasses = '[]', activeProfiles = '{}', propertySourceLocations = '{}', propertySourceProperties = '{}', contextCustomizers = set[[empty]], resourceBasePath = 'src/main/webapp', contextLoader = 'org.springframework.test.context.web.WebDelegatingSmartContextLoader', parent = [null]]]
00:28:53.329 [main] DEBUG org.springframework.test.context.cache - Spring test ApplicationContext cache statistics: [DefaultContextCache@397dfbe8 size = 1, maxSize = 32, parentContextCount = 0, hitCount = 120, missCount = 1]
00:28:53.331 [main] DEBUG org.springframework.test.context.cache.DefaultCacheAwareContextLoaderDelegate - Retrieved ApplicationContext [1384210339] from cache with key [[WebMergedContextConfiguration@5f26cb8b testClass = RepositorioNotificacionUsuarioTest, locations = '{}', classes = '{class com.tallerwebi.integracion.config.SpringWebTestConfig, class com.tallerwebi.integracion.config.HibernateTestConfig}', contextInitializerClasses = '[]', activeProfiles = '{}', propertySourceLocations = '{}', propertySourceProperties = '{}', contextCustomizers = set[[empty]], resourceBasePath = 'src/main/webapp', contextLoader = 'org.springframework.test.context.web.WebDelegatingSmartContextLoader', parent = [null]]]
00:28:53.331 [main] DEBUG org.springframework.test.context.cache - Spring test ApplicationContext cache statistics: [DefaultContextCache@397dfbe8 size = 1, maxSize = 32, parentContextCount = 0, hitCount = 121, missCount = 1]
00:28:53.331 [main] DEBUG org.springframework.orm.hibernate5.HibernateTransactionManager - Initiating transaction rollback
00:28:53.331 [main] DEBUG org.springframework.orm.hibernate5.HibernateTransactionManager - Rolling back Hibernate transaction on Session [SessionImpl(1602711561<open>)]
00:28:53.331 [main] DEBUG org.hibernate.engine.transaction.internal.TransactionImpl - rolling back
00:28:53.331 [main] DEBUG org.springframework.orm.hibernate5.HibernateTransactionManager - Closing Hibernate Session [SessionImpl(1602711561<open>)] after transaction
00:28:53.331 [main] INFO org.springframework.test.context.transaction.TransactionContext - Rolled back transaction for test: [DefaultTestContext@3369e2ce testClass = RepositorioNotificacionUsuarioTest, testInstance = com.tallerwebi.dominio.RepositorioNotificacionUsuarioTest@9fc2f89, testMethod = testObtenerNotificacionesUsuarios@RepositorioNotificacionUsuarioTest, testException = [null], mergedContextConfiguration = [WebMergedContextConfiguration@5f26cb8b testClass = RepositorioNotificacionUsuarioTest, locations = '{}', classes = '{class com.tallerwebi.integracion.config.SpringWebTestConfig, class com.tallerwebi.integracion.config.HibernateTestConfig}', contextInitializerClasses = '[]', activeProfiles = '{}', propertySourceLocations = '{}', propertySourceProperties = '{}', contextCustomizers = set[[empty]], resourceBasePath = 'src/main/webapp', contextLoader = 'org.springframework.test.context.web.WebDelegatingSmartContextLoader', parent = [null]], attributes = map['org.springframework.test.context.web.ServletTestExecutionListener.populatedRequestContextHolder' -> true, 'org.springframework.test.context.web.ServletTestExecutionListener.resetRequestContextHolder' -> true]]
00:28:53.331 [main] DEBUG org.springframework.test.context.support.AbstractDirtiesContextTestExecutionListener - After test method: context [DefaultTestContext@3369e2ce testClass = RepositorioNotificacionUsuarioTest, testInstance = com.tallerwebi.dominio.RepositorioNotificacionUsuarioTest@9fc2f89, testMethod = testObtenerNotificacionesUsuarios@RepositorioNotificacionUsuarioTest, testException = [null], mergedContextConfiguration = [WebMergedContextConfiguration@5f26cb8b testClass = RepositorioNotificacionUsuarioTest, locations = '{}', classes = '{class com.tallerwebi.integracion.config.SpringWebTestConfig, class com.tallerwebi.integracion.config.HibernateTestConfig}', contextInitializerClasses = '[]', activeProfiles = '{}', propertySourceLocations = '{}', propertySourceProperties = '{}', contextCustomizers = set[[empty]], resourceBasePath = 'src/main/webapp', contextLoader = 'org.springframework.test.context.web.WebDelegatingSmartContextLoader', parent = [null]], attributes = map['org.springframework.test.context.web.ServletTestExecutionListener.populatedRequestContextHolder' -> true, 'org.springframework.test.context.web.ServletTestExecutionListener.resetRequestContextHolder' -> true]], class annotated with @DirtiesContext [false] with mode [null], method annotated with @DirtiesContext [false] with mode [null].
00:28:53.331 [main] DEBUG org.springframework.test.context.web.ServletTestExecutionListener - Resetting RequestContextHolder for test context [DefaultTestContext@3369e2ce testClass = RepositorioNotificacionUsuarioTest, testInstance = com.tallerwebi.dominio.RepositorioNotificacionUsuarioTest@9fc2f89, testMethod = testObtenerNotificacionesUsuarios@RepositorioNotificacionUsuarioTest, testException = [null], mergedContextConfiguration = [WebMergedContextConfiguration@5f26cb8b testClass = RepositorioNotificacionUsuarioTest, locations = '{}', classes = '{class com.tallerwebi.integracion.config.SpringWebTestConfig, class com.tallerwebi.integracion.config.HibernateTestConfig}', contextInitializerClasses = '[]', activeProfiles = '{}', propertySourceLocations = '{}', propertySourceProperties = '{}', contextCustomizers = set[[empty]], resourceBasePath = 'src/main/webapp', contextLoader = 'org.springframework.test.context.web.WebDelegatingSmartContextLoader', parent = [null]], attributes = map['org.springframework.test.context.web.ServletTestExecutionListener.populatedRequestContextHolder' -> true, 'org.springframework.test.context.web.ServletTestExecutionListener.resetRequestContextHolder' -> true]].
]]></system-out>
  </testcase>
</testsuite>