<?xml version="1.0" encoding="UTF-8"?>
<testsuite xmlns:xsi="http://www.w3.org/2001/XMLSchema-instance" xsi:noNamespaceSchemaLocation="https://maven.apache.org/surefire/maven-surefire-plugin/xsd/surefire-test-report-3.0.xsd" version="3.0" name="com.tallerwebi.dominio.RepositorioAlimentoTest" time="3.007" tests="4" errors="4" skipped="0" failures="0">
  <properties>
    <property name="java.specification.version" value="20"/>
    <property name="sun.cpu.isalist" value="amd64"/>
    <property name="sun.jnu.encoding" value="Cp1252"/>
    <property name="java.class.path" value="C:\Users\Admin\Downloads\grupo4-main\grupo4-main\Fatloss\target\test-classes;C:\Users\Admin\Downloads\grupo4-main\grupo4-main\Fatloss\target\classes;C:\Users\Admin\.m2\repository\com\mercadopago\sdk-java\2.1.21\sdk-java-2.1.21.jar;C:\Users\Admin\.m2\repository\org\apache\maven\plugins\maven-javadoc-plugin\3.6.3\maven-javadoc-plugin-3.6.3.jar;C:\Users\Admin\.m2\repository\javax\inject\javax.inject\1\javax.inject-1.jar;C:\Users\Admin\.m2\repository\org\apache\maven\reporting\maven-reporting-api\3.1.1\maven-reporting-api-3.1.1.jar;C:\Users\Admin\.m2\repository\org\apache\maven\maven-archiver\3.6.1\maven-archiver-3.6.1.jar;C:\Users\Admin\.m2\repository\org\apache\maven\shared\maven-invoker\3.2.0\maven-invoker-3.2.0.jar;C:\Users\Admin\.m2\repository\org\apache\maven\shared\maven-shared-utils\3.4.2\maven-shared-utils-3.4.2.jar;C:\Users\Admin\.m2\repository\org\apache\maven\shared\maven-common-artifact-filters\3.2.0\maven-common-artifact-filters-3.2.0.jar;C:\Users\Admin\.m2\repository\org\eclipse\aether\aether-api\0.9.0.M2\aether-api-0.9.0.M2.jar;C:\Users\Admin\.m2\repository\org\eclipse\aether\aether-util\0.9.0.M2\aether-util-0.9.0.M2.jar;C:\Users\Admin\.m2\repository\org\apache\maven\doxia\doxia-sink-api\1.11.1\doxia-sink-api-1.11.1.jar;C:\Users\Admin\.m2\repository\org\apache\maven\doxia\doxia-logging-api\1.11.1\doxia-logging-api-1.11.1.jar;C:\Users\Admin\.m2\repository\org\apache\maven\doxia\doxia-site-renderer\1.11.1\doxia-site-renderer-1.11.1.jar;C:\Users\Admin\.m2\repository\org\apache\maven\doxia\doxia-core\1.11.1\doxia-core-1.11.1.jar;C:\Users\Admin\.m2\repository\org\apache\maven\doxia\doxia-decoration-model\1.11.1\doxia-decoration-model-1.11.1.jar;C:\Users\Admin\.m2\repository\org\apache\maven\doxia\doxia-skin-model\1.11.1\doxia-skin-model-1.11.1.jar;C:\Users\Admin\.m2\repository\org\apache\maven\doxia\doxia-module-xhtml\1.11.1\doxia-module-xhtml-1.11.1.jar;C:\Users\Admin\.m2\repository\org\apache\maven\doxia\doxia-module-xhtml5\1.11.1\doxia-module-xhtml5-1.11.1.jar;C:\Users\Admin\.m2\repository\org\codehaus\plexus\plexus-i18n\1.0-beta-10\plexus-i18n-1.0-beta-10.jar;C:\Users\Admin\.m2\repository\org\codehaus\plexus\plexus-container-default\1.0-alpha-30\plexus-container-default-1.0-alpha-30.jar;C:\Users\Admin\.m2\repository\junit\junit\3.8.1\junit-3.8.1.jar;C:\Users\Admin\.m2\repository\org\codehaus\plexus\plexus-velocity\1.2\plexus-velocity-1.2.jar;C:\Users\Admin\.m2\repository\commons-collections\commons-collections\3.2.2\commons-collections-3.2.2.jar;C:\Users\Admin\.m2\repository\org\apache\maven\wagon\wagon-provider-api\2.4\wagon-provider-api-2.4.jar;C:\Users\Admin\.m2\repository\org\apache\commons\commons-lang3\3.14.0\commons-lang3-3.14.0.jar;C:\Users\Admin\.m2\repository\org\apache\commons\commons-text\1.11.0\commons-text-1.11.0.jar;C:\Users\Admin\.m2\repository\org\apache\httpcomponents\httpcore\4.4.16\httpcore-4.4.16.jar;C:\Users\Admin\.m2\repository\com\thoughtworks\qdox\qdox\2.0.3\qdox-2.0.3.jar;C:\Users\Admin\.m2\repository\org\codehaus\plexus\plexus-java\1.2.0\plexus-java-1.2.0.jar;C:\Users\Admin\.m2\repository\org\ow2\asm\asm\9.6\asm-9.6.jar;C:\Users\Admin\.m2\repository\org\codehaus\plexus\plexus-utils\4.0.0\plexus-utils-4.0.0.jar;C:\Users\Admin\.m2\repository\org\codehaus\plexus\plexus-xml\3.0.0\plexus-xml-3.0.0.jar;C:\Users\Admin\.m2\repository\org\codehaus\plexus\plexus-io\3.4.1\plexus-io-3.4.1.jar;C:\Users\Admin\.m2\repository\org\codehaus\plexus\plexus-archiver\4.9.0\plexus-archiver-4.9.0.jar;C:\Users\Admin\.m2\repository\org\apache\commons\commons-compress\1.24.0\commons-compress-1.24.0.jar;C:\Users\Admin\.m2\repository\org\iq80\snappy\snappy\0.4\snappy-0.4.jar;C:\Users\Admin\.m2\repository\org\tukaani\xz\1.9\xz-1.9.jar;C:\Users\Admin\.m2\repository\com\github\luben\zstd-jni\1.5.5-10\zstd-jni-1.5.5-10.jar;C:\Users\Admin\.m2\repository\org\codehaus\plexus\plexus-interactivity-api\1.1\plexus-interactivity-api-1.1.jar;C:\Users\Admin\.m2\repository\org\apache\velocity\velocity-engine-core\2.3\velocity-engine-core-2.3.jar;C:\Users\Admin\.m2\repository\org\apache\velocity\tools\velocity-tools-generic\3.1\velocity-tools-generic-3.1.jar;C:\Users\Admin\.m2\repository\commons-beanutils\commons-beanutils\1.9.4\commons-beanutils-1.9.4.jar;C:\Users\Admin\.m2\repository\org\apache\commons\commons-digester3\3.2\commons-digester3-3.2.jar;C:\Users\Admin\.m2\repository\com\github\cliftonlabs\json-simple\3.0.2\json-simple-3.0.2.jar;C:\Users\Admin\.m2\repository\commons-lang\commons-lang\2.6\commons-lang-2.6.jar;C:\Users\Admin\.m2\repository\org\apache\httpcomponents\httpclient\4.5.13\httpclient-4.5.13.jar;C:\Users\Admin\.m2\repository\commons-logging\commons-logging\1.2\commons-logging-1.2.jar;C:\Users\Admin\.m2\repository\commons-codec\commons-codec\1.11\commons-codec-1.11.jar;C:\Users\Admin\.m2\repository\com\google\code\gson\gson\2.8.9\gson-2.8.9.jar;C:\Users\Admin\.m2\repository\org\apache\maven\maven-core\3.9.6\maven-core-3.9.6.jar;C:\Users\Admin\.m2\repository\org\apache\maven\maven-model\3.9.6\maven-model-3.9.6.jar;C:\Users\Admin\.m2\repository\org\apache\maven\maven-settings\3.9.6\maven-settings-3.9.6.jar;C:\Users\Admin\.m2\repository\org\apache\maven\maven-settings-builder\3.9.6\maven-settings-builder-3.9.6.jar;C:\Users\Admin\.m2\repository\org\codehaus\plexus\plexus-sec-dispatcher\2.0\plexus-sec-dispatcher-2.0.jar;C:\Users\Admin\.m2\repository\org\codehaus\plexus\plexus-cipher\2.0\plexus-cipher-2.0.jar;C:\Users\Admin\.m2\repository\org\apache\maven\maven-builder-support\3.9.6\maven-builder-support-3.9.6.jar;C:\Users\Admin\.m2\repository\org\apache\maven\maven-repository-metadata\3.9.6\maven-repository-metadata-3.9.6.jar;C:\Users\Admin\.m2\repository\org\apache\maven\maven-artifact\3.9.6\maven-artifact-3.9.6.jar;C:\Users\Admin\.m2\repository\org\apache\maven\maven-plugin-api\3.9.6\maven-plugin-api-3.9.6.jar;C:\Users\Admin\.m2\repository\org\apache\maven\maven-model-builder\3.9.6\maven-model-builder-3.9.6.jar;C:\Users\Admin\.m2\repository\org\apache\maven\maven-resolver-provider\3.9.6\maven-resolver-provider-3.9.6.jar;C:\Users\Admin\.m2\repository\org\apache\maven\resolver\maven-resolver-impl\1.9.18\maven-resolver-impl-1.9.18.jar;C:\Users\Admin\.m2\repository\org\apache\maven\resolver\maven-resolver-named-locks\1.9.18\maven-resolver-named-locks-1.9.18.jar;C:\Users\Admin\.m2\repository\org\apache\maven\resolver\maven-resolver-api\1.9.18\maven-resolver-api-1.9.18.jar;C:\Users\Admin\.m2\repository\org\apache\maven\resolver\maven-resolver-spi\1.9.18\maven-resolver-spi-1.9.18.jar;C:\Users\Admin\.m2\repository\org\apache\maven\resolver\maven-resolver-util\1.9.18\maven-resolver-util-1.9.18.jar;C:\Users\Admin\.m2\repository\org\eclipse\sisu\org.eclipse.sisu.plexus\0.9.0.M2\org.eclipse.sisu.plexus-0.9.0.M2.jar;C:\Users\Admin\.m2\repository\javax\annotation\javax.annotation-api\1.2\javax.annotation-api-1.2.jar;C:\Users\Admin\.m2\repository\org\eclipse\sisu\org.eclipse.sisu.inject\0.9.0.M2\org.eclipse.sisu.inject-0.9.0.M2.jar;C:\Users\Admin\.m2\repository\com\google\inject\guice\5.1.0\guice-5.1.0.jar;C:\Users\Admin\.m2\repository\aopalliance\aopalliance\1.0\aopalliance-1.0.jar;C:\Users\Admin\.m2\repository\com\google\guava\guava\32.0.1-jre\guava-32.0.1-jre.jar;C:\Users\Admin\.m2\repository\com\google\guava\failureaccess\1.0.1\failureaccess-1.0.1.jar;C:\Users\Admin\.m2\repository\org\codehaus\plexus\plexus-classworlds\2.7.0\plexus-classworlds-2.7.0.jar;C:\Users\Admin\.m2\repository\org\codehaus\plexus\plexus-interpolation\1.26\plexus-interpolation-1.26.jar;C:\Users\Admin\.m2\repository\org\codehaus\plexus\plexus-component-annotations\2.1.0\plexus-component-annotations-2.1.0.jar;C:\Users\Admin\.m2\repository\org\projectlombok\lombok\1.18.26\lombok-1.18.26.jar;C:\Users\Admin\.m2\repository\org\springframework\spring-webmvc\5.2.22.RELEASE\spring-webmvc-5.2.22.RELEASE.jar;C:\Users\Admin\.m2\repository\org\springframework\spring-aop\5.2.22.RELEASE\spring-aop-5.2.22.RELEASE.jar;C:\Users\Admin\.m2\repository\org\springframework\spring-beans\5.2.22.RELEASE\spring-beans-5.2.22.RELEASE.jar;C:\Users\Admin\.m2\repository\org\springframework\spring-context\5.2.22.RELEASE\spring-context-5.2.22.RELEASE.jar;C:\Users\Admin\.m2\repository\org\springframework\spring-core\5.2.22.RELEASE\spring-core-5.2.22.RELEASE.jar;C:\Users\Admin\.m2\repository\org\springframework\spring-jcl\5.2.22.RELEASE\spring-jcl-5.2.22.RELEASE.jar;C:\Users\Admin\.m2\repository\org\springframework\spring-expression\5.2.22.RELEASE\spring-expression-5.2.22.RELEASE.jar;C:\Users\Admin\.m2\repository\org\springframework\spring-web\5.2.22.RELEASE\spring-web-5.2.22.RELEASE.jar;C:\Users\Admin\.m2\repository\commons-fileupload\commons-fileupload\1.4\commons-fileupload-1.4.jar;C:\Users\Admin\.m2\repository\commons-io\commons-io\2.2\commons-io-2.2.jar;C:\Users\Admin\.m2\repository\org\springframework\spring-orm\5.2.22.RELEASE\spring-orm-5.2.22.RELEASE.jar;C:\Users\Admin\.m2\repository\org\springframework\spring-tx\5.2.22.RELEASE\spring-tx-5.2.22.RELEASE.jar;C:\Users\Admin\.m2\repository\ch\qos\logback\logback-classic\1.2.11\logback-classic-1.2.11.jar;C:\Users\Admin\.m2\repository\ch\qos\logback\logback-core\1.2.11\logback-core-1.2.11.jar;C:\Users\Admin\.m2\repository\org\slf4j\slf4j-api\1.7.32\slf4j-api-1.7.32.jar;C:\Users\Admin\.m2\repository\org\springframework\spring-jdbc\5.2.22.RELEASE\spring-jdbc-5.2.22.RELEASE.jar;C:\Users\Admin\.m2\repository\org\hsqldb\hsqldb\2.3.2\hsqldb-2.3.2.jar;C:\Users\Admin\.m2\repository\org\jfree\jfreechart\1.5.3\jfreechart-1.5.3.jar;C:\Users\Admin\.m2\repository\org\thymeleaf\thymeleaf-spring5\3.0.15.RELEASE\thymeleaf-spring5-3.0.15.RELEASE.jar;C:\Users\Admin\.m2\repository\org\thymeleaf\thymeleaf\3.0.15.RELEASE\thymeleaf-3.0.15.RELEASE.jar;C:\Users\Admin\.m2\repository\org\attoparser\attoparser\2.0.5.RELEASE\attoparser-2.0.5.RELEASE.jar;C:\Users\Admin\.m2\repository\org\unbescape\unbescape\1.1.6.RELEASE\unbescape-1.1.6.RELEASE.jar;C:\Users\Admin\.m2\repository\mysql\mysql-connector-java\8.0.28\mysql-connector-java-8.0.28.jar;C:\Users\Admin\.m2\repository\com\google\protobuf\protobuf-java\3.11.4\protobuf-java-3.11.4.jar;C:\Users\Admin\.m2\repository\org\webjars\bootstrap\5.2.0\bootstrap-5.2.0.jar;C:\Users\Admin\.m2\repository\jakarta\servlet\jakarta.servlet-api\4.0.4\jakarta.servlet-api-4.0.4.jar;C:\Users\Admin\.m2\repository\org\springframework\spring-test\5.2.22.RELEASE\spring-test-5.2.22.RELEASE.jar;C:\Users\Admin\.m2\repository\org\junit\jupiter\junit-jupiter-engine\5.9.0\junit-jupiter-engine-5.9.0.jar;C:\Users\Admin\.m2\repository\org\junit\platform\junit-platform-engine\1.9.0\junit-platform-engine-1.9.0.jar;C:\Users\Admin\.m2\repository\org\junit\platform\junit-platform-commons\1.9.0\junit-platform-commons-1.9.0.jar;C:\Users\Admin\.m2\repository\org\junit\jupiter\junit-jupiter-api\5.9.0\junit-jupiter-api-5.9.0.jar;C:\Users\Admin\.m2\repository\org\apiguardian\apiguardian-api\1.1.2\apiguardian-api-1.1.2.jar;C:\Users\Admin\.m2\repository\org\mockito\mockito-core\5.3.1\mockito-core-5.3.1.jar;C:\Users\Admin\.m2\repository\net\bytebuddy\byte-buddy\1.14.4\byte-buddy-1.14.4.jar;C:\Users\Admin\.m2\repository\net\bytebuddy\byte-buddy-agent\1.14.4\byte-buddy-agent-1.14.4.jar;C:\Users\Admin\.m2\repository\org\objenesis\objenesis\3.3\objenesis-3.3.jar;C:\Users\Admin\.m2\repository\org\hamcrest\hamcrest-core\2.2\hamcrest-core-2.2.jar;C:\Users\Admin\.m2\repository\org\hamcrest\hamcrest\2.2\hamcrest-2.2.jar;C:\Users\Admin\.m2\repository\org\hibernate\hibernate-core\5.4.24.Final\hibernate-core-5.4.24.Final.jar;C:\Users\Admin\.m2\repository\org\jboss\logging\jboss-logging\3.4.1.Final\jboss-logging-3.4.1.Final.jar;C:\Users\Admin\.m2\repository\javax\persistence\javax.persistence-api\2.2\javax.persistence-api-2.2.jar;C:\Users\Admin\.m2\repository\org\javassist\javassist\3.27.0-GA\javassist-3.27.0-GA.jar;C:\Users\Admin\.m2\repository\antlr\antlr\2.7.7\antlr-2.7.7.jar;C:\Users\Admin\.m2\repository\org\jboss\spec\javax\transaction\jboss-transaction-api_1.2_spec\1.1.1.Final\jboss-transaction-api_1.2_spec-1.1.1.Final.jar;C:\Users\Admin\.m2\repository\org\jboss\jandex\2.1.3.Final\jandex-2.1.3.Final.jar;C:\Users\Admin\.m2\repository\com\fasterxml\classmate\1.5.1\classmate-1.5.1.jar;C:\Users\Admin\.m2\repository\javax\activation\javax.activation-api\1.2.0\javax.activation-api-1.2.0.jar;C:\Users\Admin\.m2\repository\org\dom4j\dom4j\2.1.3\dom4j-2.1.3.jar;C:\Users\Admin\.m2\repository\org\hibernate\common\hibernate-commons-annotations\5.1.2.Final\hibernate-commons-annotations-5.1.2.Final.jar;C:\Users\Admin\.m2\repository\javax\xml\bind\jaxb-api\2.3.1\jaxb-api-2.3.1.jar;C:\Users\Admin\.m2\repository\org\glassfish\jaxb\jaxb-runtime\2.3.1\jaxb-runtime-2.3.1.jar;C:\Users\Admin\.m2\repository\org\glassfish\jaxb\txw2\2.3.1\txw2-2.3.1.jar;C:\Users\Admin\.m2\repository\com\sun\istack\istack-commons-runtime\3.0.7\istack-commons-runtime-3.0.7.jar;C:\Users\Admin\.m2\repository\org\jvnet\staxex\stax-ex\1.8\stax-ex-1.8.jar;C:\Users\Admin\.m2\repository\com\sun\xml\fastinfoset\FastInfoset\1.2.15\FastInfoset-1.2.15.jar;C:\Users\Admin\.m2\repository\com\microsoft\playwright\playwright\1.36.0\playwright-1.36.0.jar;C:\Users\Admin\.m2\repository\org\opentest4j\opentest4j\1.2.0\opentest4j-1.2.0.jar;C:\Users\Admin\.m2\repository\com\microsoft\playwright\driver\1.36.0\driver-1.36.0.jar;C:\Users\Admin\.m2\repository\com\microsoft\playwright\driver-bundle\1.36.0\driver-bundle-1.36.0.jar;"/>
    <property name="java.vm.vendor" value="Oracle Corporation"/>
    <property name="sun.arch.data.model" value="64"/>
    <property name="user.variant" value=""/>
    <property name="java.vendor.url" value="https://java.oracle.com/"/>
    <property name="user.timezone" value="America/Buenos_Aires"/>
    <property name="os.name" value="Windows 11"/>
    <property name="java.vm.specification.version" value="20"/>
    <property name="sun.java.launcher" value="SUN_STANDARD"/>
    <property name="user.country" value="MX"/>
    <property name="sun.boot.library.path" value="C:\Program Files\Java\jdk-20\bin"/>
    <property name="sun.java.command" value="C:\Users\Admin\AppData\Local\Temp\surefire13217180163884252534\surefirebooter6502159048919342014.jar C:\Users\Admin\AppData\Local\Temp\surefire13217180163884252534 2025-02-21T00-28-48_783-jvmRun1 surefire3966010290747282987tmp surefire_03171085702677706611tmp"/>
    <property name="jdk.debug" value="release"/>
    <property name="surefire.test.class.path" value="C:\Users\Admin\Downloads\grupo4-main\grupo4-main\Fatloss\target\test-classes;C:\Users\Admin\Downloads\grupo4-main\grupo4-main\Fatloss\target\classes;C:\Users\Admin\.m2\repository\com\mercadopago\sdk-java\2.1.21\sdk-java-2.1.21.jar;C:\Users\Admin\.m2\repository\org\apache\maven\plugins\maven-javadoc-plugin\3.6.3\maven-javadoc-plugin-3.6.3.jar;C:\Users\Admin\.m2\repository\javax\inject\javax.inject\1\javax.inject-1.jar;C:\Users\Admin\.m2\repository\org\apache\maven\reporting\maven-reporting-api\3.1.1\maven-reporting-api-3.1.1.jar;C:\Users\Admin\.m2\repository\org\apache\maven\maven-archiver\3.6.1\maven-archiver-3.6.1.jar;C:\Users\Admin\.m2\repository\org\apache\maven\shared\maven-invoker\3.2.0\maven-invoker-3.2.0.jar;C:\Users\Admin\.m2\repository\org\apache\maven\shared\maven-shared-utils\3.4.2\maven-shared-utils-3.4.2.jar;C:\Users\Admin\.m2\repository\org\apache\maven\shared\maven-common-artifact-filters\3.2.0\maven-common-artifact-filters-3.2.0.jar;C:\Users\Admin\.m2\repository\org\eclipse\aether\aether-api\0.9.0.M2\aether-api-0.9.0.M2.jar;C:\Users\Admin\.m2\repository\org\eclipse\aether\aether-util\0.9.0.M2\aether-util-0.9.0.M2.jar;C:\Users\Admin\.m2\repository\org\apache\maven\doxia\doxia-sink-api\1.11.1\doxia-sink-api-1.11.1.jar;C:\Users\Admin\.m2\repository\org\apache\maven\doxia\doxia-logging-api\1.11.1\doxia-logging-api-1.11.1.jar;C:\Users\Admin\.m2\repository\org\apache\maven\doxia\doxia-site-renderer\1.11.1\doxia-site-renderer-1.11.1.jar;C:\Users\Admin\.m2\repository\org\apache\maven\doxia\doxia-core\1.11.1\doxia-core-1.11.1.jar;C:\Users\Admin\.m2\repository\org\apache\maven\doxia\doxia-decoration-model\1.11.1\doxia-decoration-model-1.11.1.jar;C:\Users\Admin\.m2\repository\org\apache\maven\doxia\doxia-skin-model\1.11.1\doxia-skin-model-1.11.1.jar;C:\Users\Admin\.m2\repository\org\apache\maven\doxia\doxia-module-xhtml\1.11.1\doxia-module-xhtml-1.11.1.jar;C:\Users\Admin\.m2\repository\org\apache\maven\doxia\doxia-module-xhtml5\1.11.1\doxia-module-xhtml5-1.11.1.jar;C:\Users\Admin\.m2\repository\org\codehaus\plexus\plexus-i18n\1.0-beta-10\plexus-i18n-1.0-beta-10.jar;C:\Users\Admin\.m2\repository\org\codehaus\plexus\plexus-container-default\1.0-alpha-30\plexus-container-default-1.0-alpha-30.jar;C:\Users\Admin\.m2\repository\junit\junit\3.8.1\junit-3.8.1.jar;C:\Users\Admin\.m2\repository\org\codehaus\plexus\plexus-velocity\1.2\plexus-velocity-1.2.jar;C:\Users\Admin\.m2\repository\commons-collections\commons-collections\3.2.2\commons-collections-3.2.2.jar;C:\Users\Admin\.m2\repository\org\apache\maven\wagon\wagon-provider-api\2.4\wagon-provider-api-2.4.jar;C:\Users\Admin\.m2\repository\org\apache\commons\commons-lang3\3.14.0\commons-lang3-3.14.0.jar;C:\Users\Admin\.m2\repository\org\apache\commons\commons-text\1.11.0\commons-text-1.11.0.jar;C:\Users\Admin\.m2\repository\org\apache\httpcomponents\httpcore\4.4.16\httpcore-4.4.16.jar;C:\Users\Admin\.m2\repository\com\thoughtworks\qdox\qdox\2.0.3\qdox-2.0.3.jar;C:\Users\Admin\.m2\repository\org\codehaus\plexus\plexus-java\1.2.0\plexus-java-1.2.0.jar;C:\Users\Admin\.m2\repository\org\ow2\asm\asm\9.6\asm-9.6.jar;C:\Users\Admin\.m2\repository\org\codehaus\plexus\plexus-utils\4.0.0\plexus-utils-4.0.0.jar;C:\Users\Admin\.m2\repository\org\codehaus\plexus\plexus-xml\3.0.0\plexus-xml-3.0.0.jar;C:\Users\Admin\.m2\repository\org\codehaus\plexus\plexus-io\3.4.1\plexus-io-3.4.1.jar;C:\Users\Admin\.m2\repository\org\codehaus\plexus\plexus-archiver\4.9.0\plexus-archiver-4.9.0.jar;C:\Users\Admin\.m2\repository\org\apache\commons\commons-compress\1.24.0\commons-compress-1.24.0.jar;C:\Users\Admin\.m2\repository\org\iq80\snappy\snappy\0.4\snappy-0.4.jar;C:\Users\Admin\.m2\repository\org\tukaani\xz\1.9\xz-1.9.jar;C:\Users\Admin\.m2\repository\com\github\luben\zstd-jni\1.5.5-10\zstd-jni-1.5.5-10.jar;C:\Users\Admin\.m2\repository\org\codehaus\plexus\plexus-interactivity-api\1.1\plexus-interactivity-api-1.1.jar;C:\Users\Admin\.m2\repository\org\apache\velocity\velocity-engine-core\2.3\velocity-engine-core-2.3.jar;C:\Users\Admin\.m2\repository\org\apache\velocity\tools\velocity-tools-generic\3.1\velocity-tools-generic-3.1.jar;C:\Users\Admin\.m2\repository\commons-beanutils\commons-beanutils\1.9.4\commons-beanutils-1.9.4.jar;C:\Users\Admin\.m2\repository\org\apache\commons\commons-digester3\3.2\commons-digester3-3.2.jar;C:\Users\Admin\.m2\repository\com\github\cliftonlabs\json-simple\3.0.2\json-simple-3.0.2.jar;C:\Users\Admin\.m2\repository\commons-lang\commons-lang\2.6\commons-lang-2.6.jar;C:\Users\Admin\.m2\repository\org\apache\httpcomponents\httpclient\4.5.13\httpclient-4.5.13.jar;C:\Users\Admin\.m2\repository\commons-logging\commons-logging\1.2\commons-logging-1.2.jar;C:\Users\Admin\.m2\repository\commons-codec\commons-codec\1.11\commons-codec-1.11.jar;C:\Users\Admin\.m2\repository\com\google\code\gson\gson\2.8.9\gson-2.8.9.jar;C:\Users\Admin\.m2\repository\org\apache\maven\maven-core\3.9.6\maven-core-3.9.6.jar;C:\Users\Admin\.m2\repository\org\apache\maven\maven-model\3.9.6\maven-model-3.9.6.jar;C:\Users\Admin\.m2\repository\org\apache\maven\maven-settings\3.9.6\maven-settings-3.9.6.jar;C:\Users\Admin\.m2\repository\org\apache\maven\maven-settings-builder\3.9.6\maven-settings-builder-3.9.6.jar;C:\Users\Admin\.m2\repository\org\codehaus\plexus\plexus-sec-dispatcher\2.0\plexus-sec-dispatcher-2.0.jar;C:\Users\Admin\.m2\repository\org\codehaus\plexus\plexus-cipher\2.0\plexus-cipher-2.0.jar;C:\Users\Admin\.m2\repository\org\apache\maven\maven-builder-support\3.9.6\maven-builder-support-3.9.6.jar;C:\Users\Admin\.m2\repository\org\apache\maven\maven-repository-metadata\3.9.6\maven-repository-metadata-3.9.6.jar;C:\Users\Admin\.m2\repository\org\apache\maven\maven-artifact\3.9.6\maven-artifact-3.9.6.jar;C:\Users\Admin\.m2\repository\org\apache\maven\maven-plugin-api\3.9.6\maven-plugin-api-3.9.6.jar;C:\Users\Admin\.m2\repository\org\apache\maven\maven-model-builder\3.9.6\maven-model-builder-3.9.6.jar;C:\Users\Admin\.m2\repository\org\apache\maven\maven-resolver-provider\3.9.6\maven-resolver-provider-3.9.6.jar;C:\Users\Admin\.m2\repository\org\apache\maven\resolver\maven-resolver-impl\1.9.18\maven-resolver-impl-1.9.18.jar;C:\Users\Admin\.m2\repository\org\apache\maven\resolver\maven-resolver-named-locks\1.9.18\maven-resolver-named-locks-1.9.18.jar;C:\Users\Admin\.m2\repository\org\apache\maven\resolver\maven-resolver-api\1.9.18\maven-resolver-api-1.9.18.jar;C:\Users\Admin\.m2\repository\org\apache\maven\resolver\maven-resolver-spi\1.9.18\maven-resolver-spi-1.9.18.jar;C:\Users\Admin\.m2\repository\org\apache\maven\resolver\maven-resolver-util\1.9.18\maven-resolver-util-1.9.18.jar;C:\Users\Admin\.m2\repository\org\eclipse\sisu\org.eclipse.sisu.plexus\0.9.0.M2\org.eclipse.sisu.plexus-0.9.0.M2.jar;C:\Users\Admin\.m2\repository\javax\annotation\javax.annotation-api\1.2\javax.annotation-api-1.2.jar;C:\Users\Admin\.m2\repository\org\eclipse\sisu\org.eclipse.sisu.inject\0.9.0.M2\org.eclipse.sisu.inject-0.9.0.M2.jar;C:\Users\Admin\.m2\repository\com\google\inject\guice\5.1.0\guice-5.1.0.jar;C:\Users\Admin\.m2\repository\aopalliance\aopalliance\1.0\aopalliance-1.0.jar;C:\Users\Admin\.m2\repository\com\google\guava\guava\32.0.1-jre\guava-32.0.1-jre.jar;C:\Users\Admin\.m2\repository\com\google\guava\failureaccess\1.0.1\failureaccess-1.0.1.jar;C:\Users\Admin\.m2\repository\org\codehaus\plexus\plexus-classworlds\2.7.0\plexus-classworlds-2.7.0.jar;C:\Users\Admin\.m2\repository\org\codehaus\plexus\plexus-interpolation\1.26\plexus-interpolation-1.26.jar;C:\Users\Admin\.m2\repository\org\codehaus\plexus\plexus-component-annotations\2.1.0\plexus-component-annotations-2.1.0.jar;C:\Users\Admin\.m2\repository\org\projectlombok\lombok\1.18.26\lombok-1.18.26.jar;C:\Users\Admin\.m2\repository\org\springframework\spring-webmvc\5.2.22.RELEASE\spring-webmvc-5.2.22.RELEASE.jar;C:\Users\Admin\.m2\repository\org\springframework\spring-aop\5.2.22.RELEASE\spring-aop-5.2.22.RELEASE.jar;C:\Users\Admin\.m2\repository\org\springframework\spring-beans\5.2.22.RELEASE\spring-beans-5.2.22.RELEASE.jar;C:\Users\Admin\.m2\repository\org\springframework\spring-context\5.2.22.RELEASE\spring-context-5.2.22.RELEASE.jar;C:\Users\Admin\.m2\repository\org\springframework\spring-core\5.2.22.RELEASE\spring-core-5.2.22.RELEASE.jar;C:\Users\Admin\.m2\repository\org\springframework\spring-jcl\5.2.22.RELEASE\spring-jcl-5.2.22.RELEASE.jar;C:\Users\Admin\.m2\repository\org\springframework\spring-expression\5.2.22.RELEASE\spring-expression-5.2.22.RELEASE.jar;C:\Users\Admin\.m2\repository\org\springframework\spring-web\5.2.22.RELEASE\spring-web-5.2.22.RELEASE.jar;C:\Users\Admin\.m2\repository\commons-fileupload\commons-fileupload\1.4\commons-fileupload-1.4.jar;C:\Users\Admin\.m2\repository\commons-io\commons-io\2.2\commons-io-2.2.jar;C:\Users\Admin\.m2\repository\org\springframework\spring-orm\5.2.22.RELEASE\spring-orm-5.2.22.RELEASE.jar;C:\Users\Admin\.m2\repository\org\springframework\spring-tx\5.2.22.RELEASE\spring-tx-5.2.22.RELEASE.jar;C:\Users\Admin\.m2\repository\ch\qos\logback\logback-classic\1.2.11\logback-classic-1.2.11.jar;C:\Users\Admin\.m2\repository\ch\qos\logback\logback-core\1.2.11\logback-core-1.2.11.jar;C:\Users\Admin\.m2\repository\org\slf4j\slf4j-api\1.7.32\slf4j-api-1.7.32.jar;C:\Users\Admin\.m2\repository\org\springframework\spring-jdbc\5.2.22.RELEASE\spring-jdbc-5.2.22.RELEASE.jar;C:\Users\Admin\.m2\repository\org\hsqldb\hsqldb\2.3.2\hsqldb-2.3.2.jar;C:\Users\Admin\.m2\repository\org\jfree\jfreechart\1.5.3\jfreechart-1.5.3.jar;C:\Users\Admin\.m2\repository\org\thymeleaf\thymeleaf-spring5\3.0.15.RELEASE\thymeleaf-spring5-3.0.15.RELEASE.jar;C:\Users\Admin\.m2\repository\org\thymeleaf\thymeleaf\3.0.15.RELEASE\thymeleaf-3.0.15.RELEASE.jar;C:\Users\Admin\.m2\repository\org\attoparser\attoparser\2.0.5.RELEASE\attoparser-2.0.5.RELEASE.jar;C:\Users\Admin\.m2\repository\org\unbescape\unbescape\1.1.6.RELEASE\unbescape-1.1.6.RELEASE.jar;C:\Users\Admin\.m2\repository\mysql\mysql-connector-java\8.0.28\mysql-connector-java-8.0.28.jar;C:\Users\Admin\.m2\repository\com\google\protobuf\protobuf-java\3.11.4\protobuf-java-3.11.4.jar;C:\Users\Admin\.m2\repository\org\webjars\bootstrap\5.2.0\bootstrap-5.2.0.jar;C:\Users\Admin\.m2\repository\jakarta\servlet\jakarta.servlet-api\4.0.4\jakarta.servlet-api-4.0.4.jar;C:\Users\Admin\.m2\repository\org\springframework\spring-test\5.2.22.RELEASE\spring-test-5.2.22.RELEASE.jar;C:\Users\Admin\.m2\repository\org\junit\jupiter\junit-jupiter-engine\5.9.0\junit-jupiter-engine-5.9.0.jar;C:\Users\Admin\.m2\repository\org\junit\platform\junit-platform-engine\1.9.0\junit-platform-engine-1.9.0.jar;C:\Users\Admin\.m2\repository\org\junit\platform\junit-platform-commons\1.9.0\junit-platform-commons-1.9.0.jar;C:\Users\Admin\.m2\repository\org\junit\jupiter\junit-jupiter-api\5.9.0\junit-jupiter-api-5.9.0.jar;C:\Users\Admin\.m2\repository\org\apiguardian\apiguardian-api\1.1.2\apiguardian-api-1.1.2.jar;C:\Users\Admin\.m2\repository\org\mockito\mockito-core\5.3.1\mockito-core-5.3.1.jar;C:\Users\Admin\.m2\repository\net\bytebuddy\byte-buddy\1.14.4\byte-buddy-1.14.4.jar;C:\Users\Admin\.m2\repository\net\bytebuddy\byte-buddy-agent\1.14.4\byte-buddy-agent-1.14.4.jar;C:\Users\Admin\.m2\repository\org\objenesis\objenesis\3.3\objenesis-3.3.jar;C:\Users\Admin\.m2\repository\org\hamcrest\hamcrest-core\2.2\hamcrest-core-2.2.jar;C:\Users\Admin\.m2\repository\org\hamcrest\hamcrest\2.2\hamcrest-2.2.jar;C:\Users\Admin\.m2\repository\org\hibernate\hibernate-core\5.4.24.Final\hibernate-core-5.4.24.Final.jar;C:\Users\Admin\.m2\repository\org\jboss\logging\jboss-logging\3.4.1.Final\jboss-logging-3.4.1.Final.jar;C:\Users\Admin\.m2\repository\javax\persistence\javax.persistence-api\2.2\javax.persistence-api-2.2.jar;C:\Users\Admin\.m2\repository\org\javassist\javassist\3.27.0-GA\javassist-3.27.0-GA.jar;C:\Users\Admin\.m2\repository\antlr\antlr\2.7.7\antlr-2.7.7.jar;C:\Users\Admin\.m2\repository\org\jboss\spec\javax\transaction\jboss-transaction-api_1.2_spec\1.1.1.Final\jboss-transaction-api_1.2_spec-1.1.1.Final.jar;C:\Users\Admin\.m2\repository\org\jboss\jandex\2.1.3.Final\jandex-2.1.3.Final.jar;C:\Users\Admin\.m2\repository\com\fasterxml\classmate\1.5.1\classmate-1.5.1.jar;C:\Users\Admin\.m2\repository\javax\activation\javax.activation-api\1.2.0\javax.activation-api-1.2.0.jar;C:\Users\Admin\.m2\repository\org\dom4j\dom4j\2.1.3\dom4j-2.1.3.jar;C:\Users\Admin\.m2\repository\org\hibernate\common\hibernate-commons-annotations\5.1.2.Final\hibernate-commons-annotations-5.1.2.Final.jar;C:\Users\Admin\.m2\repository\javax\xml\bind\jaxb-api\2.3.1\jaxb-api-2.3.1.jar;C:\Users\Admin\.m2\repository\org\glassfish\jaxb\jaxb-runtime\2.3.1\jaxb-runtime-2.3.1.jar;C:\Users\Admin\.m2\repository\org\glassfish\jaxb\txw2\2.3.1\txw2-2.3.1.jar;C:\Users\Admin\.m2\repository\com\sun\istack\istack-commons-runtime\3.0.7\istack-commons-runtime-3.0.7.jar;C:\Users\Admin\.m2\repository\org\jvnet\staxex\stax-ex\1.8\stax-ex-1.8.jar;C:\Users\Admin\.m2\repository\com\sun\xml\fastinfoset\FastInfoset\1.2.15\FastInfoset-1.2.15.jar;C:\Users\Admin\.m2\repository\com\microsoft\playwright\playwright\1.36.0\playwright-1.36.0.jar;C:\Users\Admin\.m2\repository\org\opentest4j\opentest4j\1.2.0\opentest4j-1.2.0.jar;C:\Users\Admin\.m2\repository\com\microsoft\playwright\driver\1.36.0\driver-1.36.0.jar;C:\Users\Admin\.m2\repository\com\microsoft\playwright\driver-bundle\1.36.0\driver-bundle-1.36.0.jar;"/>
    <property name="sun.cpu.endian" value="little"/>
    <property name="user.home" value="C:\Users\Admin"/>
    <property name="user.language" value="es"/>
    <property name="java.specification.vendor" value="Oracle Corporation"/>
    <property name="java.version.date" value="2023-04-18"/>
    <property name="java.home" value="C:\Program Files\Java\jdk-20"/>
    <property name="file.separator" value="\"/>
    <property name="basedir" value="C:\Users\Admin\Downloads\grupo4-main\grupo4-main\Fatloss"/>
    <property name="java.vm.compressedOopsMode" value="Zero based"/>
    <property name="line.separator" value="&#10;"/>
    <property name="java.vm.specification.vendor" value="Oracle Corporation"/>
    <property name="java.specification.name" value="Java Platform API Specification"/>
    <property name="surefire.real.class.path" value="C:\Users\Admin\AppData\Local\Temp\surefire13217180163884252534\surefirebooter6502159048919342014.jar"/>
    <property name="user.script" value=""/>
    <property name="sun.management.compiler" value="HotSpot 64-Bit Tiered Compilers"/>
    <property name="java.runtime.version" value="20.0.1+9-29"/>
    <property name="user.name" value="Admin"/>
    <property name="stdout.encoding" value="Cp1252"/>
    <property name="path.separator" value=";"/>
    <property name="os.version" value="10.0"/>
    <property name="java.runtime.name" value="Java(TM) SE Runtime Environment"/>
    <property name="file.encoding" value="UTF-8"/>
    <property name="java.vm.name" value="Java HotSpot(TM) 64-Bit Server VM"/>
    <property name="localRepository" value="C:\Users\Admin\.m2\repository"/>
    <property name="java.vendor.url.bug" value="https://bugreport.java.com/bugreport/"/>
    <property name="java.io.tmpdir" value="C:\Users\Admin\AppData\Local\Temp\"/>
    <property name="java.version" value="20.0.1"/>
    <property name="user.dir" value="C:\Users\Admin\Downloads\grupo4-main\grupo4-main\Fatloss"/>
    <property name="os.arch" value="amd64"/>
    <property name="java.vm.specification.name" value="Java Virtual Machine Specification"/>
    <property name="sun.os.patch.level" value=""/>
    <property name="native.encoding" value="Cp1252"/>
    <property name="java.library.path" value="C:\Program Files\Java\jdk-20\bin;C:\WINDOWS\Sun\Java\bin;C:\WINDOWS\system32;C:\WINDOWS;C:\Program Files\Eclipse Adoptium\jdk-21.0.5.11-hotspot\bin;C:\Python312\Scripts\;C:\Python312\;C:\Program Files\Common Files\Oracle\Java\javapath;C:\WINDOWS\system32;C:\WINDOWS;C:\WINDOWS\System32\Wbem;C:\WINDOWS\System32\WindowsPowerShell\v1.0\;C:\WINDOWS\System32\OpenSSH\;C:\Program Files\Java\jdk-20\bin.;C:\ProgramData\chocolatey\bin;C:\Program Files\Maven\apache-maven-3.9.6\bin;C:\xampp\php;C:\ProgramData\ComposerSetup\bin;C:\Program Files\Microsoft SQL Server\150\Tools\Binn\;C:\Program Files\Microsoft SQL Server\Client SDK\ODBC\170\Tools\Binn\;C:\Program Files\dotnet\;C:\Program Files (x86)\Microsoft SQL Server\160\Tools\Binn\;C:\Program Files\Microsoft SQL Server\160\Tools\Binn\;C:\Program Files\Microsoft SQL Server\160\DTS\Binn\;C:\Program Files (x86)\Microsoft SQL Server\160\DTS\Binn\;C:\Program Files (x86)\Windows Kits\10\Windows Performance Toolkit\;C:\Program Files\Git\cmd;C:\Program Files\nodejs\;C:\Program Files\MySQL\MySQL Shell 8.0\bin\;C:\Users\Admin\AppData\Local\Microsoft\WindowsApps;C:\Users\Admin\AppData\Local\Programs\Microsoft VS Code\bin;C:\Users\Admin\AppData\Local\GitHubDesktop\bin;C:\Users\Admin\AppData\Roaming\Composer\vendor\bin;C:\Program Files\heroku\bin;C:\Users\Admin\.dotnet\tools;C:\Users\Admin\AppData\Roaming\npm;."/>
    <property name="java.vm.info" value="mixed mode, sharing"/>
    <property name="stderr.encoding" value="Cp1252"/>
    <property name="java.vendor" value="Oracle Corporation"/>
    <property name="java.vm.version" value="20.0.1+9-29"/>
    <property name="sun.io.unicode.encoding" value="UnicodeLittle"/>
    <property name="java.class.version" value="64.0"/>
  </properties>
  <testcase name="testNoObtenerAlimentosPorNombreIncorrecto" classname="com.tallerwebi.dominio.RepositorioAlimentoTest" time="0.079">
    <error type="org.hibernate.PropertyValueException"><![CDATA[org.hibernate.PropertyValueException: not-null property references a null or transient value : com.tallerwebi.dominio.Alimento.cantidad
	at com.tallerwebi.dominio.RepositorioAlimentoTest.givenExisteAlimento(RepositorioAlimentoTest.java:57)
	at com.tallerwebi.dominio.RepositorioAlimentoTest.testNoObtenerAlimentosPorNombreIncorrecto(RepositorioAlimentoTest.java:92)
]]></error>
    <system-out><![CDATA[00:28:50.183 [main] DEBUG org.springframework.test.context.BootstrapUtils - Instantiating CacheAwareContextLoaderDelegate from class [org.springframework.test.context.cache.DefaultCacheAwareContextLoaderDelegate]
00:28:50.195 [main] DEBUG org.springframework.test.context.BootstrapUtils - Instantiating BootstrapContext using constructor [public org.springframework.test.context.support.DefaultBootstrapContext(java.lang.Class,org.springframework.test.context.CacheAwareContextLoaderDelegate)]
00:28:50.221 [main] DEBUG org.springframework.test.context.BootstrapUtils - Instantiating TestContextBootstrapper for test class [com.tallerwebi.dominio.RepositorioAlimentoTest] from class [org.springframework.test.context.web.WebTestContextBootstrapper]
00:28:50.238 [main] DEBUG org.springframework.test.context.support.AbstractDelegatingSmartContextLoader - Delegating to AnnotationConfigWebContextLoader to process context configuration [ContextConfigurationAttributes@aba625 declaringClass = 'com.tallerwebi.dominio.RepositorioAlimentoTest', classes = '{class com.tallerwebi.integracion.config.SpringWebTestConfig, class com.tallerwebi.integracion.config.HibernateTestConfig}', locations = '{}', inheritLocations = true, initializers = '{}', inheritInitializers = true, name = [null], contextLoaderClass = 'org.springframework.test.context.ContextLoader'].
00:28:50.251 [main] DEBUG org.springframework.test.context.support.ActiveProfilesUtils - Could not find an 'annotation declaring class' for annotation type [org.springframework.test.context.ActiveProfiles] and class [com.tallerwebi.dominio.RepositorioAlimentoTest]
00:28:50.251 [main] DEBUG org.springframework.test.context.web.WebTestContextBootstrapper - @TestExecutionListeners is not present for class [com.tallerwebi.dominio.RepositorioAlimentoTest]: using defaults.
00:28:50.252 [main] INFO org.springframework.test.context.web.WebTestContextBootstrapper - Loaded default TestExecutionListener class names from location [META-INF/spring.factories]: [org.springframework.test.context.web.ServletTestExecutionListener, org.springframework.test.context.support.DirtiesContextBeforeModesTestExecutionListener, org.springframework.test.context.support.DependencyInjectionTestExecutionListener, org.springframework.test.context.support.DirtiesContextTestExecutionListener, org.springframework.test.context.transaction.TransactionalTestExecutionListener, org.springframework.test.context.jdbc.SqlScriptsTestExecutionListener, org.springframework.test.context.event.EventPublishingTestExecutionListener]
00:28:50.259 [main] INFO org.springframework.test.context.web.WebTestContextBootstrapper - Using TestExecutionListeners: [org.springframework.test.context.web.ServletTestExecutionListener@4bff7da0, org.springframework.test.context.support.DirtiesContextBeforeModesTestExecutionListener@3f1d2e23, org.springframework.test.context.support.DependencyInjectionTestExecutionListener@536dbea0, org.springframework.test.context.support.DirtiesContextTestExecutionListener@47c81abf, org.springframework.test.context.transaction.TransactionalTestExecutionListener@776a6d9b, org.springframework.test.context.jdbc.SqlScriptsTestExecutionListener@21d03963, org.springframework.test.context.event.EventPublishingTestExecutionListener@1f760b47]
00:28:50.261 [main] DEBUG org.springframework.test.context.support.AbstractDirtiesContextTestExecutionListener - Before test class: context [DefaultTestContext@35b74c5c testClass = RepositorioAlimentoTest, testInstance = [null], testMethod = [null], testException = [null], mergedContextConfiguration = [WebMergedContextConfiguration@2e570ded testClass = RepositorioAlimentoTest, locations = '{}', classes = '{class com.tallerwebi.integracion.config.SpringWebTestConfig, class com.tallerwebi.integracion.config.HibernateTestConfig}', contextInitializerClasses = '[]', activeProfiles = '{}', propertySourceLocations = '{}', propertySourceProperties = '{}', contextCustomizers = set[[empty]], resourceBasePath = 'src/main/webapp', contextLoader = 'org.springframework.test.context.web.WebDelegatingSmartContextLoader', parent = [null]], attributes = map[[empty]]], class annotated with @DirtiesContext [false] with mode [null].
00:28:50.268 [main] DEBUG org.springframework.test.context.support.AbstractDelegatingSmartContextLoader - Delegating to AnnotationConfigWebContextLoader to load context from [WebMergedContextConfiguration@2e570ded testClass = RepositorioAlimentoTest, locations = '{}', classes = '{class com.tallerwebi.integracion.config.SpringWebTestConfig, class com.tallerwebi.integracion.config.HibernateTestConfig}', contextInitializerClasses = '[]', activeProfiles = '{}', propertySourceLocations = '{}', propertySourceProperties = '{}', contextCustomizers = set[[empty]], resourceBasePath = 'src/main/webapp', contextLoader = 'org.springframework.test.context.web.WebDelegatingSmartContextLoader', parent = [null]].
00:28:50.268 [main] DEBUG org.springframework.test.context.web.AbstractGenericWebContextLoader - Loading WebApplicationContext for merged context configuration [WebMergedContextConfiguration@2e570ded testClass = RepositorioAlimentoTest, locations = '{}', classes = '{class com.tallerwebi.integracion.config.SpringWebTestConfig, class com.tallerwebi.integracion.config.HibernateTestConfig}', contextInitializerClasses = '[]', activeProfiles = '{}', propertySourceLocations = '{}', propertySourceProperties = '{}', contextCustomizers = set[[empty]], resourceBasePath = 'src/main/webapp', contextLoader = 'org.springframework.test.context.web.WebDelegatingSmartContextLoader', parent = [null]].
00:28:50.303 [main] DEBUG org.springframework.web.context.support.StandardServletEnvironment - Activating profiles []
00:28:50.303 [main] DEBUG org.springframework.test.context.web.AnnotationConfigWebContextLoader - Registering annotated classes: {class com.tallerwebi.integracion.config.SpringWebTestConfig, class com.tallerwebi.integracion.config.HibernateTestConfig}
00:28:50.330 [main] DEBUG org.springframework.web.context.support.GenericWebApplicationContext - Refreshing org.springframework.web.context.support.GenericWebApplicationContext@52815fa3
00:28:50.342 [main] DEBUG org.springframework.beans.factory.support.DefaultListableBeanFactory - Creating shared instance of singleton bean 'org.springframework.context.annotation.internalConfigurationAnnotationProcessor'
00:28:50.383 [main] DEBUG org.springframework.context.annotation.ClassPathBeanDefinitionScanner - Identified candidate component class: file [C:\Users\Admin\Downloads\grupo4-main\grupo4-main\Fatloss\target\test-classes\com\tallerwebi\presentacion\ControladorPerfilTest.class]
00:28:50.387 [main] DEBUG org.springframework.context.annotation.ClassPathBeanDefinitionScanner - Identified candidate component class: file [C:\Users\Admin\Downloads\grupo4-main\grupo4-main\Fatloss\target\classes\com\tallerwebi\presentacion\ControladorAlimentos.class]
00:28:50.388 [main] DEBUG org.springframework.context.annotation.ClassPathBeanDefinitionScanner - Identified candidate component class: file [C:\Users\Admin\Downloads\grupo4-main\grupo4-main\Fatloss\target\classes\com\tallerwebi\presentacion\ControladorCalendario.class]
00:28:50.389 [main] DEBUG org.springframework.context.annotation.ClassPathBeanDefinitionScanner - Identified candidate component class: file [C:\Users\Admin\Downloads\grupo4-main\grupo4-main\Fatloss\target\classes\com\tallerwebi\presentacion\ControladorComunidad.class]
00:28:50.390 [main] DEBUG org.springframework.context.annotation.ClassPathBeanDefinitionScanner - Identified candidate component class: file [C:\Users\Admin\Downloads\grupo4-main\grupo4-main\Fatloss\target\classes\com\tallerwebi\presentacion\ControladorEjercicio.class]
00:28:50.390 [main] DEBUG org.springframework.context.annotation.ClassPathBeanDefinitionScanner - Identified candidate component class: file [C:\Users\Admin\Downloads\grupo4-main\grupo4-main\Fatloss\target\classes\com\tallerwebi\presentacion\ControladorEstadisticaUsuario.class]
00:28:50.390 [main] DEBUG org.springframework.context.annotation.ClassPathBeanDefinitionScanner - Identified candidate component class: file [C:\Users\Admin\Downloads\grupo4-main\grupo4-main\Fatloss\target\classes\com\tallerwebi\presentacion\ControladorHome.class]
00:28:50.391 [main] DEBUG org.springframework.context.annotation.ClassPathBeanDefinitionScanner - Identified candidate component class: file [C:\Users\Admin\Downloads\grupo4-main\grupo4-main\Fatloss\target\classes\com\tallerwebi\presentacion\ControladorMisAlimentos.class]
00:28:50.392 [main] DEBUG org.springframework.context.annotation.ClassPathBeanDefinitionScanner - Identified candidate component class: file [C:\Users\Admin\Downloads\grupo4-main\grupo4-main\Fatloss\target\classes\com\tallerwebi\presentacion\ControladorPago.class]
00:28:50.394 [main] DEBUG org.springframework.context.annotation.ClassPathBeanDefinitionScanner - Identified candidate component class: file [C:\Users\Admin\Downloads\grupo4-main\grupo4-main\Fatloss\target\classes\com\tallerwebi\presentacion\ControladorPerfil.class]
00:28:50.394 [main] DEBUG org.springframework.context.annotation.ClassPathBeanDefinitionScanner - Identified candidate component class: file [C:\Users\Admin\Downloads\grupo4-main\grupo4-main\Fatloss\target\classes\com\tallerwebi\presentacion\ControladorRecetas.class]
00:28:50.395 [main] DEBUG org.springframework.context.annotation.ClassPathBeanDefinitionScanner - Identified candidate component class: file [C:\Users\Admin\Downloads\grupo4-main\grupo4-main\Fatloss\target\classes\com\tallerwebi\presentacion\ControladorRegistro.class]
00:28:50.397 [main] DEBUG org.springframework.context.annotation.ClassPathBeanDefinitionScanner - Identified candidate component class: file [C:\Users\Admin\Downloads\grupo4-main\grupo4-main\Fatloss\target\classes\com\tallerwebi\presentacion\GlobalExceptionHandler.class]
00:28:50.425 [main] DEBUG org.springframework.context.annotation.ClassPathBeanDefinitionScanner - Identified candidate component class: file [C:\Users\Admin\Downloads\grupo4-main\grupo4-main\Fatloss\target\classes\com\tallerwebi\infraestructura\RepositorioAlimentoImpl.class]
00:28:50.426 [main] DEBUG org.springframework.context.annotation.ClassPathBeanDefinitionScanner - Identified candidate component class: file [C:\Users\Admin\Downloads\grupo4-main\grupo4-main\Fatloss\target\classes\com\tallerwebi\infraestructura\RepositorioCategoriaAlimentoImpl.class]
00:28:50.426 [main] DEBUG org.springframework.context.annotation.ClassPathBeanDefinitionScanner - Identified candidate component class: file [C:\Users\Admin\Downloads\grupo4-main\grupo4-main\Fatloss\target\classes\com\tallerwebi\infraestructura\RepositorioColacionImpl.class]
00:28:50.426 [main] DEBUG org.springframework.context.annotation.ClassPathBeanDefinitionScanner - Identified candidate component class: file [C:\Users\Admin\Downloads\grupo4-main\grupo4-main\Fatloss\target\classes\com\tallerwebi\infraestructura\RepositorioComunidadImpl.class]
00:28:50.427 [main] DEBUG org.springframework.context.annotation.ClassPathBeanDefinitionScanner - Identified candidate component class: file [C:\Users\Admin\Downloads\grupo4-main\grupo4-main\Fatloss\target\classes\com\tallerwebi\infraestructura\RepositorioDesafioImpl.class]
00:28:50.428 [main] DEBUG org.springframework.context.annotation.ClassPathBeanDefinitionScanner - Identified candidate component class: file [C:\Users\Admin\Downloads\grupo4-main\grupo4-main\Fatloss\target\classes\com\tallerwebi\infraestructura\RepositorioDesafioUsuarioImpl.class]
00:28:50.428 [main] DEBUG org.springframework.context.annotation.ClassPathBeanDefinitionScanner - Identified candidate component class: file [C:\Users\Admin\Downloads\grupo4-main\grupo4-main\Fatloss\target\classes\com\tallerwebi\infraestructura\RepositorioEjercicioImpl.class]
00:28:50.428 [main] DEBUG org.springframework.context.annotation.ClassPathBeanDefinitionScanner - Identified candidate component class: file [C:\Users\Admin\Downloads\grupo4-main\grupo4-main\Fatloss\target\classes\com\tallerwebi\infraestructura\RepositorioEjercicioUsuarioImpl.class]
00:28:50.428 [main] DEBUG org.springframework.context.annotation.ClassPathBeanDefinitionScanner - Identified candidate component class: file [C:\Users\Admin\Downloads\grupo4-main\grupo4-main\Fatloss\target\classes\com\tallerwebi\infraestructura\RepositorioHistorialPesoUsuarioImpl.class]
00:28:50.429 [main] DEBUG org.springframework.context.annotation.ClassPathBeanDefinitionScanner - Identified candidate component class: file [C:\Users\Admin\Downloads\grupo4-main\grupo4-main\Fatloss\target\classes\com\tallerwebi\infraestructura\RepositorioMacronutrienteImpl.class]
00:28:50.429 [main] DEBUG org.springframework.context.annotation.ClassPathBeanDefinitionScanner - Identified candidate component class: file [C:\Users\Admin\Downloads\grupo4-main\grupo4-main\Fatloss\target\classes\com\tallerwebi\infraestructura\RepositorioNotificacionImpl.class]
00:28:50.429 [main] DEBUG org.springframework.context.annotation.ClassPathBeanDefinitionScanner - Identified candidate component class: file [C:\Users\Admin\Downloads\grupo4-main\grupo4-main\Fatloss\target\classes\com\tallerwebi\infraestructura\RepositorioNotificacionUsuarioImpl.class]
00:28:50.429 [main] DEBUG org.springframework.context.annotation.ClassPathBeanDefinitionScanner - Identified candidate component class: file [C:\Users\Admin\Downloads\grupo4-main\grupo4-main\Fatloss\target\classes\com\tallerwebi\infraestructura\RepositorioPagoImpl.class]
00:28:50.430 [main] DEBUG org.springframework.context.annotation.ClassPathBeanDefinitionScanner - Identified candidate component class: file [C:\Users\Admin\Downloads\grupo4-main\grupo4-main\Fatloss\target\classes\com\tallerwebi\infraestructura\RepositorioRecetaFavoritoImpl.class]
00:28:50.430 [main] DEBUG org.springframework.context.annotation.ClassPathBeanDefinitionScanner - Identified candidate component class: file [C:\Users\Admin\Downloads\grupo4-main\grupo4-main\Fatloss\target\classes\com\tallerwebi\infraestructura\RepositorioRecetaImpl.class]
00:28:50.430 [main] DEBUG org.springframework.context.annotation.ClassPathBeanDefinitionScanner - Identified candidate component class: file [C:\Users\Admin\Downloads\grupo4-main\grupo4-main\Fatloss\target\classes\com\tallerwebi\infraestructura\RepositorioUsuarioFollowImpl.class]
00:28:50.430 [main] DEBUG org.springframework.context.annotation.ClassPathBeanDefinitionScanner - Identified candidate component class: file [C:\Users\Admin\Downloads\grupo4-main\grupo4-main\Fatloss\target\classes\com\tallerwebi\infraestructura\RepositorioUsuarioImpl.class]
00:28:50.431 [main] DEBUG org.springframework.context.annotation.ClassPathBeanDefinitionScanner - Identified candidate component class: file [C:\Users\Admin\Downloads\grupo4-main\grupo4-main\Fatloss\target\classes\com\tallerwebi\infraestructura\ServicioAlimentoImpl.class]
00:28:50.432 [main] DEBUG org.springframework.context.annotation.ClassPathBeanDefinitionScanner - Identified candidate component class: file [C:\Users\Admin\Downloads\grupo4-main\grupo4-main\Fatloss\target\classes\com\tallerwebi\infraestructura\ServicioCalendarioImpl.class]
00:28:50.432 [main] DEBUG org.springframework.context.annotation.ClassPathBeanDefinitionScanner - Identified candidate component class: file [C:\Users\Admin\Downloads\grupo4-main\grupo4-main\Fatloss\target\classes\com\tallerwebi\infraestructura\ServicioCategoriaAlimentoImpl.class]
00:28:50.432 [main] DEBUG org.springframework.context.annotation.ClassPathBeanDefinitionScanner - Identified candidate component class: file [C:\Users\Admin\Downloads\grupo4-main\grupo4-main\Fatloss\target\classes\com\tallerwebi\infraestructura\ServicioColacionImpl.class]
00:28:50.432 [main] DEBUG org.springframework.context.annotation.ClassPathBeanDefinitionScanner - Identified candidate component class: file [C:\Users\Admin\Downloads\grupo4-main\grupo4-main\Fatloss\target\classes\com\tallerwebi\infraestructura\ServicioComunidadImpl.class]
00:28:50.432 [main] DEBUG org.springframework.context.annotation.ClassPathBeanDefinitionScanner - Identified candidate component class: file [C:\Users\Admin\Downloads\grupo4-main\grupo4-main\Fatloss\target\classes\com\tallerwebi\infraestructura\ServicioDatosUsuarioImpl.class]
00:28:50.433 [main] DEBUG org.springframework.context.annotation.ClassPathBeanDefinitionScanner - Identified candidate component class: file [C:\Users\Admin\Downloads\grupo4-main\grupo4-main\Fatloss\target\classes\com\tallerwebi\infraestructura\ServicioDesafioImpl.class]
00:28:50.433 [main] DEBUG org.springframework.context.annotation.ClassPathBeanDefinitionScanner - Identified candidate component class: file [C:\Users\Admin\Downloads\grupo4-main\grupo4-main\Fatloss\target\classes\com\tallerwebi\infraestructura\ServicioEjercicioImpl.class]
00:28:50.433 [main] DEBUG org.springframework.context.annotation.ClassPathBeanDefinitionScanner - Identified candidate component class: file [C:\Users\Admin\Downloads\grupo4-main\grupo4-main\Fatloss\target\classes\com\tallerwebi\infraestructura\ServicioFollowImpl.class]
00:28:50.433 [main] DEBUG org.springframework.context.annotation.ClassPathBeanDefinitionScanner - Identified candidate component class: file [C:\Users\Admin\Downloads\grupo4-main\grupo4-main\Fatloss\target\classes\com\tallerwebi\infraestructura\ServicioLoginImpl.class]
00:28:50.433 [main] DEBUG org.springframework.context.annotation.ClassPathBeanDefinitionScanner - Identified candidate component class: file [C:\Users\Admin\Downloads\grupo4-main\grupo4-main\Fatloss\target\classes\com\tallerwebi\infraestructura\ServicioNotificacionImpl.class]
00:28:50.434 [main] DEBUG org.springframework.context.annotation.ClassPathBeanDefinitionScanner - Identified candidate component class: file [C:\Users\Admin\Downloads\grupo4-main\grupo4-main\Fatloss\target\classes\com\tallerwebi\infraestructura\ServicioPagoImpl.class]
00:28:50.434 [main] DEBUG org.springframework.context.annotation.ClassPathBeanDefinitionScanner - Identified candidate component class: file [C:\Users\Admin\Downloads\grupo4-main\grupo4-main\Fatloss\target\classes\com\tallerwebi\infraestructura\ServicioRecetaImpl.class]
00:28:50.573 [main] DEBUG org.springframework.beans.factory.support.DefaultListableBeanFactory - Creating shared instance of singleton bean 'org.springframework.context.event.internalEventListenerProcessor'
00:28:50.573 [main] DEBUG org.springframework.beans.factory.support.DefaultListableBeanFactory - Creating shared instance of singleton bean 'org.springframework.context.event.internalEventListenerFactory'
00:28:50.573 [main] DEBUG org.springframework.beans.factory.support.DefaultListableBeanFactory - Creating shared instance of singleton bean 'org.springframework.transaction.config.internalTransactionalEventListenerFactory'
00:28:50.576 [main] DEBUG org.springframework.beans.factory.support.DefaultListableBeanFactory - Creating shared instance of singleton bean 'org.springframework.context.annotation.internalAutowiredAnnotationProcessor'
00:28:50.577 [main] DEBUG org.springframework.beans.factory.support.DefaultListableBeanFactory - Creating shared instance of singleton bean 'org.springframework.context.annotation.internalCommonAnnotationProcessor'
00:28:50.579 [main] DEBUG org.springframework.beans.factory.support.DefaultListableBeanFactory - Creating shared instance of singleton bean 'org.springframework.context.annotation.internalPersistenceAnnotationProcessor'
00:28:50.580 [main] DEBUG org.springframework.beans.factory.support.DefaultListableBeanFactory - Creating shared instance of singleton bean 'org.springframework.aop.config.internalAutoProxyCreator'
00:28:50.615 [main] DEBUG org.springframework.ui.context.support.UiApplicationContextUtils - Unable to locate ThemeSource with name 'themeSource': using default [org.springframework.ui.context.support.ResourceBundleThemeSource@3d6300e8]
00:28:50.616 [main] DEBUG org.springframework.beans.factory.support.DefaultListableBeanFactory - Creating shared instance of singleton bean 'springWebTestConfig'
00:28:50.621 [main] DEBUG org.springframework.beans.factory.support.DefaultListableBeanFactory - Creating shared instance of singleton bean 'org.springframework.transaction.config.internalTransactionAdvisor'
00:28:50.621 [main] DEBUG org.springframework.beans.factory.support.DefaultListableBeanFactory - Creating shared instance of singleton bean 'org.springframework.transaction.annotation.ProxyTransactionManagementConfiguration'
00:28:50.629 [main] DEBUG org.springframework.beans.factory.support.DefaultListableBeanFactory - Creating shared instance of singleton bean 'transactionAttributeSource'
00:28:50.629 [main] DEBUG org.springframework.beans.factory.support.DefaultListableBeanFactory - Creating shared instance of singleton bean 'transactionInterceptor'
00:28:50.629 [main] DEBUG org.springframework.beans.factory.support.DefaultListableBeanFactory - Autowiring by type from bean name 'transactionInterceptor' via factory method to bean named 'transactionAttributeSource'
00:28:50.633 [main] DEBUG org.springframework.beans.factory.support.DefaultListableBeanFactory - Autowiring by type from bean name 'org.springframework.transaction.config.internalTransactionAdvisor' via factory method to bean named 'transactionAttributeSource'
00:28:50.633 [main] DEBUG org.springframework.beans.factory.support.DefaultListableBeanFactory - Autowiring by type from bean name 'org.springframework.transaction.config.internalTransactionAdvisor' via factory method to bean named 'transactionInterceptor'
00:28:50.638 [main] DEBUG org.springframework.beans.factory.support.DefaultListableBeanFactory - Creating shared instance of singleton bean 'hibernateTestConfig'
00:28:50.639 [main] DEBUG org.springframework.beans.factory.support.DefaultListableBeanFactory - Creating shared instance of singleton bean 'controladorPerfilTest'
00:28:51.566 [main] DEBUG org.springframework.beans.factory.support.DefaultListableBeanFactory - Creating shared instance of singleton bean 'controladorAlimentos'
00:28:51.570 [main] DEBUG org.springframework.beans.factory.support.DefaultListableBeanFactory - Creating shared instance of singleton bean 'servicioCategoriaAlimento'
00:28:51.572 [main] DEBUG org.springframework.beans.factory.support.DefaultListableBeanFactory - Creating shared instance of singleton bean 'repositorioCategoriaAlimento'
00:28:51.573 [main] DEBUG org.springframework.beans.factory.support.DefaultListableBeanFactory - Creating shared instance of singleton bean 'sessionFactory'
00:28:51.574 [main] DEBUG org.springframework.beans.factory.support.DefaultListableBeanFactory - Creating shared instance of singleton bean 'dataSource'
00:28:51.588 [main] DEBUG org.springframework.jdbc.datasource.DriverManagerDataSource - Loaded JDBC driver: org.hsqldb.jdbcDriver
00:28:51.591 [main] DEBUG org.springframework.beans.factory.support.DefaultListableBeanFactory - Autowiring by type from bean name 'sessionFactory' via factory method to bean named 'dataSource'
00:28:51.616 [main] DEBUG org.jboss.logging - Logging Provider: org.jboss.logging.Slf4jLoggerProvider
00:28:51.625 [main] DEBUG org.hibernate.integrator.internal.IntegratorServiceImpl - Adding Integrator [org.hibernate.cfg.beanvalidation.BeanValidationIntegrator].
00:28:51.625 [main] DEBUG org.hibernate.integrator.internal.IntegratorServiceImpl - Adding Integrator [org.hibernate.secure.spi.JaccIntegrator].
00:28:51.628 [main] DEBUG org.hibernate.integrator.internal.IntegratorServiceImpl - Adding Integrator [org.hibernate.cache.internal.CollectionCacheInvalidator].
00:28:51.643 [main] INFO org.hibernate.Version - HHH000412: Hibernate ORM core version 5.4.24.Final
00:28:51.644 [main] DEBUG org.hibernate.cfg.Environment - HHH000206: hibernate.properties not found
00:28:51.688 [main] DEBUG org.hibernate.cfg.Configuration - Building session factory using internal StandardServiceRegistryBuilder
00:28:51.692 [main] DEBUG org.hibernate.service.spi.ServiceBinding - Overriding existing service binding [org.hibernate.secure.spi.JaccService]
00:28:51.692 [main] DEBUG org.hibernate.cfg.Configuration - Building session factory using provided StandardServiceRegistry
00:28:51.702 [main] DEBUG org.hibernate.cache.internal.RegionFactoryInitiator - Cannot default RegionFactory based on registered strategies as `[]` RegionFactory strategies were registered
00:28:51.702 [main] DEBUG org.hibernate.cache.internal.RegionFactoryInitiator - Cache region factory : org.hibernate.cache.internal.NoCachingRegionFactory
00:28:51.717 [main] INFO org.hibernate.annotations.common.Version - HCANN000001: Hibernate Commons Annotations {5.1.2.Final}
00:28:51.746 [main] DEBUG org.hibernate.type.BasicTypeRegistry - Adding type registration boolean -> org.hibernate.type.BooleanType@7412a438
00:28:51.746 [main] DEBUG org.hibernate.type.BasicTypeRegistry - Adding type registration boolean -> org.hibernate.type.BooleanType@7412a438
00:28:51.746 [main] DEBUG org.hibernate.type.BasicTypeRegistry - Adding type registration java.lang.Boolean -> org.hibernate.type.BooleanType@7412a438
00:28:51.747 [main] DEBUG org.hibernate.type.BasicTypeRegistry - Adding type registration numeric_boolean -> org.hibernate.type.NumericBooleanType@1150d471
00:28:51.747 [main] DEBUG org.hibernate.type.BasicTypeRegistry - Adding type registration true_false -> org.hibernate.type.TrueFalseType@16a5c7e4
00:28:51.747 [main] DEBUG org.hibernate.type.BasicTypeRegistry - Adding type registration yes_no -> org.hibernate.type.YesNoType@3a00b15d
00:28:51.748 [main] DEBUG org.hibernate.type.BasicTypeRegistry - Adding type registration byte -> org.hibernate.type.ByteType@71179b6f
00:28:51.748 [main] DEBUG org.hibernate.type.BasicTypeRegistry - Adding type registration byte -> org.hibernate.type.ByteType@71179b6f
00:28:51.748 [main] DEBUG org.hibernate.type.BasicTypeRegistry - Adding type registration java.lang.Byte -> org.hibernate.type.ByteType@71179b6f
00:28:51.749 [main] DEBUG org.hibernate.type.BasicTypeRegistry - Adding type registration character -> org.hibernate.type.CharacterType@4ac8768e
00:28:51.749 [main] DEBUG org.hibernate.type.BasicTypeRegistry - Adding type registration char -> org.hibernate.type.CharacterType@4ac8768e
00:28:51.749 [main] DEBUG org.hibernate.type.BasicTypeRegistry - Adding type registration java.lang.Character -> org.hibernate.type.CharacterType@4ac8768e
00:28:51.749 [main] DEBUG org.hibernate.type.BasicTypeRegistry - Adding type registration short -> org.hibernate.type.ShortType@5cff6b74
00:28:51.749 [main] DEBUG org.hibernate.type.BasicTypeRegistry - Adding type registration short -> org.hibernate.type.ShortType@5cff6b74
00:28:51.749 [main] DEBUG org.hibernate.type.BasicTypeRegistry - Adding type registration java.lang.Short -> org.hibernate.type.ShortType@5cff6b74
00:28:51.751 [main] DEBUG org.hibernate.type.BasicTypeRegistry - Adding type registration integer -> org.hibernate.type.IntegerType@6a32191e
00:28:51.751 [main] DEBUG org.hibernate.type.BasicTypeRegistry - Adding type registration int -> org.hibernate.type.IntegerType@6a32191e
00:28:51.751 [main] DEBUG org.hibernate.type.BasicTypeRegistry - Adding type registration java.lang.Integer -> org.hibernate.type.IntegerType@6a32191e
00:28:51.752 [main] DEBUG org.hibernate.type.BasicTypeRegistry - Adding type registration long -> org.hibernate.type.LongType@1fd7a37
00:28:51.752 [main] DEBUG org.hibernate.type.BasicTypeRegistry - Adding type registration long -> org.hibernate.type.LongType@1fd7a37
00:28:51.752 [main] DEBUG org.hibernate.type.BasicTypeRegistry - Adding type registration java.lang.Long -> org.hibernate.type.LongType@1fd7a37
00:28:51.753 [main] DEBUG org.hibernate.type.BasicTypeRegistry - Adding type registration float -> org.hibernate.type.FloatType@65ef48f2
00:28:51.753 [main] DEBUG org.hibernate.type.BasicTypeRegistry - Adding type registration float -> org.hibernate.type.FloatType@65ef48f2
00:28:51.753 [main] DEBUG org.hibernate.type.BasicTypeRegistry - Adding type registration java.lang.Float -> org.hibernate.type.FloatType@65ef48f2
00:28:51.753 [main] DEBUG org.hibernate.type.BasicTypeRegistry - Adding type registration double -> org.hibernate.type.DoubleType@9687f55
00:28:51.753 [main] DEBUG org.hibernate.type.BasicTypeRegistry - Adding type registration double -> org.hibernate.type.DoubleType@9687f55
00:28:51.753 [main] DEBUG org.hibernate.type.BasicTypeRegistry - Adding type registration java.lang.Double -> org.hibernate.type.DoubleType@9687f55
00:28:51.755 [main] DEBUG org.hibernate.type.BasicTypeRegistry - Adding type registration big_decimal -> org.hibernate.type.BigDecimalType@4b8137c5
00:28:51.755 [main] DEBUG org.hibernate.type.BasicTypeRegistry - Adding type registration java.math.BigDecimal -> org.hibernate.type.BigDecimalType@4b8137c5
00:28:51.755 [main] DEBUG org.hibernate.type.BasicTypeRegistry - Adding type registration big_integer -> org.hibernate.type.BigIntegerType@29896529
00:28:51.755 [main] DEBUG org.hibernate.type.BasicTypeRegistry - Adding type registration java.math.BigInteger -> org.hibernate.type.BigIntegerType@29896529
00:28:51.756 [main] DEBUG org.hibernate.type.BasicTypeRegistry - Adding type registration string -> org.hibernate.type.StringType@4cb957b8
00:28:51.756 [main] DEBUG org.hibernate.type.BasicTypeRegistry - Adding type registration java.lang.String -> org.hibernate.type.StringType@4cb957b8
00:28:51.756 [main] DEBUG org.hibernate.type.BasicTypeRegistry - Adding type registration nstring -> org.hibernate.type.StringNVarcharType@6ecc02bb
00:28:51.757 [main] DEBUG org.hibernate.type.BasicTypeRegistry - Adding type registration ncharacter -> org.hibernate.type.CharacterNCharType@773014d3
00:28:51.757 [main] DEBUG org.hibernate.type.BasicTypeRegistry - Adding type registration url -> org.hibernate.type.UrlType@67bb4dcd
00:28:51.757 [main] DEBUG org.hibernate.type.BasicTypeRegistry - Adding type registration java.net.URL -> org.hibernate.type.UrlType@67bb4dcd
00:28:51.758 [main] DEBUG org.hibernate.type.BasicTypeRegistry - Adding type registration Duration -> org.hibernate.type.DurationType@270a620
00:28:51.758 [main] DEBUG org.hibernate.type.BasicTypeRegistry - Adding type registration java.time.Duration -> org.hibernate.type.DurationType@270a620
00:28:51.761 [main] DEBUG org.hibernate.type.BasicTypeRegistry - Adding type registration Instant -> org.hibernate.type.InstantType@19fd43da
00:28:51.761 [main] DEBUG org.hibernate.type.BasicTypeRegistry - Adding type registration java.time.Instant -> org.hibernate.type.InstantType@19fd43da
00:28:51.762 [main] DEBUG org.hibernate.type.BasicTypeRegistry - Adding type registration LocalDateTime -> org.hibernate.type.LocalDateTimeType@604d23fa
00:28:51.762 [main] DEBUG org.hibernate.type.BasicTypeRegistry - Adding type registration java.time.LocalDateTime -> org.hibernate.type.LocalDateTimeType@604d23fa
00:28:51.763 [main] DEBUG org.hibernate.type.BasicTypeRegistry - Adding type registration LocalDate -> org.hibernate.type.LocalDateType@68ab6ab0
00:28:51.763 [main] DEBUG org.hibernate.type.BasicTypeRegistry - Adding type registration java.time.LocalDate -> org.hibernate.type.LocalDateType@68ab6ab0
00:28:51.763 [main] DEBUG org.hibernate.type.BasicTypeRegistry - Adding type registration LocalTime -> org.hibernate.type.LocalTimeType@abad89c
00:28:51.763 [main] DEBUG org.hibernate.type.BasicTypeRegistry - Adding type registration java.time.LocalTime -> org.hibernate.type.LocalTimeType@abad89c
00:28:51.765 [main] DEBUG org.hibernate.type.BasicTypeRegistry - Adding type registration OffsetDateTime -> org.hibernate.type.OffsetDateTimeType@75aea2ba
00:28:51.765 [main] DEBUG org.hibernate.type.BasicTypeRegistry - Adding type registration java.time.OffsetDateTime -> org.hibernate.type.OffsetDateTimeType@75aea2ba
00:28:51.766 [main] DEBUG org.hibernate.type.BasicTypeRegistry - Adding type registration OffsetTime -> org.hibernate.type.OffsetTimeType@162c1dfb
00:28:51.766 [main] DEBUG org.hibernate.type.BasicTypeRegistry - Adding type registration java.time.OffsetTime -> org.hibernate.type.OffsetTimeType@162c1dfb
00:28:51.767 [main] DEBUG org.hibernate.type.BasicTypeRegistry - Adding type registration ZonedDateTime -> org.hibernate.type.ZonedDateTimeType@7a9ceddf
00:28:51.767 [main] DEBUG org.hibernate.type.BasicTypeRegistry - Adding type registration java.time.ZonedDateTime -> org.hibernate.type.ZonedDateTimeType@7a9ceddf
00:28:51.769 [main] DEBUG org.hibernate.type.BasicTypeRegistry - Adding type registration date -> org.hibernate.type.DateType@61ff6a49
00:28:51.769 [main] DEBUG org.hibernate.type.BasicTypeRegistry - Adding type registration java.sql.Date -> org.hibernate.type.DateType@61ff6a49
00:28:51.770 [main] DEBUG org.hibernate.type.BasicTypeRegistry - Adding type registration time -> org.hibernate.type.TimeType@1ca3d25b
00:28:51.770 [main] DEBUG org.hibernate.type.BasicTypeRegistry - Adding type registration java.sql.Time -> org.hibernate.type.TimeType@1ca3d25b
00:28:51.771 [main] DEBUG org.hibernate.type.BasicTypeRegistry - Adding type registration timestamp -> org.hibernate.type.TimestampType@61a2aeb7
00:28:51.771 [main] DEBUG org.hibernate.type.BasicTypeRegistry - Adding type registration java.sql.Timestamp -> org.hibernate.type.TimestampType@61a2aeb7
00:28:51.771 [main] DEBUG org.hibernate.type.BasicTypeRegistry - Adding type registration java.util.Date -> org.hibernate.type.TimestampType@61a2aeb7
00:28:51.772 [main] DEBUG org.hibernate.type.BasicTypeRegistry - Adding type registration dbtimestamp -> org.hibernate.type.DbTimestampType@62b09715
00:28:51.773 [main] DEBUG org.hibernate.type.BasicTypeRegistry - Adding type registration calendar -> org.hibernate.type.CalendarType@6f5d0190
00:28:51.773 [main] DEBUG org.hibernate.type.BasicTypeRegistry - Adding type registration java.util.Calendar -> org.hibernate.type.CalendarType@6f5d0190
00:28:51.773 [main] DEBUG org.hibernate.type.BasicTypeRegistry - Adding type registration java.util.GregorianCalendar -> org.hibernate.type.CalendarType@6f5d0190
00:28:51.773 [main] DEBUG org.hibernate.type.BasicTypeRegistry - Adding type registration calendar_date -> org.hibernate.type.CalendarDateType@1e5eb20a
00:28:51.773 [main] DEBUG org.hibernate.type.BasicTypeRegistry - Adding type registration calendar_time -> org.hibernate.type.CalendarTimeType@ac91282
00:28:51.774 [main] DEBUG org.hibernate.type.BasicTypeRegistry - Adding type registration locale -> org.hibernate.type.LocaleType@47829d6d
00:28:51.774 [main] DEBUG org.hibernate.type.BasicTypeRegistry - Adding type registration java.util.Locale -> org.hibernate.type.LocaleType@47829d6d
00:28:51.775 [main] DEBUG org.hibernate.type.BasicTypeRegistry - Adding type registration currency -> org.hibernate.type.CurrencyType@59fc6d05
00:28:51.775 [main] DEBUG org.hibernate.type.BasicTypeRegistry - Adding type registration java.util.Currency -> org.hibernate.type.CurrencyType@59fc6d05
00:28:51.775 [main] DEBUG org.hibernate.type.BasicTypeRegistry - Adding type registration timezone -> org.hibernate.type.TimeZoneType@4391a2d8
00:28:51.775 [main] DEBUG org.hibernate.type.BasicTypeRegistry - Adding type registration java.util.TimeZone -> org.hibernate.type.TimeZoneType@4391a2d8
00:28:51.775 [main] DEBUG org.hibernate.type.BasicTypeRegistry - Adding type registration class -> org.hibernate.type.ClassType@1e3df614
00:28:51.775 [main] DEBUG org.hibernate.type.BasicTypeRegistry - Adding type registration java.lang.Class -> org.hibernate.type.ClassType@1e3df614
00:28:51.776 [main] DEBUG org.hibernate.type.BasicTypeRegistry - Adding type registration uuid-binary -> org.hibernate.type.UUIDBinaryType@64bebd55
00:28:51.776 [main] DEBUG org.hibernate.type.BasicTypeRegistry - Adding type registration java.util.UUID -> org.hibernate.type.UUIDBinaryType@64bebd55
00:28:51.777 [main] DEBUG org.hibernate.type.BasicTypeRegistry - Adding type registration uuid-char -> org.hibernate.type.UUIDCharType@66f5a02e
00:28:51.777 [main] DEBUG org.hibernate.type.BasicTypeRegistry - Adding type registration binary -> org.hibernate.type.BinaryType@15a3b42
00:28:51.777 [main] DEBUG org.hibernate.type.BasicTypeRegistry - Adding type registration byte[] -> org.hibernate.type.BinaryType@15a3b42
00:28:51.777 [main] DEBUG org.hibernate.type.BasicTypeRegistry - Adding type registration [B -> org.hibernate.type.BinaryType@15a3b42
00:28:51.778 [main] DEBUG org.hibernate.type.BasicTypeRegistry - Adding type registration wrapper-binary -> org.hibernate.type.WrapperBinaryType@5af5d76f
00:28:51.778 [main] DEBUG org.hibernate.type.BasicTypeRegistry - Adding type registration Byte[] -> org.hibernate.type.WrapperBinaryType@5af5d76f
00:28:51.778 [main] DEBUG org.hibernate.type.BasicTypeRegistry - Adding type registration [Ljava.lang.Byte; -> org.hibernate.type.WrapperBinaryType@5af5d76f
00:28:51.778 [main] DEBUG org.hibernate.type.BasicTypeRegistry - Adding type registration row_version -> org.hibernate.type.RowVersionType@766a52f5
00:28:51.779 [main] DEBUG org.hibernate.type.BasicTypeRegistry - Adding type registration image -> org.hibernate.type.ImageType@58fd1214
00:28:51.779 [main] DEBUG org.hibernate.type.BasicTypeRegistry - Adding type registration characters -> org.hibernate.type.CharArrayType@157d3a45
00:28:51.779 [main] DEBUG org.hibernate.type.BasicTypeRegistry - Adding type registration char[] -> org.hibernate.type.CharArrayType@157d3a45
00:28:51.779 [main] DEBUG org.hibernate.type.BasicTypeRegistry - Adding type registration [C -> org.hibernate.type.CharArrayType@157d3a45
00:28:51.780 [main] DEBUG org.hibernate.type.BasicTypeRegistry - Adding type registration wrapper-characters -> org.hibernate.type.CharacterArrayType@5d878b25
00:28:51.780 [main] DEBUG org.hibernate.type.BasicTypeRegistry - Adding type registration [Ljava.lang.Character; -> org.hibernate.type.CharacterArrayType@5d878b25
00:28:51.780 [main] DEBUG org.hibernate.type.BasicTypeRegistry - Adding type registration Character[] -> org.hibernate.type.CharacterArrayType@5d878b25
00:28:51.780 [main] DEBUG org.hibernate.type.BasicTypeRegistry - Adding type registration text -> org.hibernate.type.TextType@575cabf0
00:28:51.780 [main] DEBUG org.hibernate.type.BasicTypeRegistry - Adding type registration ntext -> org.hibernate.type.NTextType@1f992a3a
00:28:51.781 [main] DEBUG org.hibernate.type.BasicTypeRegistry - Adding type registration blob -> org.hibernate.type.BlobType@78a8978a
00:28:51.781 [main] DEBUG org.hibernate.type.BasicTypeRegistry - Adding type registration java.sql.Blob -> org.hibernate.type.BlobType@78a8978a
00:28:51.781 [main] DEBUG org.hibernate.type.BasicTypeRegistry - Adding type registration materialized_blob -> org.hibernate.type.MaterializedBlobType@29bcf51d
00:28:51.782 [main] DEBUG org.hibernate.type.BasicTypeRegistry - Adding type registration clob -> org.hibernate.type.ClobType@45e617c4
00:28:51.782 [main] DEBUG org.hibernate.type.BasicTypeRegistry - Adding type registration java.sql.Clob -> org.hibernate.type.ClobType@45e617c4
00:28:51.783 [main] DEBUG org.hibernate.type.BasicTypeRegistry - Adding type registration nclob -> org.hibernate.type.NClobType@422ab737
00:28:51.783 [main] DEBUG org.hibernate.type.BasicTypeRegistry - Adding type registration java.sql.NClob -> org.hibernate.type.NClobType@422ab737
00:28:51.783 [main] DEBUG org.hibernate.type.BasicTypeRegistry - Adding type registration materialized_clob -> org.hibernate.type.MaterializedClobType@6dce59e
00:28:51.783 [main] DEBUG org.hibernate.type.BasicTypeRegistry - Adding type registration materialized_nclob -> org.hibernate.type.MaterializedNClobType@691124ee
00:28:51.785 [main] DEBUG org.hibernate.type.BasicTypeRegistry - Adding type registration serializable -> org.hibernate.type.SerializableType@122635ef
00:28:51.787 [main] DEBUG org.hibernate.type.BasicTypeRegistry - Adding type registration object -> org.hibernate.type.ObjectType@59a2388e
00:28:51.787 [main] DEBUG org.hibernate.type.BasicTypeRegistry - Adding type registration java.lang.Object -> org.hibernate.type.ObjectType@59a2388e
00:28:51.787 [main] DEBUG org.hibernate.type.BasicTypeRegistry - Adding type registration imm_date -> org.hibernate.type.AdaptedImmutableType@6518fdfd
00:28:51.787 [main] DEBUG org.hibernate.type.BasicTypeRegistry - Adding type registration imm_time -> org.hibernate.type.AdaptedImmutableType@11d2dd2d
00:28:51.787 [main] DEBUG org.hibernate.type.BasicTypeRegistry - Adding type registration imm_timestamp -> org.hibernate.type.AdaptedImmutableType@cde8c6c
00:28:51.787 [main] DEBUG org.hibernate.type.BasicTypeRegistry - Adding type registration imm_dbtimestamp -> org.hibernate.type.AdaptedImmutableType@174721c4
00:28:51.787 [main] DEBUG org.hibernate.type.BasicTypeRegistry - Adding type registration imm_calendar -> org.hibernate.type.AdaptedImmutableType@3592c1c4
00:28:51.787 [main] DEBUG org.hibernate.type.BasicTypeRegistry - Adding type registration imm_calendar_date -> org.hibernate.type.AdaptedImmutableType@322e49ee
00:28:51.787 [main] DEBUG org.hibernate.type.BasicTypeRegistry - Adding type registration imm_binary -> org.hibernate.type.AdaptedImmutableType@4aeb0e2b
00:28:51.788 [main] DEBUG org.hibernate.type.BasicTypeRegistry - Adding type registration imm_serializable -> org.hibernate.type.AdaptedImmutableType@648c5fb3
00:28:51.825 [main] DEBUG org.hibernate.id.factory.internal.DefaultIdentifierGeneratorFactory - Registering IdentifierGenerator strategy [uuid2] -> [org.hibernate.id.UUIDGenerator]
00:28:51.826 [main] DEBUG org.hibernate.id.factory.internal.DefaultIdentifierGeneratorFactory - Registering IdentifierGenerator strategy [guid] -> [org.hibernate.id.GUIDGenerator]
00:28:51.827 [main] DEBUG org.hibernate.id.factory.internal.DefaultIdentifierGeneratorFactory - Registering IdentifierGenerator strategy [uuid] -> [org.hibernate.id.UUIDHexGenerator]
00:28:51.827 [main] DEBUG org.hibernate.id.factory.internal.DefaultIdentifierGeneratorFactory - Registering IdentifierGenerator strategy [uuid.hex] -> [org.hibernate.id.UUIDHexGenerator]
00:28:51.827 [main] DEBUG org.hibernate.id.factory.internal.DefaultIdentifierGeneratorFactory - Registering IdentifierGenerator strategy [assigned] -> [org.hibernate.id.Assigned]
00:28:51.828 [main] DEBUG org.hibernate.id.factory.internal.DefaultIdentifierGeneratorFactory - Registering IdentifierGenerator strategy [identity] -> [org.hibernate.id.IdentityGenerator]
00:28:51.828 [main] DEBUG org.hibernate.id.factory.internal.DefaultIdentifierGeneratorFactory - Registering IdentifierGenerator strategy [select] -> [org.hibernate.id.SelectGenerator]
00:28:51.829 [main] DEBUG org.hibernate.id.factory.internal.DefaultIdentifierGeneratorFactory - Registering IdentifierGenerator strategy [sequence] -> [org.hibernate.id.enhanced.SequenceStyleGenerator]
00:28:51.831 [main] DEBUG org.hibernate.id.factory.internal.DefaultIdentifierGeneratorFactory - Registering IdentifierGenerator strategy [seqhilo] -> [org.hibernate.id.SequenceHiLoGenerator]
00:28:51.832 [main] DEBUG org.hibernate.id.factory.internal.DefaultIdentifierGeneratorFactory - Registering IdentifierGenerator strategy [increment] -> [org.hibernate.id.IncrementGenerator]
00:28:51.832 [main] DEBUG org.hibernate.id.factory.internal.DefaultIdentifierGeneratorFactory - Registering IdentifierGenerator strategy [foreign] -> [org.hibernate.id.ForeignGenerator]
00:28:51.832 [main] DEBUG org.hibernate.id.factory.internal.DefaultIdentifierGeneratorFactory - Registering IdentifierGenerator strategy [sequence-identity] -> [org.hibernate.id.SequenceIdentityGenerator]
00:28:51.832 [main] DEBUG org.hibernate.id.factory.internal.DefaultIdentifierGeneratorFactory - Registering IdentifierGenerator strategy [enhanced-sequence] -> [org.hibernate.id.enhanced.SequenceStyleGenerator]
00:28:51.833 [main] DEBUG org.hibernate.id.factory.internal.DefaultIdentifierGeneratorFactory - Registering IdentifierGenerator strategy [enhanced-table] -> [org.hibernate.id.enhanced.TableGenerator]
00:28:51.838 [main] DEBUG org.springframework.jdbc.datasource.DriverManagerDataSource - Creating new JDBC DriverManager Connection to [jdbc:hsqldb:mem:db_]
00:28:52.006 [main] DEBUG org.hibernate.engine.jdbc.env.internal.JdbcEnvironmentInitiator - Database ->
       name : HSQL Database Engine
    version : 2.3.2
      major : 2
      minor : 3
00:28:52.006 [main] DEBUG org.hibernate.engine.jdbc.env.internal.JdbcEnvironmentInitiator - Driver ->
       name : HSQL Database Engine Driver
    version : 2.3.2
      major : 2
      minor : 3
00:28:52.006 [main] DEBUG org.hibernate.engine.jdbc.env.internal.JdbcEnvironmentInitiator - JDBC version : 4.0
00:28:52.013 [main] INFO org.hibernate.dialect.Dialect - HHH000400: Using dialect: org.hibernate.dialect.HSQLDialect
00:28:52.027 [main] DEBUG org.hibernate.engine.jdbc.env.spi.IdentifierHelperBuilder - JDBC driver metadata reported database stores quoted identifiers in neither upper, lower nor mixed case
00:28:52.048 [main] DEBUG org.hibernate.boot.model.relational.Namespace - Created database namespace [logicalName=Name{catalog=null, schema=null}, physicalName=Name{catalog=null, schema=null}]
00:28:52.051 [main] DEBUG org.hibernate.type.spi.TypeConfiguration$Scope - Scoping TypeConfiguration [org.hibernate.type.spi.TypeConfiguration@4ffced4e] to MetadataBuildingContext [org.hibernate.boot.internal.MetadataBuildingContextRootImpl@6094de13]
00:28:52.083 [main] DEBUG org.hibernate.cfg.AnnotationBinder - Binding entity from annotated class: com.tallerwebi.dominio.Alimento
00:28:52.092 [main] DEBUG org.hibernate.cfg.Ejb3Column - Binding column: Ejb3DiscriminatorColumn{logicalColumnName'DTYPE', discriminatorTypeName='string'}
00:28:52.095 [main] DEBUG org.hibernate.cfg.annotations.EntityBinder - Import with entity name Alimento
00:28:52.099 [main] DEBUG org.hibernate.cfg.annotations.EntityBinder - Bind entity com.tallerwebi.dominio.Alimento on table Alimento
00:28:52.123 [main] DEBUG org.hibernate.cfg.Ejb3Column - Binding column: Ejb3Column{table=org.hibernate.mapping.Table(Alimento), mappingColumn=id, insertable=true, updatable=true, unique=false}
00:28:52.125 [main] DEBUG org.hibernate.boot.internal.ClassLoaderAccessImpl - Not known whether passed class name [com.tallerwebi.dominio.Alimento] is safe
00:28:52.125 [main] DEBUG org.hibernate.boot.internal.ClassLoaderAccessImpl - No temp ClassLoader provided; using live ClassLoader for loading potentially unsafe class : com.tallerwebi.dominio.Alimento
00:28:52.127 [main] DEBUG org.hibernate.cfg.annotations.PropertyBinder - MetadataSourceProcessor property id with lazy=false
00:28:52.128 [main] DEBUG org.hibernate.cfg.AbstractPropertyHolder - Attempting to locate auto-apply AttributeConverter for property [com.tallerwebi.dominio.Alimento:id]
00:28:52.130 [main] DEBUG org.hibernate.cfg.annotations.SimpleValueBinder - building SimpleValue for id
00:28:52.131 [main] DEBUG org.hibernate.cfg.annotations.PropertyBinder - Building property id
00:28:52.133 [main] DEBUG org.hibernate.cfg.BinderHelper - #makeIdGenerator(org.hibernate.mapping.SimpleValue([org.hibernate.mapping.Column(id)]), id, identity, , ...)
00:28:52.134 [main] DEBUG org.hibernate.cfg.Ejb3Column - Binding column: Ejb3Column{table=org.hibernate.mapping.Table(Alimento), mappingColumn=azucar, insertable=true, updatable=true, unique=false}
00:28:52.134 [main] DEBUG org.hibernate.cfg.annotations.PropertyBinder - MetadataSourceProcessor property azucar with lazy=false
00:28:52.134 [main] DEBUG org.hibernate.cfg.AbstractPropertyHolder - Attempting to locate auto-apply AttributeConverter for property [com.tallerwebi.dominio.Alimento:azucar]
00:28:52.134 [main] DEBUG org.hibernate.cfg.annotations.SimpleValueBinder - building SimpleValue for azucar
00:28:52.134 [main] DEBUG org.hibernate.cfg.annotations.PropertyBinder - Building property azucar
00:28:52.134 [main] DEBUG org.hibernate.cfg.Ejb3Column - Binding column: Ejb3Column{table=org.hibernate.mapping.Table(Alimento), mappingColumn=baseAzucar, insertable=true, updatable=true, unique=false}
00:28:52.134 [main] DEBUG org.hibernate.cfg.annotations.PropertyBinder - MetadataSourceProcessor property baseAzucar with lazy=false
00:28:52.134 [main] DEBUG org.hibernate.cfg.AbstractPropertyHolder - Attempting to locate auto-apply AttributeConverter for property [com.tallerwebi.dominio.Alimento:baseAzucar]
00:28:52.134 [main] DEBUG org.hibernate.cfg.annotations.SimpleValueBinder - building SimpleValue for baseAzucar
00:28:52.134 [main] DEBUG org.hibernate.cfg.annotations.PropertyBinder - Building property baseAzucar
00:28:52.134 [main] DEBUG org.hibernate.cfg.Ejb3Column - Binding column: Ejb3Column{table=org.hibernate.mapping.Table(Alimento), mappingColumn=baseCalorias, insertable=true, updatable=true, unique=false}
00:28:52.134 [main] DEBUG org.hibernate.cfg.annotations.PropertyBinder - MetadataSourceProcessor property baseCalorias with lazy=false
00:28:52.134 [main] DEBUG org.hibernate.cfg.AbstractPropertyHolder - Attempting to locate auto-apply AttributeConverter for property [com.tallerwebi.dominio.Alimento:baseCalorias]
00:28:52.134 [main] DEBUG org.hibernate.cfg.annotations.SimpleValueBinder - building SimpleValue for baseCalorias
00:28:52.134 [main] DEBUG org.hibernate.cfg.annotations.PropertyBinder - Building property baseCalorias
00:28:52.134 [main] DEBUG org.hibernate.cfg.Ejb3Column - Binding column: Ejb3Column{table=org.hibernate.mapping.Table(Alimento), mappingColumn=baseCarbohidratos, insertable=true, updatable=true, unique=false}
00:28:52.134 [main] DEBUG org.hibernate.cfg.annotations.PropertyBinder - MetadataSourceProcessor property baseCarbohidratos with lazy=false
00:28:52.134 [main] DEBUG org.hibernate.cfg.AbstractPropertyHolder - Attempting to locate auto-apply AttributeConverter for property [com.tallerwebi.dominio.Alimento:baseCarbohidratos]
00:28:52.134 [main] DEBUG org.hibernate.cfg.annotations.SimpleValueBinder - building SimpleValue for baseCarbohidratos
00:28:52.135 [main] DEBUG org.hibernate.cfg.annotations.PropertyBinder - Building property baseCarbohidratos
00:28:52.135 [main] DEBUG org.hibernate.cfg.Ejb3Column - Binding column: Ejb3Column{table=org.hibernate.mapping.Table(Alimento), mappingColumn=baseColesterol, insertable=true, updatable=true, unique=false}
00:28:52.135 [main] DEBUG org.hibernate.cfg.annotations.PropertyBinder - MetadataSourceProcessor property baseColesterol with lazy=false
00:28:52.135 [main] DEBUG org.hibernate.cfg.AbstractPropertyHolder - Attempting to locate auto-apply AttributeConverter for property [com.tallerwebi.dominio.Alimento:baseColesterol]
00:28:52.135 [main] DEBUG org.hibernate.cfg.annotations.SimpleValueBinder - building SimpleValue for baseColesterol
00:28:52.135 [main] DEBUG org.hibernate.cfg.annotations.PropertyBinder - Building property baseColesterol
00:28:52.135 [main] DEBUG org.hibernate.cfg.Ejb3Column - Binding column: Ejb3Column{table=org.hibernate.mapping.Table(Alimento), mappingColumn=baseEnergia, insertable=true, updatable=true, unique=false}
00:28:52.135 [main] DEBUG org.hibernate.cfg.annotations.PropertyBinder - MetadataSourceProcessor property baseEnergia with lazy=false
00:28:52.135 [main] DEBUG org.hibernate.cfg.AbstractPropertyHolder - Attempting to locate auto-apply AttributeConverter for property [com.tallerwebi.dominio.Alimento:baseEnergia]
00:28:52.135 [main] DEBUG org.hibernate.cfg.annotations.SimpleValueBinder - building SimpleValue for baseEnergia
00:28:52.135 [main] DEBUG org.hibernate.cfg.annotations.PropertyBinder - Building property baseEnergia
00:28:52.135 [main] DEBUG org.hibernate.cfg.Ejb3Column - Binding column: Ejb3Column{table=org.hibernate.mapping.Table(Alimento), mappingColumn=baseFibra, insertable=true, updatable=true, unique=false}
00:28:52.135 [main] DEBUG org.hibernate.cfg.annotations.PropertyBinder - MetadataSourceProcessor property baseFibra with lazy=false
00:28:52.135 [main] DEBUG org.hibernate.cfg.AbstractPropertyHolder - Attempting to locate auto-apply AttributeConverter for property [com.tallerwebi.dominio.Alimento:baseFibra]
00:28:52.135 [main] DEBUG org.hibernate.cfg.annotations.SimpleValueBinder - building SimpleValue for baseFibra
00:28:52.135 [main] DEBUG org.hibernate.cfg.annotations.PropertyBinder - Building property baseFibra
00:28:52.135 [main] DEBUG org.hibernate.cfg.Ejb3Column - Binding column: Ejb3Column{table=org.hibernate.mapping.Table(Alimento), mappingColumn=baseGrasa, insertable=true, updatable=true, unique=false}
00:28:52.135 [main] DEBUG org.hibernate.cfg.annotations.PropertyBinder - MetadataSourceProcessor property baseGrasa with lazy=false
00:28:52.135 [main] DEBUG org.hibernate.cfg.AbstractPropertyHolder - Attempting to locate auto-apply AttributeConverter for property [com.tallerwebi.dominio.Alimento:baseGrasa]
00:28:52.135 [main] DEBUG org.hibernate.cfg.annotations.SimpleValueBinder - building SimpleValue for baseGrasa
00:28:52.135 [main] DEBUG org.hibernate.cfg.annotations.PropertyBinder - Building property baseGrasa
00:28:52.135 [main] DEBUG org.hibernate.cfg.Ejb3Column - Binding column: Ejb3Column{table=org.hibernate.mapping.Table(Alimento), mappingColumn=baseGrasaMonoinsaturada, insertable=true, updatable=true, unique=false}
00:28:52.135 [main] DEBUG org.hibernate.cfg.annotations.PropertyBinder - MetadataSourceProcessor property baseGrasaMonoinsaturada with lazy=false
00:28:52.135 [main] DEBUG org.hibernate.cfg.AbstractPropertyHolder - Attempting to locate auto-apply AttributeConverter for property [com.tallerwebi.dominio.Alimento:baseGrasaMonoinsaturada]
00:28:52.135 [main] DEBUG org.hibernate.cfg.annotations.SimpleValueBinder - building SimpleValue for baseGrasaMonoinsaturada
00:28:52.135 [main] DEBUG org.hibernate.cfg.annotations.PropertyBinder - Building property baseGrasaMonoinsaturada
00:28:52.135 [main] DEBUG org.hibernate.cfg.Ejb3Column - Binding column: Ejb3Column{table=org.hibernate.mapping.Table(Alimento), mappingColumn=baseGrasaPoliinsaturada, insertable=true, updatable=true, unique=false}
00:28:52.135 [main] DEBUG org.hibernate.cfg.annotations.PropertyBinder - MetadataSourceProcessor property baseGrasaPoliinsaturada with lazy=false
00:28:52.135 [main] DEBUG org.hibernate.cfg.AbstractPropertyHolder - Attempting to locate auto-apply AttributeConverter for property [com.tallerwebi.dominio.Alimento:baseGrasaPoliinsaturada]
00:28:52.135 [main] DEBUG org.hibernate.cfg.annotations.SimpleValueBinder - building SimpleValue for baseGrasaPoliinsaturada
00:28:52.136 [main] DEBUG org.hibernate.cfg.annotations.PropertyBinder - Building property baseGrasaPoliinsaturada
00:28:52.136 [main] DEBUG org.hibernate.cfg.Ejb3Column - Binding column: Ejb3Column{table=org.hibernate.mapping.Table(Alimento), mappingColumn=baseGrasaSaturada, insertable=true, updatable=true, unique=false}
00:28:52.136 [main] DEBUG org.hibernate.cfg.annotations.PropertyBinder - MetadataSourceProcessor property baseGrasaSaturada with lazy=false
00:28:52.136 [main] DEBUG org.hibernate.cfg.AbstractPropertyHolder - Attempting to locate auto-apply AttributeConverter for property [com.tallerwebi.dominio.Alimento:baseGrasaSaturada]
00:28:52.136 [main] DEBUG org.hibernate.cfg.annotations.SimpleValueBinder - building SimpleValue for baseGrasaSaturada
00:28:52.136 [main] DEBUG org.hibernate.cfg.annotations.PropertyBinder - Building property baseGrasaSaturada
00:28:52.136 [main] DEBUG org.hibernate.cfg.Ejb3Column - Binding column: Ejb3Column{table=org.hibernate.mapping.Table(Alimento), mappingColumn=basePotasio, insertable=true, updatable=true, unique=false}
00:28:52.136 [main] DEBUG org.hibernate.cfg.annotations.PropertyBinder - MetadataSourceProcessor property basePotasio with lazy=false
00:28:52.136 [main] DEBUG org.hibernate.cfg.AbstractPropertyHolder - Attempting to locate auto-apply AttributeConverter for property [com.tallerwebi.dominio.Alimento:basePotasio]
00:28:52.136 [main] DEBUG org.hibernate.cfg.annotations.SimpleValueBinder - building SimpleValue for basePotasio
00:28:52.136 [main] DEBUG org.hibernate.cfg.annotations.PropertyBinder - Building property basePotasio
00:28:52.136 [main] DEBUG org.hibernate.cfg.Ejb3Column - Binding column: Ejb3Column{table=org.hibernate.mapping.Table(Alimento), mappingColumn=baseProteina, insertable=true, updatable=true, unique=false}
00:28:52.136 [main] DEBUG org.hibernate.cfg.annotations.PropertyBinder - MetadataSourceProcessor property baseProteina with lazy=false
00:28:52.136 [main] DEBUG org.hibernate.cfg.AbstractPropertyHolder - Attempting to locate auto-apply AttributeConverter for property [com.tallerwebi.dominio.Alimento:baseProteina]
00:28:52.136 [main] DEBUG org.hibernate.cfg.annotations.SimpleValueBinder - building SimpleValue for baseProteina
00:28:52.136 [main] DEBUG org.hibernate.cfg.annotations.PropertyBinder - Building property baseProteina
00:28:52.136 [main] DEBUG org.hibernate.cfg.Ejb3Column - Binding column: Ejb3Column{table=org.hibernate.mapping.Table(Alimento), mappingColumn=baseSodio, insertable=true, updatable=true, unique=false}
00:28:52.136 [main] DEBUG org.hibernate.cfg.annotations.PropertyBinder - MetadataSourceProcessor property baseSodio with lazy=false
00:28:52.136 [main] DEBUG org.hibernate.cfg.AbstractPropertyHolder - Attempting to locate auto-apply AttributeConverter for property [com.tallerwebi.dominio.Alimento:baseSodio]
00:28:52.137 [main] DEBUG org.hibernate.cfg.annotations.SimpleValueBinder - building SimpleValue for baseSodio
00:28:52.137 [main] DEBUG org.hibernate.cfg.annotations.PropertyBinder - Building property baseSodio
00:28:52.137 [main] DEBUG org.hibernate.cfg.Ejb3Column - Binding column: Ejb3Column{table=org.hibernate.mapping.Table(Alimento), mappingColumn=calorias, insertable=true, updatable=true, unique=false}
00:28:52.137 [main] DEBUG org.hibernate.cfg.annotations.PropertyBinder - MetadataSourceProcessor property calorias with lazy=false
00:28:52.137 [main] DEBUG org.hibernate.cfg.AbstractPropertyHolder - Attempting to locate auto-apply AttributeConverter for property [com.tallerwebi.dominio.Alimento:calorias]
00:28:52.137 [main] DEBUG org.hibernate.cfg.annotations.SimpleValueBinder - building SimpleValue for calorias
00:28:52.137 [main] DEBUG org.hibernate.cfg.annotations.PropertyBinder - Building property calorias
00:28:52.137 [main] DEBUG org.hibernate.cfg.Ejb3Column - Binding column: Ejb3Column{table=org.hibernate.mapping.Table(Alimento), mappingColumn=cantidad, insertable=true, updatable=true, unique=false}
00:28:52.137 [main] DEBUG org.hibernate.cfg.annotations.PropertyBinder - MetadataSourceProcessor property cantidad with lazy=false
00:28:52.137 [main] DEBUG org.hibernate.cfg.AbstractPropertyHolder - Attempting to locate auto-apply AttributeConverter for property [com.tallerwebi.dominio.Alimento:cantidad]
00:28:52.137 [main] DEBUG org.hibernate.cfg.annotations.SimpleValueBinder - building SimpleValue for cantidad
00:28:52.137 [main] DEBUG org.hibernate.cfg.annotations.PropertyBinder - Building property cantidad
00:28:52.137 [main] DEBUG org.hibernate.cfg.Ejb3Column - Binding column: Ejb3Column{table=org.hibernate.mapping.Table(Alimento), mappingColumn=carbohidratos, insertable=true, updatable=true, unique=false}
00:28:52.137 [main] DEBUG org.hibernate.cfg.annotations.PropertyBinder - MetadataSourceProcessor property carbohidratos with lazy=false
00:28:52.137 [main] DEBUG org.hibernate.cfg.AbstractPropertyHolder - Attempting to locate auto-apply AttributeConverter for property [com.tallerwebi.dominio.Alimento:carbohidratos]
00:28:52.137 [main] DEBUG org.hibernate.cfg.annotations.SimpleValueBinder - building SimpleValue for carbohidratos
00:28:52.137 [main] DEBUG org.hibernate.cfg.annotations.PropertyBinder - Building property carbohidratos
00:28:52.139 [main] DEBUG org.hibernate.cfg.Ejb3Column - Binding column: Ejb3JoinColumn{logicalColumnName='categoria_id', referencedColumn='', mappedBy=''}
00:28:52.139 [main] DEBUG org.hibernate.cfg.Ejb3Column - Binding column: Ejb3Column{table=org.hibernate.mapping.Table(Alimento), mappingColumn=categoria, insertable=true, updatable=true, unique=false}
00:28:52.141 [main] DEBUG org.hibernate.cfg.annotations.PropertyBinder - Building property categoria
00:28:52.141 [main] DEBUG org.hibernate.cfg.Ejb3Column - Binding column: Ejb3JoinColumn{logicalColumnName='null', referencedColumn='null', mappedBy='alimentos'}
00:28:52.141 [main] DEBUG org.hibernate.cfg.Ejb3Column - Binding column: Ejb3Column{table=org.hibernate.mapping.Table(Alimento), mappingColumn=colaciones, insertable=true, updatable=true, unique=false}
00:28:52.142 [main] DEBUG org.hibernate.cfg.Ejb3Column - Binding column: Ejb3Column{table=org.hibernate.mapping.Table(Alimento), mappingColumn=null, insertable=true, updatable=true, unique=false}
00:28:52.148 [main] DEBUG org.hibernate.cfg.Ejb3Column - Binding column: Ejb3Column{table=org.hibernate.mapping.Table(Alimento), mappingColumn=element, insertable=true, updatable=true, unique=false}
00:28:52.148 [main] DEBUG org.hibernate.cfg.Ejb3Column - Binding column: Ejb3Column{table=org.hibernate.mapping.Table(Alimento), mappingColumn=colaciones_KEY, insertable=true, updatable=true, unique=false}
00:28:52.148 [main] DEBUG org.hibernate.cfg.Ejb3Column - Binding column: Ejb3JoinColumn{logicalColumnName='colaciones_KEY', referencedColumn='null', mappedBy='null'}
00:28:52.148 [main] DEBUG org.hibernate.cfg.Ejb3Column - Binding column: Ejb3JoinColumn{logicalColumnName='null', referencedColumn='null', mappedBy='alimentos'}
00:28:52.148 [main] DEBUG org.hibernate.cfg.Ejb3Column - Binding column: Ejb3JoinColumn{logicalColumnName='null', referencedColumn='null', mappedBy='alimentos'}
00:28:52.150 [main] DEBUG org.hibernate.cfg.annotations.CollectionBinder - Collection role: com.tallerwebi.dominio.Alimento.colaciones
00:28:52.151 [main] DEBUG org.hibernate.cfg.annotations.PropertyBinder - Building property colaciones
00:28:52.151 [main] DEBUG org.hibernate.cfg.Ejb3Column - Binding column: Ejb3Column{table=org.hibernate.mapping.Table(Alimento), mappingColumn=colesterol, insertable=true, updatable=true, unique=false}
00:28:52.151 [main] DEBUG org.hibernate.cfg.annotations.PropertyBinder - MetadataSourceProcessor property colesterol with lazy=false
00:28:52.151 [main] DEBUG org.hibernate.cfg.AbstractPropertyHolder - Attempting to locate auto-apply AttributeConverter for property [com.tallerwebi.dominio.Alimento:colesterol]
00:28:52.151 [main] DEBUG org.hibernate.cfg.annotations.SimpleValueBinder - building SimpleValue for colesterol
00:28:52.151 [main] DEBUG org.hibernate.cfg.annotations.PropertyBinder - Building property colesterol
00:28:52.151 [main] DEBUG org.hibernate.cfg.Ejb3Column - Binding column: Ejb3Column{table=org.hibernate.mapping.Table(Alimento), mappingColumn=energia, insertable=true, updatable=true, unique=false}
00:28:52.151 [main] DEBUG org.hibernate.cfg.annotations.PropertyBinder - MetadataSourceProcessor property energia with lazy=false
00:28:52.151 [main] DEBUG org.hibernate.cfg.AbstractPropertyHolder - Attempting to locate auto-apply AttributeConverter for property [com.tallerwebi.dominio.Alimento:energia]
00:28:52.151 [main] DEBUG org.hibernate.cfg.annotations.SimpleValueBinder - building SimpleValue for energia
00:28:52.151 [main] DEBUG org.hibernate.cfg.annotations.PropertyBinder - Building property energia
00:28:52.151 [main] DEBUG org.hibernate.cfg.Ejb3Column - Binding column: Ejb3Column{table=org.hibernate.mapping.Table(Alimento), mappingColumn=esPersonalizado, insertable=true, updatable=true, unique=false}
00:28:52.151 [main] DEBUG org.hibernate.cfg.annotations.PropertyBinder - MetadataSourceProcessor property esPersonalizado with lazy=false
00:28:52.151 [main] DEBUG org.hibernate.cfg.AbstractPropertyHolder - Attempting to locate auto-apply AttributeConverter for property [com.tallerwebi.dominio.Alimento:esPersonalizado]
00:28:52.152 [main] DEBUG org.hibernate.cfg.annotations.SimpleValueBinder - building SimpleValue for esPersonalizado
00:28:52.152 [main] DEBUG org.hibernate.cfg.annotations.PropertyBinder - Building property esPersonalizado
00:28:52.152 [main] DEBUG org.hibernate.cfg.Ejb3Column - Binding column: Ejb3Column{table=org.hibernate.mapping.Table(Alimento), mappingColumn=fibra, insertable=true, updatable=true, unique=false}
00:28:52.152 [main] DEBUG org.hibernate.cfg.annotations.PropertyBinder - MetadataSourceProcessor property fibra with lazy=false
00:28:52.152 [main] DEBUG org.hibernate.cfg.AbstractPropertyHolder - Attempting to locate auto-apply AttributeConverter for property [com.tallerwebi.dominio.Alimento:fibra]
00:28:52.152 [main] DEBUG org.hibernate.cfg.annotations.SimpleValueBinder - building SimpleValue for fibra
00:28:52.152 [main] DEBUG org.hibernate.cfg.annotations.PropertyBinder - Building property fibra
00:28:52.152 [main] DEBUG org.hibernate.cfg.Ejb3Column - Binding column: Ejb3Column{table=org.hibernate.mapping.Table(Alimento), mappingColumn=grasa, insertable=true, updatable=true, unique=false}
00:28:52.152 [main] DEBUG org.hibernate.cfg.annotations.PropertyBinder - MetadataSourceProcessor property grasa with lazy=false
00:28:52.152 [main] DEBUG org.hibernate.cfg.AbstractPropertyHolder - Attempting to locate auto-apply AttributeConverter for property [com.tallerwebi.dominio.Alimento:grasa]
00:28:52.152 [main] DEBUG org.hibernate.cfg.annotations.SimpleValueBinder - building SimpleValue for grasa
00:28:52.152 [main] DEBUG org.hibernate.cfg.annotations.PropertyBinder - Building property grasa
00:28:52.152 [main] DEBUG org.hibernate.cfg.Ejb3Column - Binding column: Ejb3Column{table=org.hibernate.mapping.Table(Alimento), mappingColumn=grasaMonoinsaturada, insertable=true, updatable=true, unique=false}
00:28:52.152 [main] DEBUG org.hibernate.cfg.annotations.PropertyBinder - MetadataSourceProcessor property grasaMonoinsaturada with lazy=false
00:28:52.152 [main] DEBUG org.hibernate.cfg.AbstractPropertyHolder - Attempting to locate auto-apply AttributeConverter for property [com.tallerwebi.dominio.Alimento:grasaMonoinsaturada]
00:28:52.152 [main] DEBUG org.hibernate.cfg.annotations.SimpleValueBinder - building SimpleValue for grasaMonoinsaturada
00:28:52.152 [main] DEBUG org.hibernate.cfg.annotations.PropertyBinder - Building property grasaMonoinsaturada
00:28:52.152 [main] DEBUG org.hibernate.cfg.Ejb3Column - Binding column: Ejb3Column{table=org.hibernate.mapping.Table(Alimento), mappingColumn=grasaPoliinsaturada, insertable=true, updatable=true, unique=false}
00:28:52.152 [main] DEBUG org.hibernate.cfg.annotations.PropertyBinder - MetadataSourceProcessor property grasaPoliinsaturada with lazy=false
00:28:52.152 [main] DEBUG org.hibernate.cfg.AbstractPropertyHolder - Attempting to locate auto-apply AttributeConverter for property [com.tallerwebi.dominio.Alimento:grasaPoliinsaturada]
00:28:52.152 [main] DEBUG org.hibernate.cfg.annotations.SimpleValueBinder - building SimpleValue for grasaPoliinsaturada
00:28:52.152 [main] DEBUG org.hibernate.cfg.annotations.PropertyBinder - Building property grasaPoliinsaturada
00:28:52.152 [main] DEBUG org.hibernate.cfg.Ejb3Column - Binding column: Ejb3Column{table=org.hibernate.mapping.Table(Alimento), mappingColumn=grasaSaturada, insertable=true, updatable=true, unique=false}
00:28:52.152 [main] DEBUG org.hibernate.cfg.annotations.PropertyBinder - MetadataSourceProcessor property grasaSaturada with lazy=false
00:28:52.153 [main] DEBUG org.hibernate.cfg.AbstractPropertyHolder - Attempting to locate auto-apply AttributeConverter for property [com.tallerwebi.dominio.Alimento:grasaSaturada]
00:28:52.153 [main] DEBUG org.hibernate.cfg.annotations.SimpleValueBinder - building SimpleValue for grasaSaturada
00:28:52.153 [main] DEBUG org.hibernate.cfg.annotations.PropertyBinder - Building property grasaSaturada
00:28:52.153 [main] DEBUG org.hibernate.cfg.Ejb3Column - Binding column: Ejb3Column{table=org.hibernate.mapping.Table(Alimento), mappingColumn=imagen, insertable=true, updatable=true, unique=false}
00:28:52.153 [main] DEBUG org.hibernate.cfg.annotations.PropertyBinder - MetadataSourceProcessor property imagen with lazy=false
00:28:52.153 [main] DEBUG org.hibernate.cfg.AbstractPropertyHolder - Attempting to locate auto-apply AttributeConverter for property [com.tallerwebi.dominio.Alimento:imagen]
00:28:52.153 [main] DEBUG org.hibernate.cfg.annotations.SimpleValueBinder - building SimpleValue for imagen
00:28:52.153 [main] DEBUG org.hibernate.cfg.annotations.PropertyBinder - Building property imagen
00:28:52.153 [main] DEBUG org.hibernate.cfg.Ejb3Column - Binding column: Ejb3Column{table=org.hibernate.mapping.Table(Alimento), mappingColumn=nombre, insertable=true, updatable=true, unique=false}
00:28:52.153 [main] DEBUG org.hibernate.cfg.annotations.PropertyBinder - MetadataSourceProcessor property nombre with lazy=false
00:28:52.153 [main] DEBUG org.hibernate.cfg.AbstractPropertyHolder - Attempting to locate auto-apply AttributeConverter for property [com.tallerwebi.dominio.Alimento:nombre]
00:28:52.153 [main] DEBUG org.hibernate.cfg.annotations.SimpleValueBinder - building SimpleValue for nombre
00:28:52.153 [main] DEBUG org.hibernate.cfg.annotations.PropertyBinder - Building property nombre
00:28:52.153 [main] DEBUG org.hibernate.cfg.Ejb3Column - Binding column: Ejb3Column{table=org.hibernate.mapping.Table(Alimento), mappingColumn=potasio, insertable=true, updatable=true, unique=false}
00:28:52.153 [main] DEBUG org.hibernate.cfg.annotations.PropertyBinder - MetadataSourceProcessor property potasio with lazy=false
00:28:52.153 [main] DEBUG org.hibernate.cfg.AbstractPropertyHolder - Attempting to locate auto-apply AttributeConverter for property [com.tallerwebi.dominio.Alimento:potasio]
00:28:52.153 [main] DEBUG org.hibernate.cfg.annotations.SimpleValueBinder - building SimpleValue for potasio
00:28:52.153 [main] DEBUG org.hibernate.cfg.annotations.PropertyBinder - Building property potasio
00:28:52.153 [main] DEBUG org.hibernate.cfg.Ejb3Column - Binding column: Ejb3Column{table=org.hibernate.mapping.Table(Alimento), mappingColumn=proteina, insertable=true, updatable=true, unique=false}
00:28:52.153 [main] DEBUG org.hibernate.cfg.annotations.PropertyBinder - MetadataSourceProcessor property proteina with lazy=false
00:28:52.153 [main] DEBUG org.hibernate.cfg.AbstractPropertyHolder - Attempting to locate auto-apply AttributeConverter for property [com.tallerwebi.dominio.Alimento:proteina]
00:28:52.153 [main] DEBUG org.hibernate.cfg.annotations.SimpleValueBinder - building SimpleValue for proteina
00:28:52.153 [main] DEBUG org.hibernate.cfg.annotations.PropertyBinder - Building property proteina
00:28:52.153 [main] DEBUG org.hibernate.cfg.Ejb3Column - Binding column: Ejb3Column{table=org.hibernate.mapping.Table(Alimento), mappingColumn=sodio, insertable=true, updatable=true, unique=false}
00:28:52.153 [main] DEBUG org.hibernate.cfg.annotations.PropertyBinder - MetadataSourceProcessor property sodio with lazy=false
00:28:52.153 [main] DEBUG org.hibernate.cfg.AbstractPropertyHolder - Attempting to locate auto-apply AttributeConverter for property [com.tallerwebi.dominio.Alimento:sodio]
00:28:52.153 [main] DEBUG org.hibernate.cfg.annotations.SimpleValueBinder - building SimpleValue for sodio
00:28:52.153 [main] DEBUG org.hibernate.cfg.annotations.PropertyBinder - Building property sodio
00:28:52.155 [main] DEBUG org.hibernate.cfg.AnnotationBinder - Binding entity from annotated class: com.tallerwebi.dominio.CategoriaAlimento
00:28:52.155 [main] DEBUG org.hibernate.cfg.Ejb3Column - Binding column: Ejb3DiscriminatorColumn{logicalColumnName'DTYPE', discriminatorTypeName='string'}
00:28:52.155 [main] DEBUG org.hibernate.cfg.annotations.EntityBinder - Import with entity name CategoriaAlimento
00:28:52.155 [main] DEBUG org.hibernate.cfg.annotations.EntityBinder - Bind entity com.tallerwebi.dominio.CategoriaAlimento on table CategoriaAlimento
00:28:52.155 [main] DEBUG org.hibernate.cfg.Ejb3Column - Binding column: Ejb3Column{table=org.hibernate.mapping.Table(CategoriaAlimento), mappingColumn=id, insertable=true, updatable=true, unique=false}
00:28:52.155 [main] DEBUG org.hibernate.boot.internal.ClassLoaderAccessImpl - Not known whether passed class name [com.tallerwebi.dominio.CategoriaAlimento] is safe
00:28:52.155 [main] DEBUG org.hibernate.boot.internal.ClassLoaderAccessImpl - No temp ClassLoader provided; using live ClassLoader for loading potentially unsafe class : com.tallerwebi.dominio.CategoriaAlimento
00:28:52.155 [main] DEBUG org.hibernate.cfg.annotations.PropertyBinder - MetadataSourceProcessor property id with lazy=false
00:28:52.155 [main] DEBUG org.hibernate.cfg.AbstractPropertyHolder - Attempting to locate auto-apply AttributeConverter for property [com.tallerwebi.dominio.CategoriaAlimento:id]
00:28:52.155 [main] DEBUG org.hibernate.cfg.annotations.SimpleValueBinder - building SimpleValue for id
00:28:52.155 [main] DEBUG org.hibernate.cfg.annotations.PropertyBinder - Building property id
00:28:52.157 [main] DEBUG org.hibernate.cfg.BinderHelper - #makeIdGenerator(org.hibernate.mapping.SimpleValue([org.hibernate.mapping.Column(id)]), id, identity, , ...)
00:28:52.157 [main] DEBUG org.hibernate.cfg.Ejb3Column - Binding column: Ejb3JoinColumn{logicalColumnName='null', referencedColumn='null', mappedBy='categoria'}
00:28:52.157 [main] DEBUG org.hibernate.cfg.Ejb3Column - Binding column: Ejb3Column{table=org.hibernate.mapping.Table(CategoriaAlimento), mappingColumn=alimentos, insertable=true, updatable=true, unique=false}
00:28:52.157 [main] DEBUG org.hibernate.cfg.Ejb3Column - Binding column: Ejb3Column{table=org.hibernate.mapping.Table(CategoriaAlimento), mappingColumn=null, insertable=true, updatable=true, unique=false}
00:28:52.157 [main] DEBUG org.hibernate.cfg.Ejb3Column - Binding column: Ejb3Column{table=org.hibernate.mapping.Table(CategoriaAlimento), mappingColumn=element, insertable=true, updatable=true, unique=false}
00:28:52.157 [main] DEBUG org.hibernate.cfg.Ejb3Column - Binding column: Ejb3Column{table=org.hibernate.mapping.Table(CategoriaAlimento), mappingColumn=alimentos_KEY, insertable=true, updatable=true, unique=false}
00:28:52.157 [main] DEBUG org.hibernate.cfg.Ejb3Column - Binding column: Ejb3JoinColumn{logicalColumnName='alimentos_KEY', referencedColumn='null', mappedBy='null'}
00:28:52.157 [main] DEBUG org.hibernate.cfg.Ejb3Column - Binding column: Ejb3JoinColumn{logicalColumnName='null', referencedColumn='null', mappedBy='categoria'}
00:28:52.157 [main] DEBUG org.hibernate.cfg.Ejb3Column - Binding column: Ejb3JoinColumn{logicalColumnName='null', referencedColumn='null', mappedBy='categoria'}
00:28:52.157 [main] DEBUG org.hibernate.cfg.annotations.CollectionBinder - Collection role: com.tallerwebi.dominio.CategoriaAlimento.alimentos
00:28:52.157 [main] DEBUG org.hibernate.cfg.annotations.PropertyBinder - Building property alimentos
00:28:52.157 [main] DEBUG org.hibernate.cfg.Ejb3Column - Binding column: Ejb3Column{table=org.hibernate.mapping.Table(CategoriaAlimento), mappingColumn=imagen, insertable=true, updatable=true, unique=false}
00:28:52.157 [main] DEBUG org.hibernate.cfg.annotations.PropertyBinder - MetadataSourceProcessor property imagen with lazy=false
00:28:52.157 [main] DEBUG org.hibernate.cfg.AbstractPropertyHolder - Attempting to locate auto-apply AttributeConverter for property [com.tallerwebi.dominio.CategoriaAlimento:imagen]
00:28:52.157 [main] DEBUG org.hibernate.cfg.annotations.SimpleValueBinder - building SimpleValue for imagen
00:28:52.157 [main] DEBUG org.hibernate.cfg.annotations.PropertyBinder - Building property imagen
00:28:52.157 [main] DEBUG org.hibernate.cfg.Ejb3Column - Binding column: Ejb3Column{table=org.hibernate.mapping.Table(CategoriaAlimento), mappingColumn=nombre, insertable=true, updatable=true, unique=false}
00:28:52.157 [main] DEBUG org.hibernate.cfg.annotations.PropertyBinder - MetadataSourceProcessor property nombre with lazy=false
00:28:52.157 [main] DEBUG org.hibernate.cfg.AbstractPropertyHolder - Attempting to locate auto-apply AttributeConverter for property [com.tallerwebi.dominio.CategoriaAlimento:nombre]
00:28:52.157 [main] DEBUG org.hibernate.cfg.annotations.SimpleValueBinder - building SimpleValue for nombre
00:28:52.157 [main] DEBUG org.hibernate.cfg.annotations.PropertyBinder - Building property nombre
00:28:52.157 [main] DEBUG org.hibernate.cfg.AnnotationBinder - Binding entity from annotated class: com.tallerwebi.dominio.Colacion
00:28:52.157 [main] DEBUG org.hibernate.cfg.Ejb3Column - Binding column: Ejb3DiscriminatorColumn{logicalColumnName'DTYPE', discriminatorTypeName='string'}
00:28:52.157 [main] DEBUG org.hibernate.cfg.annotations.EntityBinder - Import with entity name Colacion
00:28:52.157 [main] DEBUG org.hibernate.cfg.annotations.EntityBinder - Bind entity com.tallerwebi.dominio.Colacion on table Colacion
00:28:52.159 [main] DEBUG org.hibernate.cfg.Ejb3Column - Binding column: Ejb3Column{table=org.hibernate.mapping.Table(Colacion), mappingColumn=id, insertable=true, updatable=true, unique=false}
00:28:52.159 [main] DEBUG org.hibernate.boot.internal.ClassLoaderAccessImpl - Not known whether passed class name [com.tallerwebi.dominio.Colacion] is safe
00:28:52.159 [main] DEBUG org.hibernate.boot.internal.ClassLoaderAccessImpl - No temp ClassLoader provided; using live ClassLoader for loading potentially unsafe class : com.tallerwebi.dominio.Colacion
00:28:52.159 [main] DEBUG org.hibernate.cfg.annotations.PropertyBinder - MetadataSourceProcessor property id with lazy=false
00:28:52.159 [main] DEBUG org.hibernate.cfg.AbstractPropertyHolder - Attempting to locate auto-apply AttributeConverter for property [com.tallerwebi.dominio.Colacion:id]
00:28:52.159 [main] DEBUG org.hibernate.cfg.annotations.SimpleValueBinder - building SimpleValue for id
00:28:52.159 [main] DEBUG org.hibernate.cfg.annotations.PropertyBinder - Building property id
00:28:52.159 [main] DEBUG org.hibernate.cfg.BinderHelper - #makeIdGenerator(org.hibernate.mapping.SimpleValue([org.hibernate.mapping.Column(id)]), id, identity, , ...)
00:28:52.159 [main] DEBUG org.hibernate.cfg.Ejb3Column - Binding column: Ejb3JoinColumn{logicalColumnName='alimento_id', referencedColumn='', mappedBy=''}
00:28:52.159 [main] DEBUG org.hibernate.cfg.Ejb3Column - Binding column: Ejb3Column{table=org.hibernate.mapping.Table(Colacion), mappingColumn=alimentos, insertable=true, updatable=true, unique=false}
00:28:52.160 [main] DEBUG org.hibernate.cfg.annotations.PropertyBinder - Building property alimentos
00:28:52.160 [main] DEBUG org.hibernate.cfg.Ejb3Column - Binding column: Ejb3Column{table=org.hibernate.mapping.Table(Colacion), mappingColumn=cantidad, insertable=true, updatable=true, unique=false}
00:28:52.160 [main] DEBUG org.hibernate.cfg.annotations.PropertyBinder - MetadataSourceProcessor property cantidad with lazy=false
00:28:52.160 [main] DEBUG org.hibernate.cfg.AbstractPropertyHolder - Attempting to locate auto-apply AttributeConverter for property [com.tallerwebi.dominio.Colacion:cantidad]
00:28:52.160 [main] DEBUG org.hibernate.cfg.annotations.SimpleValueBinder - building SimpleValue for cantidad
00:28:52.160 [main] DEBUG org.hibernate.cfg.annotations.PropertyBinder - Building property cantidad
00:28:52.160 [main] DEBUG org.hibernate.cfg.Ejb3Column - Binding column: Ejb3Column{table=org.hibernate.mapping.Table(Colacion), mappingColumn=fecha, insertable=true, updatable=true, unique=false}
00:28:52.160 [main] DEBUG org.hibernate.cfg.annotations.PropertyBinder - MetadataSourceProcessor property fecha with lazy=false
00:28:52.160 [main] DEBUG org.hibernate.cfg.AbstractPropertyHolder - Attempting to locate auto-apply AttributeConverter for property [com.tallerwebi.dominio.Colacion:fecha]
00:28:52.160 [main] DEBUG org.hibernate.cfg.annotations.SimpleValueBinder - building SimpleValue for fecha
00:28:52.160 [main] DEBUG org.hibernate.cfg.annotations.PropertyBinder - Building property fecha
00:28:52.160 [main] DEBUG org.hibernate.cfg.Ejb3Column - Binding column: Ejb3Column{table=org.hibernate.mapping.Table(Colacion), mappingColumn=tipo, insertable=true, updatable=true, unique=false}
00:28:52.160 [main] DEBUG org.hibernate.cfg.annotations.PropertyBinder - MetadataSourceProcessor property tipo with lazy=false
00:28:52.160 [main] DEBUG org.hibernate.cfg.AbstractPropertyHolder - Attempting to locate auto-apply AttributeConverter for property [com.tallerwebi.dominio.Colacion:tipo]
00:28:52.162 [main] DEBUG org.hibernate.cfg.annotations.SimpleValueBinder - building SimpleValue for tipo
00:28:52.162 [main] DEBUG org.hibernate.cfg.annotations.PropertyBinder - Building property tipo
00:28:52.162 [main] DEBUG org.hibernate.cfg.Ejb3Column - Binding column: Ejb3JoinColumn{logicalColumnName='usuario_id', referencedColumn='', mappedBy=''}
00:28:52.162 [main] DEBUG org.hibernate.cfg.Ejb3Column - Binding column: Ejb3Column{table=org.hibernate.mapping.Table(Colacion), mappingColumn=usuario, insertable=true, updatable=true, unique=false}
00:28:52.162 [main] DEBUG org.hibernate.cfg.annotations.PropertyBinder - Building property usuario
00:28:52.162 [main] DEBUG org.hibernate.cfg.AnnotationBinder - Binding entity from annotated class: com.tallerwebi.dominio.Desafio
00:28:52.162 [main] DEBUG org.hibernate.cfg.Ejb3Column - Binding column: Ejb3DiscriminatorColumn{logicalColumnName'DTYPE', discriminatorTypeName='string'}
00:28:52.162 [main] DEBUG org.hibernate.cfg.annotations.EntityBinder - Import with entity name Desafio
00:28:52.162 [main] DEBUG org.hibernate.cfg.annotations.EntityBinder - Bind entity com.tallerwebi.dominio.Desafio on table Desafio
00:28:52.164 [main] DEBUG org.hibernate.cfg.Ejb3Column - Binding column: Ejb3Column{table=org.hibernate.mapping.Table(Desafio), mappingColumn=id, insertable=true, updatable=true, unique=false}
00:28:52.164 [main] DEBUG org.hibernate.boot.internal.ClassLoaderAccessImpl - Not known whether passed class name [com.tallerwebi.dominio.Desafio] is safe
00:28:52.164 [main] DEBUG org.hibernate.boot.internal.ClassLoaderAccessImpl - No temp ClassLoader provided; using live ClassLoader for loading potentially unsafe class : com.tallerwebi.dominio.Desafio
00:28:52.164 [main] DEBUG org.hibernate.cfg.annotations.PropertyBinder - MetadataSourceProcessor property id with lazy=false
00:28:52.164 [main] DEBUG org.hibernate.cfg.AbstractPropertyHolder - Attempting to locate auto-apply AttributeConverter for property [com.tallerwebi.dominio.Desafio:id]
00:28:52.165 [main] DEBUG org.hibernate.cfg.annotations.SimpleValueBinder - building SimpleValue for id
00:28:52.165 [main] DEBUG org.hibernate.cfg.annotations.PropertyBinder - Building property id
00:28:52.165 [main] DEBUG org.hibernate.cfg.BinderHelper - #makeIdGenerator(org.hibernate.mapping.SimpleValue([org.hibernate.mapping.Column(id)]), id, identity, , ...)
00:28:52.165 [main] DEBUG org.hibernate.cfg.Ejb3Column - Binding column: Ejb3JoinColumn{logicalColumnName='null', referencedColumn='null', mappedBy='desafio'}
00:28:52.165 [main] DEBUG org.hibernate.cfg.Ejb3Column - Binding column: Ejb3Column{table=org.hibernate.mapping.Table(Desafio), mappingColumn=desafiosCompletados, insertable=true, updatable=true, unique=false}
00:28:52.165 [main] DEBUG org.hibernate.cfg.Ejb3Column - Binding column: Ejb3Column{table=org.hibernate.mapping.Table(Desafio), mappingColumn=null, insertable=true, updatable=true, unique=false}
00:28:52.165 [main] DEBUG org.hibernate.cfg.Ejb3Column - Binding column: Ejb3Column{table=org.hibernate.mapping.Table(Desafio), mappingColumn=element, insertable=true, updatable=true, unique=false}
00:28:52.165 [main] DEBUG org.hibernate.cfg.Ejb3Column - Binding column: Ejb3Column{table=org.hibernate.mapping.Table(Desafio), mappingColumn=desafiosCompletados_KEY, insertable=true, updatable=true, unique=false}
00:28:52.165 [main] DEBUG org.hibernate.cfg.Ejb3Column - Binding column: Ejb3JoinColumn{logicalColumnName='desafiosCompletados_KEY', referencedColumn='null', mappedBy='null'}
00:28:52.165 [main] DEBUG org.hibernate.cfg.Ejb3Column - Binding column: Ejb3JoinColumn{logicalColumnName='null', referencedColumn='null', mappedBy='desafio'}
00:28:52.165 [main] DEBUG org.hibernate.cfg.Ejb3Column - Binding column: Ejb3JoinColumn{logicalColumnName='null', referencedColumn='null', mappedBy='desafio'}
00:28:52.165 [main] DEBUG org.hibernate.cfg.annotations.CollectionBinder - Collection role: com.tallerwebi.dominio.Desafio.desafiosCompletados
00:28:52.165 [main] DEBUG org.hibernate.cfg.annotations.PropertyBinder - Building property desafiosCompletados
00:28:52.165 [main] DEBUG org.hibernate.cfg.Ejb3Column - Binding column: Ejb3Column{table=org.hibernate.mapping.Table(Desafio), mappingColumn=descripcion, insertable=true, updatable=true, unique=false}
00:28:52.165 [main] DEBUG org.hibernate.cfg.annotations.PropertyBinder - MetadataSourceProcessor property descripcion with lazy=false
00:28:52.165 [main] DEBUG org.hibernate.cfg.AbstractPropertyHolder - Attempting to locate auto-apply AttributeConverter for property [com.tallerwebi.dominio.Desafio:descripcion]
00:28:52.165 [main] DEBUG org.hibernate.cfg.annotations.SimpleValueBinder - building SimpleValue for descripcion
00:28:52.165 [main] DEBUG org.hibernate.cfg.annotations.PropertyBinder - Building property descripcion
00:28:52.166 [main] DEBUG org.hibernate.cfg.Ejb3Column - Binding column: Ejb3Column{table=org.hibernate.mapping.Table(Desafio), mappingColumn=fechaFin, insertable=true, updatable=true, unique=false}
00:28:52.166 [main] DEBUG org.hibernate.cfg.annotations.PropertyBinder - MetadataSourceProcessor property fechaFin with lazy=false
00:28:52.166 [main] DEBUG org.hibernate.cfg.AbstractPropertyHolder - Attempting to locate auto-apply AttributeConverter for property [com.tallerwebi.dominio.Desafio:fechaFin]
00:28:52.166 [main] DEBUG org.hibernate.cfg.annotations.SimpleValueBinder - building SimpleValue for fechaFin
00:28:52.166 [main] DEBUG org.hibernate.cfg.annotations.PropertyBinder - Building property fechaFin
00:28:52.166 [main] DEBUG org.hibernate.cfg.Ejb3Column - Binding column: Ejb3Column{table=org.hibernate.mapping.Table(Desafio), mappingColumn=fechaInicio, insertable=true, updatable=true, unique=false}
00:28:52.166 [main] DEBUG org.hibernate.cfg.annotations.PropertyBinder - MetadataSourceProcessor property fechaInicio with lazy=false
00:28:52.166 [main] DEBUG org.hibernate.cfg.AbstractPropertyHolder - Attempting to locate auto-apply AttributeConverter for property [com.tallerwebi.dominio.Desafio:fechaInicio]
00:28:52.166 [main] DEBUG org.hibernate.cfg.annotations.SimpleValueBinder - building SimpleValue for fechaInicio
00:28:52.166 [main] DEBUG org.hibernate.cfg.annotations.PropertyBinder - Building property fechaInicio
00:28:52.166 [main] DEBUG org.hibernate.cfg.Ejb3Column - Binding column: Ejb3Column{table=org.hibernate.mapping.Table(Desafio), mappingColumn=nombre, insertable=true, updatable=true, unique=false}
00:28:52.166 [main] DEBUG org.hibernate.cfg.annotations.PropertyBinder - MetadataSourceProcessor property nombre with lazy=false
00:28:52.166 [main] DEBUG org.hibernate.cfg.AbstractPropertyHolder - Attempting to locate auto-apply AttributeConverter for property [com.tallerwebi.dominio.Desafio:nombre]
00:28:52.166 [main] DEBUG org.hibernate.cfg.annotations.SimpleValueBinder - building SimpleValue for nombre
00:28:52.167 [main] DEBUG org.hibernate.cfg.annotations.PropertyBinder - Building property nombre
00:28:52.167 [main] DEBUG org.hibernate.cfg.Ejb3Column - Binding column: Ejb3Column{table=org.hibernate.mapping.Table(Desafio), mappingColumn=puntos, insertable=true, updatable=true, unique=false}
00:28:52.167 [main] DEBUG org.hibernate.cfg.annotations.PropertyBinder - MetadataSourceProcessor property puntos with lazy=false
00:28:52.167 [main] DEBUG org.hibernate.cfg.AbstractPropertyHolder - Attempting to locate auto-apply AttributeConverter for property [com.tallerwebi.dominio.Desafio:puntos]
00:28:52.167 [main] DEBUG org.hibernate.cfg.annotations.SimpleValueBinder - building SimpleValue for puntos
00:28:52.167 [main] DEBUG org.hibernate.cfg.annotations.PropertyBinder - Building property puntos
00:28:52.167 [main] DEBUG org.hibernate.cfg.AnnotationBinder - Binding entity from annotated class: com.tallerwebi.dominio.DesafioUsuario
00:28:52.167 [main] DEBUG org.hibernate.cfg.Ejb3Column - Binding column: Ejb3DiscriminatorColumn{logicalColumnName'DTYPE', discriminatorTypeName='string'}
00:28:52.167 [main] DEBUG org.hibernate.cfg.annotations.EntityBinder - Import with entity name DesafioUsuario
00:28:52.167 [main] DEBUG org.hibernate.cfg.annotations.EntityBinder - Bind entity com.tallerwebi.dominio.DesafioUsuario on table DesafioUsuario
00:28:52.167 [main] DEBUG org.hibernate.cfg.Ejb3Column - Binding column: Ejb3Column{table=org.hibernate.mapping.Table(DesafioUsuario), mappingColumn=id, insertable=true, updatable=true, unique=false}
00:28:52.167 [main] DEBUG org.hibernate.boot.internal.ClassLoaderAccessImpl - Not known whether passed class name [com.tallerwebi.dominio.DesafioUsuario] is safe
00:28:52.167 [main] DEBUG org.hibernate.boot.internal.ClassLoaderAccessImpl - No temp ClassLoader provided; using live ClassLoader for loading potentially unsafe class : com.tallerwebi.dominio.DesafioUsuario
00:28:52.167 [main] DEBUG org.hibernate.cfg.annotations.PropertyBinder - MetadataSourceProcessor property id with lazy=false
00:28:52.167 [main] DEBUG org.hibernate.cfg.AbstractPropertyHolder - Attempting to locate auto-apply AttributeConverter for property [com.tallerwebi.dominio.DesafioUsuario:id]
00:28:52.167 [main] DEBUG org.hibernate.cfg.annotations.SimpleValueBinder - building SimpleValue for id
00:28:52.167 [main] DEBUG org.hibernate.cfg.annotations.PropertyBinder - Building property id
00:28:52.167 [main] DEBUG org.hibernate.cfg.BinderHelper - #makeIdGenerator(org.hibernate.mapping.SimpleValue([org.hibernate.mapping.Column(id)]), id, identity, , ...)
00:28:52.167 [main] DEBUG org.hibernate.cfg.Ejb3Column - Binding column: Ejb3Column{table=org.hibernate.mapping.Table(DesafioUsuario), mappingColumn=completado, insertable=true, updatable=true, unique=false}
00:28:52.168 [main] DEBUG org.hibernate.cfg.annotations.PropertyBinder - MetadataSourceProcessor property completado with lazy=false
00:28:52.168 [main] DEBUG org.hibernate.cfg.AbstractPropertyHolder - Attempting to locate auto-apply AttributeConverter for property [com.tallerwebi.dominio.DesafioUsuario:completado]
00:28:52.168 [main] DEBUG org.hibernate.cfg.annotations.SimpleValueBinder - building SimpleValue for completado
00:28:52.168 [main] DEBUG org.hibernate.cfg.annotations.PropertyBinder - Building property completado
00:28:52.168 [main] DEBUG org.hibernate.cfg.Ejb3Column - Binding column: Ejb3JoinColumn{logicalColumnName='null', referencedColumn='null', mappedBy='null'}
00:28:52.168 [main] DEBUG org.hibernate.cfg.Ejb3Column - Binding column: Ejb3Column{table=org.hibernate.mapping.Table(DesafioUsuario), mappingColumn=desafio, insertable=true, updatable=true, unique=false}
00:28:52.168 [main] DEBUG org.hibernate.cfg.annotations.PropertyBinder - Building property desafio
00:28:52.168 [main] DEBUG org.hibernate.cfg.Ejb3Column - Binding column: Ejb3Column{table=org.hibernate.mapping.Table(DesafioUsuario), mappingColumn=fechaFin, insertable=true, updatable=true, unique=false}
00:28:52.168 [main] DEBUG org.hibernate.cfg.annotations.PropertyBinder - MetadataSourceProcessor property fechaFin with lazy=false
00:28:52.168 [main] DEBUG org.hibernate.cfg.AbstractPropertyHolder - Attempting to locate auto-apply AttributeConverter for property [com.tallerwebi.dominio.DesafioUsuario:fechaFin]
00:28:52.168 [main] DEBUG org.hibernate.cfg.annotations.SimpleValueBinder - building SimpleValue for fechaFin
00:28:52.168 [main] DEBUG org.hibernate.cfg.annotations.PropertyBinder - Building property fechaFin
00:28:52.168 [main] DEBUG org.hibernate.cfg.Ejb3Column - Binding column: Ejb3Column{table=org.hibernate.mapping.Table(DesafioUsuario), mappingColumn=fechaInicio, insertable=true, updatable=true, unique=false}
00:28:52.168 [main] DEBUG org.hibernate.cfg.annotations.PropertyBinder - MetadataSourceProcessor property fechaInicio with lazy=false
00:28:52.168 [main] DEBUG org.hibernate.cfg.AbstractPropertyHolder - Attempting to locate auto-apply AttributeConverter for property [com.tallerwebi.dominio.DesafioUsuario:fechaInicio]
00:28:52.168 [main] DEBUG org.hibernate.cfg.annotations.SimpleValueBinder - building SimpleValue for fechaInicio
00:28:52.168 [main] DEBUG org.hibernate.cfg.annotations.PropertyBinder - Building property fechaInicio
00:28:52.168 [main] DEBUG org.hibernate.cfg.Ejb3Column - Binding column: Ejb3Column{table=org.hibernate.mapping.Table(DesafioUsuario), mappingColumn=nombre, insertable=true, updatable=true, unique=false}
00:28:52.168 [main] DEBUG org.hibernate.cfg.annotations.PropertyBinder - MetadataSourceProcessor property nombre with lazy=false
00:28:52.168 [main] DEBUG org.hibernate.cfg.AbstractPropertyHolder - Attempting to locate auto-apply AttributeConverter for property [com.tallerwebi.dominio.DesafioUsuario:nombre]
00:28:52.168 [main] DEBUG org.hibernate.cfg.annotations.SimpleValueBinder - building SimpleValue for nombre
00:28:52.168 [main] DEBUG org.hibernate.cfg.annotations.PropertyBinder - Building property nombre
00:28:52.168 [main] DEBUG org.hibernate.cfg.Ejb3Column - Binding column: Ejb3JoinColumn{logicalColumnName='null', referencedColumn='null', mappedBy='null'}
00:28:52.168 [main] DEBUG org.hibernate.cfg.Ejb3Column - Binding column: Ejb3Column{table=org.hibernate.mapping.Table(DesafioUsuario), mappingColumn=usuario, insertable=true, updatable=true, unique=false}
00:28:52.168 [main] DEBUG org.hibernate.cfg.annotations.PropertyBinder - Building property usuario
00:28:52.168 [main] DEBUG org.hibernate.cfg.AnnotationBinder - Binding entity from annotated class: com.tallerwebi.dominio.Ejercicio
00:28:52.168 [main] DEBUG org.hibernate.cfg.Ejb3Column - Binding column: Ejb3DiscriminatorColumn{logicalColumnName'DTYPE', discriminatorTypeName='string'}
00:28:52.170 [main] DEBUG org.hibernate.cfg.annotations.EntityBinder - Import with entity name Ejercicio
00:28:52.170 [main] DEBUG org.hibernate.cfg.annotations.EntityBinder - Bind entity com.tallerwebi.dominio.Ejercicio on table Ejercicio
00:28:52.170 [main] DEBUG org.hibernate.cfg.Ejb3Column - Binding column: Ejb3Column{table=org.hibernate.mapping.Table(Ejercicio), mappingColumn=id, insertable=true, updatable=true, unique=false}
00:28:52.170 [main] DEBUG org.hibernate.boot.internal.ClassLoaderAccessImpl - Not known whether passed class name [com.tallerwebi.dominio.Ejercicio] is safe
00:28:52.170 [main] DEBUG org.hibernate.boot.internal.ClassLoaderAccessImpl - No temp ClassLoader provided; using live ClassLoader for loading potentially unsafe class : com.tallerwebi.dominio.Ejercicio
00:28:52.171 [main] DEBUG org.hibernate.cfg.annotations.PropertyBinder - MetadataSourceProcessor property id with lazy=false
00:28:52.171 [main] DEBUG org.hibernate.cfg.AbstractPropertyHolder - Attempting to locate auto-apply AttributeConverter for property [com.tallerwebi.dominio.Ejercicio:id]
00:28:52.171 [main] DEBUG org.hibernate.cfg.annotations.SimpleValueBinder - building SimpleValue for id
00:28:52.171 [main] DEBUG org.hibernate.cfg.annotations.PropertyBinder - Building property id
00:28:52.171 [main] DEBUG org.hibernate.cfg.BinderHelper - #makeIdGenerator(org.hibernate.mapping.SimpleValue([org.hibernate.mapping.Column(id)]), id, identity, , ...)
00:28:52.171 [main] DEBUG org.hibernate.cfg.Ejb3Column - Binding column: Ejb3Column{table=org.hibernate.mapping.Table(Ejercicio), mappingColumn=caloriasQuemadasPorHora, insertable=true, updatable=true, unique=false}
00:28:52.171 [main] DEBUG org.hibernate.cfg.annotations.PropertyBinder - MetadataSourceProcessor property caloriasQuemadasPorHora with lazy=false
00:28:52.171 [main] DEBUG org.hibernate.cfg.AbstractPropertyHolder - Attempting to locate auto-apply AttributeConverter for property [com.tallerwebi.dominio.Ejercicio:caloriasQuemadasPorHora]
00:28:52.171 [main] DEBUG org.hibernate.cfg.annotations.SimpleValueBinder - building SimpleValue for caloriasQuemadasPorHora
00:28:52.171 [main] DEBUG org.hibernate.cfg.annotations.PropertyBinder - Building property caloriasQuemadasPorHora
00:28:52.171 [main] DEBUG org.hibernate.cfg.Ejb3Column - Binding column: Ejb3Column{table=org.hibernate.mapping.Table(Ejercicio), mappingColumn=intensidad, insertable=true, updatable=true, unique=false}
00:28:52.171 [main] DEBUG org.hibernate.cfg.annotations.PropertyBinder - MetadataSourceProcessor property intensidad with lazy=false
00:28:52.171 [main] DEBUG org.hibernate.cfg.AbstractPropertyHolder - Attempting to locate auto-apply AttributeConverter for property [com.tallerwebi.dominio.Ejercicio:intensidad]
00:28:52.171 [main] DEBUG org.hibernate.cfg.annotations.SimpleValueBinder - building SimpleValue for intensidad
00:28:52.171 [main] DEBUG org.hibernate.cfg.annotations.PropertyBinder - Building property intensidad
00:28:52.172 [main] DEBUG org.hibernate.cfg.Ejb3Column - Binding column: Ejb3Column{table=org.hibernate.mapping.Table(Ejercicio), mappingColumn=nombre, insertable=true, updatable=true, unique=false}
00:28:52.172 [main] DEBUG org.hibernate.cfg.annotations.PropertyBinder - MetadataSourceProcessor property nombre with lazy=false
00:28:52.172 [main] DEBUG org.hibernate.cfg.AbstractPropertyHolder - Attempting to locate auto-apply AttributeConverter for property [com.tallerwebi.dominio.Ejercicio:nombre]
00:28:52.172 [main] DEBUG org.hibernate.cfg.annotations.SimpleValueBinder - building SimpleValue for nombre
00:28:52.172 [main] DEBUG org.hibernate.cfg.annotations.PropertyBinder - Building property nombre
00:28:52.172 [main] DEBUG org.hibernate.cfg.AnnotationBinder - Binding entity from annotated class: com.tallerwebi.dominio.EjercicioUsuario
00:28:52.172 [main] DEBUG org.hibernate.cfg.Ejb3Column - Binding column: Ejb3DiscriminatorColumn{logicalColumnName'DTYPE', discriminatorTypeName='string'}
00:28:52.172 [main] DEBUG org.hibernate.cfg.annotations.EntityBinder - Import with entity name EjercicioUsuario
00:28:52.172 [main] DEBUG org.hibernate.cfg.annotations.EntityBinder - Bind entity com.tallerwebi.dominio.EjercicioUsuario on table EjercicioUsuario
00:28:52.173 [main] DEBUG org.hibernate.cfg.Ejb3Column - Binding column: Ejb3Column{table=org.hibernate.mapping.Table(EjercicioUsuario), mappingColumn=id, insertable=true, updatable=true, unique=false}
00:28:52.173 [main] DEBUG org.hibernate.boot.internal.ClassLoaderAccessImpl - Not known whether passed class name [com.tallerwebi.dominio.EjercicioUsuario] is safe
00:28:52.173 [main] DEBUG org.hibernate.boot.internal.ClassLoaderAccessImpl - No temp ClassLoader provided; using live ClassLoader for loading potentially unsafe class : com.tallerwebi.dominio.EjercicioUsuario
00:28:52.173 [main] DEBUG org.hibernate.cfg.annotations.PropertyBinder - MetadataSourceProcessor property id with lazy=false
00:28:52.173 [main] DEBUG org.hibernate.cfg.AbstractPropertyHolder - Attempting to locate auto-apply AttributeConverter for property [com.tallerwebi.dominio.EjercicioUsuario:id]
00:28:52.173 [main] DEBUG org.hibernate.cfg.annotations.SimpleValueBinder - building SimpleValue for id
00:28:52.173 [main] DEBUG org.hibernate.cfg.annotations.PropertyBinder - Building property id
00:28:52.173 [main] DEBUG org.hibernate.cfg.BinderHelper - #makeIdGenerator(org.hibernate.mapping.SimpleValue([org.hibernate.mapping.Column(id)]), id, identity, , ...)
00:28:52.173 [main] DEBUG org.hibernate.cfg.Ejb3Column - Binding column: Ejb3Column{table=org.hibernate.mapping.Table(EjercicioUsuario), mappingColumn=caloriasQuemadas, insertable=true, updatable=true, unique=false}
00:28:52.173 [main] DEBUG org.hibernate.cfg.annotations.PropertyBinder - MetadataSourceProcessor property caloriasQuemadas with lazy=false
00:28:52.173 [main] DEBUG org.hibernate.cfg.AbstractPropertyHolder - Attempting to locate auto-apply AttributeConverter for property [com.tallerwebi.dominio.EjercicioUsuario:caloriasQuemadas]
00:28:52.173 [main] DEBUG org.hibernate.cfg.annotations.SimpleValueBinder - building SimpleValue for caloriasQuemadas
00:28:52.173 [main] DEBUG org.hibernate.cfg.annotations.PropertyBinder - Building property caloriasQuemadas
00:28:52.173 [main] DEBUG org.hibernate.cfg.Ejb3Column - Binding column: Ejb3JoinColumn{logicalColumnName='null', referencedColumn='null', mappedBy='null'}
00:28:52.173 [main] DEBUG org.hibernate.cfg.Ejb3Column - Binding column: Ejb3Column{table=org.hibernate.mapping.Table(EjercicioUsuario), mappingColumn=ejercicio, insertable=true, updatable=true, unique=false}
00:28:52.173 [main] DEBUG org.hibernate.cfg.annotations.PropertyBinder - Building property ejercicio
00:28:52.173 [main] DEBUG org.hibernate.cfg.Ejb3Column - Binding column: Ejb3Column{table=org.hibernate.mapping.Table(EjercicioUsuario), mappingColumn=fecha, insertable=true, updatable=true, unique=false}
00:28:52.173 [main] DEBUG org.hibernate.cfg.annotations.PropertyBinder - MetadataSourceProcessor property fecha with lazy=false
00:28:52.173 [main] DEBUG org.hibernate.cfg.AbstractPropertyHolder - Attempting to locate auto-apply AttributeConverter for property [com.tallerwebi.dominio.EjercicioUsuario:fecha]
00:28:52.173 [main] DEBUG org.hibernate.cfg.annotations.SimpleValueBinder - building SimpleValue for fecha
00:28:52.173 [main] DEBUG org.hibernate.cfg.annotations.PropertyBinder - Building property fecha
00:28:52.173 [main] DEBUG org.hibernate.cfg.Ejb3Column - Binding column: Ejb3Column{table=org.hibernate.mapping.Table(EjercicioUsuario), mappingColumn=intensidad, insertable=true, updatable=true, unique=false}
00:28:52.173 [main] DEBUG org.hibernate.cfg.annotations.PropertyBinder - MetadataSourceProcessor property intensidad with lazy=false
00:28:52.173 [main] DEBUG org.hibernate.cfg.AbstractPropertyHolder - Attempting to locate auto-apply AttributeConverter for property [com.tallerwebi.dominio.EjercicioUsuario:intensidad]
00:28:52.173 [main] DEBUG org.hibernate.cfg.annotations.SimpleValueBinder - building SimpleValue for intensidad
00:28:52.173 [main] DEBUG org.hibernate.cfg.annotations.PropertyBinder - Building property intensidad
00:28:52.173 [main] DEBUG org.hibernate.cfg.Ejb3Column - Binding column: Ejb3Column{table=org.hibernate.mapping.Table(EjercicioUsuario), mappingColumn=minutos, insertable=true, updatable=true, unique=false}
00:28:52.173 [main] DEBUG org.hibernate.cfg.annotations.PropertyBinder - MetadataSourceProcessor property minutos with lazy=false
00:28:52.173 [main] DEBUG org.hibernate.cfg.AbstractPropertyHolder - Attempting to locate auto-apply AttributeConverter for property [com.tallerwebi.dominio.EjercicioUsuario:minutos]
00:28:52.173 [main] DEBUG org.hibernate.cfg.annotations.SimpleValueBinder - building SimpleValue for minutos
00:28:52.173 [main] DEBUG org.hibernate.cfg.annotations.PropertyBinder - Building property minutos
00:28:52.173 [main] DEBUG org.hibernate.cfg.Ejb3Column - Binding column: Ejb3Column{table=org.hibernate.mapping.Table(EjercicioUsuario), mappingColumn=nombre, insertable=true, updatable=true, unique=false}
00:28:52.173 [main] DEBUG org.hibernate.cfg.annotations.PropertyBinder - MetadataSourceProcessor property nombre with lazy=false
00:28:52.173 [main] DEBUG org.hibernate.cfg.AbstractPropertyHolder - Attempting to locate auto-apply AttributeConverter for property [com.tallerwebi.dominio.EjercicioUsuario:nombre]
00:28:52.173 [main] DEBUG org.hibernate.cfg.annotations.SimpleValueBinder - building SimpleValue for nombre
00:28:52.173 [main] DEBUG org.hibernate.cfg.annotations.PropertyBinder - Building property nombre
00:28:52.173 [main] DEBUG org.hibernate.cfg.Ejb3Column - Binding column: Ejb3JoinColumn{logicalColumnName='null', referencedColumn='null', mappedBy='null'}
00:28:52.173 [main] DEBUG org.hibernate.cfg.Ejb3Column - Binding column: Ejb3Column{table=org.hibernate.mapping.Table(EjercicioUsuario), mappingColumn=usuario, insertable=true, updatable=true, unique=false}
00:28:52.173 [main] DEBUG org.hibernate.cfg.annotations.PropertyBinder - Building property usuario
00:28:52.173 [main] DEBUG org.hibernate.cfg.AnnotationBinder - Binding entity from annotated class: com.tallerwebi.dominio.HistoriaPesoUsuario
00:28:52.174 [main] DEBUG org.hibernate.cfg.Ejb3Column - Binding column: Ejb3DiscriminatorColumn{logicalColumnName'DTYPE', discriminatorTypeName='string'}
00:28:52.174 [main] DEBUG org.hibernate.cfg.annotations.EntityBinder - Import with entity name HistoriaPesoUsuario
00:28:52.174 [main] DEBUG org.hibernate.cfg.annotations.EntityBinder - Bind entity com.tallerwebi.dominio.HistoriaPesoUsuario on table HistoriaPesoUsuario
00:28:52.174 [main] DEBUG org.hibernate.cfg.Ejb3Column - Binding column: Ejb3Column{table=org.hibernate.mapping.Table(HistoriaPesoUsuario), mappingColumn=id, insertable=true, updatable=true, unique=false}
00:28:52.174 [main] DEBUG org.hibernate.boot.internal.ClassLoaderAccessImpl - Not known whether passed class name [com.tallerwebi.dominio.HistoriaPesoUsuario] is safe
00:28:52.174 [main] DEBUG org.hibernate.boot.internal.ClassLoaderAccessImpl - No temp ClassLoader provided; using live ClassLoader for loading potentially unsafe class : com.tallerwebi.dominio.HistoriaPesoUsuario
00:28:52.174 [main] DEBUG org.hibernate.cfg.annotations.PropertyBinder - MetadataSourceProcessor property id with lazy=false
00:28:52.174 [main] DEBUG org.hibernate.cfg.AbstractPropertyHolder - Attempting to locate auto-apply AttributeConverter for property [com.tallerwebi.dominio.HistoriaPesoUsuario:id]
00:28:52.174 [main] DEBUG org.hibernate.cfg.annotations.SimpleValueBinder - building SimpleValue for id
00:28:52.174 [main] DEBUG org.hibernate.cfg.annotations.PropertyBinder - Building property id
00:28:52.175 [main] DEBUG org.hibernate.cfg.BinderHelper - #makeIdGenerator(org.hibernate.mapping.SimpleValue([org.hibernate.mapping.Column(id)]), id, identity, , ...)
00:28:52.175 [main] DEBUG org.hibernate.cfg.Ejb3Column - Binding column: Ejb3Column{table=org.hibernate.mapping.Table(HistoriaPesoUsuario), mappingColumn=fecha, insertable=true, updatable=true, unique=false}
00:28:52.175 [main] DEBUG org.hibernate.cfg.annotations.PropertyBinder - MetadataSourceProcessor property fecha with lazy=false
00:28:52.175 [main] DEBUG org.hibernate.cfg.AbstractPropertyHolder - Attempting to locate auto-apply AttributeConverter for property [com.tallerwebi.dominio.HistoriaPesoUsuario:fecha]
00:28:52.175 [main] DEBUG org.hibernate.cfg.annotations.SimpleValueBinder - building SimpleValue for fecha
00:28:52.175 [main] DEBUG org.hibernate.cfg.annotations.PropertyBinder - Building property fecha
00:28:52.175 [main] DEBUG org.hibernate.cfg.Ejb3Column - Binding column: Ejb3Column{table=org.hibernate.mapping.Table(HistoriaPesoUsuario), mappingColumn=peso, insertable=true, updatable=true, unique=false}
00:28:52.175 [main] DEBUG org.hibernate.cfg.annotations.PropertyBinder - MetadataSourceProcessor property peso with lazy=false
00:28:52.175 [main] DEBUG org.hibernate.cfg.AbstractPropertyHolder - Attempting to locate auto-apply AttributeConverter for property [com.tallerwebi.dominio.HistoriaPesoUsuario:peso]
00:28:52.175 [main] DEBUG org.hibernate.cfg.annotations.SimpleValueBinder - building SimpleValue for peso
00:28:52.175 [main] DEBUG org.hibernate.cfg.annotations.PropertyBinder - Building property peso
00:28:52.175 [main] DEBUG org.hibernate.cfg.Ejb3Column - Binding column: Ejb3JoinColumn{logicalColumnName='null', referencedColumn='null', mappedBy='null'}
00:28:52.175 [main] DEBUG org.hibernate.cfg.Ejb3Column - Binding column: Ejb3Column{table=org.hibernate.mapping.Table(HistoriaPesoUsuario), mappingColumn=usuario, insertable=true, updatable=true, unique=false}
00:28:52.175 [main] DEBUG org.hibernate.cfg.annotations.PropertyBinder - Building property usuario
00:28:52.175 [main] DEBUG org.hibernate.cfg.AnnotationBinder - Binding entity from annotated class: com.tallerwebi.dominio.MacronutrientesUsuario
00:28:52.175 [main] DEBUG org.hibernate.cfg.Ejb3Column - Binding column: Ejb3DiscriminatorColumn{logicalColumnName'DTYPE', discriminatorTypeName='string'}
00:28:52.175 [main] DEBUG org.hibernate.cfg.annotations.EntityBinder - Import with entity name MacronutrientesUsuario
00:28:52.175 [main] DEBUG org.hibernate.cfg.annotations.EntityBinder - Bind entity com.tallerwebi.dominio.MacronutrientesUsuario on table MacronutrientesUsuario
00:28:52.177 [main] DEBUG org.hibernate.cfg.Ejb3Column - Binding column: Ejb3Column{table=org.hibernate.mapping.Table(MacronutrientesUsuario), mappingColumn=id, insertable=true, updatable=true, unique=false}
00:28:52.177 [main] DEBUG org.hibernate.boot.internal.ClassLoaderAccessImpl - Not known whether passed class name [com.tallerwebi.dominio.MacronutrientesUsuario] is safe
00:28:52.177 [main] DEBUG org.hibernate.boot.internal.ClassLoaderAccessImpl - No temp ClassLoader provided; using live ClassLoader for loading potentially unsafe class : com.tallerwebi.dominio.MacronutrientesUsuario
00:28:52.177 [main] DEBUG org.hibernate.cfg.annotations.PropertyBinder - MetadataSourceProcessor property id with lazy=false
00:28:52.177 [main] DEBUG org.hibernate.cfg.AbstractPropertyHolder - Attempting to locate auto-apply AttributeConverter for property [com.tallerwebi.dominio.MacronutrientesUsuario:id]
00:28:52.177 [main] DEBUG org.hibernate.cfg.annotations.SimpleValueBinder - building SimpleValue for id
00:28:52.177 [main] DEBUG org.hibernate.cfg.annotations.PropertyBinder - Building property id
00:28:52.177 [main] DEBUG org.hibernate.cfg.BinderHelper - #makeIdGenerator(org.hibernate.mapping.SimpleValue([org.hibernate.mapping.Column(id)]), id, identity, , ...)
00:28:52.177 [main] DEBUG org.hibernate.cfg.Ejb3Column - Binding column: Ejb3Column{table=org.hibernate.mapping.Table(MacronutrientesUsuario), mappingColumn=carbohidratosAConsumir, insertable=true, updatable=true, unique=false}
00:28:52.177 [main] DEBUG org.hibernate.cfg.annotations.PropertyBinder - MetadataSourceProcessor property carbohidratosAConsumir with lazy=false
00:28:52.177 [main] DEBUG org.hibernate.cfg.AbstractPropertyHolder - Attempting to locate auto-apply AttributeConverter for property [com.tallerwebi.dominio.MacronutrientesUsuario:carbohidratosAConsumir]
00:28:52.177 [main] DEBUG org.hibernate.cfg.annotations.SimpleValueBinder - building SimpleValue for carbohidratosAConsumir
00:28:52.177 [main] DEBUG org.hibernate.cfg.annotations.PropertyBinder - Building property carbohidratosAConsumir
00:28:52.177 [main] DEBUG org.hibernate.cfg.Ejb3Column - Binding column: Ejb3Column{table=org.hibernate.mapping.Table(MacronutrientesUsuario), mappingColumn=grasaAConsumir, insertable=true, updatable=true, unique=false}
00:28:52.177 [main] DEBUG org.hibernate.cfg.annotations.PropertyBinder - MetadataSourceProcessor property grasaAConsumir with lazy=false
00:28:52.177 [main] DEBUG org.hibernate.cfg.AbstractPropertyHolder - Attempting to locate auto-apply AttributeConverter for property [com.tallerwebi.dominio.MacronutrientesUsuario:grasaAConsumir]
00:28:52.177 [main] DEBUG org.hibernate.cfg.annotations.SimpleValueBinder - building SimpleValue for grasaAConsumir
00:28:52.178 [main] DEBUG org.hibernate.cfg.annotations.PropertyBinder - Building property grasaAConsumir
00:28:52.178 [main] DEBUG org.hibernate.cfg.Ejb3Column - Binding column: Ejb3Column{table=org.hibernate.mapping.Table(MacronutrientesUsuario), mappingColumn=proteinaAConsumir, insertable=true, updatable=true, unique=false}
00:28:52.178 [main] DEBUG org.hibernate.cfg.annotations.PropertyBinder - MetadataSourceProcessor property proteinaAConsumir with lazy=false
00:28:52.178 [main] DEBUG org.hibernate.cfg.AbstractPropertyHolder - Attempting to locate auto-apply AttributeConverter for property [com.tallerwebi.dominio.MacronutrientesUsuario:proteinaAConsumir]
00:28:52.178 [main] DEBUG org.hibernate.cfg.annotations.SimpleValueBinder - building SimpleValue for proteinaAConsumir
00:28:52.178 [main] DEBUG org.hibernate.cfg.annotations.PropertyBinder - Building property proteinaAConsumir
00:28:52.178 [main] DEBUG org.hibernate.cfg.Ejb3Column - Binding column: Ejb3JoinColumn{logicalColumnName='null', referencedColumn='null', mappedBy=''}
00:28:52.178 [main] DEBUG org.hibernate.cfg.Ejb3Column - Binding column: Ejb3Column{table=org.hibernate.mapping.Table(MacronutrientesUsuario), mappingColumn=usuario, insertable=true, updatable=true, unique=false}
00:28:52.178 [main] DEBUG org.hibernate.cfg.annotations.PropertyBinder - Building property usuario
00:28:52.178 [main] DEBUG org.hibernate.cfg.AnnotationBinder - Binding entity from annotated class: com.tallerwebi.dominio.Notificacion
00:28:52.178 [main] DEBUG org.hibernate.cfg.Ejb3Column - Binding column: Ejb3DiscriminatorColumn{logicalColumnName'DTYPE', discriminatorTypeName='string'}
00:28:52.178 [main] DEBUG org.hibernate.cfg.annotations.EntityBinder - Import with entity name Notificacion
00:28:52.178 [main] DEBUG org.hibernate.cfg.annotations.EntityBinder - Bind entity com.tallerwebi.dominio.Notificacion on table Notificacion
00:28:52.179 [main] DEBUG org.hibernate.cfg.Ejb3Column - Binding column: Ejb3Column{table=org.hibernate.mapping.Table(Notificacion), mappingColumn=id, insertable=true, updatable=true, unique=false}
00:28:52.179 [main] DEBUG org.hibernate.boot.internal.ClassLoaderAccessImpl - Not known whether passed class name [com.tallerwebi.dominio.Notificacion] is safe
00:28:52.179 [main] DEBUG org.hibernate.boot.internal.ClassLoaderAccessImpl - No temp ClassLoader provided; using live ClassLoader for loading potentially unsafe class : com.tallerwebi.dominio.Notificacion
00:28:52.179 [main] DEBUG org.hibernate.cfg.annotations.PropertyBinder - MetadataSourceProcessor property id with lazy=false
00:28:52.179 [main] DEBUG org.hibernate.cfg.AbstractPropertyHolder - Attempting to locate auto-apply AttributeConverter for property [com.tallerwebi.dominio.Notificacion:id]
00:28:52.179 [main] DEBUG org.hibernate.cfg.annotations.SimpleValueBinder - building SimpleValue for id
00:28:52.179 [main] DEBUG org.hibernate.cfg.annotations.PropertyBinder - Building property id
00:28:52.179 [main] DEBUG org.hibernate.cfg.BinderHelper - #makeIdGenerator(org.hibernate.mapping.SimpleValue([org.hibernate.mapping.Column(id)]), id, identity, , ...)
00:28:52.179 [main] DEBUG org.hibernate.cfg.Ejb3Column - Binding column: Ejb3Column{table=org.hibernate.mapping.Table(Notificacion), mappingColumn=contenido, insertable=true, updatable=true, unique=false}
00:28:52.179 [main] DEBUG org.hibernate.cfg.annotations.PropertyBinder - MetadataSourceProcessor property contenido with lazy=false
00:28:52.179 [main] DEBUG org.hibernate.cfg.AbstractPropertyHolder - Attempting to locate auto-apply AttributeConverter for property [com.tallerwebi.dominio.Notificacion:contenido]
00:28:52.179 [main] DEBUG org.hibernate.cfg.annotations.SimpleValueBinder - building SimpleValue for contenido
00:28:52.179 [main] DEBUG org.hibernate.cfg.annotations.PropertyBinder - Building property contenido
00:28:52.179 [main] DEBUG org.hibernate.cfg.Ejb3Column - Binding column: Ejb3Column{table=org.hibernate.mapping.Table(Notificacion), mappingColumn=titulo, insertable=true, updatable=true, unique=false}
00:28:52.179 [main] DEBUG org.hibernate.cfg.annotations.PropertyBinder - MetadataSourceProcessor property titulo with lazy=false
00:28:52.179 [main] DEBUG org.hibernate.cfg.AbstractPropertyHolder - Attempting to locate auto-apply AttributeConverter for property [com.tallerwebi.dominio.Notificacion:titulo]
00:28:52.179 [main] DEBUG org.hibernate.cfg.annotations.SimpleValueBinder - building SimpleValue for titulo
00:28:52.179 [main] DEBUG org.hibernate.cfg.annotations.PropertyBinder - Building property titulo
00:28:52.179 [main] DEBUG org.hibernate.cfg.AnnotationBinder - Binding entity from annotated class: com.tallerwebi.dominio.NotificacionUsuario
00:28:52.179 [main] DEBUG org.hibernate.cfg.Ejb3Column - Binding column: Ejb3DiscriminatorColumn{logicalColumnName'DTYPE', discriminatorTypeName='string'}
00:28:52.179 [main] DEBUG org.hibernate.cfg.annotations.EntityBinder - Import with entity name NotificacionUsuario
00:28:52.179 [main] DEBUG org.hibernate.cfg.annotations.EntityBinder - Bind entity com.tallerwebi.dominio.NotificacionUsuario on table NotificacionUsuario
00:28:52.179 [main] DEBUG org.hibernate.cfg.Ejb3Column - Binding column: Ejb3Column{table=org.hibernate.mapping.Table(NotificacionUsuario), mappingColumn=id, insertable=true, updatable=true, unique=false}
00:28:52.181 [main] DEBUG org.hibernate.boot.internal.ClassLoaderAccessImpl - Not known whether passed class name [com.tallerwebi.dominio.NotificacionUsuario] is safe
00:28:52.181 [main] DEBUG org.hibernate.boot.internal.ClassLoaderAccessImpl - No temp ClassLoader provided; using live ClassLoader for loading potentially unsafe class : com.tallerwebi.dominio.NotificacionUsuario
00:28:52.181 [main] DEBUG org.hibernate.cfg.annotations.PropertyBinder - MetadataSourceProcessor property id with lazy=false
00:28:52.181 [main] DEBUG org.hibernate.cfg.AbstractPropertyHolder - Attempting to locate auto-apply AttributeConverter for property [com.tallerwebi.dominio.NotificacionUsuario:id]
00:28:52.181 [main] DEBUG org.hibernate.cfg.annotations.SimpleValueBinder - building SimpleValue for id
00:28:52.181 [main] DEBUG org.hibernate.cfg.annotations.PropertyBinder - Building property id
00:28:52.181 [main] DEBUG org.hibernate.cfg.BinderHelper - #makeIdGenerator(org.hibernate.mapping.SimpleValue([org.hibernate.mapping.Column(id)]), id, identity, , ...)
00:28:52.181 [main] DEBUG org.hibernate.cfg.Ejb3Column - Binding column: Ejb3Column{table=org.hibernate.mapping.Table(NotificacionUsuario), mappingColumn=fechaHora, insertable=true, updatable=true, unique=false}
00:28:52.181 [main] DEBUG org.hibernate.cfg.annotations.PropertyBinder - MetadataSourceProcessor property fechaHora with lazy=false
00:28:52.181 [main] DEBUG org.hibernate.cfg.AbstractPropertyHolder - Attempting to locate auto-apply AttributeConverter for property [com.tallerwebi.dominio.NotificacionUsuario:fechaHora]
00:28:52.181 [main] DEBUG org.hibernate.cfg.annotations.SimpleValueBinder - building SimpleValue for fechaHora
00:28:52.181 [main] DEBUG org.hibernate.cfg.annotations.PropertyBinder - Building property fechaHora
00:28:52.181 [main] DEBUG org.hibernate.cfg.Ejb3Column - Binding column: Ejb3Column{table=org.hibernate.mapping.Table(NotificacionUsuario), mappingColumn=leida, insertable=true, updatable=true, unique=false}
00:28:52.181 [main] DEBUG org.hibernate.cfg.annotations.PropertyBinder - MetadataSourceProcessor property leida with lazy=false
00:28:52.181 [main] DEBUG org.hibernate.cfg.AbstractPropertyHolder - Attempting to locate auto-apply AttributeConverter for property [com.tallerwebi.dominio.NotificacionUsuario:leida]
00:28:52.181 [main] DEBUG org.hibernate.cfg.annotations.SimpleValueBinder - building SimpleValue for leida
00:28:52.186 [main] DEBUG org.hibernate.cfg.annotations.PropertyBinder - Building property leida
00:28:52.187 [main] DEBUG org.hibernate.cfg.Ejb3Column - Binding column: Ejb3JoinColumn{logicalColumnName='null', referencedColumn='null', mappedBy='null'}
00:28:52.187 [main] DEBUG org.hibernate.cfg.Ejb3Column - Binding column: Ejb3Column{table=org.hibernate.mapping.Table(NotificacionUsuario), mappingColumn=notificacion, insertable=true, updatable=true, unique=false}
00:28:52.187 [main] DEBUG org.hibernate.cfg.annotations.PropertyBinder - Building property notificacion
00:28:52.187 [main] DEBUG org.hibernate.cfg.Ejb3Column - Binding column: Ejb3JoinColumn{logicalColumnName='null', referencedColumn='null', mappedBy='null'}
00:28:52.187 [main] DEBUG org.hibernate.cfg.Ejb3Column - Binding column: Ejb3Column{table=org.hibernate.mapping.Table(NotificacionUsuario), mappingColumn=usuario, insertable=true, updatable=true, unique=false}
00:28:52.187 [main] DEBUG org.hibernate.cfg.annotations.PropertyBinder - Building property usuario
00:28:52.187 [main] DEBUG org.hibernate.cfg.AnnotationBinder - Binding entity from annotated class: com.tallerwebi.dominio.Publicacion
00:28:52.187 [main] DEBUG org.hibernate.cfg.Ejb3Column - Binding column: Ejb3DiscriminatorColumn{logicalColumnName'DTYPE', discriminatorTypeName='string'}
00:28:52.187 [main] DEBUG org.hibernate.cfg.annotations.EntityBinder - Import with entity name Publicacion
00:28:52.187 [main] DEBUG org.hibernate.cfg.annotations.EntityBinder - Bind entity com.tallerwebi.dominio.Publicacion on table Publicacion
00:28:52.188 [main] DEBUG org.hibernate.cfg.Ejb3Column - Binding column: Ejb3Column{table=org.hibernate.mapping.Table(Publicacion), mappingColumn=id, insertable=true, updatable=true, unique=false}
00:28:52.188 [main] DEBUG org.hibernate.boot.internal.ClassLoaderAccessImpl - Not known whether passed class name [com.tallerwebi.dominio.Publicacion] is safe
00:28:52.188 [main] DEBUG org.hibernate.boot.internal.ClassLoaderAccessImpl - No temp ClassLoader provided; using live ClassLoader for loading potentially unsafe class : com.tallerwebi.dominio.Publicacion
00:28:52.188 [main] DEBUG org.hibernate.cfg.annotations.PropertyBinder - MetadataSourceProcessor property id with lazy=false
00:28:52.188 [main] DEBUG org.hibernate.cfg.AbstractPropertyHolder - Attempting to locate auto-apply AttributeConverter for property [com.tallerwebi.dominio.Publicacion:id]
00:28:52.188 [main] DEBUG org.hibernate.cfg.annotations.SimpleValueBinder - building SimpleValue for id
00:28:52.188 [main] DEBUG org.hibernate.cfg.annotations.PropertyBinder - Building property id
00:28:52.188 [main] DEBUG org.hibernate.cfg.BinderHelper - #makeIdGenerator(org.hibernate.mapping.SimpleValue([org.hibernate.mapping.Column(id)]), id, identity, , ...)
00:28:52.188 [main] DEBUG org.hibernate.cfg.Ejb3Column - Binding column: Ejb3Column{table=org.hibernate.mapping.Table(Publicacion), mappingColumn=contenido, insertable=true, updatable=true, unique=false}
00:28:52.188 [main] DEBUG org.hibernate.cfg.annotations.PropertyBinder - MetadataSourceProcessor property contenido with lazy=false
00:28:52.188 [main] DEBUG org.hibernate.cfg.AbstractPropertyHolder - Attempting to locate auto-apply AttributeConverter for property [com.tallerwebi.dominio.Publicacion:contenido]
00:28:52.188 [main] DEBUG org.hibernate.cfg.annotations.SimpleValueBinder - building SimpleValue for contenido
00:28:52.188 [main] DEBUG org.hibernate.cfg.annotations.PropertyBinder - Building property contenido
00:28:52.188 [main] DEBUG org.hibernate.cfg.Ejb3Column - Binding column: Ejb3Column{table=org.hibernate.mapping.Table(Publicacion), mappingColumn=fechaCreacion, insertable=true, updatable=true, unique=false}
00:28:52.188 [main] DEBUG org.hibernate.cfg.annotations.PropertyBinder - MetadataSourceProcessor property fechaCreacion with lazy=false
00:28:52.188 [main] DEBUG org.hibernate.cfg.AbstractPropertyHolder - Attempting to locate auto-apply AttributeConverter for property [com.tallerwebi.dominio.Publicacion:fechaCreacion]
00:28:52.188 [main] DEBUG org.hibernate.cfg.annotations.SimpleValueBinder - building SimpleValue for fechaCreacion
00:28:52.188 [main] DEBUG org.hibernate.cfg.annotations.PropertyBinder - Building property fechaCreacion
00:28:52.188 [main] DEBUG org.hibernate.cfg.Ejb3Column - Binding column: Ejb3Column{table=org.hibernate.mapping.Table(Publicacion), mappingColumn=fechaFormateada, insertable=true, updatable=true, unique=false}
00:28:52.188 [main] DEBUG org.hibernate.cfg.annotations.PropertyBinder - MetadataSourceProcessor property fechaFormateada with lazy=false
00:28:52.188 [main] DEBUG org.hibernate.cfg.AbstractPropertyHolder - Attempting to locate auto-apply AttributeConverter for property [com.tallerwebi.dominio.Publicacion:fechaFormateada]
00:28:52.188 [main] DEBUG org.hibernate.cfg.annotations.SimpleValueBinder - building SimpleValue for fechaFormateada
00:28:52.188 [main] DEBUG org.hibernate.cfg.annotations.PropertyBinder - Building property fechaFormateada
00:28:52.188 [main] DEBUG org.hibernate.cfg.Ejb3Column - Binding column: Ejb3Column{table=org.hibernate.mapping.Table(Publicacion), mappingColumn=img, insertable=true, updatable=true, unique=false}
00:28:52.188 [main] DEBUG org.hibernate.cfg.annotations.PropertyBinder - MetadataSourceProcessor property img with lazy=false
00:28:52.188 [main] DEBUG org.hibernate.cfg.AbstractPropertyHolder - Attempting to locate auto-apply AttributeConverter for property [com.tallerwebi.dominio.Publicacion:img]
00:28:52.188 [main] DEBUG org.hibernate.cfg.annotations.SimpleValueBinder - building SimpleValue for img
00:28:52.188 [main] DEBUG org.hibernate.cfg.annotations.PropertyBinder - Building property img
00:28:52.188 [main] DEBUG org.hibernate.cfg.Ejb3Column - Binding column: Ejb3Column{table=org.hibernate.mapping.Table(Publicacion), mappingColumn=titulo, insertable=true, updatable=true, unique=false}
00:28:52.188 [main] DEBUG org.hibernate.cfg.annotations.PropertyBinder - MetadataSourceProcessor property titulo with lazy=false
00:28:52.188 [main] DEBUG org.hibernate.cfg.AbstractPropertyHolder - Attempting to locate auto-apply AttributeConverter for property [com.tallerwebi.dominio.Publicacion:titulo]
00:28:52.188 [main] DEBUG org.hibernate.cfg.annotations.SimpleValueBinder - building SimpleValue for titulo
00:28:52.188 [main] DEBUG org.hibernate.cfg.annotations.PropertyBinder - Building property titulo
00:28:52.189 [main] DEBUG org.hibernate.cfg.Ejb3Column - Binding column: Ejb3JoinColumn{logicalColumnName='null', referencedColumn='null', mappedBy='null'}
00:28:52.189 [main] DEBUG org.hibernate.cfg.Ejb3Column - Binding column: Ejb3Column{table=org.hibernate.mapping.Table(Publicacion), mappingColumn=usuario, insertable=true, updatable=true, unique=false}
00:28:52.189 [main] DEBUG org.hibernate.cfg.annotations.PropertyBinder - Building property usuario
00:28:52.189 [main] DEBUG org.hibernate.cfg.AnnotationBinder - Binding entity from annotated class: com.tallerwebi.dominio.PublicacionLike
00:28:52.189 [main] DEBUG org.hibernate.cfg.Ejb3Column - Binding column: Ejb3DiscriminatorColumn{logicalColumnName'DTYPE', discriminatorTypeName='string'}
00:28:52.189 [main] DEBUG org.hibernate.cfg.annotations.EntityBinder - Import with entity name PublicacionLike
00:28:52.189 [main] DEBUG org.hibernate.cfg.annotations.EntityBinder - Bind entity com.tallerwebi.dominio.PublicacionLike on table PublicacionLike
00:28:52.191 [main] DEBUG org.hibernate.cfg.Ejb3Column - Binding column: Ejb3Column{table=org.hibernate.mapping.Table(PublicacionLike), mappingColumn=id, insertable=true, updatable=true, unique=false}
00:28:52.191 [main] DEBUG org.hibernate.boot.internal.ClassLoaderAccessImpl - Not known whether passed class name [com.tallerwebi.dominio.PublicacionLike] is safe
00:28:52.191 [main] DEBUG org.hibernate.boot.internal.ClassLoaderAccessImpl - No temp ClassLoader provided; using live ClassLoader for loading potentially unsafe class : com.tallerwebi.dominio.PublicacionLike
00:28:52.191 [main] DEBUG org.hibernate.cfg.annotations.PropertyBinder - MetadataSourceProcessor property id with lazy=false
00:28:52.191 [main] DEBUG org.hibernate.cfg.AbstractPropertyHolder - Attempting to locate auto-apply AttributeConverter for property [com.tallerwebi.dominio.PublicacionLike:id]
00:28:52.191 [main] DEBUG org.hibernate.cfg.annotations.SimpleValueBinder - building SimpleValue for id
00:28:52.191 [main] DEBUG org.hibernate.cfg.annotations.PropertyBinder - Building property id
00:28:52.191 [main] DEBUG org.hibernate.cfg.BinderHelper - #makeIdGenerator(org.hibernate.mapping.SimpleValue([org.hibernate.mapping.Column(id)]), id, identity, , ...)
00:28:52.191 [main] DEBUG org.hibernate.cfg.Ejb3Column - Binding column: Ejb3Column{table=org.hibernate.mapping.Table(PublicacionLike), mappingColumn=fechaCreacion, insertable=true, updatable=true, unique=false}
00:28:52.191 [main] DEBUG org.hibernate.cfg.annotations.PropertyBinder - MetadataSourceProcessor property fechaCreacion with lazy=false
00:28:52.191 [main] DEBUG org.hibernate.cfg.AbstractPropertyHolder - Attempting to locate auto-apply AttributeConverter for property [com.tallerwebi.dominio.PublicacionLike:fechaCreacion]
00:28:52.191 [main] DEBUG org.hibernate.cfg.annotations.SimpleValueBinder - building SimpleValue for fechaCreacion
00:28:52.191 [main] DEBUG org.hibernate.cfg.annotations.PropertyBinder - Building property fechaCreacion
00:28:52.191 [main] DEBUG org.hibernate.cfg.Ejb3Column - Binding column: Ejb3Column{table=org.hibernate.mapping.Table(PublicacionLike), mappingColumn=fechaFormateada, insertable=true, updatable=true, unique=false}
00:28:52.191 [main] DEBUG org.hibernate.cfg.annotations.PropertyBinder - MetadataSourceProcessor property fechaFormateada with lazy=false
00:28:52.191 [main] DEBUG org.hibernate.cfg.AbstractPropertyHolder - Attempting to locate auto-apply AttributeConverter for property [com.tallerwebi.dominio.PublicacionLike:fechaFormateada]
00:28:52.191 [main] DEBUG org.hibernate.cfg.annotations.SimpleValueBinder - building SimpleValue for fechaFormateada
00:28:52.191 [main] DEBUG org.hibernate.cfg.annotations.PropertyBinder - Building property fechaFormateada
00:28:52.191 [main] DEBUG org.hibernate.cfg.Ejb3Column - Binding column: Ejb3JoinColumn{logicalColumnName='null', referencedColumn='null', mappedBy='null'}
00:28:52.191 [main] DEBUG org.hibernate.cfg.Ejb3Column - Binding column: Ejb3Column{table=org.hibernate.mapping.Table(PublicacionLike), mappingColumn=publicacion, insertable=true, updatable=true, unique=false}
00:28:52.191 [main] DEBUG org.hibernate.cfg.annotations.PropertyBinder - Building property publicacion
00:28:52.191 [main] DEBUG org.hibernate.cfg.Ejb3Column - Binding column: Ejb3JoinColumn{logicalColumnName='null', referencedColumn='null', mappedBy='null'}
00:28:52.191 [main] DEBUG org.hibernate.cfg.Ejb3Column - Binding column: Ejb3Column{table=org.hibernate.mapping.Table(PublicacionLike), mappingColumn=usuario, insertable=true, updatable=true, unique=false}
00:28:52.191 [main] DEBUG org.hibernate.cfg.annotations.PropertyBinder - Building property usuario
00:28:52.192 [main] DEBUG org.hibernate.cfg.AnnotationBinder - Binding entity from annotated class: com.tallerwebi.dominio.PublicacionRespuesta
00:28:52.192 [main] DEBUG org.hibernate.cfg.Ejb3Column - Binding column: Ejb3DiscriminatorColumn{logicalColumnName'DTYPE', discriminatorTypeName='string'}
00:28:52.192 [main] DEBUG org.hibernate.cfg.annotations.EntityBinder - Import with entity name PublicacionRespuesta
00:28:52.192 [main] DEBUG org.hibernate.cfg.annotations.EntityBinder - Bind entity com.tallerwebi.dominio.PublicacionRespuesta on table PublicacionRespuesta
00:28:52.193 [main] DEBUG org.hibernate.cfg.Ejb3Column - Binding column: Ejb3Column{table=org.hibernate.mapping.Table(PublicacionRespuesta), mappingColumn=id, insertable=true, updatable=true, unique=false}
00:28:52.193 [main] DEBUG org.hibernate.boot.internal.ClassLoaderAccessImpl - Not known whether passed class name [com.tallerwebi.dominio.PublicacionRespuesta] is safe
00:28:52.193 [main] DEBUG org.hibernate.boot.internal.ClassLoaderAccessImpl - No temp ClassLoader provided; using live ClassLoader for loading potentially unsafe class : com.tallerwebi.dominio.PublicacionRespuesta
00:28:52.193 [main] DEBUG org.hibernate.cfg.annotations.PropertyBinder - MetadataSourceProcessor property id with lazy=false
00:28:52.193 [main] DEBUG org.hibernate.cfg.AbstractPropertyHolder - Attempting to locate auto-apply AttributeConverter for property [com.tallerwebi.dominio.PublicacionRespuesta:id]
00:28:52.193 [main] DEBUG org.hibernate.cfg.annotations.SimpleValueBinder - building SimpleValue for id
00:28:52.193 [main] DEBUG org.hibernate.cfg.annotations.PropertyBinder - Building property id
00:28:52.193 [main] DEBUG org.hibernate.cfg.BinderHelper - #makeIdGenerator(org.hibernate.mapping.SimpleValue([org.hibernate.mapping.Column(id)]), id, identity, , ...)
00:28:52.193 [main] DEBUG org.hibernate.cfg.Ejb3Column - Binding column: Ejb3JoinColumn{logicalColumnName='null', referencedColumn='null', mappedBy='null'}
00:28:52.193 [main] DEBUG org.hibernate.cfg.Ejb3Column - Binding column: Ejb3Column{table=org.hibernate.mapping.Table(PublicacionRespuesta), mappingColumn=publicacion, insertable=true, updatable=true, unique=false}
00:28:52.193 [main] DEBUG org.hibernate.cfg.annotations.PropertyBinder - Building property publicacion
00:28:52.193 [main] DEBUG org.hibernate.cfg.Ejb3Column - Binding column: Ejb3JoinColumn{logicalColumnName='null', referencedColumn='null', mappedBy='null'}
00:28:52.193 [main] DEBUG org.hibernate.cfg.Ejb3Column - Binding column: Ejb3Column{table=org.hibernate.mapping.Table(PublicacionRespuesta), mappingColumn=respuesta, insertable=true, updatable=true, unique=false}
00:28:52.193 [main] DEBUG org.hibernate.cfg.annotations.PropertyBinder - Building property respuesta
00:28:52.193 [main] DEBUG org.hibernate.cfg.AnnotationBinder - Binding entity from annotated class: com.tallerwebi.dominio.Receta
00:28:52.193 [main] DEBUG org.hibernate.cfg.Ejb3Column - Binding column: Ejb3DiscriminatorColumn{logicalColumnName'DTYPE', discriminatorTypeName='string'}
00:28:52.193 [main] DEBUG org.hibernate.cfg.annotations.EntityBinder - Import with entity name Receta
00:28:52.193 [main] DEBUG org.hibernate.cfg.annotations.EntityBinder - Bind entity com.tallerwebi.dominio.Receta on table Receta
00:28:52.195 [main] DEBUG org.hibernate.cfg.Ejb3Column - Binding column: Ejb3Column{table=org.hibernate.mapping.Table(Receta), mappingColumn=id, insertable=true, updatable=true, unique=false}
00:28:52.195 [main] DEBUG org.hibernate.boot.internal.ClassLoaderAccessImpl - Not known whether passed class name [com.tallerwebi.dominio.Receta] is safe
00:28:52.195 [main] DEBUG org.hibernate.boot.internal.ClassLoaderAccessImpl - No temp ClassLoader provided; using live ClassLoader for loading potentially unsafe class : com.tallerwebi.dominio.Receta
00:28:52.195 [main] DEBUG org.hibernate.cfg.annotations.PropertyBinder - MetadataSourceProcessor property id with lazy=false
00:28:52.195 [main] DEBUG org.hibernate.cfg.AbstractPropertyHolder - Attempting to locate auto-apply AttributeConverter for property [com.tallerwebi.dominio.Receta:id]
00:28:52.195 [main] DEBUG org.hibernate.cfg.annotations.SimpleValueBinder - building SimpleValue for id
00:28:52.195 [main] DEBUG org.hibernate.cfg.annotations.PropertyBinder - Building property id
00:28:52.195 [main] DEBUG org.hibernate.cfg.BinderHelper - #makeIdGenerator(org.hibernate.mapping.SimpleValue([org.hibernate.mapping.Column(id)]), id, identity, , ...)
00:28:52.195 [main] DEBUG org.hibernate.cfg.Ejb3Column - Binding column: Ejb3Column{table=org.hibernate.mapping.Table(Receta), mappingColumn=azucar, insertable=true, updatable=true, unique=false}
00:28:52.195 [main] DEBUG org.hibernate.cfg.annotations.PropertyBinder - MetadataSourceProcessor property azucar with lazy=false
00:28:52.195 [main] DEBUG org.hibernate.cfg.AbstractPropertyHolder - Attempting to locate auto-apply AttributeConverter for property [com.tallerwebi.dominio.Receta:azucar]
00:28:52.195 [main] DEBUG org.hibernate.cfg.annotations.SimpleValueBinder - building SimpleValue for azucar
00:28:52.195 [main] DEBUG org.hibernate.cfg.annotations.PropertyBinder - Building property azucar
00:28:52.195 [main] DEBUG org.hibernate.cfg.Ejb3Column - Binding column: Ejb3Column{table=org.hibernate.mapping.Table(Receta), mappingColumn=calorias, insertable=true, updatable=true, unique=false}
00:28:52.195 [main] DEBUG org.hibernate.cfg.annotations.PropertyBinder - MetadataSourceProcessor property calorias with lazy=false
00:28:52.195 [main] DEBUG org.hibernate.cfg.AbstractPropertyHolder - Attempting to locate auto-apply AttributeConverter for property [com.tallerwebi.dominio.Receta:calorias]
00:28:52.195 [main] DEBUG org.hibernate.cfg.annotations.SimpleValueBinder - building SimpleValue for calorias
00:28:52.195 [main] DEBUG org.hibernate.cfg.annotations.PropertyBinder - Building property calorias
00:28:52.195 [main] DEBUG org.hibernate.cfg.Ejb3Column - Binding column: Ejb3Column{table=org.hibernate.mapping.Table(Receta), mappingColumn=cantidad, insertable=true, updatable=true, unique=false}
00:28:52.195 [main] DEBUG org.hibernate.cfg.annotations.PropertyBinder - MetadataSourceProcessor property cantidad with lazy=false
00:28:52.195 [main] DEBUG org.hibernate.cfg.AbstractPropertyHolder - Attempting to locate auto-apply AttributeConverter for property [com.tallerwebi.dominio.Receta:cantidad]
00:28:52.195 [main] DEBUG org.hibernate.cfg.annotations.SimpleValueBinder - building SimpleValue for cantidad
00:28:52.195 [main] DEBUG org.hibernate.cfg.annotations.PropertyBinder - Building property cantidad
00:28:52.195 [main] DEBUG org.hibernate.cfg.Ejb3Column - Binding column: Ejb3Column{table=org.hibernate.mapping.Table(Receta), mappingColumn=carbohidratos, insertable=true, updatable=true, unique=false}
00:28:52.195 [main] DEBUG org.hibernate.cfg.annotations.PropertyBinder - MetadataSourceProcessor property carbohidratos with lazy=false
00:28:52.195 [main] DEBUG org.hibernate.cfg.AbstractPropertyHolder - Attempting to locate auto-apply AttributeConverter for property [com.tallerwebi.dominio.Receta:carbohidratos]
00:28:52.195 [main] DEBUG org.hibernate.cfg.annotations.SimpleValueBinder - building SimpleValue for carbohidratos
00:28:52.195 [main] DEBUG org.hibernate.cfg.annotations.PropertyBinder - Building property carbohidratos
00:28:52.196 [main] DEBUG org.hibernate.cfg.Ejb3Column - Binding column: Ejb3Column{table=org.hibernate.mapping.Table(Receta), mappingColumn=colesterol, insertable=true, updatable=true, unique=false}
00:28:52.196 [main] DEBUG org.hibernate.cfg.annotations.PropertyBinder - MetadataSourceProcessor property colesterol with lazy=false
00:28:52.196 [main] DEBUG org.hibernate.cfg.AbstractPropertyHolder - Attempting to locate auto-apply AttributeConverter for property [com.tallerwebi.dominio.Receta:colesterol]
00:28:52.196 [main] DEBUG org.hibernate.cfg.annotations.SimpleValueBinder - building SimpleValue for colesterol
00:28:52.196 [main] DEBUG org.hibernate.cfg.annotations.PropertyBinder - Building property colesterol
00:28:52.196 [main] DEBUG org.hibernate.cfg.Ejb3Column - Binding column: Ejb3Column{table=org.hibernate.mapping.Table(Receta), mappingColumn=descripcion, insertable=true, updatable=true, unique=false}
00:28:52.196 [main] DEBUG org.hibernate.cfg.annotations.PropertyBinder - MetadataSourceProcessor property descripcion with lazy=false
00:28:52.196 [main] DEBUG org.hibernate.cfg.AbstractPropertyHolder - Attempting to locate auto-apply AttributeConverter for property [com.tallerwebi.dominio.Receta:descripcion]
00:28:52.196 [main] DEBUG org.hibernate.cfg.annotations.SimpleValueBinder - building SimpleValue for descripcion
00:28:52.196 [main] DEBUG org.hibernate.cfg.annotations.PropertyBinder - Building property descripcion
00:28:52.196 [main] DEBUG org.hibernate.cfg.Ejb3Column - Binding column: Ejb3Column{table=org.hibernate.mapping.Table(Receta), mappingColumn=energia, insertable=true, updatable=true, unique=false}
00:28:52.196 [main] DEBUG org.hibernate.cfg.annotations.PropertyBinder - MetadataSourceProcessor property energia with lazy=false
00:28:52.196 [main] DEBUG org.hibernate.cfg.AbstractPropertyHolder - Attempting to locate auto-apply AttributeConverter for property [com.tallerwebi.dominio.Receta:energia]
00:28:52.196 [main] DEBUG org.hibernate.cfg.annotations.SimpleValueBinder - building SimpleValue for energia
00:28:52.196 [main] DEBUG org.hibernate.cfg.annotations.PropertyBinder - Building property energia
00:28:52.196 [main] DEBUG org.hibernate.cfg.Ejb3Column - Binding column: Ejb3Column{table=org.hibernate.mapping.Table(Receta), mappingColumn=fibra, insertable=true, updatable=true, unique=false}
00:28:52.196 [main] DEBUG org.hibernate.cfg.annotations.PropertyBinder - MetadataSourceProcessor property fibra with lazy=false
00:28:52.196 [main] DEBUG org.hibernate.cfg.AbstractPropertyHolder - Attempting to locate auto-apply AttributeConverter for property [com.tallerwebi.dominio.Receta:fibra]
00:28:52.196 [main] DEBUG org.hibernate.cfg.annotations.SimpleValueBinder - building SimpleValue for fibra
00:28:52.196 [main] DEBUG org.hibernate.cfg.annotations.PropertyBinder - Building property fibra
00:28:52.196 [main] DEBUG org.hibernate.cfg.Ejb3Column - Binding column: Ejb3Column{table=org.hibernate.mapping.Table(Receta), mappingColumn=grasa, insertable=true, updatable=true, unique=false}
00:28:52.196 [main] DEBUG org.hibernate.cfg.annotations.PropertyBinder - MetadataSourceProcessor property grasa with lazy=false
00:28:52.196 [main] DEBUG org.hibernate.cfg.AbstractPropertyHolder - Attempting to locate auto-apply AttributeConverter for property [com.tallerwebi.dominio.Receta:grasa]
00:28:52.196 [main] DEBUG org.hibernate.cfg.annotations.SimpleValueBinder - building SimpleValue for grasa
00:28:52.196 [main] DEBUG org.hibernate.cfg.annotations.PropertyBinder - Building property grasa
00:28:52.196 [main] DEBUG org.hibernate.cfg.Ejb3Column - Binding column: Ejb3Column{table=org.hibernate.mapping.Table(Receta), mappingColumn=grasaMonoinsaturada, insertable=true, updatable=true, unique=false}
00:28:52.196 [main] DEBUG org.hibernate.cfg.annotations.PropertyBinder - MetadataSourceProcessor property grasaMonoinsaturada with lazy=false
00:28:52.196 [main] DEBUG org.hibernate.cfg.AbstractPropertyHolder - Attempting to locate auto-apply AttributeConverter for property [com.tallerwebi.dominio.Receta:grasaMonoinsaturada]
00:28:52.196 [main] DEBUG org.hibernate.cfg.annotations.SimpleValueBinder - building SimpleValue for grasaMonoinsaturada
00:28:52.196 [main] DEBUG org.hibernate.cfg.annotations.PropertyBinder - Building property grasaMonoinsaturada
00:28:52.196 [main] DEBUG org.hibernate.cfg.Ejb3Column - Binding column: Ejb3Column{table=org.hibernate.mapping.Table(Receta), mappingColumn=grasaPoliinsaturada, insertable=true, updatable=true, unique=false}
00:28:52.196 [main] DEBUG org.hibernate.cfg.annotations.PropertyBinder - MetadataSourceProcessor property grasaPoliinsaturada with lazy=false
00:28:52.196 [main] DEBUG org.hibernate.cfg.AbstractPropertyHolder - Attempting to locate auto-apply AttributeConverter for property [com.tallerwebi.dominio.Receta:grasaPoliinsaturada]
00:28:52.196 [main] DEBUG org.hibernate.cfg.annotations.SimpleValueBinder - building SimpleValue for grasaPoliinsaturada
00:28:52.196 [main] DEBUG org.hibernate.cfg.annotations.PropertyBinder - Building property grasaPoliinsaturada
00:28:52.196 [main] DEBUG org.hibernate.cfg.Ejb3Column - Binding column: Ejb3Column{table=org.hibernate.mapping.Table(Receta), mappingColumn=grasaSaturada, insertable=true, updatable=true, unique=false}
00:28:52.196 [main] DEBUG org.hibernate.cfg.annotations.PropertyBinder - MetadataSourceProcessor property grasaSaturada with lazy=false
00:28:52.196 [main] DEBUG org.hibernate.cfg.AbstractPropertyHolder - Attempting to locate auto-apply AttributeConverter for property [com.tallerwebi.dominio.Receta:grasaSaturada]
00:28:52.196 [main] DEBUG org.hibernate.cfg.annotations.SimpleValueBinder - building SimpleValue for grasaSaturada
00:28:52.196 [main] DEBUG org.hibernate.cfg.annotations.PropertyBinder - Building property grasaSaturada
00:28:52.196 [main] DEBUG org.hibernate.cfg.Ejb3Column - Binding column: Ejb3Column{table=org.hibernate.mapping.Table(Receta), mappingColumn=imagen, insertable=true, updatable=true, unique=false}
00:28:52.196 [main] DEBUG org.hibernate.cfg.annotations.PropertyBinder - MetadataSourceProcessor property imagen with lazy=false
00:28:52.196 [main] DEBUG org.hibernate.cfg.AbstractPropertyHolder - Attempting to locate auto-apply AttributeConverter for property [com.tallerwebi.dominio.Receta:imagen]
00:28:52.196 [main] DEBUG org.hibernate.cfg.annotations.SimpleValueBinder - building SimpleValue for imagen
00:28:52.196 [main] DEBUG org.hibernate.cfg.annotations.PropertyBinder - Building property imagen
00:28:52.196 [main] DEBUG org.hibernate.cfg.Ejb3Column - Binding column: Ejb3Column{table=org.hibernate.mapping.Table(Receta), mappingColumn=ingredientes, insertable=true, updatable=true, unique=false}
00:28:52.196 [main] DEBUG org.hibernate.cfg.annotations.PropertyBinder - MetadataSourceProcessor property ingredientes with lazy=false
00:28:52.196 [main] DEBUG org.hibernate.cfg.AbstractPropertyHolder - Attempting to locate auto-apply AttributeConverter for property [com.tallerwebi.dominio.Receta:ingredientes]
00:28:52.196 [main] DEBUG org.hibernate.cfg.annotations.SimpleValueBinder - building SimpleValue for ingredientes
00:28:52.196 [main] DEBUG org.hibernate.cfg.annotations.PropertyBinder - Building property ingredientes
00:28:52.196 [main] DEBUG org.hibernate.cfg.Ejb3Column - Binding column: Ejb3Column{table=org.hibernate.mapping.Table(Receta), mappingColumn=instrucciones, insertable=true, updatable=true, unique=false}
00:28:52.196 [main] DEBUG org.hibernate.cfg.annotations.PropertyBinder - MetadataSourceProcessor property instrucciones with lazy=false
00:28:52.196 [main] DEBUG org.hibernate.cfg.AbstractPropertyHolder - Attempting to locate auto-apply AttributeConverter for property [com.tallerwebi.dominio.Receta:instrucciones]
00:28:52.196 [main] DEBUG org.hibernate.cfg.annotations.SimpleValueBinder - building SimpleValue for instrucciones
00:28:52.196 [main] DEBUG org.hibernate.cfg.annotations.PropertyBinder - Building property instrucciones
00:28:52.196 [main] DEBUG org.hibernate.cfg.Ejb3Column - Binding column: Ejb3Column{table=org.hibernate.mapping.Table(Receta), mappingColumn=nombre, insertable=true, updatable=true, unique=false}
00:28:52.196 [main] DEBUG org.hibernate.cfg.annotations.PropertyBinder - MetadataSourceProcessor property nombre with lazy=false
00:28:52.196 [main] DEBUG org.hibernate.cfg.AbstractPropertyHolder - Attempting to locate auto-apply AttributeConverter for property [com.tallerwebi.dominio.Receta:nombre]
00:28:52.196 [main] DEBUG org.hibernate.cfg.annotations.SimpleValueBinder - building SimpleValue for nombre
00:28:52.196 [main] DEBUG org.hibernate.cfg.annotations.PropertyBinder - Building property nombre
00:28:52.196 [main] DEBUG org.hibernate.cfg.Ejb3Column - Binding column: Ejb3Column{table=org.hibernate.mapping.Table(Receta), mappingColumn=potasio, insertable=true, updatable=true, unique=false}
00:28:52.197 [main] DEBUG org.hibernate.cfg.annotations.PropertyBinder - MetadataSourceProcessor property potasio with lazy=false
00:28:52.197 [main] DEBUG org.hibernate.cfg.AbstractPropertyHolder - Attempting to locate auto-apply AttributeConverter for property [com.tallerwebi.dominio.Receta:potasio]
00:28:52.197 [main] DEBUG org.hibernate.cfg.annotations.SimpleValueBinder - building SimpleValue for potasio
00:28:52.197 [main] DEBUG org.hibernate.cfg.annotations.PropertyBinder - Building property potasio
00:28:52.197 [main] DEBUG org.hibernate.cfg.Ejb3Column - Binding column: Ejb3Column{table=org.hibernate.mapping.Table(Receta), mappingColumn=proteina, insertable=true, updatable=true, unique=false}
00:28:52.197 [main] DEBUG org.hibernate.cfg.annotations.PropertyBinder - MetadataSourceProcessor property proteina with lazy=false
00:28:52.197 [main] DEBUG org.hibernate.cfg.AbstractPropertyHolder - Attempting to locate auto-apply AttributeConverter for property [com.tallerwebi.dominio.Receta:proteina]
00:28:52.197 [main] DEBUG org.hibernate.cfg.annotations.SimpleValueBinder - building SimpleValue for proteina
00:28:52.197 [main] DEBUG org.hibernate.cfg.annotations.PropertyBinder - Building property proteina
00:28:52.197 [main] DEBUG org.hibernate.cfg.Ejb3Column - Binding column: Ejb3Column{table=org.hibernate.mapping.Table(Receta), mappingColumn=sodio, insertable=true, updatable=true, unique=false}
00:28:52.197 [main] DEBUG org.hibernate.cfg.annotations.PropertyBinder - MetadataSourceProcessor property sodio with lazy=false
00:28:52.197 [main] DEBUG org.hibernate.cfg.AbstractPropertyHolder - Attempting to locate auto-apply AttributeConverter for property [com.tallerwebi.dominio.Receta:sodio]
00:28:52.197 [main] DEBUG org.hibernate.cfg.annotations.SimpleValueBinder - building SimpleValue for sodio
00:28:52.197 [main] DEBUG org.hibernate.cfg.annotations.PropertyBinder - Building property sodio
00:28:52.197 [main] DEBUG org.hibernate.cfg.Ejb3Column - Binding column: Ejb3JoinColumn{logicalColumnName='null', referencedColumn='null', mappedBy='null'}
00:28:52.197 [main] DEBUG org.hibernate.cfg.Ejb3Column - Binding column: Ejb3Column{table=org.hibernate.mapping.Table(Receta), mappingColumn=usuario, insertable=true, updatable=true, unique=false}
00:28:52.197 [main] DEBUG org.hibernate.cfg.annotations.PropertyBinder - Building property usuario
00:28:52.197 [main] DEBUG org.hibernate.cfg.AnnotationBinder - Binding entity from annotated class: com.tallerwebi.dominio.RecetaFavorito
00:28:52.197 [main] DEBUG org.hibernate.cfg.Ejb3Column - Binding column: Ejb3DiscriminatorColumn{logicalColumnName'DTYPE', discriminatorTypeName='string'}
00:28:52.197 [main] DEBUG org.hibernate.cfg.annotations.EntityBinder - Import with entity name RecetaFavorito
00:28:52.197 [main] DEBUG org.hibernate.cfg.annotations.EntityBinder - Bind entity com.tallerwebi.dominio.RecetaFavorito on table RecetaFavorito
00:28:52.197 [main] DEBUG org.hibernate.cfg.Ejb3Column - Binding column: Ejb3Column{table=org.hibernate.mapping.Table(RecetaFavorito), mappingColumn=id, insertable=true, updatable=true, unique=false}
00:28:52.197 [main] DEBUG org.hibernate.boot.internal.ClassLoaderAccessImpl - Not known whether passed class name [com.tallerwebi.dominio.RecetaFavorito] is safe
00:28:52.199 [main] DEBUG org.hibernate.boot.internal.ClassLoaderAccessImpl - No temp ClassLoader provided; using live ClassLoader for loading potentially unsafe class : com.tallerwebi.dominio.RecetaFavorito
00:28:52.199 [main] DEBUG org.hibernate.cfg.annotations.PropertyBinder - MetadataSourceProcessor property id with lazy=false
00:28:52.199 [main] DEBUG org.hibernate.cfg.AbstractPropertyHolder - Attempting to locate auto-apply AttributeConverter for property [com.tallerwebi.dominio.RecetaFavorito:id]
00:28:52.199 [main] DEBUG org.hibernate.cfg.annotations.SimpleValueBinder - building SimpleValue for id
00:28:52.199 [main] DEBUG org.hibernate.cfg.annotations.PropertyBinder - Building property id
00:28:52.199 [main] DEBUG org.hibernate.cfg.BinderHelper - #makeIdGenerator(org.hibernate.mapping.SimpleValue([org.hibernate.mapping.Column(id)]), id, org.hibernate.id.enhanced.SequenceStyleGenerator, , ...)
00:28:52.199 [main] DEBUG org.hibernate.cfg.Ejb3Column - Binding column: Ejb3Column{table=org.hibernate.mapping.Table(RecetaFavorito), mappingColumn=descripcion, insertable=true, updatable=true, unique=false}
00:28:52.199 [main] DEBUG org.hibernate.cfg.annotations.PropertyBinder - MetadataSourceProcessor property descripcion with lazy=false
00:28:52.199 [main] DEBUG org.hibernate.cfg.AbstractPropertyHolder - Attempting to locate auto-apply AttributeConverter for property [com.tallerwebi.dominio.RecetaFavorito:descripcion]
00:28:52.199 [main] DEBUG org.hibernate.cfg.annotations.SimpleValueBinder - building SimpleValue for descripcion
00:28:52.199 [main] DEBUG org.hibernate.cfg.annotations.PropertyBinder - Building property descripcion
00:28:52.199 [main] DEBUG org.hibernate.cfg.Ejb3Column - Binding column: Ejb3Column{table=org.hibernate.mapping.Table(RecetaFavorito), mappingColumn=imagen, insertable=true, updatable=true, unique=false}
00:28:52.199 [main] DEBUG org.hibernate.cfg.annotations.PropertyBinder - MetadataSourceProcessor property imagen with lazy=false
00:28:52.199 [main] DEBUG org.hibernate.cfg.AbstractPropertyHolder - Attempting to locate auto-apply AttributeConverter for property [com.tallerwebi.dominio.RecetaFavorito:imagen]
00:28:52.199 [main] DEBUG org.hibernate.cfg.annotations.SimpleValueBinder - building SimpleValue for imagen
00:28:52.199 [main] DEBUG org.hibernate.cfg.annotations.PropertyBinder - Building property imagen
00:28:52.199 [main] DEBUG org.hibernate.cfg.Ejb3Column - Binding column: Ejb3Column{table=org.hibernate.mapping.Table(RecetaFavorito), mappingColumn=nombre, insertable=true, updatable=true, unique=false}
00:28:52.199 [main] DEBUG org.hibernate.cfg.annotations.PropertyBinder - MetadataSourceProcessor property nombre with lazy=false
00:28:52.199 [main] DEBUG org.hibernate.cfg.AbstractPropertyHolder - Attempting to locate auto-apply AttributeConverter for property [com.tallerwebi.dominio.RecetaFavorito:nombre]
00:28:52.199 [main] DEBUG org.hibernate.cfg.annotations.SimpleValueBinder - building SimpleValue for nombre
00:28:52.199 [main] DEBUG org.hibernate.cfg.annotations.PropertyBinder - Building property nombre
00:28:52.199 [main] DEBUG org.hibernate.cfg.Ejb3Column - Binding column: Ejb3JoinColumn{logicalColumnName='null', referencedColumn='null', mappedBy='null'}
00:28:52.199 [main] DEBUG org.hibernate.cfg.Ejb3Column - Binding column: Ejb3Column{table=org.hibernate.mapping.Table(RecetaFavorito), mappingColumn=recetasFavoritas, insertable=true, updatable=true, unique=false}
00:28:52.199 [main] DEBUG org.hibernate.cfg.annotations.PropertyBinder - Building property recetasFavoritas
00:28:52.199 [main] DEBUG org.hibernate.cfg.Ejb3Column - Binding column: Ejb3JoinColumn{logicalColumnName='null', referencedColumn='null', mappedBy=''}
00:28:52.199 [main] DEBUG org.hibernate.cfg.Ejb3Column - Binding column: Ejb3Column{table=org.hibernate.mapping.Table(RecetaFavorito), mappingColumn=usuario, insertable=true, updatable=true, unique=false}
00:28:52.199 [main] DEBUG org.hibernate.cfg.annotations.PropertyBinder - Building property usuario
00:28:52.199 [main] DEBUG org.hibernate.cfg.AnnotationBinder - Binding entity from annotated class: com.tallerwebi.dominio.Respuesta
00:28:52.199 [main] DEBUG org.hibernate.cfg.Ejb3Column - Binding column: Ejb3DiscriminatorColumn{logicalColumnName'DTYPE', discriminatorTypeName='string'}
00:28:52.200 [main] DEBUG org.hibernate.cfg.annotations.EntityBinder - Import with entity name Respuesta
00:28:52.200 [main] DEBUG org.hibernate.cfg.annotations.EntityBinder - Bind entity com.tallerwebi.dominio.Respuesta on table Respuesta
00:28:52.200 [main] DEBUG org.hibernate.cfg.Ejb3Column - Binding column: Ejb3Column{table=org.hibernate.mapping.Table(Respuesta), mappingColumn=id, insertable=true, updatable=true, unique=false}
00:28:52.200 [main] DEBUG org.hibernate.boot.internal.ClassLoaderAccessImpl - Not known whether passed class name [com.tallerwebi.dominio.Respuesta] is safe
00:28:52.200 [main] DEBUG org.hibernate.boot.internal.ClassLoaderAccessImpl - No temp ClassLoader provided; using live ClassLoader for loading potentially unsafe class : com.tallerwebi.dominio.Respuesta
00:28:52.200 [main] DEBUG org.hibernate.cfg.annotations.PropertyBinder - MetadataSourceProcessor property id with lazy=false
00:28:52.200 [main] DEBUG org.hibernate.cfg.AbstractPropertyHolder - Attempting to locate auto-apply AttributeConverter for property [com.tallerwebi.dominio.Respuesta:id]
00:28:52.200 [main] DEBUG org.hibernate.cfg.annotations.SimpleValueBinder - building SimpleValue for id
00:28:52.200 [main] DEBUG org.hibernate.cfg.annotations.PropertyBinder - Building property id
00:28:52.200 [main] DEBUG org.hibernate.cfg.BinderHelper - #makeIdGenerator(org.hibernate.mapping.SimpleValue([org.hibernate.mapping.Column(id)]), id, identity, , ...)
00:28:52.200 [main] DEBUG org.hibernate.cfg.Ejb3Column - Binding column: Ejb3Column{table=org.hibernate.mapping.Table(Respuesta), mappingColumn=contenido, insertable=true, updatable=true, unique=false}
00:28:52.200 [main] DEBUG org.hibernate.cfg.annotations.PropertyBinder - MetadataSourceProcessor property contenido with lazy=false
00:28:52.200 [main] DEBUG org.hibernate.cfg.AbstractPropertyHolder - Attempting to locate auto-apply AttributeConverter for property [com.tallerwebi.dominio.Respuesta:contenido]
00:28:52.200 [main] DEBUG org.hibernate.cfg.annotations.SimpleValueBinder - building SimpleValue for contenido
00:28:52.200 [main] DEBUG org.hibernate.cfg.annotations.PropertyBinder - Building property contenido
00:28:52.200 [main] DEBUG org.hibernate.cfg.Ejb3Column - Binding column: Ejb3Column{table=org.hibernate.mapping.Table(Respuesta), mappingColumn=fechaCreacion, insertable=true, updatable=true, unique=false}
00:28:52.200 [main] DEBUG org.hibernate.cfg.annotations.PropertyBinder - MetadataSourceProcessor property fechaCreacion with lazy=false
00:28:52.200 [main] DEBUG org.hibernate.cfg.AbstractPropertyHolder - Attempting to locate auto-apply AttributeConverter for property [com.tallerwebi.dominio.Respuesta:fechaCreacion]
00:28:52.200 [main] DEBUG org.hibernate.cfg.annotations.SimpleValueBinder - building SimpleValue for fechaCreacion
00:28:52.200 [main] DEBUG org.hibernate.cfg.annotations.PropertyBinder - Building property fechaCreacion
00:28:52.201 [main] DEBUG org.hibernate.cfg.Ejb3Column - Binding column: Ejb3Column{table=org.hibernate.mapping.Table(Respuesta), mappingColumn=fechaFormateada, insertable=true, updatable=true, unique=false}
00:28:52.201 [main] DEBUG org.hibernate.cfg.annotations.PropertyBinder - MetadataSourceProcessor property fechaFormateada with lazy=false
00:28:52.201 [main] DEBUG org.hibernate.cfg.AbstractPropertyHolder - Attempting to locate auto-apply AttributeConverter for property [com.tallerwebi.dominio.Respuesta:fechaFormateada]
00:28:52.201 [main] DEBUG org.hibernate.cfg.annotations.SimpleValueBinder - building SimpleValue for fechaFormateada
00:28:52.201 [main] DEBUG org.hibernate.cfg.annotations.PropertyBinder - Building property fechaFormateada
00:28:52.201 [main] DEBUG org.hibernate.cfg.Ejb3Column - Binding column: Ejb3JoinColumn{logicalColumnName='null', referencedColumn='null', mappedBy='null'}
00:28:52.201 [main] DEBUG org.hibernate.cfg.Ejb3Column - Binding column: Ejb3Column{table=org.hibernate.mapping.Table(Respuesta), mappingColumn=usuario, insertable=true, updatable=true, unique=false}
00:28:52.201 [main] DEBUG org.hibernate.cfg.annotations.PropertyBinder - Building property usuario
00:28:52.201 [main] DEBUG org.hibernate.cfg.AnnotationBinder - Binding entity from annotated class: com.tallerwebi.dominio.Usuario
00:28:52.201 [main] DEBUG org.hibernate.cfg.Ejb3Column - Binding column: Ejb3DiscriminatorColumn{logicalColumnName'DTYPE', discriminatorTypeName='string'}
00:28:52.201 [main] DEBUG org.hibernate.cfg.annotations.EntityBinder - Import with entity name Usuario
00:28:52.201 [main] DEBUG org.hibernate.cfg.annotations.EntityBinder - Bind entity com.tallerwebi.dominio.Usuario on table Usuario
00:28:52.202 [main] DEBUG org.hibernate.cfg.Ejb3Column - Binding column: Ejb3Column{table=org.hibernate.mapping.Table(Usuario), mappingColumn=id, insertable=true, updatable=true, unique=false}
00:28:52.202 [main] DEBUG org.hibernate.boot.internal.ClassLoaderAccessImpl - Not known whether passed class name [com.tallerwebi.dominio.Usuario] is safe
00:28:52.202 [main] DEBUG org.hibernate.boot.internal.ClassLoaderAccessImpl - No temp ClassLoader provided; using live ClassLoader for loading potentially unsafe class : com.tallerwebi.dominio.Usuario
00:28:52.202 [main] DEBUG org.hibernate.cfg.annotations.PropertyBinder - MetadataSourceProcessor property id with lazy=false
00:28:52.202 [main] DEBUG org.hibernate.cfg.AbstractPropertyHolder - Attempting to locate auto-apply AttributeConverter for property [com.tallerwebi.dominio.Usuario:id]
00:28:52.202 [main] DEBUG org.hibernate.cfg.annotations.SimpleValueBinder - building SimpleValue for id
00:28:52.202 [main] DEBUG org.hibernate.cfg.annotations.PropertyBinder - Building property id
00:28:52.202 [main] DEBUG org.hibernate.cfg.BinderHelper - #makeIdGenerator(org.hibernate.mapping.SimpleValue([org.hibernate.mapping.Column(id)]), id, identity, , ...)
00:28:52.202 [main] DEBUG org.hibernate.cfg.Ejb3Column - Binding column: Ejb3Column{table=org.hibernate.mapping.Table(Usuario), mappingColumn=altura, insertable=true, updatable=true, unique=false}
00:28:52.202 [main] DEBUG org.hibernate.cfg.annotations.PropertyBinder - MetadataSourceProcessor property altura with lazy=false
00:28:52.202 [main] DEBUG org.hibernate.cfg.AbstractPropertyHolder - Attempting to locate auto-apply AttributeConverter for property [com.tallerwebi.dominio.Usuario:altura]
00:28:52.202 [main] DEBUG org.hibernate.cfg.annotations.SimpleValueBinder - building SimpleValue for altura
00:28:52.202 [main] DEBUG org.hibernate.cfg.annotations.PropertyBinder - Building property altura
00:28:52.202 [main] DEBUG org.hibernate.cfg.Ejb3Column - Binding column: Ejb3JoinColumn{logicalColumnName='null', referencedColumn='null', mappedBy='usuario'}
00:28:52.202 [main] DEBUG org.hibernate.cfg.Ejb3Column - Binding column: Ejb3Column{table=org.hibernate.mapping.Table(Usuario), mappingColumn=colaciones, insertable=true, updatable=true, unique=false}
00:28:52.202 [main] DEBUG org.hibernate.cfg.Ejb3Column - Binding column: Ejb3Column{table=org.hibernate.mapping.Table(Usuario), mappingColumn=null, insertable=true, updatable=true, unique=false}
00:28:52.203 [main] DEBUG org.hibernate.cfg.Ejb3Column - Binding column: Ejb3Column{table=org.hibernate.mapping.Table(Usuario), mappingColumn=element, insertable=true, updatable=true, unique=false}
00:28:52.203 [main] DEBUG org.hibernate.cfg.Ejb3Column - Binding column: Ejb3Column{table=org.hibernate.mapping.Table(Usuario), mappingColumn=colaciones_KEY, insertable=true, updatable=true, unique=false}
00:28:52.203 [main] DEBUG org.hibernate.cfg.Ejb3Column - Binding column: Ejb3JoinColumn{logicalColumnName='colaciones_KEY', referencedColumn='null', mappedBy='null'}
00:28:52.203 [main] DEBUG org.hibernate.cfg.Ejb3Column - Binding column: Ejb3JoinColumn{logicalColumnName='null', referencedColumn='null', mappedBy='usuario'}
00:28:52.203 [main] DEBUG org.hibernate.cfg.Ejb3Column - Binding column: Ejb3JoinColumn{logicalColumnName='null', referencedColumn='null', mappedBy='usuario'}
00:28:52.203 [main] DEBUG org.hibernate.cfg.annotations.CollectionBinder - Collection role: com.tallerwebi.dominio.Usuario.colaciones
00:28:52.203 [main] DEBUG org.hibernate.cfg.annotations.PropertyBinder - Building property colaciones
00:28:52.203 [main] DEBUG org.hibernate.cfg.Ejb3Column - Binding column: Ejb3JoinColumn{logicalColumnName='null', referencedColumn='null', mappedBy='usuario'}
00:28:52.203 [main] DEBUG org.hibernate.cfg.Ejb3Column - Binding column: Ejb3Column{table=org.hibernate.mapping.Table(Usuario), mappingColumn=desafiosCompletados, insertable=true, updatable=true, unique=false}
00:28:52.203 [main] DEBUG org.hibernate.cfg.Ejb3Column - Binding column: Ejb3Column{table=org.hibernate.mapping.Table(Usuario), mappingColumn=null, insertable=true, updatable=true, unique=false}
00:28:52.203 [main] DEBUG org.hibernate.cfg.Ejb3Column - Binding column: Ejb3Column{table=org.hibernate.mapping.Table(Usuario), mappingColumn=element, insertable=true, updatable=true, unique=false}
00:28:52.203 [main] DEBUG org.hibernate.cfg.Ejb3Column - Binding column: Ejb3Column{table=org.hibernate.mapping.Table(Usuario), mappingColumn=desafiosCompletados_KEY, insertable=true, updatable=true, unique=false}
00:28:52.203 [main] DEBUG org.hibernate.cfg.Ejb3Column - Binding column: Ejb3JoinColumn{logicalColumnName='desafiosCompletados_KEY', referencedColumn='null', mappedBy='null'}
00:28:52.203 [main] DEBUG org.hibernate.cfg.Ejb3Column - Binding column: Ejb3JoinColumn{logicalColumnName='null', referencedColumn='null', mappedBy='usuario'}
00:28:52.203 [main] DEBUG org.hibernate.cfg.Ejb3Column - Binding column: Ejb3JoinColumn{logicalColumnName='null', referencedColumn='null', mappedBy='usuario'}
00:28:52.203 [main] DEBUG org.hibernate.cfg.annotations.CollectionBinder - Collection role: com.tallerwebi.dominio.Usuario.desafiosCompletados
00:28:52.203 [main] DEBUG org.hibernate.cfg.annotations.PropertyBinder - Building property desafiosCompletados
00:28:52.203 [main] DEBUG org.hibernate.cfg.Ejb3Column - Binding column: Ejb3Column{table=org.hibernate.mapping.Table(Usuario), mappingColumn=edad, insertable=true, updatable=true, unique=false}
00:28:52.203 [main] DEBUG org.hibernate.cfg.annotations.PropertyBinder - MetadataSourceProcessor property edad with lazy=false
00:28:52.203 [main] DEBUG org.hibernate.cfg.AbstractPropertyHolder - Attempting to locate auto-apply AttributeConverter for property [com.tallerwebi.dominio.Usuario:edad]
00:28:52.203 [main] DEBUG org.hibernate.cfg.annotations.SimpleValueBinder - building SimpleValue for edad
00:28:52.203 [main] DEBUG org.hibernate.cfg.annotations.PropertyBinder - Building property edad
00:28:52.204 [main] DEBUG org.hibernate.cfg.Ejb3Column - Binding column: Ejb3Column{table=org.hibernate.mapping.Table(Usuario), mappingColumn=email, insertable=true, updatable=true, unique=false}
00:28:52.204 [main] DEBUG org.hibernate.cfg.annotations.PropertyBinder - MetadataSourceProcessor property email with lazy=false
00:28:52.204 [main] DEBUG org.hibernate.cfg.AbstractPropertyHolder - Attempting to locate auto-apply AttributeConverter for property [com.tallerwebi.dominio.Usuario:email]
00:28:52.204 [main] DEBUG org.hibernate.cfg.annotations.SimpleValueBinder - building SimpleValue for email
00:28:52.204 [main] DEBUG org.hibernate.cfg.annotations.PropertyBinder - Building property email
00:28:52.204 [main] DEBUG org.hibernate.cfg.Ejb3Column - Binding column: Ejb3Column{table=org.hibernate.mapping.Table(Usuario), mappingColumn=genero, insertable=true, updatable=true, unique=false}
00:28:52.204 [main] DEBUG org.hibernate.cfg.annotations.PropertyBinder - MetadataSourceProcessor property genero with lazy=false
00:28:52.204 [main] DEBUG org.hibernate.cfg.AbstractPropertyHolder - Attempting to locate auto-apply AttributeConverter for property [com.tallerwebi.dominio.Usuario:genero]
00:28:52.204 [main] DEBUG org.hibernate.cfg.annotations.SimpleValueBinder - building SimpleValue for genero
00:28:52.204 [main] DEBUG org.hibernate.cfg.annotations.PropertyBinder - Building property genero
00:28:52.204 [main] DEBUG org.hibernate.cfg.Ejb3Column - Binding column: Ejb3Column{table=org.hibernate.mapping.Table(Usuario), mappingColumn=imagen, insertable=true, updatable=true, unique=false}
00:28:52.204 [main] DEBUG org.hibernate.cfg.annotations.PropertyBinder - MetadataSourceProcessor property imagen with lazy=false
00:28:52.204 [main] DEBUG org.hibernate.cfg.AbstractPropertyHolder - Attempting to locate auto-apply AttributeConverter for property [com.tallerwebi.dominio.Usuario:imagen]
00:28:52.204 [main] DEBUG org.hibernate.cfg.annotations.SimpleValueBinder - building SimpleValue for imagen
00:28:52.204 [main] DEBUG org.hibernate.cfg.annotations.PropertyBinder - Building property imagen
00:28:52.204 [main] DEBUG org.hibernate.cfg.Ejb3Column - Binding column: Ejb3Column{table=org.hibernate.mapping.Table(Usuario), mappingColumn=ingestaCalorica, insertable=true, updatable=true, unique=false}
00:28:52.204 [main] DEBUG org.hibernate.cfg.annotations.PropertyBinder - MetadataSourceProcessor property ingestaCalorica with lazy=false
00:28:52.204 [main] DEBUG org.hibernate.cfg.AbstractPropertyHolder - Attempting to locate auto-apply AttributeConverter for property [com.tallerwebi.dominio.Usuario:ingestaCalorica]
00:28:52.204 [main] DEBUG org.hibernate.cfg.annotations.SimpleValueBinder - building SimpleValue for ingestaCalorica
00:28:52.204 [main] DEBUG org.hibernate.cfg.annotations.PropertyBinder - Building property ingestaCalorica
00:28:52.204 [main] DEBUG org.hibernate.cfg.Ejb3Column - Binding column: Ejb3Column{table=org.hibernate.mapping.Table(Usuario), mappingColumn=metaAlcanzarPeso, insertable=true, updatable=true, unique=false}
00:28:52.204 [main] DEBUG org.hibernate.cfg.annotations.PropertyBinder - MetadataSourceProcessor property metaAlcanzarPeso with lazy=false
00:28:52.204 [main] DEBUG org.hibernate.cfg.AbstractPropertyHolder - Attempting to locate auto-apply AttributeConverter for property [com.tallerwebi.dominio.Usuario:metaAlcanzarPeso]
00:28:52.204 [main] DEBUG org.hibernate.cfg.annotations.SimpleValueBinder - building SimpleValue for metaAlcanzarPeso
00:28:52.204 [main] DEBUG org.hibernate.cfg.annotations.PropertyBinder - Building property metaAlcanzarPeso
00:28:52.204 [main] DEBUG org.hibernate.cfg.Ejb3Column - Binding column: Ejb3Column{table=org.hibernate.mapping.Table(Usuario), mappingColumn=nivelDeActividad, insertable=true, updatable=true, unique=false}
00:28:52.204 [main] DEBUG org.hibernate.cfg.annotations.PropertyBinder - MetadataSourceProcessor property nivelDeActividad with lazy=false
00:28:52.204 [main] DEBUG org.hibernate.cfg.AbstractPropertyHolder - Attempting to locate auto-apply AttributeConverter for property [com.tallerwebi.dominio.Usuario:nivelDeActividad]
00:28:52.204 [main] DEBUG org.hibernate.cfg.annotations.SimpleValueBinder - building SimpleValue for nivelDeActividad
00:28:52.204 [main] DEBUG org.hibernate.cfg.annotations.PropertyBinder - Building property nivelDeActividad
00:28:52.204 [main] DEBUG org.hibernate.cfg.Ejb3Column - Binding column: Ejb3Column{table=org.hibernate.mapping.Table(Usuario), mappingColumn=nombre, insertable=true, updatable=true, unique=false}
00:28:52.204 [main] DEBUG org.hibernate.cfg.annotations.PropertyBinder - MetadataSourceProcessor property nombre with lazy=false
00:28:52.204 [main] DEBUG org.hibernate.cfg.AbstractPropertyHolder - Attempting to locate auto-apply AttributeConverter for property [com.tallerwebi.dominio.Usuario:nombre]
00:28:52.204 [main] DEBUG org.hibernate.cfg.annotations.SimpleValueBinder - building SimpleValue for nombre
00:28:52.204 [main] DEBUG org.hibernate.cfg.annotations.PropertyBinder - Building property nombre
00:28:52.205 [main] DEBUG org.hibernate.cfg.Ejb3Column - Binding column: Ejb3Column{table=org.hibernate.mapping.Table(Usuario), mappingColumn=password, insertable=true, updatable=true, unique=false}
00:28:52.205 [main] DEBUG org.hibernate.cfg.annotations.PropertyBinder - MetadataSourceProcessor property password with lazy=false
00:28:52.205 [main] DEBUG org.hibernate.cfg.AbstractPropertyHolder - Attempting to locate auto-apply AttributeConverter for property [com.tallerwebi.dominio.Usuario:password]
00:28:52.205 [main] DEBUG org.hibernate.cfg.annotations.SimpleValueBinder - building SimpleValue for password
00:28:52.205 [main] DEBUG org.hibernate.cfg.annotations.PropertyBinder - Building property password
00:28:52.205 [main] DEBUG org.hibernate.cfg.Ejb3Column - Binding column: Ejb3Column{table=org.hibernate.mapping.Table(Usuario), mappingColumn=peso, insertable=true, updatable=true, unique=false}
00:28:52.205 [main] DEBUG org.hibernate.cfg.annotations.PropertyBinder - MetadataSourceProcessor property peso with lazy=false
00:28:52.205 [main] DEBUG org.hibernate.cfg.AbstractPropertyHolder - Attempting to locate auto-apply AttributeConverter for property [com.tallerwebi.dominio.Usuario:peso]
00:28:52.205 [main] DEBUG org.hibernate.cfg.annotations.SimpleValueBinder - building SimpleValue for peso
00:28:52.205 [main] DEBUG org.hibernate.cfg.annotations.PropertyBinder - Building property peso
00:28:52.205 [main] DEBUG org.hibernate.cfg.Ejb3Column - Binding column: Ejb3Column{table=org.hibernate.mapping.Table(Usuario), mappingColumn=pesoInicial, insertable=true, updatable=true, unique=false}
00:28:52.205 [main] DEBUG org.hibernate.cfg.annotations.PropertyBinder - MetadataSourceProcessor property pesoInicial with lazy=false
00:28:52.205 [main] DEBUG org.hibernate.cfg.AbstractPropertyHolder - Attempting to locate auto-apply AttributeConverter for property [com.tallerwebi.dominio.Usuario:pesoInicial]
00:28:52.205 [main] DEBUG org.hibernate.cfg.annotations.SimpleValueBinder - building SimpleValue for pesoInicial
00:28:52.205 [main] DEBUG org.hibernate.cfg.annotations.PropertyBinder - Building property pesoInicial
00:28:52.205 [main] DEBUG org.hibernate.cfg.Ejb3Column - Binding column: Ejb3Column{table=org.hibernate.mapping.Table(Usuario), mappingColumn=premium, insertable=true, updatable=true, unique=false}
00:28:52.205 [main] DEBUG org.hibernate.cfg.annotations.PropertyBinder - MetadataSourceProcessor property premium with lazy=false
00:28:52.205 [main] DEBUG org.hibernate.cfg.AbstractPropertyHolder - Attempting to locate auto-apply AttributeConverter for property [com.tallerwebi.dominio.Usuario:premium]
00:28:52.205 [main] DEBUG org.hibernate.cfg.annotations.SimpleValueBinder - building SimpleValue for premium
00:28:52.205 [main] DEBUG org.hibernate.cfg.annotations.PropertyBinder - Building property premium
00:28:52.205 [main] DEBUG org.hibernate.cfg.AnnotationBinder - Binding entity from annotated class: com.tallerwebi.dominio.UsuarioFollow
00:28:52.205 [main] DEBUG org.hibernate.cfg.Ejb3Column - Binding column: Ejb3DiscriminatorColumn{logicalColumnName'DTYPE', discriminatorTypeName='string'}
00:28:52.205 [main] DEBUG org.hibernate.cfg.annotations.EntityBinder - Import with entity name UsuarioFollow
00:28:52.205 [main] DEBUG org.hibernate.cfg.annotations.EntityBinder - Bind entity com.tallerwebi.dominio.UsuarioFollow on table UsuarioFollow
00:28:52.206 [main] DEBUG org.hibernate.cfg.Ejb3Column - Binding column: Ejb3Column{table=org.hibernate.mapping.Table(UsuarioFollow), mappingColumn=id, insertable=true, updatable=true, unique=false}
00:28:52.206 [main] DEBUG org.hibernate.boot.internal.ClassLoaderAccessImpl - Not known whether passed class name [com.tallerwebi.dominio.UsuarioFollow] is safe
00:28:52.206 [main] DEBUG org.hibernate.boot.internal.ClassLoaderAccessImpl - No temp ClassLoader provided; using live ClassLoader for loading potentially unsafe class : com.tallerwebi.dominio.UsuarioFollow
00:28:52.206 [main] DEBUG org.hibernate.cfg.annotations.PropertyBinder - MetadataSourceProcessor property id with lazy=false
00:28:52.206 [main] DEBUG org.hibernate.cfg.AbstractPropertyHolder - Attempting to locate auto-apply AttributeConverter for property [com.tallerwebi.dominio.UsuarioFollow:id]
00:28:52.206 [main] DEBUG org.hibernate.cfg.annotations.SimpleValueBinder - building SimpleValue for id
00:28:52.206 [main] DEBUG org.hibernate.cfg.annotations.PropertyBinder - Building property id
00:28:52.206 [main] DEBUG org.hibernate.cfg.BinderHelper - #makeIdGenerator(org.hibernate.mapping.SimpleValue([org.hibernate.mapping.Column(id)]), id, identity, , ...)
00:28:52.206 [main] DEBUG org.hibernate.cfg.Ejb3Column - Binding column: Ejb3JoinColumn{logicalColumnName='null', referencedColumn='null', mappedBy='null'}
00:28:52.206 [main] DEBUG org.hibernate.cfg.Ejb3Column - Binding column: Ejb3Column{table=org.hibernate.mapping.Table(UsuarioFollow), mappingColumn=seguidor, insertable=true, updatable=true, unique=false}
00:28:52.206 [main] DEBUG org.hibernate.cfg.annotations.PropertyBinder - Building property seguidor
00:28:52.206 [main] DEBUG org.hibernate.cfg.Ejb3Column - Binding column: Ejb3JoinColumn{logicalColumnName='null', referencedColumn='null', mappedBy='null'}
00:28:52.206 [main] DEBUG org.hibernate.cfg.Ejb3Column - Binding column: Ejb3Column{table=org.hibernate.mapping.Table(UsuarioFollow), mappingColumn=usuario, insertable=true, updatable=true, unique=false}
00:28:52.206 [main] DEBUG org.hibernate.cfg.annotations.PropertyBinder - Building property usuario
00:28:52.206 [main] DEBUG org.hibernate.cfg.annotations.SimpleValueBinder - Starting fillSimpleValue for id
00:28:52.207 [main] DEBUG org.hibernate.cfg.annotations.SimpleValueBinder - Starting fillSimpleValue for azucar
00:28:52.207 [main] DEBUG org.hibernate.cfg.annotations.SimpleValueBinder - Starting fillSimpleValue for baseAzucar
00:28:52.207 [main] DEBUG org.hibernate.cfg.annotations.SimpleValueBinder - Starting fillSimpleValue for baseCalorias
00:28:52.207 [main] DEBUG org.hibernate.cfg.annotations.SimpleValueBinder - Starting fillSimpleValue for baseCarbohidratos
00:28:52.207 [main] DEBUG org.hibernate.cfg.annotations.SimpleValueBinder - Starting fillSimpleValue for baseColesterol
00:28:52.207 [main] DEBUG org.hibernate.cfg.annotations.SimpleValueBinder - Starting fillSimpleValue for baseEnergia
00:28:52.207 [main] DEBUG org.hibernate.cfg.annotations.SimpleValueBinder - Starting fillSimpleValue for baseFibra
00:28:52.207 [main] DEBUG org.hibernate.cfg.annotations.SimpleValueBinder - Starting fillSimpleValue for baseGrasa
00:28:52.207 [main] DEBUG org.hibernate.cfg.annotations.SimpleValueBinder - Starting fillSimpleValue for baseGrasaMonoinsaturada
00:28:52.207 [main] DEBUG org.hibernate.cfg.annotations.SimpleValueBinder - Starting fillSimpleValue for baseGrasaPoliinsaturada
00:28:52.207 [main] DEBUG org.hibernate.cfg.annotations.SimpleValueBinder - Starting fillSimpleValue for baseGrasaSaturada
00:28:52.207 [main] DEBUG org.hibernate.cfg.annotations.SimpleValueBinder - Starting fillSimpleValue for basePotasio
00:28:52.207 [main] DEBUG org.hibernate.cfg.annotations.SimpleValueBinder - Starting fillSimpleValue for baseProteina
00:28:52.207 [main] DEBUG org.hibernate.cfg.annotations.SimpleValueBinder - Starting fillSimpleValue for baseSodio
00:28:52.207 [main] DEBUG org.hibernate.cfg.annotations.SimpleValueBinder - Starting fillSimpleValue for calorias
00:28:52.207 [main] DEBUG org.hibernate.cfg.annotations.SimpleValueBinder - Starting fillSimpleValue for cantidad
00:28:52.207 [main] DEBUG org.hibernate.cfg.annotations.SimpleValueBinder - Starting fillSimpleValue for carbohidratos
00:28:52.207 [main] DEBUG org.hibernate.cfg.annotations.SimpleValueBinder - Starting fillSimpleValue for colesterol
00:28:52.207 [main] DEBUG org.hibernate.cfg.annotations.SimpleValueBinder - Starting fillSimpleValue for energia
00:28:52.207 [main] DEBUG org.hibernate.cfg.annotations.SimpleValueBinder - Starting fillSimpleValue for esPersonalizado
00:28:52.207 [main] DEBUG org.hibernate.cfg.annotations.SimpleValueBinder - Starting fillSimpleValue for fibra
00:28:52.207 [main] DEBUG org.hibernate.cfg.annotations.SimpleValueBinder - Starting fillSimpleValue for grasa
00:28:52.207 [main] DEBUG org.hibernate.cfg.annotations.SimpleValueBinder - Starting fillSimpleValue for grasaMonoinsaturada
00:28:52.207 [main] DEBUG org.hibernate.cfg.annotations.SimpleValueBinder - Starting fillSimpleValue for grasaPoliinsaturada
00:28:52.207 [main] DEBUG org.hibernate.cfg.annotations.SimpleValueBinder - Starting fillSimpleValue for grasaSaturada
00:28:52.207 [main] DEBUG org.hibernate.cfg.annotations.SimpleValueBinder - Starting fillSimpleValue for imagen
00:28:52.207 [main] DEBUG org.hibernate.cfg.annotations.SimpleValueBinder - Starting fillSimpleValue for nombre
00:28:52.207 [main] DEBUG org.hibernate.cfg.annotations.SimpleValueBinder - Starting fillSimpleValue for potasio
00:28:52.207 [main] DEBUG org.hibernate.cfg.annotations.SimpleValueBinder - Starting fillSimpleValue for proteina
00:28:52.207 [main] DEBUG org.hibernate.cfg.annotations.SimpleValueBinder - Starting fillSimpleValue for sodio
00:28:52.207 [main] DEBUG org.hibernate.cfg.annotations.SimpleValueBinder - Starting fillSimpleValue for id
00:28:52.207 [main] DEBUG org.hibernate.cfg.annotations.SimpleValueBinder - Starting fillSimpleValue for imagen
00:28:52.207 [main] DEBUG org.hibernate.cfg.annotations.SimpleValueBinder - Starting fillSimpleValue for nombre
00:28:52.207 [main] DEBUG org.hibernate.cfg.annotations.SimpleValueBinder - Starting fillSimpleValue for id
00:28:52.207 [main] DEBUG org.hibernate.cfg.annotations.SimpleValueBinder - Starting fillSimpleValue for cantidad
00:28:52.207 [main] DEBUG org.hibernate.cfg.annotations.SimpleValueBinder - Starting fillSimpleValue for fecha
00:28:52.207 [main] DEBUG org.hibernate.cfg.annotations.SimpleValueBinder - Starting fillSimpleValue for tipo
00:28:52.208 [main] DEBUG org.hibernate.cfg.annotations.SimpleValueBinder - Starting fillSimpleValue for id
00:28:52.208 [main] DEBUG org.hibernate.cfg.annotations.SimpleValueBinder - Starting fillSimpleValue for descripcion
00:28:52.208 [main] DEBUG org.hibernate.cfg.annotations.SimpleValueBinder - Starting fillSimpleValue for fechaFin
00:28:52.208 [main] DEBUG org.hibernate.cfg.annotations.SimpleValueBinder - Starting fillSimpleValue for fechaInicio
00:28:52.208 [main] DEBUG org.hibernate.cfg.annotations.SimpleValueBinder - Starting fillSimpleValue for nombre
00:28:52.208 [main] DEBUG org.hibernate.cfg.annotations.SimpleValueBinder - Starting fillSimpleValue for puntos
00:28:52.208 [main] DEBUG org.hibernate.cfg.annotations.SimpleValueBinder - Starting fillSimpleValue for id
00:28:52.208 [main] DEBUG org.hibernate.cfg.annotations.SimpleValueBinder - Starting fillSimpleValue for completado
00:28:52.208 [main] DEBUG org.hibernate.cfg.annotations.SimpleValueBinder - Starting fillSimpleValue for fechaFin
00:28:52.208 [main] DEBUG org.hibernate.cfg.annotations.SimpleValueBinder - Starting fillSimpleValue for fechaInicio
00:28:52.208 [main] DEBUG org.hibernate.cfg.annotations.SimpleValueBinder - Starting fillSimpleValue for nombre
00:28:52.208 [main] DEBUG org.hibernate.cfg.annotations.SimpleValueBinder - Starting fillSimpleValue for id
00:28:52.208 [main] DEBUG org.hibernate.cfg.annotations.SimpleValueBinder - Starting fillSimpleValue for caloriasQuemadasPorHora
00:28:52.208 [main] DEBUG org.hibernate.cfg.annotations.SimpleValueBinder - Starting fillSimpleValue for intensidad
00:28:52.208 [main] DEBUG org.hibernate.cfg.annotations.SimpleValueBinder - Starting fillSimpleValue for nombre
00:28:52.208 [main] DEBUG org.hibernate.cfg.annotations.SimpleValueBinder - Starting fillSimpleValue for id
00:28:52.208 [main] DEBUG org.hibernate.cfg.annotations.SimpleValueBinder - Starting fillSimpleValue for caloriasQuemadas
00:28:52.208 [main] DEBUG org.hibernate.cfg.annotations.SimpleValueBinder - Starting fillSimpleValue for fecha
00:28:52.208 [main] DEBUG org.hibernate.cfg.annotations.SimpleValueBinder - Starting fillSimpleValue for intensidad
00:28:52.208 [main] DEBUG org.hibernate.cfg.annotations.SimpleValueBinder - Starting fillSimpleValue for minutos
00:28:52.208 [main] DEBUG org.hibernate.cfg.annotations.SimpleValueBinder - Starting fillSimpleValue for nombre
00:28:52.208 [main] DEBUG org.hibernate.cfg.annotations.SimpleValueBinder - Starting fillSimpleValue for id
00:28:52.208 [main] DEBUG org.hibernate.cfg.annotations.SimpleValueBinder - Starting fillSimpleValue for fecha
00:28:52.208 [main] DEBUG org.hibernate.cfg.annotations.SimpleValueBinder - Starting fillSimpleValue for peso
00:28:52.208 [main] DEBUG org.hibernate.cfg.annotations.SimpleValueBinder - Starting fillSimpleValue for id
00:28:52.208 [main] DEBUG org.hibernate.cfg.annotations.SimpleValueBinder - Starting fillSimpleValue for carbohidratosAConsumir
00:28:52.208 [main] DEBUG org.hibernate.cfg.annotations.SimpleValueBinder - Starting fillSimpleValue for grasaAConsumir
00:28:52.208 [main] DEBUG org.hibernate.cfg.annotations.SimpleValueBinder - Starting fillSimpleValue for proteinaAConsumir
00:28:52.208 [main] DEBUG org.hibernate.cfg.annotations.SimpleValueBinder - Starting fillSimpleValue for id
00:28:52.208 [main] DEBUG org.hibernate.cfg.annotations.SimpleValueBinder - Starting fillSimpleValue for contenido
00:28:52.208 [main] DEBUG org.hibernate.cfg.annotations.SimpleValueBinder - Starting fillSimpleValue for titulo
00:28:52.208 [main] DEBUG org.hibernate.cfg.annotations.SimpleValueBinder - Starting fillSimpleValue for id
00:28:52.208 [main] DEBUG org.hibernate.cfg.annotations.SimpleValueBinder - Starting fillSimpleValue for fechaHora
00:28:52.208 [main] DEBUG org.hibernate.cfg.annotations.SimpleValueBinder - Starting fillSimpleValue for leida
00:28:52.208 [main] DEBUG org.hibernate.cfg.annotations.SimpleValueBinder - Starting fillSimpleValue for id
00:28:52.208 [main] DEBUG org.hibernate.cfg.annotations.SimpleValueBinder - Starting fillSimpleValue for contenido
00:28:52.208 [main] DEBUG org.hibernate.cfg.annotations.SimpleValueBinder - Starting fillSimpleValue for fechaCreacion
00:28:52.208 [main] DEBUG org.hibernate.cfg.annotations.SimpleValueBinder - Starting fillSimpleValue for fechaFormateada
00:28:52.208 [main] DEBUG org.hibernate.cfg.annotations.SimpleValueBinder - Starting fillSimpleValue for img
00:28:52.208 [main] DEBUG org.hibernate.cfg.annotations.SimpleValueBinder - Starting fillSimpleValue for titulo
00:28:52.208 [main] DEBUG org.hibernate.cfg.annotations.SimpleValueBinder - Starting fillSimpleValue for id
00:28:52.208 [main] DEBUG org.hibernate.cfg.annotations.SimpleValueBinder - Starting fillSimpleValue for fechaCreacion
00:28:52.208 [main] DEBUG org.hibernate.cfg.annotations.SimpleValueBinder - Starting fillSimpleValue for fechaFormateada
00:28:52.208 [main] DEBUG org.hibernate.cfg.annotations.SimpleValueBinder - Starting fillSimpleValue for id
00:28:52.208 [main] DEBUG org.hibernate.cfg.annotations.SimpleValueBinder - Starting fillSimpleValue for id
00:28:52.208 [main] DEBUG org.hibernate.cfg.annotations.SimpleValueBinder - Starting fillSimpleValue for azucar
00:28:52.208 [main] DEBUG org.hibernate.cfg.annotations.SimpleValueBinder - Starting fillSimpleValue for calorias
00:28:52.208 [main] DEBUG org.hibernate.cfg.annotations.SimpleValueBinder - Starting fillSimpleValue for cantidad
00:28:52.208 [main] DEBUG org.hibernate.cfg.annotations.SimpleValueBinder - Starting fillSimpleValue for carbohidratos
00:28:52.208 [main] DEBUG org.hibernate.cfg.annotations.SimpleValueBinder - Starting fillSimpleValue for colesterol
00:28:52.208 [main] DEBUG org.hibernate.cfg.annotations.SimpleValueBinder - Starting fillSimpleValue for descripcion
00:28:52.208 [main] DEBUG org.hibernate.cfg.annotations.SimpleValueBinder - Starting fillSimpleValue for energia
00:28:52.208 [main] DEBUG org.hibernate.cfg.annotations.SimpleValueBinder - Starting fillSimpleValue for fibra
00:28:52.208 [main] DEBUG org.hibernate.cfg.annotations.SimpleValueBinder - Starting fillSimpleValue for grasa
00:28:52.208 [main] DEBUG org.hibernate.cfg.annotations.SimpleValueBinder - Starting fillSimpleValue for grasaMonoinsaturada
00:28:52.208 [main] DEBUG org.hibernate.cfg.annotations.SimpleValueBinder - Starting fillSimpleValue for grasaPoliinsaturada
00:28:52.208 [main] DEBUG org.hibernate.cfg.annotations.SimpleValueBinder - Starting fillSimpleValue for grasaSaturada
00:28:52.208 [main] DEBUG org.hibernate.cfg.annotations.SimpleValueBinder - Starting fillSimpleValue for imagen
00:28:52.208 [main] DEBUG org.hibernate.cfg.annotations.SimpleValueBinder - Starting fillSimpleValue for ingredientes
00:28:52.208 [main] DEBUG org.hibernate.cfg.annotations.SimpleValueBinder - Starting fillSimpleValue for instrucciones
00:28:52.208 [main] DEBUG org.hibernate.cfg.annotations.SimpleValueBinder - Starting fillSimpleValue for nombre
00:28:52.208 [main] DEBUG org.hibernate.cfg.annotations.SimpleValueBinder - Starting fillSimpleValue for potasio
00:28:52.208 [main] DEBUG org.hibernate.cfg.annotations.SimpleValueBinder - Starting fillSimpleValue for proteina
00:28:52.208 [main] DEBUG org.hibernate.cfg.annotations.SimpleValueBinder - Starting fillSimpleValue for sodio
00:28:52.208 [main] DEBUG org.hibernate.cfg.annotations.SimpleValueBinder - Starting fillSimpleValue for id
00:28:52.208 [main] DEBUG org.hibernate.cfg.annotations.SimpleValueBinder - Starting fillSimpleValue for descripcion
00:28:52.208 [main] DEBUG org.hibernate.cfg.annotations.SimpleValueBinder - Starting fillSimpleValue for imagen
00:28:52.208 [main] DEBUG org.hibernate.cfg.annotations.SimpleValueBinder - Starting fillSimpleValue for nombre
00:28:52.208 [main] DEBUG org.hibernate.cfg.annotations.SimpleValueBinder - Starting fillSimpleValue for id
00:28:52.208 [main] DEBUG org.hibernate.cfg.annotations.SimpleValueBinder - Starting fillSimpleValue for contenido
00:28:52.208 [main] DEBUG org.hibernate.cfg.annotations.SimpleValueBinder - Starting fillSimpleValue for fechaCreacion
00:28:52.208 [main] DEBUG org.hibernate.cfg.annotations.SimpleValueBinder - Starting fillSimpleValue for fechaFormateada
00:28:52.208 [main] DEBUG org.hibernate.cfg.annotations.SimpleValueBinder - Starting fillSimpleValue for id
00:28:52.208 [main] DEBUG org.hibernate.cfg.annotations.SimpleValueBinder - Starting fillSimpleValue for altura
00:28:52.208 [main] DEBUG org.hibernate.cfg.annotations.SimpleValueBinder - Starting fillSimpleValue for edad
00:28:52.208 [main] DEBUG org.hibernate.cfg.annotations.SimpleValueBinder - Starting fillSimpleValue for email
00:28:52.208 [main] DEBUG org.hibernate.cfg.annotations.SimpleValueBinder - Starting fillSimpleValue for genero
00:28:52.208 [main] DEBUG org.hibernate.cfg.annotations.SimpleValueBinder - Starting fillSimpleValue for imagen
00:28:52.208 [main] DEBUG org.hibernate.cfg.annotations.SimpleValueBinder - Starting fillSimpleValue for ingestaCalorica
00:28:52.208 [main] DEBUG org.hibernate.cfg.annotations.SimpleValueBinder - Starting fillSimpleValue for metaAlcanzarPeso
00:28:52.208 [main] DEBUG org.hibernate.cfg.annotations.SimpleValueBinder - Starting fillSimpleValue for nivelDeActividad
00:28:52.208 [main] DEBUG org.hibernate.cfg.annotations.SimpleValueBinder - Starting fillSimpleValue for nombre
00:28:52.208 [main] DEBUG org.hibernate.cfg.annotations.SimpleValueBinder - Starting fillSimpleValue for password
00:28:52.208 [main] DEBUG org.hibernate.cfg.annotations.SimpleValueBinder - Starting fillSimpleValue for peso
00:28:52.208 [main] DEBUG org.hibernate.cfg.annotations.SimpleValueBinder - Starting fillSimpleValue for pesoInicial
00:28:52.208 [main] DEBUG org.hibernate.cfg.annotations.SimpleValueBinder - Starting fillSimpleValue for premium
00:28:52.208 [main] DEBUG org.hibernate.cfg.annotations.SimpleValueBinder - Starting fillSimpleValue for id
00:28:52.212 [main] DEBUG org.hibernate.mapping.PrimaryKey - Forcing column [id] to be non-null as it is part of the primary key for table [alimento]
00:28:52.214 [main] DEBUG org.hibernate.mapping.PrimaryKey - Forcing column [id] to be non-null as it is part of the primary key for table [categoriaalimento]
00:28:52.214 [main] DEBUG org.hibernate.mapping.PrimaryKey - Forcing column [id] to be non-null as it is part of the primary key for table [colacion]
00:28:52.214 [main] DEBUG org.hibernate.mapping.PrimaryKey - Forcing column [id] to be non-null as it is part of the primary key for table [desafio]
00:28:52.214 [main] DEBUG org.hibernate.mapping.PrimaryKey - Forcing column [id] to be non-null as it is part of the primary key for table [desafiousuario]
00:28:52.214 [main] DEBUG org.hibernate.mapping.PrimaryKey - Forcing column [id] to be non-null as it is part of the primary key for table [ejercicio]
00:28:52.214 [main] DEBUG org.hibernate.mapping.PrimaryKey - Forcing column [id] to be non-null as it is part of the primary key for table [ejerciciousuario]
00:28:52.214 [main] DEBUG org.hibernate.mapping.PrimaryKey - Forcing column [id] to be non-null as it is part of the primary key for table [historiapesousuario]
00:28:52.214 [main] DEBUG org.hibernate.mapping.PrimaryKey - Forcing column [id] to be non-null as it is part of the primary key for table [macronutrientesusuario]
00:28:52.214 [main] DEBUG org.hibernate.mapping.PrimaryKey - Forcing column [id] to be non-null as it is part of the primary key for table [notificacion]
00:28:52.214 [main] DEBUG org.hibernate.mapping.PrimaryKey - Forcing column [id] to be non-null as it is part of the primary key for table [notificacionusuario]
00:28:52.214 [main] DEBUG org.hibernate.mapping.PrimaryKey - Forcing column [id] to be non-null as it is part of the primary key for table [publicacion]
00:28:52.214 [main] DEBUG org.hibernate.mapping.PrimaryKey - Forcing column [id] to be non-null as it is part of the primary key for table [publicacionlike]
00:28:52.214 [main] DEBUG org.hibernate.mapping.PrimaryKey - Forcing column [id] to be non-null as it is part of the primary key for table [publicacionrespuesta]
00:28:52.214 [main] DEBUG org.hibernate.mapping.PrimaryKey - Forcing column [id] to be non-null as it is part of the primary key for table [receta]
00:28:52.214 [main] DEBUG org.hibernate.mapping.PrimaryKey - Forcing column [id] to be non-null as it is part of the primary key for table [recetafavorito]
00:28:52.214 [main] DEBUG org.hibernate.mapping.PrimaryKey - Forcing column [id] to be non-null as it is part of the primary key for table [respuesta]
00:28:52.214 [main] DEBUG org.hibernate.mapping.PrimaryKey - Forcing column [id] to be non-null as it is part of the primary key for table [usuario]
00:28:52.214 [main] DEBUG org.hibernate.mapping.PrimaryKey - Forcing column [id] to be non-null as it is part of the primary key for table [usuariofollow]
00:28:52.214 [main] DEBUG org.hibernate.cfg.CollectionSecondPass - Second pass for collection: com.tallerwebi.dominio.Alimento.colaciones
00:28:52.214 [main] DEBUG org.hibernate.cfg.annotations.CollectionBinder - Binding a OneToMany: com.tallerwebi.dominio.Alimento.colaciones through a foreign key
00:28:52.215 [main] DEBUG org.hibernate.cfg.annotations.CollectionBinder - Mapping collection: com.tallerwebi.dominio.Alimento.colaciones -> Colacion
00:28:52.215 [main] DEBUG org.hibernate.cfg.annotations.TableBinder - Retrieving property com.tallerwebi.dominio.Colacion.alimentos
00:28:52.215 [main] DEBUG org.hibernate.cfg.CollectionSecondPass - Mapped collection key: alimento_id, one-to-many: com.tallerwebi.dominio.Colacion
00:28:52.215 [main] DEBUG org.hibernate.cfg.CollectionSecondPass - Second pass for collection: com.tallerwebi.dominio.CategoriaAlimento.alimentos
00:28:52.215 [main] DEBUG org.hibernate.cfg.annotations.CollectionBinder - Binding a OneToMany: com.tallerwebi.dominio.CategoriaAlimento.alimentos through a foreign key
00:28:52.215 [main] DEBUG org.hibernate.cfg.annotations.CollectionBinder - Mapping collection: com.tallerwebi.dominio.CategoriaAlimento.alimentos -> Alimento
00:28:52.215 [main] DEBUG org.hibernate.cfg.annotations.TableBinder - Retrieving property com.tallerwebi.dominio.Alimento.categoria
00:28:52.215 [main] DEBUG org.hibernate.cfg.CollectionSecondPass - Mapped collection key: categoria_id, one-to-many: com.tallerwebi.dominio.Alimento
00:28:52.215 [main] DEBUG org.hibernate.cfg.CollectionSecondPass - Second pass for collection: com.tallerwebi.dominio.Desafio.desafiosCompletados
00:28:52.215 [main] DEBUG org.hibernate.cfg.annotations.CollectionBinder - Binding a OneToMany: com.tallerwebi.dominio.Desafio.desafiosCompletados through a foreign key
00:28:52.215 [main] DEBUG org.hibernate.cfg.annotations.CollectionBinder - Mapping collection: com.tallerwebi.dominio.Desafio.desafiosCompletados -> DesafioUsuario
00:28:52.215 [main] DEBUG org.hibernate.cfg.annotations.TableBinder - Retrieving property com.tallerwebi.dominio.DesafioUsuario.desafio
00:28:52.216 [main] DEBUG org.hibernate.cfg.CollectionSecondPass - Mapped collection key: desafio_id, one-to-many: com.tallerwebi.dominio.DesafioUsuario
00:28:52.216 [main] DEBUG org.hibernate.cfg.CollectionSecondPass - Second pass for collection: com.tallerwebi.dominio.Usuario.colaciones
00:28:52.216 [main] DEBUG org.hibernate.cfg.annotations.CollectionBinder - Binding a OneToMany: com.tallerwebi.dominio.Usuario.colaciones through a foreign key
00:28:52.216 [main] DEBUG org.hibernate.cfg.annotations.CollectionBinder - Mapping collection: com.tallerwebi.dominio.Usuario.colaciones -> Colacion
00:28:52.216 [main] DEBUG org.hibernate.cfg.annotations.TableBinder - Retrieving property com.tallerwebi.dominio.Colacion.usuario
00:28:52.216 [main] DEBUG org.hibernate.cfg.CollectionSecondPass - Mapped collection key: usuario_id, one-to-many: com.tallerwebi.dominio.Colacion
00:28:52.216 [main] DEBUG org.hibernate.cfg.CollectionSecondPass - Second pass for collection: com.tallerwebi.dominio.Usuario.desafiosCompletados
00:28:52.216 [main] DEBUG org.hibernate.cfg.annotations.CollectionBinder - Binding a OneToMany: com.tallerwebi.dominio.Usuario.desafiosCompletados through a foreign key
00:28:52.216 [main] DEBUG org.hibernate.cfg.annotations.CollectionBinder - Mapping collection: com.tallerwebi.dominio.Usuario.desafiosCompletados -> DesafioUsuario
00:28:52.216 [main] DEBUG org.hibernate.cfg.annotations.TableBinder - Retrieving property com.tallerwebi.dominio.DesafioUsuario.usuario
00:28:52.216 [main] DEBUG org.hibernate.cfg.CollectionSecondPass - Mapped collection key: usuario_id, one-to-many: com.tallerwebi.dominio.DesafioUsuario
00:28:52.216 [main] DEBUG org.hibernate.boot.internal.InFlightMetadataCollectorImpl - Resolving reference to class: com.tallerwebi.dominio.CategoriaAlimento
00:28:52.218 [main] DEBUG org.hibernate.boot.internal.InFlightMetadataCollectorImpl - Resolving reference to class: com.tallerwebi.dominio.Alimento
00:28:52.218 [main] DEBUG org.hibernate.boot.internal.InFlightMetadataCollectorImpl - Resolving reference to class: com.tallerwebi.dominio.Usuario
00:28:52.218 [main] DEBUG org.hibernate.boot.internal.InFlightMetadataCollectorImpl - Resolving reference to class: com.tallerwebi.dominio.Desafio
00:28:52.218 [main] DEBUG org.hibernate.boot.internal.InFlightMetadataCollectorImpl - Resolving reference to class: com.tallerwebi.dominio.Usuario
00:28:52.218 [main] DEBUG org.hibernate.boot.internal.InFlightMetadataCollectorImpl - Resolving reference to class: com.tallerwebi.dominio.Ejercicio
00:28:52.218 [main] DEBUG org.hibernate.boot.internal.InFlightMetadataCollectorImpl - Resolving reference to class: com.tallerwebi.dominio.Usuario
00:28:52.218 [main] DEBUG org.hibernate.boot.internal.InFlightMetadataCollectorImpl - Resolving reference to class: com.tallerwebi.dominio.Usuario
00:28:52.218 [main] DEBUG org.hibernate.boot.internal.InFlightMetadataCollectorImpl - Resolving reference to class: com.tallerwebi.dominio.Usuario
00:28:52.218 [main] DEBUG org.hibernate.boot.internal.InFlightMetadataCollectorImpl - Resolving reference to class: com.tallerwebi.dominio.Notificacion
00:28:52.219 [main] DEBUG org.hibernate.boot.internal.InFlightMetadataCollectorImpl - Resolving reference to class: com.tallerwebi.dominio.Usuario
00:28:52.219 [main] DEBUG org.hibernate.boot.internal.InFlightMetadataCollectorImpl - Resolving reference to class: com.tallerwebi.dominio.Usuario
00:28:52.219 [main] DEBUG org.hibernate.boot.internal.InFlightMetadataCollectorImpl - Resolving reference to class: com.tallerwebi.dominio.Publicacion
00:28:52.219 [main] DEBUG org.hibernate.boot.internal.InFlightMetadataCollectorImpl - Resolving reference to class: com.tallerwebi.dominio.Usuario
00:28:52.219 [main] DEBUG org.hibernate.boot.internal.InFlightMetadataCollectorImpl - Resolving reference to class: com.tallerwebi.dominio.Publicacion
00:28:52.219 [main] DEBUG org.hibernate.boot.internal.InFlightMetadataCollectorImpl - Resolving reference to class: com.tallerwebi.dominio.Respuesta
00:28:52.219 [main] DEBUG org.hibernate.boot.internal.InFlightMetadataCollectorImpl - Resolving reference to class: com.tallerwebi.dominio.Usuario
00:28:52.219 [main] DEBUG org.hibernate.boot.internal.InFlightMetadataCollectorImpl - Resolving reference to class: com.tallerwebi.dominio.Receta
00:28:52.219 [main] DEBUG org.hibernate.boot.internal.InFlightMetadataCollectorImpl - Resolving reference to class: com.tallerwebi.dominio.Usuario
00:28:52.219 [main] DEBUG org.hibernate.boot.internal.InFlightMetadataCollectorImpl - Resolving reference to class: com.tallerwebi.dominio.Usuario
00:28:52.219 [main] DEBUG org.hibernate.boot.internal.InFlightMetadataCollectorImpl - Resolving reference to class: com.tallerwebi.dominio.Usuario
00:28:52.219 [main] DEBUG org.hibernate.boot.internal.InFlightMetadataCollectorImpl - Resolving reference to class: com.tallerwebi.dominio.Usuario
00:28:52.220 [main] DEBUG org.hibernate.boot.internal.InFlightMetadataCollectorImpl - Resolving reference to class: com.tallerwebi.dominio.CategoriaAlimento
00:28:52.220 [main] DEBUG org.hibernate.boot.internal.InFlightMetadataCollectorImpl - Resolving reference to class: com.tallerwebi.dominio.Alimento
00:28:52.220 [main] DEBUG org.hibernate.boot.internal.InFlightMetadataCollectorImpl - Resolving reference to class: com.tallerwebi.dominio.Usuario
00:28:52.220 [main] DEBUG org.hibernate.boot.internal.InFlightMetadataCollectorImpl - Resolving reference to class: com.tallerwebi.dominio.Desafio
00:28:52.220 [main] DEBUG org.hibernate.boot.internal.InFlightMetadataCollectorImpl - Resolving reference to class: com.tallerwebi.dominio.Usuario
00:28:52.220 [main] DEBUG org.hibernate.boot.internal.InFlightMetadataCollectorImpl - Resolving reference to class: com.tallerwebi.dominio.Ejercicio
00:28:52.220 [main] DEBUG org.hibernate.boot.internal.InFlightMetadataCollectorImpl - Resolving reference to class: com.tallerwebi.dominio.Usuario
00:28:52.220 [main] DEBUG org.hibernate.boot.internal.InFlightMetadataCollectorImpl - Resolving reference to class: com.tallerwebi.dominio.Usuario
00:28:52.220 [main] DEBUG org.hibernate.boot.internal.InFlightMetadataCollectorImpl - Resolving reference to class: com.tallerwebi.dominio.Usuario
00:28:52.220 [main] DEBUG org.hibernate.boot.internal.InFlightMetadataCollectorImpl - Resolving reference to class: com.tallerwebi.dominio.Notificacion
00:28:52.220 [main] DEBUG org.hibernate.boot.internal.InFlightMetadataCollectorImpl - Resolving reference to class: com.tallerwebi.dominio.Usuario
00:28:52.220 [main] DEBUG org.hibernate.boot.internal.InFlightMetadataCollectorImpl - Resolving reference to class: com.tallerwebi.dominio.Usuario
00:28:52.220 [main] DEBUG org.hibernate.boot.internal.InFlightMetadataCollectorImpl - Resolving reference to class: com.tallerwebi.dominio.Publicacion
00:28:52.220 [main] DEBUG org.hibernate.boot.internal.InFlightMetadataCollectorImpl - Resolving reference to class: com.tallerwebi.dominio.Usuario
00:28:52.220 [main] DEBUG org.hibernate.boot.internal.InFlightMetadataCollectorImpl - Resolving reference to class: com.tallerwebi.dominio.Publicacion
00:28:52.220 [main] DEBUG org.hibernate.boot.internal.InFlightMetadataCollectorImpl - Resolving reference to class: com.tallerwebi.dominio.Respuesta
00:28:52.220 [main] DEBUG org.hibernate.boot.internal.InFlightMetadataCollectorImpl - Resolving reference to class: com.tallerwebi.dominio.Usuario
00:28:52.220 [main] DEBUG org.hibernate.boot.internal.InFlightMetadataCollectorImpl - Resolving reference to class: com.tallerwebi.dominio.Receta
00:28:52.220 [main] DEBUG org.hibernate.boot.internal.InFlightMetadataCollectorImpl - Resolving reference to class: com.tallerwebi.dominio.Usuario
00:28:52.220 [main] DEBUG org.hibernate.boot.internal.InFlightMetadataCollectorImpl - Resolving reference to class: com.tallerwebi.dominio.Usuario
00:28:52.220 [main] DEBUG org.hibernate.boot.internal.InFlightMetadataCollectorImpl - Resolving reference to class: com.tallerwebi.dominio.Usuario
00:28:52.220 [main] DEBUG org.hibernate.boot.internal.InFlightMetadataCollectorImpl - Resolving reference to class: com.tallerwebi.dominio.Usuario
00:28:52.240 [main] DEBUG org.hibernate.type.EnumType - Using NAMED-based conversion for Enum com.tallerwebi.dominio.TipoColacion
00:28:52.251 [main] DEBUG org.hibernate.internal.SessionFactoryImpl - Building session factory
00:28:52.252 [main] DEBUG org.hibernate.cfg.Settings - SessionFactory name : null
00:28:52.252 [main] DEBUG org.hibernate.cfg.Settings - Automatic flush during beforeCompletion(): enabled
00:28:52.252 [main] DEBUG org.hibernate.cfg.Settings - Automatic session close at end of transaction: disabled
00:28:52.252 [main] DEBUG org.hibernate.cfg.Settings - Statistics: disabled
00:28:52.252 [main] DEBUG org.hibernate.cfg.Settings - Deleted entity synthetic identifier rollback: disabled
00:28:52.252 [main] DEBUG org.hibernate.cfg.Settings - Default entity-mode: pojo
00:28:52.252 [main] DEBUG org.hibernate.cfg.Settings - Check Nullability in Core (should be disabled when Bean Validation is on): enabled
00:28:52.252 [main] DEBUG org.hibernate.cfg.Settings - Allow initialization of lazy state outside session : disabled
00:28:52.252 [main] DEBUG org.hibernate.cfg.Settings - Using BatchFetchStyle : LEGACY
00:28:52.252 [main] DEBUG org.hibernate.cfg.Settings - Default batch fetch size: -1
00:28:52.252 [main] DEBUG org.hibernate.cfg.Settings - Maximum outer join fetch depth: null
00:28:52.252 [main] DEBUG org.hibernate.cfg.Settings - Default null ordering: NONE
00:28:52.252 [main] DEBUG org.hibernate.cfg.Settings - Order SQL updates by primary key: disabled
00:28:52.252 [main] DEBUG org.hibernate.cfg.Settings - Order SQL inserts for batching: disabled
00:28:52.252 [main] DEBUG org.hibernate.cfg.Settings - multi-tenancy strategy : NONE
00:28:52.252 [main] DEBUG org.hibernate.cfg.Settings - JTA Track by Thread: enabled
00:28:52.252 [main] DEBUG org.hibernate.cfg.Settings - Query language substitutions: {}
00:28:52.252 [main] DEBUG org.hibernate.cfg.Settings - Named query checking : enabled
00:28:52.252 [main] DEBUG org.hibernate.cfg.Settings - Second-level cache: disabled
00:28:52.252 [main] DEBUG org.hibernate.cfg.Settings - Second-level query cache: disabled
00:28:52.252 [main] DEBUG org.hibernate.cfg.Settings - Second-level query cache factory: null
00:28:52.252 [main] DEBUG org.hibernate.cfg.Settings - Second-level cache region prefix: null
00:28:52.252 [main] DEBUG org.hibernate.cfg.Settings - Optimize second-level cache for minimal puts: disabled
00:28:52.252 [main] DEBUG org.hibernate.cfg.Settings - Structured second-level cache entries: disabled
00:28:52.252 [main] DEBUG org.hibernate.cfg.Settings - Second-level cache direct-reference entries: disabled
00:28:52.252 [main] DEBUG org.hibernate.cfg.Settings - Automatic eviction of collection cache: disabled
00:28:52.252 [main] DEBUG org.hibernate.cfg.Settings - JDBC batch size: 15
00:28:52.252 [main] DEBUG org.hibernate.cfg.Settings - JDBC batch updates for versioned data: enabled
00:28:52.252 [main] DEBUG org.hibernate.cfg.Settings - Scrollable result sets: enabled
00:28:52.252 [main] DEBUG org.hibernate.cfg.Settings - Wrap result sets: disabled
00:28:52.252 [main] DEBUG org.hibernate.cfg.Settings - JDBC3 getGeneratedKeys(): enabled
00:28:52.252 [main] DEBUG org.hibernate.cfg.Settings - JDBC result set fetch size: null
00:28:52.252 [main] DEBUG org.hibernate.cfg.Settings - Connection release mode: ON_CLOSE
00:28:52.252 [main] DEBUG org.hibernate.cfg.Settings - Generate SQL with comments: disabled
00:28:52.252 [main] DEBUG org.hibernate.cfg.Settings - JPA compliance - query : disabled
00:28:52.252 [main] DEBUG org.hibernate.cfg.Settings - JPA compliance - closed-handling : disabled
00:28:52.252 [main] DEBUG org.hibernate.cfg.Settings - JPA compliance - lists : disabled
00:28:52.252 [main] DEBUG org.hibernate.cfg.Settings - JPA compliance - transactions : disabled
00:28:52.293 [main] DEBUG org.hibernate.type.EnumType - Using NAMED-based conversion for Enum com.tallerwebi.dominio.TipoColacion
00:28:52.307 [main] DEBUG org.hibernate.internal.SessionFactoryImpl - Session factory constructed with filter configurations : {}
00:28:52.307 [main] DEBUG org.hibernate.internal.SessionFactoryImpl - Instantiating session factory with properties: {hibernate.format_sql=true, java.specification.version=20, sun.cpu.isalist=amd64, hibernate.resource.beans.container=org.springframework.orm.hibernate5.SpringBeanContainer@4d4df0f4, hibernate.connection.handling_mode=DELAYED_ACQUISITION_AND_HOLD, sun.jnu.encoding=Cp1252, hibernate.dialect=org.hibernate.dialect.HSQLDialect, java.class.path=C:\Users\Admin\Downloads\grupo4-main\grupo4-main\Fatloss\target\test-classes;C:\Users\Admin\Downloads\grupo4-main\grupo4-main\Fatloss\target\classes;C:\Users\Admin\.m2\repository\com\mercadopago\sdk-java\2.1.21\sdk-java-2.1.21.jar;C:\Users\Admin\.m2\repository\org\apache\maven\plugins\maven-javadoc-plugin\3.6.3\maven-javadoc-plugin-3.6.3.jar;C:\Users\Admin\.m2\repository\javax\inject\javax.inject\1\javax.inject-1.jar;C:\Users\Admin\.m2\repository\org\apache\maven\reporting\maven-reporting-api\3.1.1\maven-reporting-api-3.1.1.jar;C:\Users\Admin\.m2\repository\org\apache\maven\maven-archiver\3.6.1\maven-archiver-3.6.1.jar;C:\Users\Admin\.m2\repository\org\apache\maven\shared\maven-invoker\3.2.0\maven-invoker-3.2.0.jar;C:\Users\Admin\.m2\repository\org\apache\maven\shared\maven-shared-utils\3.4.2\maven-shared-utils-3.4.2.jar;C:\Users\Admin\.m2\repository\org\apache\maven\shared\maven-common-artifact-filters\3.2.0\maven-common-artifact-filters-3.2.0.jar;C:\Users\Admin\.m2\repository\org\eclipse\aether\aether-api\0.9.0.M2\aether-api-0.9.0.M2.jar;C:\Users\Admin\.m2\repository\org\eclipse\aether\aether-util\0.9.0.M2\aether-util-0.9.0.M2.jar;C:\Users\Admin\.m2\repository\org\apache\maven\doxia\doxia-sink-api\1.11.1\doxia-sink-api-1.11.1.jar;C:\Users\Admin\.m2\repository\org\apache\maven\doxia\doxia-logging-api\1.11.1\doxia-logging-api-1.11.1.jar;C:\Users\Admin\.m2\repository\org\apache\maven\doxia\doxia-site-renderer\1.11.1\doxia-site-renderer-1.11.1.jar;C:\Users\Admin\.m2\repository\org\apache\maven\doxia\doxia-core\1.11.1\doxia-core-1.11.1.jar;C:\Users\Admin\.m2\repository\org\apache\maven\doxia\doxia-decoration-model\1.11.1\doxia-decoration-model-1.11.1.jar;C:\Users\Admin\.m2\repository\org\apache\maven\doxia\doxia-skin-model\1.11.1\doxia-skin-model-1.11.1.jar;C:\Users\Admin\.m2\repository\org\apache\maven\doxia\doxia-module-xhtml\1.11.1\doxia-module-xhtml-1.11.1.jar;C:\Users\Admin\.m2\repository\org\apache\maven\doxia\doxia-module-xhtml5\1.11.1\doxia-module-xhtml5-1.11.1.jar;C:\Users\Admin\.m2\repository\org\codehaus\plexus\plexus-i18n\1.0-beta-10\plexus-i18n-1.0-beta-10.jar;C:\Users\Admin\.m2\repository\org\codehaus\plexus\plexus-container-default\1.0-alpha-30\plexus-container-default-1.0-alpha-30.jar;C:\Users\Admin\.m2\repository\junit\junit\3.8.1\junit-3.8.1.jar;C:\Users\Admin\.m2\repository\org\codehaus\plexus\plexus-velocity\1.2\plexus-velocity-1.2.jar;C:\Users\Admin\.m2\repository\commons-collections\commons-collections\3.2.2\commons-collections-3.2.2.jar;C:\Users\Admin\.m2\repository\org\apache\maven\wagon\wagon-provider-api\2.4\wagon-provider-api-2.4.jar;C:\Users\Admin\.m2\repository\org\apache\commons\commons-lang3\3.14.0\commons-lang3-3.14.0.jar;C:\Users\Admin\.m2\repository\org\apache\commons\commons-text\1.11.0\commons-text-1.11.0.jar;C:\Users\Admin\.m2\repository\org\apache\httpcomponents\httpcore\4.4.16\httpcore-4.4.16.jar;C:\Users\Admin\.m2\repository\com\thoughtworks\qdox\qdox\2.0.3\qdox-2.0.3.jar;C:\Users\Admin\.m2\repository\org\codehaus\plexus\plexus-java\1.2.0\plexus-java-1.2.0.jar;C:\Users\Admin\.m2\repository\org\ow2\asm\asm\9.6\asm-9.6.jar;C:\Users\Admin\.m2\repository\org\codehaus\plexus\plexus-utils\4.0.0\plexus-utils-4.0.0.jar;C:\Users\Admin\.m2\repository\org\codehaus\plexus\plexus-xml\3.0.0\plexus-xml-3.0.0.jar;C:\Users\Admin\.m2\repository\org\codehaus\plexus\plexus-io\3.4.1\plexus-io-3.4.1.jar;C:\Users\Admin\.m2\repository\org\codehaus\plexus\plexus-archiver\4.9.0\plexus-archiver-4.9.0.jar;C:\Users\Admin\.m2\repository\org\apache\commons\commons-compress\1.24.0\commons-compress-1.24.0.jar;C:\Users\Admin\.m2\repository\org\iq80\snappy\snappy\0.4\snappy-0.4.jar;C:\Users\Admin\.m2\repository\org\tukaani\xz\1.9\xz-1.9.jar;C:\Users\Admin\.m2\repository\com\github\luben\zstd-jni\1.5.5-10\zstd-jni-1.5.5-10.jar;C:\Users\Admin\.m2\repository\org\codehaus\plexus\plexus-interactivity-api\1.1\plexus-interactivity-api-1.1.jar;C:\Users\Admin\.m2\repository\org\apache\velocity\velocity-engine-core\2.3\velocity-engine-core-2.3.jar;C:\Users\Admin\.m2\repository\org\apache\velocity\tools\velocity-tools-generic\3.1\velocity-tools-generic-3.1.jar;C:\Users\Admin\.m2\repository\commons-beanutils\commons-beanutils\1.9.4\commons-beanutils-1.9.4.jar;C:\Users\Admin\.m2\repository\org\apache\commons\commons-digester3\3.2\commons-digester3-3.2.jar;C:\Users\Admin\.m2\repository\com\github\cliftonlabs\json-simple\3.0.2\json-simple-3.0.2.jar;C:\Users\Admin\.m2\repository\commons-lang\commons-lang\2.6\commons-lang-2.6.jar;C:\Users\Admin\.m2\repository\org\apache\httpcomponents\httpclient\4.5.13\httpclient-4.5.13.jar;C:\Users\Admin\.m2\repository\commons-logging\commons-logging\1.2\commons-logging-1.2.jar;C:\Users\Admin\.m2\repository\commons-codec\commons-codec\1.11\commons-codec-1.11.jar;C:\Users\Admin\.m2\repository\com\google\code\gson\gson\2.8.9\gson-2.8.9.jar;C:\Users\Admin\.m2\repository\org\apache\maven\maven-core\3.9.6\maven-core-3.9.6.jar;C:\Users\Admin\.m2\repository\org\apache\maven\maven-model\3.9.6\maven-model-3.9.6.jar;C:\Users\Admin\.m2\repository\org\apache\maven\maven-settings\3.9.6\maven-settings-3.9.6.jar;C:\Users\Admin\.m2\repository\org\apache\maven\maven-settings-builder\3.9.6\maven-settings-builder-3.9.6.jar;C:\Users\Admin\.m2\repository\org\codehaus\plexus\plexus-sec-dispatcher\2.0\plexus-sec-dispatcher-2.0.jar;C:\Users\Admin\.m2\repository\org\codehaus\plexus\plexus-cipher\2.0\plexus-cipher-2.0.jar;C:\Users\Admin\.m2\repository\org\apache\maven\maven-builder-support\3.9.6\maven-builder-support-3.9.6.jar;C:\Users\Admin\.m2\repository\org\apache\maven\maven-repository-metadata\3.9.6\maven-repository-metadata-3.9.6.jar;C:\Users\Admin\.m2\repository\org\apache\maven\maven-artifact\3.9.6\maven-artifact-3.9.6.jar;C:\Users\Admin\.m2\repository\org\apache\maven\maven-plugin-api\3.9.6\maven-plugin-api-3.9.6.jar;C:\Users\Admin\.m2\repository\org\apache\maven\maven-model-builder\3.9.6\maven-model-builder-3.9.6.jar;C:\Users\Admin\.m2\repository\org\apache\maven\maven-resolver-provider\3.9.6\maven-resolver-provider-3.9.6.jar;C:\Users\Admin\.m2\repository\org\apache\maven\resolver\maven-resolver-impl\1.9.18\maven-resolver-impl-1.9.18.jar;C:\Users\Admin\.m2\repository\org\apache\maven\resolver\maven-resolver-named-locks\1.9.18\maven-resolver-named-locks-1.9.18.jar;C:\Users\Admin\.m2\repository\org\apache\maven\resolver\maven-resolver-api\1.9.18\maven-resolver-api-1.9.18.jar;C:\Users\Admin\.m2\repository\org\apache\maven\resolver\maven-resolver-spi\1.9.18\maven-resolver-spi-1.9.18.jar;C:\Users\Admin\.m2\repository\org\apache\maven\resolver\maven-resolver-util\1.9.18\maven-resolver-util-1.9.18.jar;C:\Users\Admin\.m2\repository\org\eclipse\sisu\org.eclipse.sisu.plexus\0.9.0.M2\org.eclipse.sisu.plexus-0.9.0.M2.jar;C:\Users\Admin\.m2\repository\javax\annotation\javax.annotation-api\1.2\javax.annotation-api-1.2.jar;C:\Users\Admin\.m2\repository\org\eclipse\sisu\org.eclipse.sisu.inject\0.9.0.M2\org.eclipse.sisu.inject-0.9.0.M2.jar;C:\Users\Admin\.m2\repository\com\google\inject\guice\5.1.0\guice-5.1.0.jar;C:\Users\Admin\.m2\repository\aopalliance\aopalliance\1.0\aopalliance-1.0.jar;C:\Users\Admin\.m2\repository\com\google\guava\guava\32.0.1-jre\guava-32.0.1-jre.jar;C:\Users\Admin\.m2\repository\com\google\guava\failureaccess\1.0.1\failureaccess-1.0.1.jar;C:\Users\Admin\.m2\repository\org\codehaus\plexus\plexus-classworlds\2.7.0\plexus-classworlds-2.7.0.jar;C:\Users\Admin\.m2\repository\org\codehaus\plexus\plexus-interpolation\1.26\plexus-interpolation-1.26.jar;C:\Users\Admin\.m2\repository\org\codehaus\plexus\plexus-component-annotations\2.1.0\plexus-component-annotations-2.1.0.jar;C:\Users\Admin\.m2\repository\org\projectlombok\lombok\1.18.26\lombok-1.18.26.jar;C:\Users\Admin\.m2\repository\org\springframework\spring-webmvc\5.2.22.RELEASE\spring-webmvc-5.2.22.RELEASE.jar;C:\Users\Admin\.m2\repository\org\springframework\spring-aop\5.2.22.RELEASE\spring-aop-5.2.22.RELEASE.jar;C:\Users\Admin\.m2\repository\org\springframework\spring-beans\5.2.22.RELEASE\spring-beans-5.2.22.RELEASE.jar;C:\Users\Admin\.m2\repository\org\springframework\spring-context\5.2.22.RELEASE\spring-context-5.2.22.RELEASE.jar;C:\Users\Admin\.m2\repository\org\springframework\spring-core\5.2.22.RELEASE\spring-core-5.2.22.RELEASE.jar;C:\Users\Admin\.m2\repository\org\springframework\spring-jcl\5.2.22.RELEASE\spring-jcl-5.2.22.RELEASE.jar;C:\Users\Admin\.m2\repository\org\springframework\spring-expression\5.2.22.RELEASE\spring-expression-5.2.22.RELEASE.jar;C:\Users\Admin\.m2\repository\org\springframework\spring-web\5.2.22.RELEASE\spring-web-5.2.22.RELEASE.jar;C:\Users\Admin\.m2\repository\commons-fileupload\commons-fileupload\1.4\commons-fileupload-1.4.jar;C:\Users\Admin\.m2\repository\commons-io\commons-io\2.2\commons-io-2.2.jar;C:\Users\Admin\.m2\repository\org\springframework\spring-orm\5.2.22.RELEASE\spring-orm-5.2.22.RELEASE.jar;C:\Users\Admin\.m2\repository\org\springframework\spring-tx\5.2.22.RELEASE\spring-tx-5.2.22.RELEASE.jar;C:\Users\Admin\.m2\repository\ch\qos\logback\logback-classic\1.2.11\logback-classic-1.2.11.jar;C:\Users\Admin\.m2\repository\ch\qos\logback\logback-core\1.2.11\logback-core-1.2.11.jar;C:\Users\Admin\.m2\repository\org\slf4j\slf4j-api\1.7.32\slf4j-api-1.7.32.jar;C:\Users\Admin\.m2\repository\org\springframework\spring-jdbc\5.2.22.RELEASE\spring-jdbc-5.2.22.RELEASE.jar;C:\Users\Admin\.m2\repository\org\hsqldb\hsqldb\2.3.2\hsqldb-2.3.2.jar;C:\Users\Admin\.m2\repository\org\jfree\jfreechart\1.5.3\jfreechart-1.5.3.jar;C:\Users\Admin\.m2\repository\org\thymeleaf\thymeleaf-spring5\3.0.15.RELEASE\thymeleaf-spring5-3.0.15.RELEASE.jar;C:\Users\Admin\.m2\repository\org\thymeleaf\thymeleaf\3.0.15.RELEASE\thymeleaf-3.0.15.RELEASE.jar;C:\Users\Admin\.m2\repository\org\attoparser\attoparser\2.0.5.RELEASE\attoparser-2.0.5.RELEASE.jar;C:\Users\Admin\.m2\repository\org\unbescape\unbescape\1.1.6.RELEASE\unbescape-1.1.6.RELEASE.jar;C:\Users\Admin\.m2\repository\mysql\mysql-connector-java\8.0.28\mysql-connector-java-8.0.28.jar;C:\Users\Admin\.m2\repository\com\google\protobuf\protobuf-java\3.11.4\protobuf-java-3.11.4.jar;C:\Users\Admin\.m2\repository\org\webjars\bootstrap\5.2.0\bootstrap-5.2.0.jar;C:\Users\Admin\.m2\repository\jakarta\servlet\jakarta.servlet-api\4.0.4\jakarta.servlet-api-4.0.4.jar;C:\Users\Admin\.m2\repository\org\springframework\spring-test\5.2.22.RELEASE\spring-test-5.2.22.RELEASE.jar;C:\Users\Admin\.m2\repository\org\junit\jupiter\junit-jupiter-engine\5.9.0\junit-jupiter-engine-5.9.0.jar;C:\Users\Admin\.m2\repository\org\junit\platform\junit-platform-engine\1.9.0\junit-platform-engine-1.9.0.jar;C:\Users\Admin\.m2\repository\org\junit\platform\junit-platform-commons\1.9.0\junit-platform-commons-1.9.0.jar;C:\Users\Admin\.m2\repository\org\junit\jupiter\junit-jupiter-api\5.9.0\junit-jupiter-api-5.9.0.jar;C:\Users\Admin\.m2\repository\org\apiguardian\apiguardian-api\1.1.2\apiguardian-api-1.1.2.jar;C:\Users\Admin\.m2\repository\org\mockito\mockito-core\5.3.1\mockito-core-5.3.1.jar;C:\Users\Admin\.m2\repository\net\bytebuddy\byte-buddy\1.14.4\byte-buddy-1.14.4.jar;C:\Users\Admin\.m2\repository\net\bytebuddy\byte-buddy-agent\1.14.4\byte-buddy-agent-1.14.4.jar;C:\Users\Admin\.m2\repository\org\objenesis\objenesis\3.3\objenesis-3.3.jar;C:\Users\Admin\.m2\repository\org\hamcrest\hamcrest-core\2.2\hamcrest-core-2.2.jar;C:\Users\Admin\.m2\repository\org\hamcrest\hamcrest\2.2\hamcrest-2.2.jar;C:\Users\Admin\.m2\repository\org\hibernate\hibernate-core\5.4.24.Final\hibernate-core-5.4.24.Final.jar;C:\Users\Admin\.m2\repository\org\jboss\logging\jboss-logging\3.4.1.Final\jboss-logging-3.4.1.Final.jar;C:\Users\Admin\.m2\repository\javax\persistence\javax.persistence-api\2.2\javax.persistence-api-2.2.jar;C:\Users\Admin\.m2\repository\org\javassist\javassist\3.27.0-GA\javassist-3.27.0-GA.jar;C:\Users\Admin\.m2\repository\antlr\antlr\2.7.7\antlr-2.7.7.jar;C:\Users\Admin\.m2\repository\org\jboss\spec\javax\transaction\jboss-transaction-api_1.2_spec\1.1.1.Final\jboss-transaction-api_1.2_spec-1.1.1.Final.jar;C:\Users\Admin\.m2\repository\org\jboss\jandex\2.1.3.Final\jandex-2.1.3.Final.jar;C:\Users\Admin\.m2\repository\com\fasterxml\classmate\1.5.1\classmate-1.5.1.jar;C:\Users\Admin\.m2\repository\javax\activation\javax.activation-api\1.2.0\javax.activation-api-1.2.0.jar;C:\Users\Admin\.m2\repository\org\dom4j\dom4j\2.1.3\dom4j-2.1.3.jar;C:\Users\Admin\.m2\repository\org\hibernate\common\hibernate-commons-annotations\5.1.2.Final\hibernate-commons-annotations-5.1.2.Final.jar;C:\Users\Admin\.m2\repository\javax\xml\bind\jaxb-api\2.3.1\jaxb-api-2.3.1.jar;C:\Users\Admin\.m2\repository\org\glassfish\jaxb\jaxb-runtime\2.3.1\jaxb-runtime-2.3.1.jar;C:\Users\Admin\.m2\repository\org\glassfish\jaxb\txw2\2.3.1\txw2-2.3.1.jar;C:\Users\Admin\.m2\repository\com\sun\istack\istack-commons-runtime\3.0.7\istack-commons-runtime-3.0.7.jar;C:\Users\Admin\.m2\repository\org\jvnet\staxex\stax-ex\1.8\stax-ex-1.8.jar;C:\Users\Admin\.m2\repository\com\sun\xml\fastinfoset\FastInfoset\1.2.15\FastInfoset-1.2.15.jar;C:\Users\Admin\.m2\repository\com\microsoft\playwright\playwright\1.36.0\playwright-1.36.0.jar;C:\Users\Admin\.m2\repository\org\opentest4j\opentest4j\1.2.0\opentest4j-1.2.0.jar;C:\Users\Admin\.m2\repository\com\microsoft\playwright\driver\1.36.0\driver-1.36.0.jar;C:\Users\Admin\.m2\repository\com\microsoft\playwright\driver-bundle\1.36.0\driver-bundle-1.36.0.jar;, java.vm.vendor=Oracle Corporation, sun.arch.data.model=64, user.variant=, java.vendor.url=https://java.oracle.com/, user.timezone=America/Buenos_Aires, java.vm.specification.version=20, os.name=Windows 11, sun.java.launcher=SUN_STANDARD, user.country=MX, sun.boot.library.path=C:\Program Files\Java\jdk-20\bin, sun.java.command=C:\Users\Admin\AppData\Local\Temp\surefire13217180163884252534\surefirebooter6502159048919342014.jar C:\Users\Admin\AppData\Local\Temp\surefire13217180163884252534 2025-02-21T00-28-48_783-jvmRun1 surefire3966010290747282987tmp surefire_03171085702677706611tmp, jdk.debug=release, surefire.test.class.path=C:\Users\Admin\Downloads\grupo4-main\grupo4-main\Fatloss\target\test-classes;C:\Users\Admin\Downloads\grupo4-main\grupo4-main\Fatloss\target\classes;C:\Users\Admin\.m2\repository\com\mercadopago\sdk-java\2.1.21\sdk-java-2.1.21.jar;C:\Users\Admin\.m2\repository\org\apache\maven\plugins\maven-javadoc-plugin\3.6.3\maven-javadoc-plugin-3.6.3.jar;C:\Users\Admin\.m2\repository\javax\inject\javax.inject\1\javax.inject-1.jar;C:\Users\Admin\.m2\repository\org\apache\maven\reporting\maven-reporting-api\3.1.1\maven-reporting-api-3.1.1.jar;C:\Users\Admin\.m2\repository\org\apache\maven\maven-archiver\3.6.1\maven-archiver-3.6.1.jar;C:\Users\Admin\.m2\repository\org\apache\maven\shared\maven-invoker\3.2.0\maven-invoker-3.2.0.jar;C:\Users\Admin\.m2\repository\org\apache\maven\shared\maven-shared-utils\3.4.2\maven-shared-utils-3.4.2.jar;C:\Users\Admin\.m2\repository\org\apache\maven\shared\maven-common-artifact-filters\3.2.0\maven-common-artifact-filters-3.2.0.jar;C:\Users\Admin\.m2\repository\org\eclipse\aether\aether-api\0.9.0.M2\aether-api-0.9.0.M2.jar;C:\Users\Admin\.m2\repository\org\eclipse\aether\aether-util\0.9.0.M2\aether-util-0.9.0.M2.jar;C:\Users\Admin\.m2\repository\org\apache\maven\doxia\doxia-sink-api\1.11.1\doxia-sink-api-1.11.1.jar;C:\Users\Admin\.m2\repository\org\apache\maven\doxia\doxia-logging-api\1.11.1\doxia-logging-api-1.11.1.jar;C:\Users\Admin\.m2\repository\org\apache\maven\doxia\doxia-site-renderer\1.11.1\doxia-site-renderer-1.11.1.jar;C:\Users\Admin\.m2\repository\org\apache\maven\doxia\doxia-core\1.11.1\doxia-core-1.11.1.jar;C:\Users\Admin\.m2\repository\org\apache\maven\doxia\doxia-decoration-model\1.11.1\doxia-decoration-model-1.11.1.jar;C:\Users\Admin\.m2\repository\org\apache\maven\doxia\doxia-skin-model\1.11.1\doxia-skin-model-1.11.1.jar;C:\Users\Admin\.m2\repository\org\apache\maven\doxia\doxia-module-xhtml\1.11.1\doxia-module-xhtml-1.11.1.jar;C:\Users\Admin\.m2\repository\org\apache\maven\doxia\doxia-module-xhtml5\1.11.1\doxia-module-xhtml5-1.11.1.jar;C:\Users\Admin\.m2\repository\org\codehaus\plexus\plexus-i18n\1.0-beta-10\plexus-i18n-1.0-beta-10.jar;C:\Users\Admin\.m2\repository\org\codehaus\plexus\plexus-container-default\1.0-alpha-30\plexus-container-default-1.0-alpha-30.jar;C:\Users\Admin\.m2\repository\junit\junit\3.8.1\junit-3.8.1.jar;C:\Users\Admin\.m2\repository\org\codehaus\plexus\plexus-velocity\1.2\plexus-velocity-1.2.jar;C:\Users\Admin\.m2\repository\commons-collections\commons-collections\3.2.2\commons-collections-3.2.2.jar;C:\Users\Admin\.m2\repository\org\apache\maven\wagon\wagon-provider-api\2.4\wagon-provider-api-2.4.jar;C:\Users\Admin\.m2\repository\org\apache\commons\commons-lang3\3.14.0\commons-lang3-3.14.0.jar;C:\Users\Admin\.m2\repository\org\apache\commons\commons-text\1.11.0\commons-text-1.11.0.jar;C:\Users\Admin\.m2\repository\org\apache\httpcomponents\httpcore\4.4.16\httpcore-4.4.16.jar;C:\Users\Admin\.m2\repository\com\thoughtworks\qdox\qdox\2.0.3\qdox-2.0.3.jar;C:\Users\Admin\.m2\repository\org\codehaus\plexus\plexus-java\1.2.0\plexus-java-1.2.0.jar;C:\Users\Admin\.m2\repository\org\ow2\asm\asm\9.6\asm-9.6.jar;C:\Users\Admin\.m2\repository\org\codehaus\plexus\plexus-utils\4.0.0\plexus-utils-4.0.0.jar;C:\Users\Admin\.m2\repository\org\codehaus\plexus\plexus-xml\3.0.0\plexus-xml-3.0.0.jar;C:\Users\Admin\.m2\repository\org\codehaus\plexus\plexus-io\3.4.1\plexus-io-3.4.1.jar;C:\Users\Admin\.m2\repository\org\codehaus\plexus\plexus-archiver\4.9.0\plexus-archiver-4.9.0.jar;C:\Users\Admin\.m2\repository\org\apache\commons\commons-compress\1.24.0\commons-compress-1.24.0.jar;C:\Users\Admin\.m2\repository\org\iq80\snappy\snappy\0.4\snappy-0.4.jar;C:\Users\Admin\.m2\repository\org\tukaani\xz\1.9\xz-1.9.jar;C:\Users\Admin\.m2\repository\com\github\luben\zstd-jni\1.5.5-10\zstd-jni-1.5.5-10.jar;C:\Users\Admin\.m2\repository\org\codehaus\plexus\plexus-interactivity-api\1.1\plexus-interactivity-api-1.1.jar;C:\Users\Admin\.m2\repository\org\apache\velocity\velocity-engine-core\2.3\velocity-engine-core-2.3.jar;C:\Users\Admin\.m2\repository\org\apache\velocity\tools\velocity-tools-generic\3.1\velocity-tools-generic-3.1.jar;C:\Users\Admin\.m2\repository\commons-beanutils\commons-beanutils\1.9.4\commons-beanutils-1.9.4.jar;C:\Users\Admin\.m2\repository\org\apache\commons\commons-digester3\3.2\commons-digester3-3.2.jar;C:\Users\Admin\.m2\repository\com\github\cliftonlabs\json-simple\3.0.2\json-simple-3.0.2.jar;C:\Users\Admin\.m2\repository\commons-lang\commons-lang\2.6\commons-lang-2.6.jar;C:\Users\Admin\.m2\repository\org\apache\httpcomponents\httpclient\4.5.13\httpclient-4.5.13.jar;C:\Users\Admin\.m2\repository\commons-logging\commons-logging\1.2\commons-logging-1.2.jar;C:\Users\Admin\.m2\repository\commons-codec\commons-codec\1.11\commons-codec-1.11.jar;C:\Users\Admin\.m2\repository\com\google\code\gson\gson\2.8.9\gson-2.8.9.jar;C:\Users\Admin\.m2\repository\org\apache\maven\maven-core\3.9.6\maven-core-3.9.6.jar;C:\Users\Admin\.m2\repository\org\apache\maven\maven-model\3.9.6\maven-model-3.9.6.jar;C:\Users\Admin\.m2\repository\org\apache\maven\maven-settings\3.9.6\maven-settings-3.9.6.jar;C:\Users\Admin\.m2\repository\org\apache\maven\maven-settings-builder\3.9.6\maven-settings-builder-3.9.6.jar;C:\Users\Admin\.m2\repository\org\codehaus\plexus\plexus-sec-dispatcher\2.0\plexus-sec-dispatcher-2.0.jar;C:\Users\Admin\.m2\repository\org\codehaus\plexus\plexus-cipher\2.0\plexus-cipher-2.0.jar;C:\Users\Admin\.m2\repository\org\apache\maven\maven-builder-support\3.9.6\maven-builder-support-3.9.6.jar;C:\Users\Admin\.m2\repository\org\apache\maven\maven-repository-metadata\3.9.6\maven-repository-metadata-3.9.6.jar;C:\Users\Admin\.m2\repository\org\apache\maven\maven-artifact\3.9.6\maven-artifact-3.9.6.jar;C:\Users\Admin\.m2\repository\org\apache\maven\maven-plugin-api\3.9.6\maven-plugin-api-3.9.6.jar;C:\Users\Admin\.m2\repository\org\apache\maven\maven-model-builder\3.9.6\maven-model-builder-3.9.6.jar;C:\Users\Admin\.m2\repository\org\apache\maven\maven-resolver-provider\3.9.6\maven-resolver-provider-3.9.6.jar;C:\Users\Admin\.m2\repository\org\apache\maven\resolver\maven-resolver-impl\1.9.18\maven-resolver-impl-1.9.18.jar;C:\Users\Admin\.m2\repository\org\apache\maven\resolver\maven-resolver-named-locks\1.9.18\maven-resolver-named-locks-1.9.18.jar;C:\Users\Admin\.m2\repository\org\apache\maven\resolver\maven-resolver-api\1.9.18\maven-resolver-api-1.9.18.jar;C:\Users\Admin\.m2\repository\org\apache\maven\resolver\maven-resolver-spi\1.9.18\maven-resolver-spi-1.9.18.jar;C:\Users\Admin\.m2\repository\org\apache\maven\resolver\maven-resolver-util\1.9.18\maven-resolver-util-1.9.18.jar;C:\Users\Admin\.m2\repository\org\eclipse\sisu\org.eclipse.sisu.plexus\0.9.0.M2\org.eclipse.sisu.plexus-0.9.0.M2.jar;C:\Users\Admin\.m2\repository\javax\annotation\javax.annotation-api\1.2\javax.annotation-api-1.2.jar;C:\Users\Admin\.m2\repository\org\eclipse\sisu\org.eclipse.sisu.inject\0.9.0.M2\org.eclipse.sisu.inject-0.9.0.M2.jar;C:\Users\Admin\.m2\repository\com\google\inject\guice\5.1.0\guice-5.1.0.jar;C:\Users\Admin\.m2\repository\aopalliance\aopalliance\1.0\aopalliance-1.0.jar;C:\Users\Admin\.m2\repository\com\google\guava\guava\32.0.1-jre\guava-32.0.1-jre.jar;C:\Users\Admin\.m2\repository\com\google\guava\failureaccess\1.0.1\failureaccess-1.0.1.jar;C:\Users\Admin\.m2\repository\org\codehaus\plexus\plexus-classworlds\2.7.0\plexus-classworlds-2.7.0.jar;C:\Users\Admin\.m2\repository\org\codehaus\plexus\plexus-interpolation\1.26\plexus-interpolation-1.26.jar;C:\Users\Admin\.m2\repository\org\codehaus\plexus\plexus-component-annotations\2.1.0\plexus-component-annotations-2.1.0.jar;C:\Users\Admin\.m2\repository\org\projectlombok\lombok\1.18.26\lombok-1.18.26.jar;C:\Users\Admin\.m2\repository\org\springframework\spring-webmvc\5.2.22.RELEASE\spring-webmvc-5.2.22.RELEASE.jar;C:\Users\Admin\.m2\repository\org\springframework\spring-aop\5.2.22.RELEASE\spring-aop-5.2.22.RELEASE.jar;C:\Users\Admin\.m2\repository\org\springframework\spring-beans\5.2.22.RELEASE\spring-beans-5.2.22.RELEASE.jar;C:\Users\Admin\.m2\repository\org\springframework\spring-context\5.2.22.RELEASE\spring-context-5.2.22.RELEASE.jar;C:\Users\Admin\.m2\repository\org\springframework\spring-core\5.2.22.RELEASE\spring-core-5.2.22.RELEASE.jar;C:\Users\Admin\.m2\repository\org\springframework\spring-jcl\5.2.22.RELEASE\spring-jcl-5.2.22.RELEASE.jar;C:\Users\Admin\.m2\repository\org\springframework\spring-expression\5.2.22.RELEASE\spring-expression-5.2.22.RELEASE.jar;C:\Users\Admin\.m2\repository\org\springframework\spring-web\5.2.22.RELEASE\spring-web-5.2.22.RELEASE.jar;C:\Users\Admin\.m2\repository\commons-fileupload\commons-fileupload\1.4\commons-fileupload-1.4.jar;C:\Users\Admin\.m2\repository\commons-io\commons-io\2.2\commons-io-2.2.jar;C:\Users\Admin\.m2\repository\org\springframework\spring-orm\5.2.22.RELEASE\spring-orm-5.2.22.RELEASE.jar;C:\Users\Admin\.m2\repository\org\springframework\spring-tx\5.2.22.RELEASE\spring-tx-5.2.22.RELEASE.jar;C:\Users\Admin\.m2\repository\ch\qos\logback\logback-classic\1.2.11\logback-classic-1.2.11.jar;C:\Users\Admin\.m2\repository\ch\qos\logback\logback-core\1.2.11\logback-core-1.2.11.jar;C:\Users\Admin\.m2\repository\org\slf4j\slf4j-api\1.7.32\slf4j-api-1.7.32.jar;C:\Users\Admin\.m2\repository\org\springframework\spring-jdbc\5.2.22.RELEASE\spring-jdbc-5.2.22.RELEASE.jar;C:\Users\Admin\.m2\repository\org\hsqldb\hsqldb\2.3.2\hsqldb-2.3.2.jar;C:\Users\Admin\.m2\repository\org\jfree\jfreechart\1.5.3\jfreechart-1.5.3.jar;C:\Users\Admin\.m2\repository\org\thymeleaf\thymeleaf-spring5\3.0.15.RELEASE\thymeleaf-spring5-3.0.15.RELEASE.jar;C:\Users\Admin\.m2\repository\org\thymeleaf\thymeleaf\3.0.15.RELEASE\thymeleaf-3.0.15.RELEASE.jar;C:\Users\Admin\.m2\repository\org\attoparser\attoparser\2.0.5.RELEASE\attoparser-2.0.5.RELEASE.jar;C:\Users\Admin\.m2\repository\org\unbescape\unbescape\1.1.6.RELEASE\unbescape-1.1.6.RELEASE.jar;C:\Users\Admin\.m2\repository\mysql\mysql-connector-java\8.0.28\mysql-connector-java-8.0.28.jar;C:\Users\Admin\.m2\repository\com\google\protobuf\protobuf-java\3.11.4\protobuf-java-3.11.4.jar;C:\Users\Admin\.m2\repository\org\webjars\bootstrap\5.2.0\bootstrap-5.2.0.jar;C:\Users\Admin\.m2\repository\jakarta\servlet\jakarta.servlet-api\4.0.4\jakarta.servlet-api-4.0.4.jar;C:\Users\Admin\.m2\repository\org\springframework\spring-test\5.2.22.RELEASE\spring-test-5.2.22.RELEASE.jar;C:\Users\Admin\.m2\repository\org\junit\jupiter\junit-jupiter-engine\5.9.0\junit-jupiter-engine-5.9.0.jar;C:\Users\Admin\.m2\repository\org\junit\platform\junit-platform-engine\1.9.0\junit-platform-engine-1.9.0.jar;C:\Users\Admin\.m2\repository\org\junit\platform\junit-platform-commons\1.9.0\junit-platform-commons-1.9.0.jar;C:\Users\Admin\.m2\repository\org\junit\jupiter\junit-jupiter-api\5.9.0\junit-jupiter-api-5.9.0.jar;C:\Users\Admin\.m2\repository\org\apiguardian\apiguardian-api\1.1.2\apiguardian-api-1.1.2.jar;C:\Users\Admin\.m2\repository\org\mockito\mockito-core\5.3.1\mockito-core-5.3.1.jar;C:\Users\Admin\.m2\repository\net\bytebuddy\byte-buddy\1.14.4\byte-buddy-1.14.4.jar;C:\Users\Admin\.m2\repository\net\bytebuddy\byte-buddy-agent\1.14.4\byte-buddy-agent-1.14.4.jar;C:\Users\Admin\.m2\repository\org\objenesis\objenesis\3.3\objenesis-3.3.jar;C:\Users\Admin\.m2\repository\org\hamcrest\hamcrest-core\2.2\hamcrest-core-2.2.jar;C:\Users\Admin\.m2\repository\org\hamcrest\hamcrest\2.2\hamcrest-2.2.jar;C:\Users\Admin\.m2\repository\org\hibernate\hibernate-core\5.4.24.Final\hibernate-core-5.4.24.Final.jar;C:\Users\Admin\.m2\repository\org\jboss\logging\jboss-logging\3.4.1.Final\jboss-logging-3.4.1.Final.jar;C:\Users\Admin\.m2\repository\javax\persistence\javax.persistence-api\2.2\javax.persistence-api-2.2.jar;C:\Users\Admin\.m2\repository\org\javassist\javassist\3.27.0-GA\javassist-3.27.0-GA.jar;C:\Users\Admin\.m2\repository\antlr\antlr\2.7.7\antlr-2.7.7.jar;C:\Users\Admin\.m2\repository\org\jboss\spec\javax\transaction\jboss-transaction-api_1.2_spec\1.1.1.Final\jboss-transaction-api_1.2_spec-1.1.1.Final.jar;C:\Users\Admin\.m2\repository\org\jboss\jandex\2.1.3.Final\jandex-2.1.3.Final.jar;C:\Users\Admin\.m2\repository\com\fasterxml\classmate\1.5.1\classmate-1.5.1.jar;C:\Users\Admin\.m2\repository\javax\activation\javax.activation-api\1.2.0\javax.activation-api-1.2.0.jar;C:\Users\Admin\.m2\repository\org\dom4j\dom4j\2.1.3\dom4j-2.1.3.jar;C:\Users\Admin\.m2\repository\org\hibernate\common\hibernate-commons-annotations\5.1.2.Final\hibernate-commons-annotations-5.1.2.Final.jar;C:\Users\Admin\.m2\repository\javax\xml\bind\jaxb-api\2.3.1\jaxb-api-2.3.1.jar;C:\Users\Admin\.m2\repository\org\glassfish\jaxb\jaxb-runtime\2.3.1\jaxb-runtime-2.3.1.jar;C:\Users\Admin\.m2\repository\org\glassfish\jaxb\txw2\2.3.1\txw2-2.3.1.jar;C:\Users\Admin\.m2\repository\com\sun\istack\istack-commons-runtime\3.0.7\istack-commons-runtime-3.0.7.jar;C:\Users\Admin\.m2\repository\org\jvnet\staxex\stax-ex\1.8\stax-ex-1.8.jar;C:\Users\Admin\.m2\repository\com\sun\xml\fastinfoset\FastInfoset\1.2.15\FastInfoset-1.2.15.jar;C:\Users\Admin\.m2\repository\com\microsoft\playwright\playwright\1.36.0\playwright-1.36.0.jar;C:\Users\Admin\.m2\repository\org\opentest4j\opentest4j\1.2.0\opentest4j-1.2.0.jar;C:\Users\Admin\.m2\repository\com\microsoft\playwright\driver\1.36.0\driver-1.36.0.jar;C:\Users\Admin\.m2\repository\com\microsoft\playwright\driver-bundle\1.36.0\driver-bundle-1.36.0.jar;, sun.cpu.endian=little, user.home=C:\Users\Admin, user.language=es, java.specification.vendor=Oracle Corporation, java.version.date=2023-04-18, java.home=C:\Program Files\Java\jdk-20, file.separator=\, basedir=C:\Users\Admin\Downloads\grupo4-main\grupo4-main\Fatloss, java.vm.compressedOopsMode=Zero based, line.separator=
, java.vm.specification.vendor=Oracle Corporation, java.specification.name=Java Platform API Specification, surefire.real.class.path=C:\Users\Admin\AppData\Local\Temp\surefire13217180163884252534\surefirebooter6502159048919342014.jar, hibernate.hbm2ddl.auto=create, user.script=, sun.management.compiler=HotSpot 64-Bit Tiered Compilers, java.runtime.version=20.0.1+9-29, user.name=Admin, stdout.encoding=Cp1252, path.separator=;, os.version=10.0, java.runtime.name=Java(TM) SE Runtime Environment, file.encoding=UTF-8, java.vm.name=Java HotSpot(TM) 64-Bit Server VM, hibernate.show_sql=true, hibernate.classLoaders=[jdk.internal.loader.ClassLoaders$AppClassLoader@70dea4e], hibernate.current_session_context_class=org.springframework.orm.hibernate5.SpringSessionContext, localRepository=C:\Users\Admin\.m2\repository, java.vendor.url.bug=https://bugreport.java.com/bugreport/, java.io.tmpdir=C:\Users\Admin\AppData\Local\Temp\, java.version=20.0.1, user.dir=C:\Users\Admin\Downloads\grupo4-main\grupo4-main\Fatloss, os.arch=amd64, java.vm.specification.name=Java Virtual Machine Specification, sun.os.patch.level=, hibernate.boot.CfgXmlAccessService.key=org.hibernate.boot.cfgxml.spi.LoadedConfig@74f4a2ba, native.encoding=Cp1252, java.library.path=C:\Program Files\Java\jdk-20\bin;C:\WINDOWS\Sun\Java\bin;C:\WINDOWS\system32;C:\WINDOWS;C:\Program Files\Eclipse Adoptium\jdk-21.0.5.11-hotspot\bin;C:\Python312\Scripts\;C:\Python312\;C:\Program Files\Common Files\Oracle\Java\javapath;C:\WINDOWS\system32;C:\WINDOWS;C:\WINDOWS\System32\Wbem;C:\WINDOWS\System32\WindowsPowerShell\v1.0\;C:\WINDOWS\System32\OpenSSH\;C:\Program Files\Java\jdk-20\bin.;C:\ProgramData\chocolatey\bin;C:\Program Files\Maven\apache-maven-3.9.6\bin;C:\xampp\php;C:\ProgramData\ComposerSetup\bin;C:\Program Files\Microsoft SQL Server\150\Tools\Binn\;C:\Program Files\Microsoft SQL Server\Client SDK\ODBC\170\Tools\Binn\;C:\Program Files\dotnet\;C:\Program Files (x86)\Microsoft SQL Server\160\Tools\Binn\;C:\Program Files\Microsoft SQL Server\160\Tools\Binn\;C:\Program Files\Microsoft SQL Server\160\DTS\Binn\;C:\Program Files (x86)\Microsoft SQL Server\160\DTS\Binn\;C:\Program Files (x86)\Windows Kits\10\Windows Performance Toolkit\;C:\Program Files\Git\cmd;C:\Program Files\nodejs\;C:\Program Files\MySQL\MySQL Shell 8.0\bin\;C:\Users\Admin\AppData\Local\Microsoft\WindowsApps;C:\Users\Admin\AppData\Local\Programs\Microsoft VS Code\bin;C:\Users\Admin\AppData\Local\GitHubDesktop\bin;C:\Users\Admin\AppData\Roaming\Composer\vendor\bin;C:\Program Files\heroku\bin;C:\Users\Admin\.dotnet\tools;C:\Users\Admin\AppData\Roaming\npm;., stderr.encoding=Cp1252, java.vendor=Oracle Corporation, java.vm.info=mixed mode, sharing, java.vm.version=20.0.1+9-29, hibernate.bytecode.use_reflection_optimizer=false, sun.io.unicode.encoding=UnicodeLittle, hibernate.connection.datasource=org.springframework.jdbc.datasource.DriverManagerDataSource@60bb7995, java.class.version=64.0}
00:28:52.318 [main] DEBUG org.hibernate.secure.spi.JaccIntegrator - Skipping JACC integration as it was not enabled
00:28:52.319 [main] DEBUG org.hibernate.internal.SessionFactoryImpl - Instantiated session factory
00:28:52.319 [main] DEBUG org.hibernate.type.spi.TypeConfiguration$Scope - Scoping TypeConfiguration [org.hibernate.type.spi.TypeConfiguration@4ffced4e] to SessionFactoryImpl [org.hibernate.internal.SessionFactoryImpl@451816fd]
00:28:52.354 [main] DEBUG org.hibernate.boot.internal.ClassLoaderAccessImpl - Not known whether passed class name [com.tallerwebi.dominio.NotificacionUsuario] is safe
00:28:52.354 [main] DEBUG org.hibernate.boot.internal.ClassLoaderAccessImpl - No temp ClassLoader provided; using live ClassLoader for loading potentially unsafe class : com.tallerwebi.dominio.NotificacionUsuario
00:28:52.382 [main] DEBUG org.hibernate.boot.internal.ClassLoaderAccessImpl - Not known whether passed class name [com.tallerwebi.dominio.Usuario] is safe
00:28:52.382 [main] DEBUG org.hibernate.boot.internal.ClassLoaderAccessImpl - No temp ClassLoader provided; using live ClassLoader for loading potentially unsafe class : com.tallerwebi.dominio.Usuario
00:28:52.396 [main] DEBUG org.hibernate.type.EnumType - Using NAMED-based conversion for Enum com.tallerwebi.dominio.TipoColacion
00:28:52.396 [main] DEBUG org.hibernate.type.EnumType - Using NAMED-based conversion for Enum com.tallerwebi.dominio.TipoColacion
00:28:52.396 [main] DEBUG org.hibernate.boot.internal.ClassLoaderAccessImpl - Not known whether passed class name [com.tallerwebi.dominio.Colacion] is safe
00:28:52.396 [main] DEBUG org.hibernate.boot.internal.ClassLoaderAccessImpl - No temp ClassLoader provided; using live ClassLoader for loading potentially unsafe class : com.tallerwebi.dominio.Colacion
00:28:52.401 [main] DEBUG org.hibernate.type.EnumType - Using NAMED-based conversion for Enum com.tallerwebi.dominio.TipoColacion
00:28:52.401 [main] DEBUG org.hibernate.type.EnumType - Using NAMED-based conversion for Enum com.tallerwebi.dominio.TipoColacion
00:28:52.401 [main] DEBUG org.hibernate.boot.internal.ClassLoaderAccessImpl - Not known whether passed class name [com.tallerwebi.dominio.Respuesta] is safe
00:28:52.401 [main] DEBUG org.hibernate.boot.internal.ClassLoaderAccessImpl - No temp ClassLoader provided; using live ClassLoader for loading potentially unsafe class : com.tallerwebi.dominio.Respuesta
00:28:52.411 [main] DEBUG org.hibernate.boot.internal.ClassLoaderAccessImpl - Not known whether passed class name [com.tallerwebi.dominio.DesafioUsuario] is safe
00:28:52.411 [main] DEBUG org.hibernate.boot.internal.ClassLoaderAccessImpl - No temp ClassLoader provided; using live ClassLoader for loading potentially unsafe class : com.tallerwebi.dominio.DesafioUsuario
00:28:52.417 [main] DEBUG org.hibernate.boot.internal.ClassLoaderAccessImpl - Not known whether passed class name [com.tallerwebi.dominio.RecetaFavorito] is safe
00:28:52.418 [main] DEBUG org.hibernate.boot.internal.ClassLoaderAccessImpl - No temp ClassLoader provided; using live ClassLoader for loading potentially unsafe class : com.tallerwebi.dominio.RecetaFavorito
00:28:52.423 [main] DEBUG org.hibernate.boot.internal.ClassLoaderAccessImpl - Not known whether passed class name [com.tallerwebi.dominio.CategoriaAlimento] is safe
00:28:52.423 [main] DEBUG org.hibernate.boot.internal.ClassLoaderAccessImpl - No temp ClassLoader provided; using live ClassLoader for loading potentially unsafe class : com.tallerwebi.dominio.CategoriaAlimento
00:28:52.427 [main] DEBUG org.hibernate.boot.internal.ClassLoaderAccessImpl - Not known whether passed class name [com.tallerwebi.dominio.EjercicioUsuario] is safe
00:28:52.427 [main] DEBUG org.hibernate.boot.internal.ClassLoaderAccessImpl - No temp ClassLoader provided; using live ClassLoader for loading potentially unsafe class : com.tallerwebi.dominio.EjercicioUsuario
00:28:52.439 [main] DEBUG org.hibernate.boot.internal.ClassLoaderAccessImpl - Not known whether passed class name [com.tallerwebi.dominio.UsuarioFollow] is safe
00:28:52.439 [main] DEBUG org.hibernate.boot.internal.ClassLoaderAccessImpl - No temp ClassLoader provided; using live ClassLoader for loading potentially unsafe class : com.tallerwebi.dominio.UsuarioFollow
00:28:52.443 [main] DEBUG org.hibernate.boot.internal.ClassLoaderAccessImpl - Not known whether passed class name [com.tallerwebi.dominio.PublicacionRespuesta] is safe
00:28:52.443 [main] DEBUG org.hibernate.boot.internal.ClassLoaderAccessImpl - No temp ClassLoader provided; using live ClassLoader for loading potentially unsafe class : com.tallerwebi.dominio.PublicacionRespuesta
00:28:52.446 [main] DEBUG org.hibernate.boot.internal.ClassLoaderAccessImpl - Not known whether passed class name [com.tallerwebi.dominio.Alimento] is safe
00:28:52.446 [main] DEBUG org.hibernate.boot.internal.ClassLoaderAccessImpl - No temp ClassLoader provided; using live ClassLoader for loading potentially unsafe class : com.tallerwebi.dominio.Alimento
00:28:52.460 [main] DEBUG org.hibernate.boot.internal.ClassLoaderAccessImpl - Not known whether passed class name [com.tallerwebi.dominio.MacronutrientesUsuario] is safe
00:28:52.460 [main] DEBUG org.hibernate.boot.internal.ClassLoaderAccessImpl - No temp ClassLoader provided; using live ClassLoader for loading potentially unsafe class : com.tallerwebi.dominio.MacronutrientesUsuario
00:28:52.472 [main] DEBUG org.hibernate.boot.internal.ClassLoaderAccessImpl - Not known whether passed class name [com.tallerwebi.dominio.Ejercicio] is safe
00:28:52.472 [main] DEBUG org.hibernate.boot.internal.ClassLoaderAccessImpl - No temp ClassLoader provided; using live ClassLoader for loading potentially unsafe class : com.tallerwebi.dominio.Ejercicio
00:28:52.475 [main] DEBUG org.hibernate.boot.internal.ClassLoaderAccessImpl - Not known whether passed class name [com.tallerwebi.dominio.PublicacionLike] is safe
00:28:52.475 [main] DEBUG org.hibernate.boot.internal.ClassLoaderAccessImpl - No temp ClassLoader provided; using live ClassLoader for loading potentially unsafe class : com.tallerwebi.dominio.PublicacionLike
00:28:52.478 [main] DEBUG org.hibernate.boot.internal.ClassLoaderAccessImpl - Not known whether passed class name [com.tallerwebi.dominio.Receta] is safe
00:28:52.478 [main] DEBUG org.hibernate.boot.internal.ClassLoaderAccessImpl - No temp ClassLoader provided; using live ClassLoader for loading potentially unsafe class : com.tallerwebi.dominio.Receta
00:28:52.484 [main] DEBUG org.hibernate.boot.internal.ClassLoaderAccessImpl - Not known whether passed class name [com.tallerwebi.dominio.HistoriaPesoUsuario] is safe
00:28:52.484 [main] DEBUG org.hibernate.boot.internal.ClassLoaderAccessImpl - No temp ClassLoader provided; using live ClassLoader for loading potentially unsafe class : com.tallerwebi.dominio.HistoriaPesoUsuario
00:28:52.487 [main] DEBUG org.hibernate.boot.internal.ClassLoaderAccessImpl - Not known whether passed class name [com.tallerwebi.dominio.Notificacion] is safe
00:28:52.487 [main] DEBUG org.hibernate.boot.internal.ClassLoaderAccessImpl - No temp ClassLoader provided; using live ClassLoader for loading potentially unsafe class : com.tallerwebi.dominio.Notificacion
00:28:52.489 [main] DEBUG org.hibernate.boot.internal.ClassLoaderAccessImpl - Not known whether passed class name [com.tallerwebi.dominio.Publicacion] is safe
00:28:52.489 [main] DEBUG org.hibernate.boot.internal.ClassLoaderAccessImpl - No temp ClassLoader provided; using live ClassLoader for loading potentially unsafe class : com.tallerwebi.dominio.Publicacion
00:28:52.492 [main] DEBUG org.hibernate.boot.internal.ClassLoaderAccessImpl - Not known whether passed class name [com.tallerwebi.dominio.Desafio] is safe
00:28:52.492 [main] DEBUG org.hibernate.boot.internal.ClassLoaderAccessImpl - No temp ClassLoader provided; using live ClassLoader for loading potentially unsafe class : com.tallerwebi.dominio.Desafio
00:28:52.503 [main] DEBUG org.hibernate.persister.collection.AbstractCollectionPersister - Static SQL for collection: com.tallerwebi.dominio.CategoriaAlimento.alimentos
00:28:52.503 [main] DEBUG org.hibernate.persister.collection.AbstractCollectionPersister -  Row insert: update Alimento set categoria_id=? where id=?
00:28:52.503 [main] DEBUG org.hibernate.persister.collection.AbstractCollectionPersister -  Row update: update Alimento set  where id=?
00:28:52.503 [main] DEBUG org.hibernate.persister.collection.AbstractCollectionPersister -  Row delete: update Alimento set categoria_id=null where categoria_id=? and id=?
00:28:52.503 [main] DEBUG org.hibernate.persister.collection.AbstractCollectionPersister -  One-shot delete: update Alimento set categoria_id=null where categoria_id=?
00:28:52.503 [main] DEBUG org.hibernate.persister.collection.AbstractCollectionPersister - Static SQL for collection: com.tallerwebi.dominio.Usuario.desafiosCompletados
00:28:52.503 [main] DEBUG org.hibernate.persister.collection.AbstractCollectionPersister -  Row insert: update DesafioUsuario set usuario_id=? where id=?
00:28:52.503 [main] DEBUG org.hibernate.persister.collection.AbstractCollectionPersister -  Row update: update DesafioUsuario set  where id=?
00:28:52.503 [main] DEBUG org.hibernate.persister.collection.AbstractCollectionPersister -  Row delete: update DesafioUsuario set usuario_id=null where usuario_id=? and id=?
00:28:52.503 [main] DEBUG org.hibernate.persister.collection.AbstractCollectionPersister -  One-shot delete: update DesafioUsuario set usuario_id=null where usuario_id=?
00:28:52.503 [main] DEBUG org.hibernate.persister.collection.AbstractCollectionPersister - Static SQL for collection: com.tallerwebi.dominio.Usuario.colaciones
00:28:52.503 [main] DEBUG org.hibernate.persister.collection.AbstractCollectionPersister -  Row insert: update Colacion set usuario_id=? where id=?
00:28:52.503 [main] DEBUG org.hibernate.persister.collection.AbstractCollectionPersister -  Row update: update Colacion set  where id=?
00:28:52.503 [main] DEBUG org.hibernate.persister.collection.AbstractCollectionPersister -  Row delete: update Colacion set usuario_id=null where usuario_id=? and id=?
00:28:52.503 [main] DEBUG org.hibernate.persister.collection.AbstractCollectionPersister -  One-shot delete: update Colacion set usuario_id=null where usuario_id=?
00:28:52.503 [main] DEBUG org.hibernate.persister.collection.AbstractCollectionPersister - Static SQL for collection: com.tallerwebi.dominio.Alimento.colaciones
00:28:52.503 [main] DEBUG org.hibernate.persister.collection.AbstractCollectionPersister -  Row insert: update Colacion set alimento_id=? where id=?
00:28:52.503 [main] DEBUG org.hibernate.persister.collection.AbstractCollectionPersister -  Row update: update Colacion set  where id=?
00:28:52.503 [main] DEBUG org.hibernate.persister.collection.AbstractCollectionPersister -  Row delete: update Colacion set alimento_id=null where alimento_id=? and id=?
00:28:52.503 [main] DEBUG org.hibernate.persister.collection.AbstractCollectionPersister -  One-shot delete: update Colacion set alimento_id=null where alimento_id=?
00:28:52.503 [main] DEBUG org.hibernate.persister.collection.AbstractCollectionPersister - Static SQL for collection: com.tallerwebi.dominio.Desafio.desafiosCompletados
00:28:52.503 [main] DEBUG org.hibernate.persister.collection.AbstractCollectionPersister -  Row insert: update DesafioUsuario set desafio_id=? where id=?
00:28:52.503 [main] DEBUG org.hibernate.persister.collection.AbstractCollectionPersister -  Row update: update DesafioUsuario set  where id=?
00:28:52.503 [main] DEBUG org.hibernate.persister.collection.AbstractCollectionPersister -  Row delete: update DesafioUsuario set desafio_id=null where desafio_id=? and id=?
00:28:52.503 [main] DEBUG org.hibernate.persister.collection.AbstractCollectionPersister -  One-shot delete: update DesafioUsuario set desafio_id=null where desafio_id=?
00:28:52.507 [main] DEBUG org.hibernate.persister.entity.AbstractEntityPersister - Static SQL for entity: com.tallerwebi.dominio.NotificacionUsuario
00:28:52.507 [main] DEBUG org.hibernate.persister.entity.AbstractEntityPersister -  Version select: select id from NotificacionUsuario where id =?
00:28:52.507 [main] DEBUG org.hibernate.persister.entity.AbstractEntityPersister -  Snapshot select: select notificaci_.id, notificaci_.fechaHora as fechahor2_10_, notificaci_.leida as leida3_10_, notificaci_.notificacion_id as notifica4_10_, notificaci_.usuario_id as usuario_5_10_ from NotificacionUsuario notificaci_ where notificaci_.id=?
00:28:52.507 [main] DEBUG org.hibernate.persister.entity.AbstractEntityPersister -  Insert 0: insert into NotificacionUsuario (fechaHora, leida, notificacion_id, usuario_id, id) values (?, ?, ?, ?, ?)
00:28:52.507 [main] DEBUG org.hibernate.persister.entity.AbstractEntityPersister -  Update 0: update NotificacionUsuario set fechaHora=?, leida=?, notificacion_id=?, usuario_id=? where id=?
00:28:52.507 [main] DEBUG org.hibernate.persister.entity.AbstractEntityPersister -  Delete 0: delete from NotificacionUsuario where id=?
00:28:52.507 [main] DEBUG org.hibernate.persister.entity.AbstractEntityPersister -  Identity insert: insert into NotificacionUsuario (id, fechaHora, leida, notificacion_id, usuario_id) values (default, ?, ?, ?, ?)
00:28:52.521 [main] DEBUG org.hibernate.loader.plan.build.internal.spaces.QuerySpacesImpl - Adding QuerySpace : uid = <gen:0> -> org.hibernate.loader.plan.build.internal.spaces.EntityQuerySpaceImpl@1c3d9e28]
00:28:52.522 [main] DEBUG org.hibernate.persister.walking.spi.MetamodelGraphWalker - Visiting attribute path : fechaHora
00:28:52.522 [main] DEBUG org.hibernate.persister.walking.spi.MetamodelGraphWalker - Visiting attribute path : leida
00:28:52.522 [main] DEBUG org.hibernate.persister.walking.spi.MetamodelGraphWalker - Visiting attribute path : notificacion
00:28:52.524 [main] DEBUG org.hibernate.loader.plan.build.internal.spaces.QuerySpacesImpl - Adding QuerySpace : uid = <gen:1> -> org.hibernate.loader.plan.build.internal.spaces.EntityQuerySpaceImpl@749f61a3]
00:28:52.526 [main] DEBUG org.hibernate.persister.walking.spi.MetamodelGraphWalker - Visiting attribute path : notificacion.contenido
00:28:52.526 [main] DEBUG org.hibernate.persister.walking.spi.MetamodelGraphWalker - Visiting attribute path : notificacion.titulo
00:28:52.526 [main] DEBUG org.hibernate.persister.walking.spi.MetamodelGraphWalker - Visiting attribute path : usuario
00:28:52.526 [main] DEBUG org.hibernate.loader.plan.build.internal.spaces.QuerySpacesImpl - Adding QuerySpace : uid = <gen:2> -> org.hibernate.loader.plan.build.internal.spaces.EntityQuerySpaceImpl@3dded90a]
00:28:52.526 [main] DEBUG org.hibernate.persister.walking.spi.MetamodelGraphWalker - Visiting attribute path : usuario.altura
00:28:52.526 [main] DEBUG org.hibernate.persister.walking.spi.MetamodelGraphWalker - Visiting attribute path : usuario.colaciones
00:28:52.526 [main] DEBUG org.hibernate.loader.plan.build.internal.spaces.QuerySpacesImpl - Adding QuerySpace : uid = <gen:3> -> org.hibernate.loader.plan.build.internal.spaces.CollectionQuerySpaceImpl@1eb6037d]
00:28:52.527 [main] DEBUG org.hibernate.loader.plan.build.internal.spaces.QuerySpacesImpl - Adding QuerySpace : uid = <gen:4> -> org.hibernate.loader.plan.build.internal.spaces.EntityQuerySpaceImpl@2430cf17]
00:28:52.527 [main] DEBUG org.hibernate.persister.walking.spi.MetamodelGraphWalker - Visiting attribute path : usuario.desafiosCompletados
00:28:52.528 [main] DEBUG org.hibernate.loader.plan.build.internal.spaces.QuerySpacesImpl - Adding QuerySpace : uid = <gen:5> -> org.hibernate.loader.plan.build.internal.spaces.CollectionQuerySpaceImpl@189633f2]
00:28:52.528 [main] DEBUG org.hibernate.loader.plan.build.internal.spaces.QuerySpacesImpl - Adding QuerySpace : uid = <gen:6> -> org.hibernate.loader.plan.build.internal.spaces.EntityQuerySpaceImpl@76b05c0]
00:28:52.528 [main] DEBUG org.hibernate.persister.walking.spi.MetamodelGraphWalker - Visiting attribute path : usuario.edad
00:28:52.528 [main] DEBUG org.hibernate.persister.walking.spi.MetamodelGraphWalker - Visiting attribute path : usuario.email
00:28:52.528 [main] DEBUG org.hibernate.persister.walking.spi.MetamodelGraphWalker - Visiting attribute path : usuario.genero
00:28:52.528 [main] DEBUG org.hibernate.persister.walking.spi.MetamodelGraphWalker - Visiting attribute path : usuario.imagen
00:28:52.528 [main] DEBUG org.hibernate.persister.walking.spi.MetamodelGraphWalker - Visiting attribute path : usuario.ingestaCalorica
00:28:52.528 [main] DEBUG org.hibernate.persister.walking.spi.MetamodelGraphWalker - Visiting attribute path : usuario.metaAlcanzarPeso
00:28:52.528 [main] DEBUG org.hibernate.persister.walking.spi.MetamodelGraphWalker - Visiting attribute path : usuario.nivelDeActividad
00:28:52.528 [main] DEBUG org.hibernate.persister.walking.spi.MetamodelGraphWalker - Visiting attribute path : usuario.nombre
00:28:52.528 [main] DEBUG org.hibernate.persister.walking.spi.MetamodelGraphWalker - Visiting attribute path : usuario.password
00:28:52.528 [main] DEBUG org.hibernate.persister.walking.spi.MetamodelGraphWalker - Visiting attribute path : usuario.peso
00:28:52.528 [main] DEBUG org.hibernate.persister.walking.spi.MetamodelGraphWalker - Visiting attribute path : usuario.pesoInicial
00:28:52.528 [main] DEBUG org.hibernate.persister.walking.spi.MetamodelGraphWalker - Visiting attribute path : usuario.premium
00:28:52.528 [main] DEBUG org.hibernate.loader.plan.build.internal.FetchStyleLoadPlanBuildingAssociationVisitationStrategy - Building LoadPlan...
00:28:52.534 [main] DEBUG org.hibernate.loader.plan.exec.internal.LoadQueryJoinAndFetchProcessor - processing queryspace <gen:0>
00:28:52.537 [main] DEBUG org.hibernate.loader.plan.build.spi.LoadPlanTreePrinter - LoadPlan(entity=com.tallerwebi.dominio.NotificacionUsuario)
    - Returns
       - EntityReturnImpl(entity=com.tallerwebi.dominio.NotificacionUsuario, querySpaceUid=<gen:0>, path=com.tallerwebi.dominio.NotificacionUsuario)
          - EntityAttributeFetchImpl(entity=com.tallerwebi.dominio.Notificacion, querySpaceUid=<gen:1>, path=com.tallerwebi.dominio.NotificacionUsuario.notificacion)
          - EntityAttributeFetchImpl(entity=com.tallerwebi.dominio.Usuario, querySpaceUid=<gen:2>, path=com.tallerwebi.dominio.NotificacionUsuario.usuario)
             - CollectionAttributeFetchImpl(collection=com.tallerwebi.dominio.Usuario.colaciones, querySpaceUid=<gen:3>, path=com.tallerwebi.dominio.NotificacionUsuario.usuario.colaciones)
                - (collection element) CollectionFetchableElementEntityGraph(entity=com.tallerwebi.dominio.Colacion, querySpaceUid=<gen:4>, path=com.tallerwebi.dominio.NotificacionUsuario.usuario.colaciones.<elements>)
             - CollectionAttributeFetchImpl(collection=com.tallerwebi.dominio.Usuario.desafiosCompletados, querySpaceUid=<gen:5>, path=com.tallerwebi.dominio.NotificacionUsuario.usuario.desafiosCompletados)
                - (collection element) CollectionFetchableElementEntityGraph(entity=com.tallerwebi.dominio.DesafioUsuario, querySpaceUid=<gen:6>, path=com.tallerwebi.dominio.NotificacionUsuario.usuario.desafiosCompletados.<elements>)
    - QuerySpaces
       - EntityQuerySpaceImpl(uid=<gen:0>, entity=com.tallerwebi.dominio.NotificacionUsuario)
          - SQL table alias mapping - notificaci0_
          - alias suffix - 0_
          - suffixed key columns - {id1_10_0_}
          - JOIN (JoinDefinedByMetadata(notificacion)) : <gen:0> -> <gen:1>
             - EntityQuerySpaceImpl(uid=<gen:1>, entity=com.tallerwebi.dominio.Notificacion)
                - SQL table alias mapping - notificaci1_
                - alias suffix - 1_
                - suffixed key columns - {id1_9_1_}
          - JOIN (JoinDefinedByMetadata(usuario)) : <gen:0> -> <gen:2>
             - EntityQuerySpaceImpl(uid=<gen:2>, entity=com.tallerwebi.dominio.Usuario)
                - SQL table alias mapping - usuario2_
                - alias suffix - 2_
                - suffixed key columns - {id1_17_2_}

00:28:52.537 [main] DEBUG org.hibernate.loader.entity.plan.EntityLoader - Static select for entity com.tallerwebi.dominio.NotificacionUsuario [NONE]: select notificaci0_.id as id1_10_0_, notificaci0_.fechaHora as fechahor2_10_0_, notificaci0_.leida as leida3_10_0_, notificaci0_.notificacion_id as notifica4_10_0_, notificaci0_.usuario_id as usuario_5_10_0_, notificaci1_.id as id1_9_1_, notificaci1_.contenido as contenid2_9_1_, notificaci1_.titulo as titulo3_9_1_, usuario2_.id as id1_17_2_, usuario2_.altura as altura2_17_2_, usuario2_.edad as edad3_17_2_, usuario2_.email as email4_17_2_, usuario2_.genero as genero5_17_2_, usuario2_.imagen as imagen6_17_2_, usuario2_.ingestaCalorica as ingestac7_17_2_, usuario2_.metaAlcanzarPeso as metaalca8_17_2_, usuario2_.nivelDeActividad as niveldea9_17_2_, usuario2_.nombre as nombre10_17_2_, usuario2_.password as passwor11_17_2_, usuario2_.peso as peso12_17_2_, usuario2_.pesoInicial as pesoini13_17_2_, usuario2_.premium as premium14_17_2_ from NotificacionUsuario notificaci0_ left outer join Notificacion notificaci1_ on notificaci0_.notificacion_id=notificaci1_.id left outer join Usuario usuario2_ on notificaci0_.usuario_id=usuario2_.id where notificaci0_.id=?
00:28:52.537 [main] DEBUG org.hibernate.persister.entity.AbstractEntityPersister - Static SQL for entity: com.tallerwebi.dominio.Usuario
00:28:52.537 [main] DEBUG org.hibernate.persister.entity.AbstractEntityPersister -  Version select: select id from Usuario where id =?
00:28:52.537 [main] DEBUG org.hibernate.persister.entity.AbstractEntityPersister -  Snapshot select: select usuario_.id, usuario_.altura as altura2_17_, usuario_.edad as edad3_17_, usuario_.email as email4_17_, usuario_.genero as genero5_17_, usuario_.imagen as imagen6_17_, usuario_.ingestaCalorica as ingestac7_17_, usuario_.metaAlcanzarPeso as metaalca8_17_, usuario_.nivelDeActividad as niveldea9_17_, usuario_.nombre as nombre10_17_, usuario_.password as passwor11_17_, usuario_.peso as peso12_17_, usuario_.pesoInicial as pesoini13_17_, usuario_.premium as premium14_17_ from Usuario usuario_ where usuario_.id=?
00:28:52.537 [main] DEBUG org.hibernate.persister.entity.AbstractEntityPersister -  Insert 0: insert into Usuario (altura, edad, email, genero, imagen, ingestaCalorica, metaAlcanzarPeso, nivelDeActividad, nombre, password, peso, pesoInicial, premium, id) values (?, ?, ?, ?, ?, ?, ?, ?, ?, ?, ?, ?, ?, ?)
00:28:52.537 [main] DEBUG org.hibernate.persister.entity.AbstractEntityPersister -  Update 0: update Usuario set altura=?, edad=?, email=?, genero=?, imagen=?, ingestaCalorica=?, metaAlcanzarPeso=?, nivelDeActividad=?, nombre=?, password=?, peso=?, pesoInicial=?, premium=? where id=?
00:28:52.537 [main] DEBUG org.hibernate.persister.entity.AbstractEntityPersister -  Delete 0: delete from Usuario where id=?
00:28:52.537 [main] DEBUG org.hibernate.persister.entity.AbstractEntityPersister -  Identity insert: insert into Usuario (id, altura, edad, email, genero, imagen, ingestaCalorica, metaAlcanzarPeso, nivelDeActividad, nombre, password, peso, pesoInicial, premium) values (default, ?, ?, ?, ?, ?, ?, ?, ?, ?, ?, ?, ?, ?)
00:28:52.539 [main] DEBUG org.hibernate.loader.plan.build.internal.spaces.QuerySpacesImpl - Adding QuerySpace : uid = <gen:0> -> org.hibernate.loader.plan.build.internal.spaces.EntityQuerySpaceImpl@66314fee]
00:28:52.539 [main] DEBUG org.hibernate.persister.walking.spi.MetamodelGraphWalker - Visiting attribute path : altura
00:28:52.539 [main] DEBUG org.hibernate.persister.walking.spi.MetamodelGraphWalker - Visiting attribute path : colaciones
00:28:52.539 [main] DEBUG org.hibernate.loader.plan.build.internal.spaces.QuerySpacesImpl - Adding QuerySpace : uid = <gen:1> -> org.hibernate.loader.plan.build.internal.spaces.CollectionQuerySpaceImpl@13404f75]
00:28:52.539 [main] DEBUG org.hibernate.loader.plan.build.internal.spaces.QuerySpacesImpl - Adding QuerySpace : uid = <gen:2> -> org.hibernate.loader.plan.build.internal.spaces.EntityQuerySpaceImpl@6cc90398]
00:28:52.539 [main] DEBUG org.hibernate.persister.walking.spi.MetamodelGraphWalker - Visiting attribute path : desafiosCompletados
00:28:52.539 [main] DEBUG org.hibernate.loader.plan.build.internal.spaces.QuerySpacesImpl - Adding QuerySpace : uid = <gen:3> -> org.hibernate.loader.plan.build.internal.spaces.CollectionQuerySpaceImpl@6b6fd0]
00:28:52.539 [main] DEBUG org.hibernate.loader.plan.build.internal.spaces.QuerySpacesImpl - Adding QuerySpace : uid = <gen:4> -> org.hibernate.loader.plan.build.internal.spaces.EntityQuerySpaceImpl@3d718248]
00:28:52.539 [main] DEBUG org.hibernate.persister.walking.spi.MetamodelGraphWalker - Visiting attribute path : edad
00:28:52.539 [main] DEBUG org.hibernate.persister.walking.spi.MetamodelGraphWalker - Visiting attribute path : email
00:28:52.539 [main] DEBUG org.hibernate.persister.walking.spi.MetamodelGraphWalker - Visiting attribute path : genero
00:28:52.539 [main] DEBUG org.hibernate.persister.walking.spi.MetamodelGraphWalker - Visiting attribute path : imagen
00:28:52.539 [main] DEBUG org.hibernate.persister.walking.spi.MetamodelGraphWalker - Visiting attribute path : ingestaCalorica
00:28:52.539 [main] DEBUG org.hibernate.persister.walking.spi.MetamodelGraphWalker - Visiting attribute path : metaAlcanzarPeso
00:28:52.539 [main] DEBUG org.hibernate.persister.walking.spi.MetamodelGraphWalker - Visiting attribute path : nivelDeActividad
00:28:52.539 [main] DEBUG org.hibernate.persister.walking.spi.MetamodelGraphWalker - Visiting attribute path : nombre
00:28:52.539 [main] DEBUG org.hibernate.persister.walking.spi.MetamodelGraphWalker - Visiting attribute path : password
00:28:52.539 [main] DEBUG org.hibernate.persister.walking.spi.MetamodelGraphWalker - Visiting attribute path : peso
00:28:52.539 [main] DEBUG org.hibernate.persister.walking.spi.MetamodelGraphWalker - Visiting attribute path : pesoInicial
00:28:52.539 [main] DEBUG org.hibernate.persister.walking.spi.MetamodelGraphWalker - Visiting attribute path : premium
00:28:52.539 [main] DEBUG org.hibernate.loader.plan.build.internal.FetchStyleLoadPlanBuildingAssociationVisitationStrategy - Building LoadPlan...
00:28:52.539 [main] DEBUG org.hibernate.loader.plan.exec.internal.LoadQueryJoinAndFetchProcessor - processing queryspace <gen:0>
00:28:52.539 [main] DEBUG org.hibernate.loader.plan.build.spi.LoadPlanTreePrinter - LoadPlan(entity=com.tallerwebi.dominio.Usuario)
    - Returns
       - EntityReturnImpl(entity=com.tallerwebi.dominio.Usuario, querySpaceUid=<gen:0>, path=com.tallerwebi.dominio.Usuario)
          - CollectionAttributeFetchImpl(collection=com.tallerwebi.dominio.Usuario.colaciones, querySpaceUid=<gen:1>, path=com.tallerwebi.dominio.Usuario.colaciones)
             - (collection element) CollectionFetchableElementEntityGraph(entity=com.tallerwebi.dominio.Colacion, querySpaceUid=<gen:2>, path=com.tallerwebi.dominio.Usuario.colaciones.<elements>)
          - CollectionAttributeFetchImpl(collection=com.tallerwebi.dominio.Usuario.desafiosCompletados, querySpaceUid=<gen:3>, path=com.tallerwebi.dominio.Usuario.desafiosCompletados)
             - (collection element) CollectionFetchableElementEntityGraph(entity=com.tallerwebi.dominio.DesafioUsuario, querySpaceUid=<gen:4>, path=com.tallerwebi.dominio.Usuario.desafiosCompletados.<elements>)
    - QuerySpaces
       - EntityQuerySpaceImpl(uid=<gen:0>, entity=com.tallerwebi.dominio.Usuario)
          - SQL table alias mapping - usuario0_
          - alias suffix - 0_
          - suffixed key columns - {id1_17_0_}

00:28:52.539 [main] DEBUG org.hibernate.loader.entity.plan.EntityLoader - Static select for entity com.tallerwebi.dominio.Usuario [NONE]: select usuario0_.id as id1_17_0_, usuario0_.altura as altura2_17_0_, usuario0_.edad as edad3_17_0_, usuario0_.email as email4_17_0_, usuario0_.genero as genero5_17_0_, usuario0_.imagen as imagen6_17_0_, usuario0_.ingestaCalorica as ingestac7_17_0_, usuario0_.metaAlcanzarPeso as metaalca8_17_0_, usuario0_.nivelDeActividad as niveldea9_17_0_, usuario0_.nombre as nombre10_17_0_, usuario0_.password as passwor11_17_0_, usuario0_.peso as peso12_17_0_, usuario0_.pesoInicial as pesoini13_17_0_, usuario0_.premium as premium14_17_0_ from Usuario usuario0_ where usuario0_.id=?
00:28:52.539 [main] DEBUG org.hibernate.persister.entity.AbstractEntityPersister - Static SQL for entity: com.tallerwebi.dominio.Colacion
00:28:52.539 [main] DEBUG org.hibernate.persister.entity.AbstractEntityPersister -  Version select: select id from Colacion where id =?
00:28:52.539 [main] DEBUG org.hibernate.persister.entity.AbstractEntityPersister -  Snapshot select: select colacion_.id, colacion_.alimento_id as alimento5_2_, colacion_.cantidad as cantidad2_2_, colacion_.fecha as fecha3_2_, colacion_.tipo as tipo4_2_, colacion_.usuario_id as usuario_6_2_ from Colacion colacion_ where colacion_.id=?
00:28:52.539 [main] DEBUG org.hibernate.persister.entity.AbstractEntityPersister -  Insert 0: insert into Colacion (alimento_id, cantidad, fecha, tipo, usuario_id, id) values (?, ?, ?, ?, ?, ?)
00:28:52.539 [main] DEBUG org.hibernate.persister.entity.AbstractEntityPersister -  Update 0: update Colacion set alimento_id=?, cantidad=?, fecha=?, tipo=?, usuario_id=? where id=?
00:28:52.539 [main] DEBUG org.hibernate.persister.entity.AbstractEntityPersister -  Delete 0: delete from Colacion where id=?
00:28:52.539 [main] DEBUG org.hibernate.persister.entity.AbstractEntityPersister -  Identity insert: insert into Colacion (id, alimento_id, cantidad, fecha, tipo, usuario_id) values (default, ?, ?, ?, ?, ?)
00:28:52.539 [main] DEBUG org.hibernate.loader.plan.build.internal.spaces.QuerySpacesImpl - Adding QuerySpace : uid = <gen:0> -> org.hibernate.loader.plan.build.internal.spaces.EntityQuerySpaceImpl@2cdb5974]
00:28:52.539 [main] DEBUG org.hibernate.persister.walking.spi.MetamodelGraphWalker - Visiting attribute path : alimentos
00:28:52.539 [main] DEBUG org.hibernate.loader.plan.build.internal.spaces.QuerySpacesImpl - Adding QuerySpace : uid = <gen:1> -> org.hibernate.loader.plan.build.internal.spaces.EntityQuerySpaceImpl@53e4a19e]
00:28:52.539 [main] DEBUG org.hibernate.persister.walking.spi.MetamodelGraphWalker - Visiting attribute path : alimentos.azucar
00:28:52.539 [main] DEBUG org.hibernate.persister.walking.spi.MetamodelGraphWalker - Visiting attribute path : alimentos.baseAzucar
00:28:52.539 [main] DEBUG org.hibernate.persister.walking.spi.MetamodelGraphWalker - Visiting attribute path : alimentos.baseCalorias
00:28:52.539 [main] DEBUG org.hibernate.persister.walking.spi.MetamodelGraphWalker - Visiting attribute path : alimentos.baseCarbohidratos
00:28:52.539 [main] DEBUG org.hibernate.persister.walking.spi.MetamodelGraphWalker - Visiting attribute path : alimentos.baseColesterol
00:28:52.539 [main] DEBUG org.hibernate.persister.walking.spi.MetamodelGraphWalker - Visiting attribute path : alimentos.baseEnergia
00:28:52.539 [main] DEBUG org.hibernate.persister.walking.spi.MetamodelGraphWalker - Visiting attribute path : alimentos.baseFibra
00:28:52.539 [main] DEBUG org.hibernate.persister.walking.spi.MetamodelGraphWalker - Visiting attribute path : alimentos.baseGrasa
00:28:52.539 [main] DEBUG org.hibernate.persister.walking.spi.MetamodelGraphWalker - Visiting attribute path : alimentos.baseGrasaMonoinsaturada
00:28:52.539 [main] DEBUG org.hibernate.persister.walking.spi.MetamodelGraphWalker - Visiting attribute path : alimentos.baseGrasaPoliinsaturada
00:28:52.539 [main] DEBUG org.hibernate.persister.walking.spi.MetamodelGraphWalker - Visiting attribute path : alimentos.baseGrasaSaturada
00:28:52.539 [main] DEBUG org.hibernate.persister.walking.spi.MetamodelGraphWalker - Visiting attribute path : alimentos.basePotasio
00:28:52.539 [main] DEBUG org.hibernate.persister.walking.spi.MetamodelGraphWalker - Visiting attribute path : alimentos.baseProteina
00:28:52.539 [main] DEBUG org.hibernate.persister.walking.spi.MetamodelGraphWalker - Visiting attribute path : alimentos.baseSodio
00:28:52.539 [main] DEBUG org.hibernate.persister.walking.spi.MetamodelGraphWalker - Visiting attribute path : alimentos.calorias
00:28:52.539 [main] DEBUG org.hibernate.persister.walking.spi.MetamodelGraphWalker - Visiting attribute path : alimentos.cantidad
00:28:52.539 [main] DEBUG org.hibernate.persister.walking.spi.MetamodelGraphWalker - Visiting attribute path : alimentos.carbohidratos
00:28:52.539 [main] DEBUG org.hibernate.persister.walking.spi.MetamodelGraphWalker - Visiting attribute path : alimentos.categoria
00:28:52.539 [main] DEBUG org.hibernate.loader.plan.build.internal.spaces.QuerySpacesImpl - Adding QuerySpace : uid = <gen:2> -> org.hibernate.loader.plan.build.internal.spaces.EntityQuerySpaceImpl@1450ffa3]
00:28:52.540 [main] DEBUG org.hibernate.persister.walking.spi.MetamodelGraphWalker - Visiting attribute path : alimentos.categoria.alimentos
00:28:52.540 [main] DEBUG org.hibernate.persister.walking.spi.MetamodelGraphWalker - Property path deemed to be circular : alimentos.categoria.alimentos
00:28:52.540 [main] DEBUG org.hibernate.persister.walking.spi.MetamodelGraphWalker - Visiting attribute path : alimentos.categoria.imagen
00:28:52.540 [main] DEBUG org.hibernate.persister.walking.spi.MetamodelGraphWalker - Visiting attribute path : alimentos.categoria.nombre
00:28:52.540 [main] DEBUG org.hibernate.persister.walking.spi.MetamodelGraphWalker - Visiting attribute path : alimentos.colaciones
00:28:52.540 [main] DEBUG org.hibernate.persister.walking.spi.MetamodelGraphWalker - Property path deemed to be circular : alimentos.colaciones
00:28:52.540 [main] DEBUG org.hibernate.persister.walking.spi.MetamodelGraphWalker - Visiting attribute path : alimentos.colesterol
00:28:52.540 [main] DEBUG org.hibernate.persister.walking.spi.MetamodelGraphWalker - Visiting attribute path : alimentos.energia
00:28:52.540 [main] DEBUG org.hibernate.persister.walking.spi.MetamodelGraphWalker - Visiting attribute path : alimentos.esPersonalizado
00:28:52.540 [main] DEBUG org.hibernate.persister.walking.spi.MetamodelGraphWalker - Visiting attribute path : alimentos.fibra
00:28:52.540 [main] DEBUG org.hibernate.persister.walking.spi.MetamodelGraphWalker - Visiting attribute path : alimentos.grasa
00:28:52.540 [main] DEBUG org.hibernate.persister.walking.spi.MetamodelGraphWalker - Visiting attribute path : alimentos.grasaMonoinsaturada
00:28:52.540 [main] DEBUG org.hibernate.persister.walking.spi.MetamodelGraphWalker - Visiting attribute path : alimentos.grasaPoliinsaturada
00:28:52.540 [main] DEBUG org.hibernate.persister.walking.spi.MetamodelGraphWalker - Visiting attribute path : alimentos.grasaSaturada
00:28:52.540 [main] DEBUG org.hibernate.persister.walking.spi.MetamodelGraphWalker - Visiting attribute path : alimentos.imagen
00:28:52.540 [main] DEBUG org.hibernate.persister.walking.spi.MetamodelGraphWalker - Visiting attribute path : alimentos.nombre
00:28:52.540 [main] DEBUG org.hibernate.persister.walking.spi.MetamodelGraphWalker - Visiting attribute path : alimentos.potasio
00:28:52.540 [main] DEBUG org.hibernate.persister.walking.spi.MetamodelGraphWalker - Visiting attribute path : alimentos.proteina
00:28:52.540 [main] DEBUG org.hibernate.persister.walking.spi.MetamodelGraphWalker - Visiting attribute path : alimentos.sodio
00:28:52.540 [main] DEBUG org.hibernate.persister.walking.spi.MetamodelGraphWalker - Visiting attribute path : cantidad
00:28:52.540 [main] DEBUG org.hibernate.persister.walking.spi.MetamodelGraphWalker - Visiting attribute path : fecha
00:28:52.540 [main] DEBUG org.hibernate.persister.walking.spi.MetamodelGraphWalker - Visiting attribute path : tipo
00:28:52.540 [main] DEBUG org.hibernate.persister.walking.spi.MetamodelGraphWalker - Visiting attribute path : usuario
00:28:52.540 [main] DEBUG org.hibernate.loader.plan.build.internal.spaces.QuerySpacesImpl - Adding QuerySpace : uid = <gen:3> -> org.hibernate.loader.plan.build.internal.spaces.EntityQuerySpaceImpl@7962a746]
00:28:52.540 [main] DEBUG org.hibernate.persister.walking.spi.MetamodelGraphWalker - Visiting attribute path : usuario.altura
00:28:52.540 [main] DEBUG org.hibernate.persister.walking.spi.MetamodelGraphWalker - Visiting attribute path : usuario.colaciones
00:28:52.540 [main] DEBUG org.hibernate.persister.walking.spi.MetamodelGraphWalker - Property path deemed to be circular : usuario.colaciones
00:28:52.540 [main] DEBUG org.hibernate.persister.walking.spi.MetamodelGraphWalker - Visiting attribute path : usuario.desafiosCompletados
00:28:52.540 [main] DEBUG org.hibernate.loader.plan.build.internal.spaces.QuerySpacesImpl - Adding QuerySpace : uid = <gen:4> -> org.hibernate.loader.plan.build.internal.spaces.CollectionQuerySpaceImpl@7a7f9d45]
00:28:52.540 [main] DEBUG org.hibernate.loader.plan.build.internal.spaces.QuerySpacesImpl - Adding QuerySpace : uid = <gen:5> -> org.hibernate.loader.plan.build.internal.spaces.EntityQuerySpaceImpl@772cf46b]
00:28:52.540 [main] DEBUG org.hibernate.persister.walking.spi.MetamodelGraphWalker - Visiting attribute path : usuario.edad
00:28:52.540 [main] DEBUG org.hibernate.persister.walking.spi.MetamodelGraphWalker - Visiting attribute path : usuario.email
00:28:52.540 [main] DEBUG org.hibernate.persister.walking.spi.MetamodelGraphWalker - Visiting attribute path : usuario.genero
00:28:52.540 [main] DEBUG org.hibernate.persister.walking.spi.MetamodelGraphWalker - Visiting attribute path : usuario.imagen
00:28:52.540 [main] DEBUG org.hibernate.persister.walking.spi.MetamodelGraphWalker - Visiting attribute path : usuario.ingestaCalorica
00:28:52.540 [main] DEBUG org.hibernate.persister.walking.spi.MetamodelGraphWalker - Visiting attribute path : usuario.metaAlcanzarPeso
00:28:52.540 [main] DEBUG org.hibernate.persister.walking.spi.MetamodelGraphWalker - Visiting attribute path : usuario.nivelDeActividad
00:28:52.540 [main] DEBUG org.hibernate.persister.walking.spi.MetamodelGraphWalker - Visiting attribute path : usuario.nombre
00:28:52.540 [main] DEBUG org.hibernate.persister.walking.spi.MetamodelGraphWalker - Visiting attribute path : usuario.password
00:28:52.540 [main] DEBUG org.hibernate.persister.walking.spi.MetamodelGraphWalker - Visiting attribute path : usuario.peso
00:28:52.540 [main] DEBUG org.hibernate.persister.walking.spi.MetamodelGraphWalker - Visiting attribute path : usuario.pesoInicial
00:28:52.540 [main] DEBUG org.hibernate.persister.walking.spi.MetamodelGraphWalker - Visiting attribute path : usuario.premium
00:28:52.540 [main] DEBUG org.hibernate.loader.plan.build.internal.FetchStyleLoadPlanBuildingAssociationVisitationStrategy - Building LoadPlan...
00:28:52.540 [main] DEBUG org.hibernate.loader.plan.exec.internal.LoadQueryJoinAndFetchProcessor - processing queryspace <gen:0>
00:28:52.541 [main] DEBUG org.hibernate.loader.plan.build.spi.LoadPlanTreePrinter - LoadPlan(entity=com.tallerwebi.dominio.Colacion)
    - Returns
       - EntityReturnImpl(entity=com.tallerwebi.dominio.Colacion, querySpaceUid=<gen:0>, path=com.tallerwebi.dominio.Colacion)
          - EntityAttributeFetchImpl(entity=com.tallerwebi.dominio.Alimento, querySpaceUid=<gen:1>, path=com.tallerwebi.dominio.Colacion.alimentos)
             - EntityAttributeFetchImpl(entity=com.tallerwebi.dominio.CategoriaAlimento, querySpaceUid=<gen:2>, path=com.tallerwebi.dominio.Colacion.alimentos.categoria)
          - EntityAttributeFetchImpl(entity=com.tallerwebi.dominio.Usuario, querySpaceUid=<gen:3>, path=com.tallerwebi.dominio.Colacion.usuario)
             - CollectionAttributeFetchImpl(collection=com.tallerwebi.dominio.Usuario.desafiosCompletados, querySpaceUid=<gen:4>, path=com.tallerwebi.dominio.Colacion.usuario.desafiosCompletados)
                - (collection element) CollectionFetchableElementEntityGraph(entity=com.tallerwebi.dominio.DesafioUsuario, querySpaceUid=<gen:5>, path=com.tallerwebi.dominio.Colacion.usuario.desafiosCompletados.<elements>)
    - QuerySpaces
       - EntityQuerySpaceImpl(uid=<gen:0>, entity=com.tallerwebi.dominio.Colacion)
          - SQL table alias mapping - colacion0_
          - alias suffix - 0_
          - suffixed key columns - {id1_2_0_}
          - JOIN (JoinDefinedByMetadata(alimentos)) : <gen:0> -> <gen:1>
             - EntityQuerySpaceImpl(uid=<gen:1>, entity=com.tallerwebi.dominio.Alimento)
                - SQL table alias mapping - alimento1_
                - alias suffix - 1_
                - suffixed key columns - {id1_0_1_}
                - JOIN (JoinDefinedByMetadata(categoria)) : <gen:1> -> <gen:2>
                   - EntityQuerySpaceImpl(uid=<gen:2>, entity=com.tallerwebi.dominio.CategoriaAlimento)
                      - SQL table alias mapping - categoriaa2_
                      - alias suffix - 2_
                      - suffixed key columns - {id1_1_2_}
          - JOIN (JoinDefinedByMetadata(usuario)) : <gen:0> -> <gen:3>
             - EntityQuerySpaceImpl(uid=<gen:3>, entity=com.tallerwebi.dominio.Usuario)
                - SQL table alias mapping - usuario3_
                - alias suffix - 3_
                - suffixed key columns - {id1_17_3_}

00:28:52.541 [main] DEBUG org.hibernate.loader.entity.plan.EntityLoader - Static select for entity com.tallerwebi.dominio.Colacion [NONE]: select colacion0_.id as id1_2_0_, colacion0_.alimento_id as alimento5_2_0_, colacion0_.cantidad as cantidad2_2_0_, colacion0_.fecha as fecha3_2_0_, colacion0_.tipo as tipo4_2_0_, colacion0_.usuario_id as usuario_6_2_0_, alimento1_.id as id1_0_1_, alimento1_.azucar as azucar2_0_1_, alimento1_.baseAzucar as baseazuc3_0_1_, alimento1_.baseCalorias as basecalo4_0_1_, alimento1_.baseCarbohidratos as basecarb5_0_1_, alimento1_.baseColesterol as basecole6_0_1_, alimento1_.baseEnergia as baseener7_0_1_, alimento1_.baseFibra as basefibr8_0_1_, alimento1_.baseGrasa as basegras9_0_1_, alimento1_.baseGrasaMonoinsaturada as basegra10_0_1_, alimento1_.baseGrasaPoliinsaturada as basegra11_0_1_, alimento1_.baseGrasaSaturada as basegra12_0_1_, alimento1_.basePotasio as basepot13_0_1_, alimento1_.baseProteina as basepro14_0_1_, alimento1_.baseSodio as basesod15_0_1_, alimento1_.calorias as caloria16_0_1_, alimento1_.cantidad as cantida17_0_1_, alimento1_.carbohidratos as carbohi18_0_1_, alimento1_.categoria_id as categor32_0_1_, alimento1_.colesterol as coleste19_0_1_, alimento1_.energia as energia20_0_1_, alimento1_.esPersonalizado as esperso21_0_1_, alimento1_.fibra as fibra22_0_1_, alimento1_.grasa as grasa23_0_1_, alimento1_.grasaMonoinsaturada as grasamo24_0_1_, alimento1_.grasaPoliinsaturada as grasapo25_0_1_, alimento1_.grasaSaturada as grasasa26_0_1_, alimento1_.imagen as imagen27_0_1_, alimento1_.nombre as nombre28_0_1_, alimento1_.potasio as potasio29_0_1_, alimento1_.proteina as protein30_0_1_, alimento1_.sodio as sodio31_0_1_, categoriaa2_.id as id1_1_2_, categoriaa2_.imagen as imagen2_1_2_, categoriaa2_.nombre as nombre3_1_2_, usuario3_.id as id1_17_3_, usuario3_.altura as altura2_17_3_, usuario3_.edad as edad3_17_3_, usuario3_.email as email4_17_3_, usuario3_.genero as genero5_17_3_, usuario3_.imagen as imagen6_17_3_, usuario3_.ingestaCalorica as ingestac7_17_3_, usuario3_.metaAlcanzarPeso as metaalca8_17_3_, usuario3_.nivelDeActividad as niveldea9_17_3_, usuario3_.nombre as nombre10_17_3_, usuario3_.password as passwor11_17_3_, usuario3_.peso as peso12_17_3_, usuario3_.pesoInicial as pesoini13_17_3_, usuario3_.premium as premium14_17_3_ from Colacion colacion0_ left outer join Alimento alimento1_ on colacion0_.alimento_id=alimento1_.id left outer join CategoriaAlimento categoriaa2_ on alimento1_.categoria_id=categoriaa2_.id left outer join Usuario usuario3_ on colacion0_.usuario_id=usuario3_.id where colacion0_.id=?
00:28:52.541 [main] DEBUG org.hibernate.persister.entity.AbstractEntityPersister - Static SQL for entity: com.tallerwebi.dominio.Respuesta
00:28:52.541 [main] DEBUG org.hibernate.persister.entity.AbstractEntityPersister -  Version select: select id from Respuesta where id =?
00:28:52.541 [main] DEBUG org.hibernate.persister.entity.AbstractEntityPersister -  Snapshot select: select respuesta_.id, respuesta_.contenido as contenid2_16_, respuesta_.fechaCreacion as fechacre3_16_, respuesta_.fechaFormateada as fechafor4_16_, respuesta_.usuario_id as usuario_5_16_ from Respuesta respuesta_ where respuesta_.id=?
00:28:52.541 [main] DEBUG org.hibernate.persister.entity.AbstractEntityPersister -  Insert 0: insert into Respuesta (contenido, fechaCreacion, fechaFormateada, usuario_id, id) values (?, ?, ?, ?, ?)
00:28:52.541 [main] DEBUG org.hibernate.persister.entity.AbstractEntityPersister -  Update 0: update Respuesta set contenido=?, fechaCreacion=?, fechaFormateada=?, usuario_id=? where id=?
00:28:52.541 [main] DEBUG org.hibernate.persister.entity.AbstractEntityPersister -  Delete 0: delete from Respuesta where id=?
00:28:52.541 [main] DEBUG org.hibernate.persister.entity.AbstractEntityPersister -  Identity insert: insert into Respuesta (id, contenido, fechaCreacion, fechaFormateada, usuario_id) values (default, ?, ?, ?, ?)
00:28:52.541 [main] DEBUG org.hibernate.loader.plan.build.internal.spaces.QuerySpacesImpl - Adding QuerySpace : uid = <gen:0> -> org.hibernate.loader.plan.build.internal.spaces.EntityQuerySpaceImpl@1b98355f]
00:28:52.541 [main] DEBUG org.hibernate.persister.walking.spi.MetamodelGraphWalker - Visiting attribute path : contenido
00:28:52.541 [main] DEBUG org.hibernate.persister.walking.spi.MetamodelGraphWalker - Visiting attribute path : fechaCreacion
00:28:52.541 [main] DEBUG org.hibernate.persister.walking.spi.MetamodelGraphWalker - Visiting attribute path : fechaFormateada
00:28:52.541 [main] DEBUG org.hibernate.persister.walking.spi.MetamodelGraphWalker - Visiting attribute path : usuario
00:28:52.541 [main] DEBUG org.hibernate.loader.plan.build.internal.spaces.QuerySpacesImpl - Adding QuerySpace : uid = <gen:1> -> org.hibernate.loader.plan.build.internal.spaces.EntityQuerySpaceImpl@f5ae29e]
00:28:52.541 [main] DEBUG org.hibernate.persister.walking.spi.MetamodelGraphWalker - Visiting attribute path : usuario.altura
00:28:52.541 [main] DEBUG org.hibernate.persister.walking.spi.MetamodelGraphWalker - Visiting attribute path : usuario.colaciones
00:28:52.541 [main] DEBUG org.hibernate.loader.plan.build.internal.spaces.QuerySpacesImpl - Adding QuerySpace : uid = <gen:2> -> org.hibernate.loader.plan.build.internal.spaces.CollectionQuerySpaceImpl@45ad3cd8]
00:28:52.541 [main] DEBUG org.hibernate.loader.plan.build.internal.spaces.QuerySpacesImpl - Adding QuerySpace : uid = <gen:3> -> org.hibernate.loader.plan.build.internal.spaces.EntityQuerySpaceImpl@2b90cc1]
00:28:52.541 [main] DEBUG org.hibernate.persister.walking.spi.MetamodelGraphWalker - Visiting attribute path : usuario.desafiosCompletados
00:28:52.541 [main] DEBUG org.hibernate.loader.plan.build.internal.spaces.QuerySpacesImpl - Adding QuerySpace : uid = <gen:4> -> org.hibernate.loader.plan.build.internal.spaces.CollectionQuerySpaceImpl@5a2f401a]
00:28:52.541 [main] DEBUG org.hibernate.loader.plan.build.internal.spaces.QuerySpacesImpl - Adding QuerySpace : uid = <gen:5> -> org.hibernate.loader.plan.build.internal.spaces.EntityQuerySpaceImpl@6bdedbbd]
00:28:52.541 [main] DEBUG org.hibernate.persister.walking.spi.MetamodelGraphWalker - Visiting attribute path : usuario.edad
00:28:52.541 [main] DEBUG org.hibernate.persister.walking.spi.MetamodelGraphWalker - Visiting attribute path : usuario.email
00:28:52.541 [main] DEBUG org.hibernate.persister.walking.spi.MetamodelGraphWalker - Visiting attribute path : usuario.genero
00:28:52.541 [main] DEBUG org.hibernate.persister.walking.spi.MetamodelGraphWalker - Visiting attribute path : usuario.imagen
00:28:52.541 [main] DEBUG org.hibernate.persister.walking.spi.MetamodelGraphWalker - Visiting attribute path : usuario.ingestaCalorica
00:28:52.541 [main] DEBUG org.hibernate.persister.walking.spi.MetamodelGraphWalker - Visiting attribute path : usuario.metaAlcanzarPeso
00:28:52.541 [main] DEBUG org.hibernate.persister.walking.spi.MetamodelGraphWalker - Visiting attribute path : usuario.nivelDeActividad
00:28:52.541 [main] DEBUG org.hibernate.persister.walking.spi.MetamodelGraphWalker - Visiting attribute path : usuario.nombre
00:28:52.541 [main] DEBUG org.hibernate.persister.walking.spi.MetamodelGraphWalker - Visiting attribute path : usuario.password
00:28:52.541 [main] DEBUG org.hibernate.persister.walking.spi.MetamodelGraphWalker - Visiting attribute path : usuario.peso
00:28:52.541 [main] DEBUG org.hibernate.persister.walking.spi.MetamodelGraphWalker - Visiting attribute path : usuario.pesoInicial
00:28:52.541 [main] DEBUG org.hibernate.persister.walking.spi.MetamodelGraphWalker - Visiting attribute path : usuario.premium
00:28:52.541 [main] DEBUG org.hibernate.loader.plan.build.internal.FetchStyleLoadPlanBuildingAssociationVisitationStrategy - Building LoadPlan...
00:28:52.541 [main] DEBUG org.hibernate.loader.plan.exec.internal.LoadQueryJoinAndFetchProcessor - processing queryspace <gen:0>
00:28:52.541 [main] DEBUG org.hibernate.loader.plan.build.spi.LoadPlanTreePrinter - LoadPlan(entity=com.tallerwebi.dominio.Respuesta)
    - Returns
       - EntityReturnImpl(entity=com.tallerwebi.dominio.Respuesta, querySpaceUid=<gen:0>, path=com.tallerwebi.dominio.Respuesta)
          - EntityAttributeFetchImpl(entity=com.tallerwebi.dominio.Usuario, querySpaceUid=<gen:1>, path=com.tallerwebi.dominio.Respuesta.usuario)
             - CollectionAttributeFetchImpl(collection=com.tallerwebi.dominio.Usuario.colaciones, querySpaceUid=<gen:2>, path=com.tallerwebi.dominio.Respuesta.usuario.colaciones)
                - (collection element) CollectionFetchableElementEntityGraph(entity=com.tallerwebi.dominio.Colacion, querySpaceUid=<gen:3>, path=com.tallerwebi.dominio.Respuesta.usuario.colaciones.<elements>)
             - CollectionAttributeFetchImpl(collection=com.tallerwebi.dominio.Usuario.desafiosCompletados, querySpaceUid=<gen:4>, path=com.tallerwebi.dominio.Respuesta.usuario.desafiosCompletados)
                - (collection element) CollectionFetchableElementEntityGraph(entity=com.tallerwebi.dominio.DesafioUsuario, querySpaceUid=<gen:5>, path=com.tallerwebi.dominio.Respuesta.usuario.desafiosCompletados.<elements>)
    - QuerySpaces
       - EntityQuerySpaceImpl(uid=<gen:0>, entity=com.tallerwebi.dominio.Respuesta)
          - SQL table alias mapping - respuesta0_
          - alias suffix - 0_
          - suffixed key columns - {id1_16_0_}
          - JOIN (JoinDefinedByMetadata(usuario)) : <gen:0> -> <gen:1>
             - EntityQuerySpaceImpl(uid=<gen:1>, entity=com.tallerwebi.dominio.Usuario)
                - SQL table alias mapping - usuario1_
                - alias suffix - 1_
                - suffixed key columns - {id1_17_1_}

00:28:52.541 [main] DEBUG org.hibernate.loader.entity.plan.EntityLoader - Static select for entity com.tallerwebi.dominio.Respuesta [NONE]: select respuesta0_.id as id1_16_0_, respuesta0_.contenido as contenid2_16_0_, respuesta0_.fechaCreacion as fechacre3_16_0_, respuesta0_.fechaFormateada as fechafor4_16_0_, respuesta0_.usuario_id as usuario_5_16_0_, usuario1_.id as id1_17_1_, usuario1_.altura as altura2_17_1_, usuario1_.edad as edad3_17_1_, usuario1_.email as email4_17_1_, usuario1_.genero as genero5_17_1_, usuario1_.imagen as imagen6_17_1_, usuario1_.ingestaCalorica as ingestac7_17_1_, usuario1_.metaAlcanzarPeso as metaalca8_17_1_, usuario1_.nivelDeActividad as niveldea9_17_1_, usuario1_.nombre as nombre10_17_1_, usuario1_.password as passwor11_17_1_, usuario1_.peso as peso12_17_1_, usuario1_.pesoInicial as pesoini13_17_1_, usuario1_.premium as premium14_17_1_ from Respuesta respuesta0_ left outer join Usuario usuario1_ on respuesta0_.usuario_id=usuario1_.id where respuesta0_.id=?
00:28:52.541 [main] DEBUG org.hibernate.persister.entity.AbstractEntityPersister - Static SQL for entity: com.tallerwebi.dominio.DesafioUsuario
00:28:52.541 [main] DEBUG org.hibernate.persister.entity.AbstractEntityPersister -  Version select: select id from DesafioUsuario where id =?
00:28:52.541 [main] DEBUG org.hibernate.persister.entity.AbstractEntityPersister -  Snapshot select: select desafiousu_.id, desafiousu_.completado as completa2_4_, desafiousu_.desafio_id as desafio_6_4_, desafiousu_.fechaFin as fechafin3_4_, desafiousu_.fechaInicio as fechaini4_4_, desafiousu_.nombre as nombre5_4_, desafiousu_.usuario_id as usuario_7_4_ from DesafioUsuario desafiousu_ where desafiousu_.id=?
00:28:52.541 [main] DEBUG org.hibernate.persister.entity.AbstractEntityPersister -  Insert 0: insert into DesafioUsuario (completado, desafio_id, fechaFin, fechaInicio, nombre, usuario_id, id) values (?, ?, ?, ?, ?, ?, ?)
00:28:52.541 [main] DEBUG org.hibernate.persister.entity.AbstractEntityPersister -  Update 0: update DesafioUsuario set completado=?, desafio_id=?, fechaFin=?, fechaInicio=?, nombre=?, usuario_id=? where id=?
00:28:52.541 [main] DEBUG org.hibernate.persister.entity.AbstractEntityPersister -  Delete 0: delete from DesafioUsuario where id=?
00:28:52.541 [main] DEBUG org.hibernate.persister.entity.AbstractEntityPersister -  Identity insert: insert into DesafioUsuario (id, completado, desafio_id, fechaFin, fechaInicio, nombre, usuario_id) values (default, ?, ?, ?, ?, ?, ?)
00:28:52.541 [main] DEBUG org.hibernate.loader.plan.build.internal.spaces.QuerySpacesImpl - Adding QuerySpace : uid = <gen:0> -> org.hibernate.loader.plan.build.internal.spaces.EntityQuerySpaceImpl@47b961e2]
00:28:52.542 [main] DEBUG org.hibernate.persister.walking.spi.MetamodelGraphWalker - Visiting attribute path : completado
00:28:52.542 [main] DEBUG org.hibernate.persister.walking.spi.MetamodelGraphWalker - Visiting attribute path : desafio
00:28:52.542 [main] DEBUG org.hibernate.loader.plan.build.internal.spaces.QuerySpacesImpl - Adding QuerySpace : uid = <gen:1> -> org.hibernate.loader.plan.build.internal.spaces.EntityQuerySpaceImpl@2d230cff]
00:28:52.542 [main] DEBUG org.hibernate.persister.walking.spi.MetamodelGraphWalker - Visiting attribute path : desafio.desafiosCompletados
00:28:52.542 [main] DEBUG org.hibernate.persister.walking.spi.MetamodelGraphWalker - Property path deemed to be circular : desafio.desafiosCompletados
00:28:52.542 [main] DEBUG org.hibernate.persister.walking.spi.MetamodelGraphWalker - Visiting attribute path : desafio.descripcion
00:28:52.542 [main] DEBUG org.hibernate.persister.walking.spi.MetamodelGraphWalker - Visiting attribute path : desafio.fechaFin
00:28:52.542 [main] DEBUG org.hibernate.persister.walking.spi.MetamodelGraphWalker - Visiting attribute path : desafio.fechaInicio
00:28:52.542 [main] DEBUG org.hibernate.persister.walking.spi.MetamodelGraphWalker - Visiting attribute path : desafio.nombre
00:28:52.542 [main] DEBUG org.hibernate.persister.walking.spi.MetamodelGraphWalker - Visiting attribute path : desafio.puntos
00:28:52.542 [main] DEBUG org.hibernate.persister.walking.spi.MetamodelGraphWalker - Visiting attribute path : fechaFin
00:28:52.542 [main] DEBUG org.hibernate.persister.walking.spi.MetamodelGraphWalker - Visiting attribute path : fechaInicio
00:28:52.542 [main] DEBUG org.hibernate.persister.walking.spi.MetamodelGraphWalker - Visiting attribute path : nombre
00:28:52.542 [main] DEBUG org.hibernate.persister.walking.spi.MetamodelGraphWalker - Visiting attribute path : usuario
00:28:52.542 [main] DEBUG org.hibernate.loader.plan.build.internal.spaces.QuerySpacesImpl - Adding QuerySpace : uid = <gen:2> -> org.hibernate.loader.plan.build.internal.spaces.EntityQuerySpaceImpl@3c87e851]
00:28:52.542 [main] DEBUG org.hibernate.persister.walking.spi.MetamodelGraphWalker - Visiting attribute path : usuario.altura
00:28:52.542 [main] DEBUG org.hibernate.persister.walking.spi.MetamodelGraphWalker - Visiting attribute path : usuario.colaciones
00:28:52.542 [main] DEBUG org.hibernate.loader.plan.build.internal.spaces.QuerySpacesImpl - Adding QuerySpace : uid = <gen:3> -> org.hibernate.loader.plan.build.internal.spaces.CollectionQuerySpaceImpl@6124dda2]
00:28:52.542 [main] DEBUG org.hibernate.loader.plan.build.internal.spaces.QuerySpacesImpl - Adding QuerySpace : uid = <gen:4> -> org.hibernate.loader.plan.build.internal.spaces.EntityQuerySpaceImpl@380e33c2]
00:28:52.542 [main] DEBUG org.hibernate.persister.walking.spi.MetamodelGraphWalker - Visiting attribute path : usuario.desafiosCompletados
00:28:52.542 [main] DEBUG org.hibernate.persister.walking.spi.MetamodelGraphWalker - Property path deemed to be circular : usuario.desafiosCompletados
00:28:52.542 [main] DEBUG org.hibernate.persister.walking.spi.MetamodelGraphWalker - Visiting attribute path : usuario.edad
00:28:52.542 [main] DEBUG org.hibernate.persister.walking.spi.MetamodelGraphWalker - Visiting attribute path : usuario.email
00:28:52.542 [main] DEBUG org.hibernate.persister.walking.spi.MetamodelGraphWalker - Visiting attribute path : usuario.genero
00:28:52.542 [main] DEBUG org.hibernate.persister.walking.spi.MetamodelGraphWalker - Visiting attribute path : usuario.imagen
00:28:52.542 [main] DEBUG org.hibernate.persister.walking.spi.MetamodelGraphWalker - Visiting attribute path : usuario.ingestaCalorica
00:28:52.542 [main] DEBUG org.hibernate.persister.walking.spi.MetamodelGraphWalker - Visiting attribute path : usuario.metaAlcanzarPeso
00:28:52.542 [main] DEBUG org.hibernate.persister.walking.spi.MetamodelGraphWalker - Visiting attribute path : usuario.nivelDeActividad
00:28:52.542 [main] DEBUG org.hibernate.persister.walking.spi.MetamodelGraphWalker - Visiting attribute path : usuario.nombre
00:28:52.542 [main] DEBUG org.hibernate.persister.walking.spi.MetamodelGraphWalker - Visiting attribute path : usuario.password
00:28:52.542 [main] DEBUG org.hibernate.persister.walking.spi.MetamodelGraphWalker - Visiting attribute path : usuario.peso
00:28:52.542 [main] DEBUG org.hibernate.persister.walking.spi.MetamodelGraphWalker - Visiting attribute path : usuario.pesoInicial
00:28:52.542 [main] DEBUG org.hibernate.persister.walking.spi.MetamodelGraphWalker - Visiting attribute path : usuario.premium
00:28:52.542 [main] DEBUG org.hibernate.loader.plan.build.internal.FetchStyleLoadPlanBuildingAssociationVisitationStrategy - Building LoadPlan...
00:28:52.542 [main] DEBUG org.hibernate.loader.plan.exec.internal.LoadQueryJoinAndFetchProcessor - processing queryspace <gen:0>
00:28:52.542 [main] DEBUG org.hibernate.loader.plan.build.spi.LoadPlanTreePrinter - LoadPlan(entity=com.tallerwebi.dominio.DesafioUsuario)
    - Returns
       - EntityReturnImpl(entity=com.tallerwebi.dominio.DesafioUsuario, querySpaceUid=<gen:0>, path=com.tallerwebi.dominio.DesafioUsuario)
          - EntityAttributeFetchImpl(entity=com.tallerwebi.dominio.Desafio, querySpaceUid=<gen:1>, path=com.tallerwebi.dominio.DesafioUsuario.desafio)
          - EntityAttributeFetchImpl(entity=com.tallerwebi.dominio.Usuario, querySpaceUid=<gen:2>, path=com.tallerwebi.dominio.DesafioUsuario.usuario)
             - CollectionAttributeFetchImpl(collection=com.tallerwebi.dominio.Usuario.colaciones, querySpaceUid=<gen:3>, path=com.tallerwebi.dominio.DesafioUsuario.usuario.colaciones)
                - (collection element) CollectionFetchableElementEntityGraph(entity=com.tallerwebi.dominio.Colacion, querySpaceUid=<gen:4>, path=com.tallerwebi.dominio.DesafioUsuario.usuario.colaciones.<elements>)
    - QuerySpaces
       - EntityQuerySpaceImpl(uid=<gen:0>, entity=com.tallerwebi.dominio.DesafioUsuario)
          - SQL table alias mapping - desafiousu0_
          - alias suffix - 0_
          - suffixed key columns - {id1_4_0_}
          - JOIN (JoinDefinedByMetadata(desafio)) : <gen:0> -> <gen:1>
             - EntityQuerySpaceImpl(uid=<gen:1>, entity=com.tallerwebi.dominio.Desafio)
                - SQL table alias mapping - desafio1_
                - alias suffix - 1_
                - suffixed key columns - {id1_3_1_}
          - JOIN (JoinDefinedByMetadata(usuario)) : <gen:0> -> <gen:2>
             - EntityQuerySpaceImpl(uid=<gen:2>, entity=com.tallerwebi.dominio.Usuario)
                - SQL table alias mapping - usuario2_
                - alias suffix - 2_
                - suffixed key columns - {id1_17_2_}

00:28:52.542 [main] DEBUG org.hibernate.loader.entity.plan.EntityLoader - Static select for entity com.tallerwebi.dominio.DesafioUsuario [NONE]: select desafiousu0_.id as id1_4_0_, desafiousu0_.completado as completa2_4_0_, desafiousu0_.desafio_id as desafio_6_4_0_, desafiousu0_.fechaFin as fechafin3_4_0_, desafiousu0_.fechaInicio as fechaini4_4_0_, desafiousu0_.nombre as nombre5_4_0_, desafiousu0_.usuario_id as usuario_7_4_0_, desafio1_.id as id1_3_1_, desafio1_.descripcion as descripc2_3_1_, desafio1_.fechaFin as fechafin3_3_1_, desafio1_.fechaInicio as fechaini4_3_1_, desafio1_.nombre as nombre5_3_1_, desafio1_.puntos as puntos6_3_1_, usuario2_.id as id1_17_2_, usuario2_.altura as altura2_17_2_, usuario2_.edad as edad3_17_2_, usuario2_.email as email4_17_2_, usuario2_.genero as genero5_17_2_, usuario2_.imagen as imagen6_17_2_, usuario2_.ingestaCalorica as ingestac7_17_2_, usuario2_.metaAlcanzarPeso as metaalca8_17_2_, usuario2_.nivelDeActividad as niveldea9_17_2_, usuario2_.nombre as nombre10_17_2_, usuario2_.password as passwor11_17_2_, usuario2_.peso as peso12_17_2_, usuario2_.pesoInicial as pesoini13_17_2_, usuario2_.premium as premium14_17_2_ from DesafioUsuario desafiousu0_ left outer join Desafio desafio1_ on desafiousu0_.desafio_id=desafio1_.id left outer join Usuario usuario2_ on desafiousu0_.usuario_id=usuario2_.id where desafiousu0_.id=?
00:28:52.542 [main] DEBUG org.hibernate.persister.entity.AbstractEntityPersister - Static SQL for entity: com.tallerwebi.dominio.RecetaFavorito
00:28:52.542 [main] DEBUG org.hibernate.persister.entity.AbstractEntityPersister -  Version select: select id from RecetaFavorito where id =?
00:28:52.542 [main] DEBUG org.hibernate.persister.entity.AbstractEntityPersister -  Snapshot select: select recetafavo_.id, recetafavo_.descripcion as descripc2_15_, recetafavo_.imagen as imagen3_15_, recetafavo_.nombre as nombre4_15_, recetafavo_.recetasFavoritas_id as recetasf5_15_, recetafavo_.usuario_id as usuario_6_15_ from RecetaFavorito recetafavo_ where recetafavo_.id=?
00:28:52.542 [main] DEBUG org.hibernate.persister.entity.AbstractEntityPersister -  Insert 0: insert into RecetaFavorito (descripcion, imagen, nombre, recetasFavoritas_id, usuario_id, id) values (?, ?, ?, ?, ?, ?)
00:28:52.542 [main] DEBUG org.hibernate.persister.entity.AbstractEntityPersister -  Update 0: update RecetaFavorito set descripcion=?, imagen=?, nombre=?, recetasFavoritas_id=?, usuario_id=? where id=?
00:28:52.542 [main] DEBUG org.hibernate.persister.entity.AbstractEntityPersister -  Delete 0: delete from RecetaFavorito where id=?
00:28:52.542 [main] DEBUG org.hibernate.loader.plan.build.internal.spaces.QuerySpacesImpl - Adding QuerySpace : uid = <gen:0> -> org.hibernate.loader.plan.build.internal.spaces.EntityQuerySpaceImpl@3bc891f2]
00:28:52.542 [main] DEBUG org.hibernate.persister.walking.spi.MetamodelGraphWalker - Visiting attribute path : descripcion
00:28:52.542 [main] DEBUG org.hibernate.persister.walking.spi.MetamodelGraphWalker - Visiting attribute path : imagen
00:28:52.542 [main] DEBUG org.hibernate.persister.walking.spi.MetamodelGraphWalker - Visiting attribute path : nombre
00:28:52.542 [main] DEBUG org.hibernate.persister.walking.spi.MetamodelGraphWalker - Visiting attribute path : recetasFavoritas
00:28:52.543 [main] DEBUG org.hibernate.loader.plan.build.internal.spaces.QuerySpacesImpl - Adding QuerySpace : uid = <gen:1> -> org.hibernate.loader.plan.build.internal.spaces.EntityQuerySpaceImpl@3d59933]
00:28:52.543 [main] DEBUG org.hibernate.persister.walking.spi.MetamodelGraphWalker - Visiting attribute path : recetasFavoritas.azucar
00:28:52.543 [main] DEBUG org.hibernate.persister.walking.spi.MetamodelGraphWalker - Visiting attribute path : recetasFavoritas.calorias
00:28:52.543 [main] DEBUG org.hibernate.persister.walking.spi.MetamodelGraphWalker - Visiting attribute path : recetasFavoritas.cantidad
00:28:52.543 [main] DEBUG org.hibernate.persister.walking.spi.MetamodelGraphWalker - Visiting attribute path : recetasFavoritas.carbohidratos
00:28:52.543 [main] DEBUG org.hibernate.persister.walking.spi.MetamodelGraphWalker - Visiting attribute path : recetasFavoritas.colesterol
00:28:52.543 [main] DEBUG org.hibernate.persister.walking.spi.MetamodelGraphWalker - Visiting attribute path : recetasFavoritas.descripcion
00:28:52.543 [main] DEBUG org.hibernate.persister.walking.spi.MetamodelGraphWalker - Visiting attribute path : recetasFavoritas.energia
00:28:52.543 [main] DEBUG org.hibernate.persister.walking.spi.MetamodelGraphWalker - Visiting attribute path : recetasFavoritas.fibra
00:28:52.543 [main] DEBUG org.hibernate.persister.walking.spi.MetamodelGraphWalker - Visiting attribute path : recetasFavoritas.grasa
00:28:52.543 [main] DEBUG org.hibernate.persister.walking.spi.MetamodelGraphWalker - Visiting attribute path : recetasFavoritas.grasaMonoinsaturada
00:28:52.543 [main] DEBUG org.hibernate.persister.walking.spi.MetamodelGraphWalker - Visiting attribute path : recetasFavoritas.grasaPoliinsaturada
00:28:52.543 [main] DEBUG org.hibernate.persister.walking.spi.MetamodelGraphWalker - Visiting attribute path : recetasFavoritas.grasaSaturada
00:28:52.543 [main] DEBUG org.hibernate.persister.walking.spi.MetamodelGraphWalker - Visiting attribute path : recetasFavoritas.imagen
00:28:52.543 [main] DEBUG org.hibernate.persister.walking.spi.MetamodelGraphWalker - Visiting attribute path : recetasFavoritas.ingredientes
00:28:52.543 [main] DEBUG org.hibernate.persister.walking.spi.MetamodelGraphWalker - Visiting attribute path : recetasFavoritas.instrucciones
00:28:52.543 [main] DEBUG org.hibernate.persister.walking.spi.MetamodelGraphWalker - Visiting attribute path : recetasFavoritas.nombre
00:28:52.543 [main] DEBUG org.hibernate.persister.walking.spi.MetamodelGraphWalker - Visiting attribute path : recetasFavoritas.potasio
00:28:52.543 [main] DEBUG org.hibernate.persister.walking.spi.MetamodelGraphWalker - Visiting attribute path : recetasFavoritas.proteina
00:28:52.543 [main] DEBUG org.hibernate.persister.walking.spi.MetamodelGraphWalker - Visiting attribute path : recetasFavoritas.sodio
00:28:52.543 [main] DEBUG org.hibernate.persister.walking.spi.MetamodelGraphWalker - Visiting attribute path : recetasFavoritas.usuario
00:28:52.543 [main] DEBUG org.hibernate.loader.plan.build.internal.spaces.QuerySpacesImpl - Adding QuerySpace : uid = <gen:2> -> org.hibernate.loader.plan.build.internal.spaces.EntityQuerySpaceImpl@3534651a]
00:28:52.543 [main] DEBUG org.hibernate.persister.walking.spi.MetamodelGraphWalker - Visiting attribute path : recetasFavoritas.usuario.altura
00:28:52.543 [main] DEBUG org.hibernate.persister.walking.spi.MetamodelGraphWalker - Visiting attribute path : recetasFavoritas.usuario.colaciones
00:28:52.543 [main] DEBUG org.hibernate.loader.plan.build.internal.spaces.QuerySpacesImpl - Adding QuerySpace : uid = <gen:3> -> org.hibernate.loader.plan.build.internal.spaces.CollectionQuerySpaceImpl@26a33cf]
00:28:52.543 [main] DEBUG org.hibernate.loader.plan.build.internal.spaces.QuerySpacesImpl - Adding QuerySpace : uid = <gen:4> -> org.hibernate.loader.plan.build.internal.spaces.EntityQuerySpaceImpl@29188050]
00:28:52.543 [main] DEBUG org.hibernate.persister.walking.spi.MetamodelGraphWalker - Visiting attribute path : recetasFavoritas.usuario.desafiosCompletados
00:28:52.543 [main] DEBUG org.hibernate.loader.plan.build.internal.spaces.QuerySpacesImpl - Adding QuerySpace : uid = <gen:5> -> org.hibernate.loader.plan.build.internal.spaces.CollectionQuerySpaceImpl@3f122cdc]
00:28:52.543 [main] DEBUG org.hibernate.loader.plan.build.internal.spaces.QuerySpacesImpl - Adding QuerySpace : uid = <gen:6> -> org.hibernate.loader.plan.build.internal.spaces.EntityQuerySpaceImpl@5bf523e3]
00:28:52.543 [main] DEBUG org.hibernate.persister.walking.spi.MetamodelGraphWalker - Visiting attribute path : recetasFavoritas.usuario.edad
00:28:52.543 [main] DEBUG org.hibernate.persister.walking.spi.MetamodelGraphWalker - Visiting attribute path : recetasFavoritas.usuario.email
00:28:52.543 [main] DEBUG org.hibernate.persister.walking.spi.MetamodelGraphWalker - Visiting attribute path : recetasFavoritas.usuario.genero
00:28:52.543 [main] DEBUG org.hibernate.persister.walking.spi.MetamodelGraphWalker - Visiting attribute path : recetasFavoritas.usuario.imagen
00:28:52.543 [main] DEBUG org.hibernate.persister.walking.spi.MetamodelGraphWalker - Visiting attribute path : recetasFavoritas.usuario.ingestaCalorica
00:28:52.543 [main] DEBUG org.hibernate.persister.walking.spi.MetamodelGraphWalker - Visiting attribute path : recetasFavoritas.usuario.metaAlcanzarPeso
00:28:52.543 [main] DEBUG org.hibernate.persister.walking.spi.MetamodelGraphWalker - Visiting attribute path : recetasFavoritas.usuario.nivelDeActividad
00:28:52.543 [main] DEBUG org.hibernate.persister.walking.spi.MetamodelGraphWalker - Visiting attribute path : recetasFavoritas.usuario.nombre
00:28:52.543 [main] DEBUG org.hibernate.persister.walking.spi.MetamodelGraphWalker - Visiting attribute path : recetasFavoritas.usuario.password
00:28:52.543 [main] DEBUG org.hibernate.persister.walking.spi.MetamodelGraphWalker - Visiting attribute path : recetasFavoritas.usuario.peso
00:28:52.543 [main] DEBUG org.hibernate.persister.walking.spi.MetamodelGraphWalker - Visiting attribute path : recetasFavoritas.usuario.pesoInicial
00:28:52.543 [main] DEBUG org.hibernate.persister.walking.spi.MetamodelGraphWalker - Visiting attribute path : recetasFavoritas.usuario.premium
00:28:52.543 [main] DEBUG org.hibernate.persister.walking.spi.MetamodelGraphWalker - Visiting attribute path : usuario
00:28:52.543 [main] DEBUG org.hibernate.loader.plan.build.internal.spaces.QuerySpacesImpl - Adding QuerySpace : uid = <gen:7> -> org.hibernate.loader.plan.build.internal.spaces.EntityQuerySpaceImpl@8d29719]
00:28:52.543 [main] DEBUG org.hibernate.persister.walking.spi.MetamodelGraphWalker - Visiting attribute path : usuario.altura
00:28:52.543 [main] DEBUG org.hibernate.persister.walking.spi.MetamodelGraphWalker - Visiting attribute path : usuario.colaciones
00:28:52.543 [main] DEBUG org.hibernate.loader.plan.build.internal.spaces.QuerySpacesImpl - Adding QuerySpace : uid = <gen:8> -> org.hibernate.loader.plan.build.internal.spaces.CollectionQuerySpaceImpl@4bff28e7]
00:28:52.543 [main] DEBUG org.hibernate.loader.plan.build.internal.spaces.QuerySpacesImpl - Adding QuerySpace : uid = <gen:9> -> org.hibernate.loader.plan.build.internal.spaces.EntityQuerySpaceImpl@39e7e040]
00:28:52.543 [main] DEBUG org.hibernate.persister.walking.spi.MetamodelGraphWalker - Visiting attribute path : usuario.desafiosCompletados
00:28:52.543 [main] DEBUG org.hibernate.loader.plan.build.internal.spaces.QuerySpacesImpl - Adding QuerySpace : uid = <gen:10> -> org.hibernate.loader.plan.build.internal.spaces.CollectionQuerySpaceImpl@2591d23a]
00:28:52.543 [main] DEBUG org.hibernate.loader.plan.build.internal.spaces.QuerySpacesImpl - Adding QuerySpace : uid = <gen:11> -> org.hibernate.loader.plan.build.internal.spaces.EntityQuerySpaceImpl@6c1f15df]
00:28:52.543 [main] DEBUG org.hibernate.persister.walking.spi.MetamodelGraphWalker - Visiting attribute path : usuario.edad
00:28:52.543 [main] DEBUG org.hibernate.persister.walking.spi.MetamodelGraphWalker - Visiting attribute path : usuario.email
00:28:52.543 [main] DEBUG org.hibernate.persister.walking.spi.MetamodelGraphWalker - Visiting attribute path : usuario.genero
00:28:52.543 [main] DEBUG org.hibernate.persister.walking.spi.MetamodelGraphWalker - Visiting attribute path : usuario.imagen
00:28:52.543 [main] DEBUG org.hibernate.persister.walking.spi.MetamodelGraphWalker - Visiting attribute path : usuario.ingestaCalorica
00:28:52.543 [main] DEBUG org.hibernate.persister.walking.spi.MetamodelGraphWalker - Visiting attribute path : usuario.metaAlcanzarPeso
00:28:52.543 [main] DEBUG org.hibernate.persister.walking.spi.MetamodelGraphWalker - Visiting attribute path : usuario.nivelDeActividad
00:28:52.543 [main] DEBUG org.hibernate.persister.walking.spi.MetamodelGraphWalker - Visiting attribute path : usuario.nombre
00:28:52.543 [main] DEBUG org.hibernate.persister.walking.spi.MetamodelGraphWalker - Visiting attribute path : usuario.password
00:28:52.543 [main] DEBUG org.hibernate.persister.walking.spi.MetamodelGraphWalker - Visiting attribute path : usuario.peso
00:28:52.543 [main] DEBUG org.hibernate.persister.walking.spi.MetamodelGraphWalker - Visiting attribute path : usuario.pesoInicial
00:28:52.543 [main] DEBUG org.hibernate.persister.walking.spi.MetamodelGraphWalker - Visiting attribute path : usuario.premium
00:28:52.544 [main] DEBUG org.hibernate.loader.plan.build.internal.FetchStyleLoadPlanBuildingAssociationVisitationStrategy - Building LoadPlan...
00:28:52.544 [main] DEBUG org.hibernate.loader.plan.exec.internal.LoadQueryJoinAndFetchProcessor - processing queryspace <gen:0>
00:28:52.544 [main] DEBUG org.hibernate.loader.plan.build.spi.LoadPlanTreePrinter - LoadPlan(entity=com.tallerwebi.dominio.RecetaFavorito)
    - Returns
       - EntityReturnImpl(entity=com.tallerwebi.dominio.RecetaFavorito, querySpaceUid=<gen:0>, path=com.tallerwebi.dominio.RecetaFavorito)
          - EntityAttributeFetchImpl(entity=com.tallerwebi.dominio.Receta, querySpaceUid=<gen:1>, path=com.tallerwebi.dominio.RecetaFavorito.recetasFavoritas)
             - EntityAttributeFetchImpl(entity=com.tallerwebi.dominio.Usuario, querySpaceUid=<gen:2>, path=com.tallerwebi.dominio.RecetaFavorito.recetasFavoritas.usuario)
                - CollectionAttributeFetchImpl(collection=com.tallerwebi.dominio.Usuario.colaciones, querySpaceUid=<gen:3>, path=com.tallerwebi.dominio.RecetaFavorito.recetasFavoritas.usuario.colaciones)
                   - (collection element) CollectionFetchableElementEntityGraph(entity=com.tallerwebi.dominio.Colacion, querySpaceUid=<gen:4>, path=com.tallerwebi.dominio.RecetaFavorito.recetasFavoritas.usuario.colaciones.<elements>)
                - CollectionAttributeFetchImpl(collection=com.tallerwebi.dominio.Usuario.desafiosCompletados, querySpaceUid=<gen:5>, path=com.tallerwebi.dominio.RecetaFavorito.recetasFavoritas.usuario.desafiosCompletados)
                   - (collection element) CollectionFetchableElementEntityGraph(entity=com.tallerwebi.dominio.DesafioUsuario, querySpaceUid=<gen:6>, path=com.tallerwebi.dominio.RecetaFavorito.recetasFavoritas.usuario.desafiosCompletados.<elements>)
          - EntityAttributeFetchImpl(entity=com.tallerwebi.dominio.Usuario, querySpaceUid=<gen:7>, path=com.tallerwebi.dominio.RecetaFavorito.usuario)
             - CollectionAttributeFetchImpl(collection=com.tallerwebi.dominio.Usuario.colaciones, querySpaceUid=<gen:8>, path=com.tallerwebi.dominio.RecetaFavorito.usuario.colaciones)
                - (collection element) CollectionFetchableElementEntityGraph(entity=com.tallerwebi.dominio.Colacion, querySpaceUid=<gen:9>, path=com.tallerwebi.dominio.RecetaFavorito.usuario.colaciones.<elements>)
             - CollectionAttributeFetchImpl(collection=com.tallerwebi.dominio.Usuario.desafiosCompletados, querySpaceUid=<gen:10>, path=com.tallerwebi.dominio.RecetaFavorito.usuario.desafiosCompletados)
                - (collection element) CollectionFetchableElementEntityGraph(entity=com.tallerwebi.dominio.DesafioUsuario, querySpaceUid=<gen:11>, path=com.tallerwebi.dominio.RecetaFavorito.usuario.desafiosCompletados.<elements>)
    - QuerySpaces
       - EntityQuerySpaceImpl(uid=<gen:0>, entity=com.tallerwebi.dominio.RecetaFavorito)
          - SQL table alias mapping - recetafavo0_
          - alias suffix - 0_
          - suffixed key columns - {id1_15_0_}
          - JOIN (JoinDefinedByMetadata(recetasFavoritas)) : <gen:0> -> <gen:1>
             - EntityQuerySpaceImpl(uid=<gen:1>, entity=com.tallerwebi.dominio.Receta)
                - SQL table alias mapping - receta1_
                - alias suffix - 1_
                - suffixed key columns - {id1_14_1_}
                - JOIN (JoinDefinedByMetadata(usuario)) : <gen:1> -> <gen:2>
                   - EntityQuerySpaceImpl(uid=<gen:2>, entity=com.tallerwebi.dominio.Usuario)
                      - SQL table alias mapping - usuario2_
                      - alias suffix - 2_
                      - suffixed key columns - {id1_17_2_}
          - JOIN (JoinDefinedByMetadata(usuario)) : <gen:0> -> <gen:7>
             - EntityQuerySpaceImpl(uid=<gen:7>, entity=com.tallerwebi.dominio.Usuario)
                - SQL table alias mapping - usuario3_
                - alias suffix - 3_
                - suffixed key columns - {id1_17_3_}

00:28:52.544 [main] DEBUG org.hibernate.loader.entity.plan.EntityLoader - Static select for entity com.tallerwebi.dominio.RecetaFavorito [NONE]: select recetafavo0_.id as id1_15_0_, recetafavo0_.descripcion as descripc2_15_0_, recetafavo0_.imagen as imagen3_15_0_, recetafavo0_.nombre as nombre4_15_0_, recetafavo0_.recetasFavoritas_id as recetasf5_15_0_, recetafavo0_.usuario_id as usuario_6_15_0_, receta1_.id as id1_14_1_, receta1_.azucar as azucar2_14_1_, receta1_.calorias as calorias3_14_1_, receta1_.cantidad as cantidad4_14_1_, receta1_.carbohidratos as carbohid5_14_1_, receta1_.colesterol as colester6_14_1_, receta1_.descripcion as descripc7_14_1_, receta1_.energia as energia8_14_1_, receta1_.fibra as fibra9_14_1_, receta1_.grasa as grasa10_14_1_, receta1_.grasaMonoinsaturada as grasamo11_14_1_, receta1_.grasaPoliinsaturada as grasapo12_14_1_, receta1_.grasaSaturada as grasasa13_14_1_, receta1_.imagen as imagen14_14_1_, receta1_.ingredientes as ingredi15_14_1_, receta1_.instrucciones as instruc16_14_1_, receta1_.nombre as nombre17_14_1_, receta1_.potasio as potasio18_14_1_, receta1_.proteina as protein19_14_1_, receta1_.sodio as sodio20_14_1_, receta1_.usuario_id as usuario21_14_1_, usuario2_.id as id1_17_2_, usuario2_.altura as altura2_17_2_, usuario2_.edad as edad3_17_2_, usuario2_.email as email4_17_2_, usuario2_.genero as genero5_17_2_, usuario2_.imagen as imagen6_17_2_, usuario2_.ingestaCalorica as ingestac7_17_2_, usuario2_.metaAlcanzarPeso as metaalca8_17_2_, usuario2_.nivelDeActividad as niveldea9_17_2_, usuario2_.nombre as nombre10_17_2_, usuario2_.password as passwor11_17_2_, usuario2_.peso as peso12_17_2_, usuario2_.pesoInicial as pesoini13_17_2_, usuario2_.premium as premium14_17_2_, usuario3_.id as id1_17_3_, usuario3_.altura as altura2_17_3_, usuario3_.edad as edad3_17_3_, usuario3_.email as email4_17_3_, usuario3_.genero as genero5_17_3_, usuario3_.imagen as imagen6_17_3_, usuario3_.ingestaCalorica as ingestac7_17_3_, usuario3_.metaAlcanzarPeso as metaalca8_17_3_, usuario3_.nivelDeActividad as niveldea9_17_3_, usuario3_.nombre as nombre10_17_3_, usuario3_.password as passwor11_17_3_, usuario3_.peso as peso12_17_3_, usuario3_.pesoInicial as pesoini13_17_3_, usuario3_.premium as premium14_17_3_ from RecetaFavorito recetafavo0_ left outer join Receta receta1_ on recetafavo0_.recetasFavoritas_id=receta1_.id left outer join Usuario usuario2_ on receta1_.usuario_id=usuario2_.id left outer join Usuario usuario3_ on recetafavo0_.usuario_id=usuario3_.id where recetafavo0_.id=?
00:28:52.544 [main] DEBUG org.hibernate.persister.entity.AbstractEntityPersister - Static SQL for entity: com.tallerwebi.dominio.CategoriaAlimento
00:28:52.544 [main] DEBUG org.hibernate.persister.entity.AbstractEntityPersister -  Version select: select id from CategoriaAlimento where id =?
00:28:52.544 [main] DEBUG org.hibernate.persister.entity.AbstractEntityPersister -  Snapshot select: select categoriaa_.id, categoriaa_.imagen as imagen2_1_, categoriaa_.nombre as nombre3_1_ from CategoriaAlimento categoriaa_ where categoriaa_.id=?
00:28:52.544 [main] DEBUG org.hibernate.persister.entity.AbstractEntityPersister -  Insert 0: insert into CategoriaAlimento (imagen, nombre, id) values (?, ?, ?)
00:28:52.544 [main] DEBUG org.hibernate.persister.entity.AbstractEntityPersister -  Update 0: update CategoriaAlimento set imagen=?, nombre=? where id=?
00:28:52.544 [main] DEBUG org.hibernate.persister.entity.AbstractEntityPersister -  Delete 0: delete from CategoriaAlimento where id=?
00:28:52.544 [main] DEBUG org.hibernate.persister.entity.AbstractEntityPersister -  Identity insert: insert into CategoriaAlimento (id, imagen, nombre) values (default, ?, ?)
00:28:52.545 [main] DEBUG org.hibernate.loader.plan.build.internal.spaces.QuerySpacesImpl - Adding QuerySpace : uid = <gen:0> -> org.hibernate.loader.plan.build.internal.spaces.EntityQuerySpaceImpl@5e95b0ab]
00:28:52.545 [main] DEBUG org.hibernate.persister.walking.spi.MetamodelGraphWalker - Visiting attribute path : alimentos
00:28:52.545 [main] DEBUG org.hibernate.loader.plan.build.internal.spaces.QuerySpacesImpl - Adding QuerySpace : uid = <gen:1> -> org.hibernate.loader.plan.build.internal.spaces.CollectionQuerySpaceImpl@73ddb7ef]
00:28:52.545 [main] DEBUG org.hibernate.loader.plan.build.internal.spaces.QuerySpacesImpl - Adding QuerySpace : uid = <gen:2> -> org.hibernate.loader.plan.build.internal.spaces.EntityQuerySpaceImpl@67f8f5a6]
00:28:52.545 [main] DEBUG org.hibernate.persister.walking.spi.MetamodelGraphWalker - Visiting attribute path : alimentos.azucar
00:28:52.545 [main] DEBUG org.hibernate.persister.walking.spi.MetamodelGraphWalker - Visiting attribute path : alimentos.baseAzucar
00:28:52.545 [main] DEBUG org.hibernate.persister.walking.spi.MetamodelGraphWalker - Visiting attribute path : alimentos.baseCalorias
00:28:52.545 [main] DEBUG org.hibernate.persister.walking.spi.MetamodelGraphWalker - Visiting attribute path : alimentos.baseCarbohidratos
00:28:52.545 [main] DEBUG org.hibernate.persister.walking.spi.MetamodelGraphWalker - Visiting attribute path : alimentos.baseColesterol
00:28:52.545 [main] DEBUG org.hibernate.persister.walking.spi.MetamodelGraphWalker - Visiting attribute path : alimentos.baseEnergia
00:28:52.545 [main] DEBUG org.hibernate.persister.walking.spi.MetamodelGraphWalker - Visiting attribute path : alimentos.baseFibra
00:28:52.545 [main] DEBUG org.hibernate.persister.walking.spi.MetamodelGraphWalker - Visiting attribute path : alimentos.baseGrasa
00:28:52.545 [main] DEBUG org.hibernate.persister.walking.spi.MetamodelGraphWalker - Visiting attribute path : alimentos.baseGrasaMonoinsaturada
00:28:52.545 [main] DEBUG org.hibernate.persister.walking.spi.MetamodelGraphWalker - Visiting attribute path : alimentos.baseGrasaPoliinsaturada
00:28:52.545 [main] DEBUG org.hibernate.persister.walking.spi.MetamodelGraphWalker - Visiting attribute path : alimentos.baseGrasaSaturada
00:28:52.545 [main] DEBUG org.hibernate.persister.walking.spi.MetamodelGraphWalker - Visiting attribute path : alimentos.basePotasio
00:28:52.545 [main] DEBUG org.hibernate.persister.walking.spi.MetamodelGraphWalker - Visiting attribute path : alimentos.baseProteina
00:28:52.545 [main] DEBUG org.hibernate.persister.walking.spi.MetamodelGraphWalker - Visiting attribute path : alimentos.baseSodio
00:28:52.545 [main] DEBUG org.hibernate.persister.walking.spi.MetamodelGraphWalker - Visiting attribute path : alimentos.calorias
00:28:52.545 [main] DEBUG org.hibernate.persister.walking.spi.MetamodelGraphWalker - Visiting attribute path : alimentos.cantidad
00:28:52.545 [main] DEBUG org.hibernate.persister.walking.spi.MetamodelGraphWalker - Visiting attribute path : alimentos.carbohidratos
00:28:52.545 [main] DEBUG org.hibernate.persister.walking.spi.MetamodelGraphWalker - Visiting attribute path : alimentos.categoria
00:28:52.545 [main] DEBUG org.hibernate.persister.walking.spi.MetamodelGraphWalker - Property path deemed to be circular : alimentos.categoria
00:28:52.545 [main] DEBUG org.hibernate.persister.walking.spi.MetamodelGraphWalker - Visiting attribute path : alimentos.colaciones
00:28:52.545 [main] DEBUG org.hibernate.loader.plan.build.internal.spaces.QuerySpacesImpl - Adding QuerySpace : uid = <gen:3> -> org.hibernate.loader.plan.build.internal.spaces.CollectionQuerySpaceImpl@77d95e5a]
00:28:52.545 [main] DEBUG org.hibernate.loader.plan.build.internal.spaces.QuerySpacesImpl - Adding QuerySpace : uid = <gen:4> -> org.hibernate.loader.plan.build.internal.spaces.EntityQuerySpaceImpl@6339e604]
00:28:52.545 [main] DEBUG org.hibernate.persister.walking.spi.MetamodelGraphWalker - Visiting attribute path : alimentos.colesterol
00:28:52.545 [main] DEBUG org.hibernate.persister.walking.spi.MetamodelGraphWalker - Visiting attribute path : alimentos.energia
00:28:52.545 [main] DEBUG org.hibernate.persister.walking.spi.MetamodelGraphWalker - Visiting attribute path : alimentos.esPersonalizado
00:28:52.545 [main] DEBUG org.hibernate.persister.walking.spi.MetamodelGraphWalker - Visiting attribute path : alimentos.fibra
00:28:52.545 [main] DEBUG org.hibernate.persister.walking.spi.MetamodelGraphWalker - Visiting attribute path : alimentos.grasa
00:28:52.545 [main] DEBUG org.hibernate.persister.walking.spi.MetamodelGraphWalker - Visiting attribute path : alimentos.grasaMonoinsaturada
00:28:52.545 [main] DEBUG org.hibernate.persister.walking.spi.MetamodelGraphWalker - Visiting attribute path : alimentos.grasaPoliinsaturada
00:28:52.545 [main] DEBUG org.hibernate.persister.walking.spi.MetamodelGraphWalker - Visiting attribute path : alimentos.grasaSaturada
00:28:52.545 [main] DEBUG org.hibernate.persister.walking.spi.MetamodelGraphWalker - Visiting attribute path : alimentos.imagen
00:28:52.545 [main] DEBUG org.hibernate.persister.walking.spi.MetamodelGraphWalker - Visiting attribute path : alimentos.nombre
00:28:52.545 [main] DEBUG org.hibernate.persister.walking.spi.MetamodelGraphWalker - Visiting attribute path : alimentos.potasio
00:28:52.545 [main] DEBUG org.hibernate.persister.walking.spi.MetamodelGraphWalker - Visiting attribute path : alimentos.proteina
00:28:52.545 [main] DEBUG org.hibernate.persister.walking.spi.MetamodelGraphWalker - Visiting attribute path : alimentos.sodio
00:28:52.545 [main] DEBUG org.hibernate.persister.walking.spi.MetamodelGraphWalker - Visiting attribute path : imagen
00:28:52.545 [main] DEBUG org.hibernate.persister.walking.spi.MetamodelGraphWalker - Visiting attribute path : nombre
00:28:52.546 [main] DEBUG org.hibernate.loader.plan.build.internal.FetchStyleLoadPlanBuildingAssociationVisitationStrategy - Building LoadPlan...
00:28:52.546 [main] DEBUG org.hibernate.loader.plan.exec.internal.LoadQueryJoinAndFetchProcessor - processing queryspace <gen:0>
00:28:52.547 [main] DEBUG org.hibernate.loader.plan.build.spi.LoadPlanTreePrinter - LoadPlan(entity=com.tallerwebi.dominio.CategoriaAlimento)
    - Returns
       - EntityReturnImpl(entity=com.tallerwebi.dominio.CategoriaAlimento, querySpaceUid=<gen:0>, path=com.tallerwebi.dominio.CategoriaAlimento)
          - CollectionAttributeFetchImpl(collection=com.tallerwebi.dominio.CategoriaAlimento.alimentos, querySpaceUid=<gen:1>, path=com.tallerwebi.dominio.CategoriaAlimento.alimentos)
             - (collection element) CollectionFetchableElementEntityGraph(entity=com.tallerwebi.dominio.Alimento, querySpaceUid=<gen:2>, path=com.tallerwebi.dominio.CategoriaAlimento.alimentos.<elements>)
                - CollectionAttributeFetchImpl(collection=com.tallerwebi.dominio.Alimento.colaciones, querySpaceUid=<gen:3>, path=com.tallerwebi.dominio.CategoriaAlimento.alimentos.<elements>.colaciones)
                   - (collection element) CollectionFetchableElementEntityGraph(entity=com.tallerwebi.dominio.Colacion, querySpaceUid=<gen:4>, path=com.tallerwebi.dominio.CategoriaAlimento.alimentos.<elements>.colaciones.<elements>)
    - QuerySpaces
       - EntityQuerySpaceImpl(uid=<gen:0>, entity=com.tallerwebi.dominio.CategoriaAlimento)
          - SQL table alias mapping - categoriaa0_
          - alias suffix - 0_
          - suffixed key columns - {id1_1_0_}
          - JOIN (JoinDefinedByMetadata(alimentos)) : <gen:0> -> <gen:1>
             - CollectionQuerySpaceImpl(uid=<gen:1>, collection=com.tallerwebi.dominio.CategoriaAlimento.alimentos)
                - SQL table alias mapping - alimentos1_
                - alias suffix - 1_
                - suffixed key columns - {categor32_0_1_}
                - entity-element alias suffix - 2_
                - 2_entity-element suffixed key columns - id1_0_2_
                - JOIN (JoinDefinedByMetadata(elements)) : <gen:1> -> <gen:2>
                   - EntityQuerySpaceImpl(uid=<gen:2>, entity=com.tallerwebi.dominio.Alimento)
                      - SQL table alias mapping - alimentos1_
                      - alias suffix - 2_
                      - suffixed key columns - {id1_0_2_}

00:28:52.547 [main] DEBUG org.hibernate.loader.entity.plan.EntityLoader - Static select for entity com.tallerwebi.dominio.CategoriaAlimento [NONE]: select categoriaa0_.id as id1_1_0_, categoriaa0_.imagen as imagen2_1_0_, categoriaa0_.nombre as nombre3_1_0_, alimentos1_.categoria_id as categor32_0_1_, alimentos1_.id as id1_0_1_, alimentos1_.id as id1_0_2_, alimentos1_.azucar as azucar2_0_2_, alimentos1_.baseAzucar as baseazuc3_0_2_, alimentos1_.baseCalorias as basecalo4_0_2_, alimentos1_.baseCarbohidratos as basecarb5_0_2_, alimentos1_.baseColesterol as basecole6_0_2_, alimentos1_.baseEnergia as baseener7_0_2_, alimentos1_.baseFibra as basefibr8_0_2_, alimentos1_.baseGrasa as basegras9_0_2_, alimentos1_.baseGrasaMonoinsaturada as basegra10_0_2_, alimentos1_.baseGrasaPoliinsaturada as basegra11_0_2_, alimentos1_.baseGrasaSaturada as basegra12_0_2_, alimentos1_.basePotasio as basepot13_0_2_, alimentos1_.baseProteina as basepro14_0_2_, alimentos1_.baseSodio as basesod15_0_2_, alimentos1_.calorias as caloria16_0_2_, alimentos1_.cantidad as cantida17_0_2_, alimentos1_.carbohidratos as carbohi18_0_2_, alimentos1_.categoria_id as categor32_0_2_, alimentos1_.colesterol as coleste19_0_2_, alimentos1_.energia as energia20_0_2_, alimentos1_.esPersonalizado as esperso21_0_2_, alimentos1_.fibra as fibra22_0_2_, alimentos1_.grasa as grasa23_0_2_, alimentos1_.grasaMonoinsaturada as grasamo24_0_2_, alimentos1_.grasaPoliinsaturada as grasapo25_0_2_, alimentos1_.grasaSaturada as grasasa26_0_2_, alimentos1_.imagen as imagen27_0_2_, alimentos1_.nombre as nombre28_0_2_, alimentos1_.potasio as potasio29_0_2_, alimentos1_.proteina as protein30_0_2_, alimentos1_.sodio as sodio31_0_2_ from CategoriaAlimento categoriaa0_ left outer join Alimento alimentos1_ on categoriaa0_.id=alimentos1_.categoria_id where categoriaa0_.id=?
00:28:52.547 [main] DEBUG org.hibernate.persister.entity.AbstractEntityPersister - Static SQL for entity: com.tallerwebi.dominio.EjercicioUsuario
00:28:52.547 [main] DEBUG org.hibernate.persister.entity.AbstractEntityPersister -  Version select: select id from EjercicioUsuario where id =?
00:28:52.547 [main] DEBUG org.hibernate.persister.entity.AbstractEntityPersister -  Snapshot select: select ejerciciou_.id, ejerciciou_.caloriasQuemadas as calorias2_6_, ejerciciou_.ejercicio_id as ejercici7_6_, ejerciciou_.fecha as fecha3_6_, ejerciciou_.intensidad as intensid4_6_, ejerciciou_.minutos as minutos5_6_, ejerciciou_.nombre as nombre6_6_, ejerciciou_.usuario_id as usuario_8_6_ from EjercicioUsuario ejerciciou_ where ejerciciou_.id=?
00:28:52.547 [main] DEBUG org.hibernate.persister.entity.AbstractEntityPersister -  Insert 0: insert into EjercicioUsuario (caloriasQuemadas, ejercicio_id, fecha, intensidad, minutos, nombre, usuario_id, id) values (?, ?, ?, ?, ?, ?, ?, ?)
00:28:52.547 [main] DEBUG org.hibernate.persister.entity.AbstractEntityPersister -  Update 0: update EjercicioUsuario set caloriasQuemadas=?, ejercicio_id=?, fecha=?, intensidad=?, minutos=?, nombre=?, usuario_id=? where id=?
00:28:52.547 [main] DEBUG org.hibernate.persister.entity.AbstractEntityPersister -  Delete 0: delete from EjercicioUsuario where id=?
00:28:52.547 [main] DEBUG org.hibernate.persister.entity.AbstractEntityPersister -  Identity insert: insert into EjercicioUsuario (id, caloriasQuemadas, ejercicio_id, fecha, intensidad, minutos, nombre, usuario_id) values (default, ?, ?, ?, ?, ?, ?, ?)
00:28:52.547 [main] DEBUG org.hibernate.loader.plan.build.internal.spaces.QuerySpacesImpl - Adding QuerySpace : uid = <gen:0> -> org.hibernate.loader.plan.build.internal.spaces.EntityQuerySpaceImpl@151659dd]
00:28:52.547 [main] DEBUG org.hibernate.persister.walking.spi.MetamodelGraphWalker - Visiting attribute path : caloriasQuemadas
00:28:52.547 [main] DEBUG org.hibernate.persister.walking.spi.MetamodelGraphWalker - Visiting attribute path : ejercicio
00:28:52.549 [main] DEBUG org.hibernate.loader.plan.build.internal.spaces.QuerySpacesImpl - Adding QuerySpace : uid = <gen:1> -> org.hibernate.loader.plan.build.internal.spaces.EntityQuerySpaceImpl@e8c84eb]
00:28:52.549 [main] DEBUG org.hibernate.persister.walking.spi.MetamodelGraphWalker - Visiting attribute path : ejercicio.caloriasQuemadasPorHora
00:28:52.549 [main] DEBUG org.hibernate.persister.walking.spi.MetamodelGraphWalker - Visiting attribute path : ejercicio.intensidad
00:28:52.549 [main] DEBUG org.hibernate.persister.walking.spi.MetamodelGraphWalker - Visiting attribute path : ejercicio.nombre
00:28:52.549 [main] DEBUG org.hibernate.persister.walking.spi.MetamodelGraphWalker - Visiting attribute path : fecha
00:28:52.549 [main] DEBUG org.hibernate.persister.walking.spi.MetamodelGraphWalker - Visiting attribute path : intensidad
00:28:52.549 [main] DEBUG org.hibernate.persister.walking.spi.MetamodelGraphWalker - Visiting attribute path : minutos
00:28:52.549 [main] DEBUG org.hibernate.persister.walking.spi.MetamodelGraphWalker - Visiting attribute path : nombre
00:28:52.549 [main] DEBUG org.hibernate.persister.walking.spi.MetamodelGraphWalker - Visiting attribute path : usuario
00:28:52.549 [main] DEBUG org.hibernate.loader.plan.build.internal.spaces.QuerySpacesImpl - Adding QuerySpace : uid = <gen:2> -> org.hibernate.loader.plan.build.internal.spaces.EntityQuerySpaceImpl@283bb8b7]
00:28:52.549 [main] DEBUG org.hibernate.persister.walking.spi.MetamodelGraphWalker - Visiting attribute path : usuario.altura
00:28:52.549 [main] DEBUG org.hibernate.persister.walking.spi.MetamodelGraphWalker - Visiting attribute path : usuario.colaciones
00:28:52.549 [main] DEBUG org.hibernate.loader.plan.build.internal.spaces.QuerySpacesImpl - Adding QuerySpace : uid = <gen:3> -> org.hibernate.loader.plan.build.internal.spaces.CollectionQuerySpaceImpl@4fa8297b]
00:28:52.549 [main] DEBUG org.hibernate.loader.plan.build.internal.spaces.QuerySpacesImpl - Adding QuerySpace : uid = <gen:4> -> org.hibernate.loader.plan.build.internal.spaces.EntityQuerySpaceImpl@6644bdf5]
00:28:52.549 [main] DEBUG org.hibernate.persister.walking.spi.MetamodelGraphWalker - Visiting attribute path : usuario.desafiosCompletados
00:28:52.549 [main] DEBUG org.hibernate.loader.plan.build.internal.spaces.QuerySpacesImpl - Adding QuerySpace : uid = <gen:5> -> org.hibernate.loader.plan.build.internal.spaces.CollectionQuerySpaceImpl@13cf5f8a]
00:28:52.549 [main] DEBUG org.hibernate.loader.plan.build.internal.spaces.QuerySpacesImpl - Adding QuerySpace : uid = <gen:6> -> org.hibernate.loader.plan.build.internal.spaces.EntityQuerySpaceImpl@7c9ea1d0]
00:28:52.549 [main] DEBUG org.hibernate.persister.walking.spi.MetamodelGraphWalker - Visiting attribute path : usuario.edad
00:28:52.549 [main] DEBUG org.hibernate.persister.walking.spi.MetamodelGraphWalker - Visiting attribute path : usuario.email
00:28:52.549 [main] DEBUG org.hibernate.persister.walking.spi.MetamodelGraphWalker - Visiting attribute path : usuario.genero
00:28:52.549 [main] DEBUG org.hibernate.persister.walking.spi.MetamodelGraphWalker - Visiting attribute path : usuario.imagen
00:28:52.549 [main] DEBUG org.hibernate.persister.walking.spi.MetamodelGraphWalker - Visiting attribute path : usuario.ingestaCalorica
00:28:52.549 [main] DEBUG org.hibernate.persister.walking.spi.MetamodelGraphWalker - Visiting attribute path : usuario.metaAlcanzarPeso
00:28:52.549 [main] DEBUG org.hibernate.persister.walking.spi.MetamodelGraphWalker - Visiting attribute path : usuario.nivelDeActividad
00:28:52.549 [main] DEBUG org.hibernate.persister.walking.spi.MetamodelGraphWalker - Visiting attribute path : usuario.nombre
00:28:52.549 [main] DEBUG org.hibernate.persister.walking.spi.MetamodelGraphWalker - Visiting attribute path : usuario.password
00:28:52.549 [main] DEBUG org.hibernate.persister.walking.spi.MetamodelGraphWalker - Visiting attribute path : usuario.peso
00:28:52.549 [main] DEBUG org.hibernate.persister.walking.spi.MetamodelGraphWalker - Visiting attribute path : usuario.pesoInicial
00:28:52.549 [main] DEBUG org.hibernate.persister.walking.spi.MetamodelGraphWalker - Visiting attribute path : usuario.premium
00:28:52.549 [main] DEBUG org.hibernate.loader.plan.build.internal.FetchStyleLoadPlanBuildingAssociationVisitationStrategy - Building LoadPlan...
00:28:52.549 [main] DEBUG org.hibernate.loader.plan.exec.internal.LoadQueryJoinAndFetchProcessor - processing queryspace <gen:0>
00:28:52.549 [main] DEBUG org.hibernate.loader.plan.build.spi.LoadPlanTreePrinter - LoadPlan(entity=com.tallerwebi.dominio.EjercicioUsuario)
    - Returns
       - EntityReturnImpl(entity=com.tallerwebi.dominio.EjercicioUsuario, querySpaceUid=<gen:0>, path=com.tallerwebi.dominio.EjercicioUsuario)
          - EntityAttributeFetchImpl(entity=com.tallerwebi.dominio.Ejercicio, querySpaceUid=<gen:1>, path=com.tallerwebi.dominio.EjercicioUsuario.ejercicio)
          - EntityAttributeFetchImpl(entity=com.tallerwebi.dominio.Usuario, querySpaceUid=<gen:2>, path=com.tallerwebi.dominio.EjercicioUsuario.usuario)
             - CollectionAttributeFetchImpl(collection=com.tallerwebi.dominio.Usuario.colaciones, querySpaceUid=<gen:3>, path=com.tallerwebi.dominio.EjercicioUsuario.usuario.colaciones)
                - (collection element) CollectionFetchableElementEntityGraph(entity=com.tallerwebi.dominio.Colacion, querySpaceUid=<gen:4>, path=com.tallerwebi.dominio.EjercicioUsuario.usuario.colaciones.<elements>)
             - CollectionAttributeFetchImpl(collection=com.tallerwebi.dominio.Usuario.desafiosCompletados, querySpaceUid=<gen:5>, path=com.tallerwebi.dominio.EjercicioUsuario.usuario.desafiosCompletados)
                - (collection element) CollectionFetchableElementEntityGraph(entity=com.tallerwebi.dominio.DesafioUsuario, querySpaceUid=<gen:6>, path=com.tallerwebi.dominio.EjercicioUsuario.usuario.desafiosCompletados.<elements>)
    - QuerySpaces
       - EntityQuerySpaceImpl(uid=<gen:0>, entity=com.tallerwebi.dominio.EjercicioUsuario)
          - SQL table alias mapping - ejerciciou0_
          - alias suffix - 0_
          - suffixed key columns - {id1_6_0_}
          - JOIN (JoinDefinedByMetadata(ejercicio)) : <gen:0> -> <gen:1>
             - EntityQuerySpaceImpl(uid=<gen:1>, entity=com.tallerwebi.dominio.Ejercicio)
                - SQL table alias mapping - ejercicio1_
                - alias suffix - 1_
                - suffixed key columns - {id1_5_1_}
          - JOIN (JoinDefinedByMetadata(usuario)) : <gen:0> -> <gen:2>
             - EntityQuerySpaceImpl(uid=<gen:2>, entity=com.tallerwebi.dominio.Usuario)
                - SQL table alias mapping - usuario2_
                - alias suffix - 2_
                - suffixed key columns - {id1_17_2_}

00:28:52.549 [main] DEBUG org.hibernate.loader.entity.plan.EntityLoader - Static select for entity com.tallerwebi.dominio.EjercicioUsuario [NONE]: select ejerciciou0_.id as id1_6_0_, ejerciciou0_.caloriasQuemadas as calorias2_6_0_, ejerciciou0_.ejercicio_id as ejercici7_6_0_, ejerciciou0_.fecha as fecha3_6_0_, ejerciciou0_.intensidad as intensid4_6_0_, ejerciciou0_.minutos as minutos5_6_0_, ejerciciou0_.nombre as nombre6_6_0_, ejerciciou0_.usuario_id as usuario_8_6_0_, ejercicio1_.id as id1_5_1_, ejercicio1_.caloriasQuemadasPorHora as calorias2_5_1_, ejercicio1_.intensidad as intensid3_5_1_, ejercicio1_.nombre as nombre4_5_1_, usuario2_.id as id1_17_2_, usuario2_.altura as altura2_17_2_, usuario2_.edad as edad3_17_2_, usuario2_.email as email4_17_2_, usuario2_.genero as genero5_17_2_, usuario2_.imagen as imagen6_17_2_, usuario2_.ingestaCalorica as ingestac7_17_2_, usuario2_.metaAlcanzarPeso as metaalca8_17_2_, usuario2_.nivelDeActividad as niveldea9_17_2_, usuario2_.nombre as nombre10_17_2_, usuario2_.password as passwor11_17_2_, usuario2_.peso as peso12_17_2_, usuario2_.pesoInicial as pesoini13_17_2_, usuario2_.premium as premium14_17_2_ from EjercicioUsuario ejerciciou0_ left outer join Ejercicio ejercicio1_ on ejerciciou0_.ejercicio_id=ejercicio1_.id left outer join Usuario usuario2_ on ejerciciou0_.usuario_id=usuario2_.id where ejerciciou0_.id=?
00:28:52.549 [main] DEBUG org.hibernate.persister.entity.AbstractEntityPersister - Static SQL for entity: com.tallerwebi.dominio.UsuarioFollow
00:28:52.550 [main] DEBUG org.hibernate.persister.entity.AbstractEntityPersister -  Version select: select id from UsuarioFollow where id =?
00:28:52.550 [main] DEBUG org.hibernate.persister.entity.AbstractEntityPersister -  Snapshot select: select usuariofol_.id, usuariofol_.seguidor_id as seguidor2_18_, usuariofol_.usuario_id as usuario_3_18_ from UsuarioFollow usuariofol_ where usuariofol_.id=?
00:28:52.550 [main] DEBUG org.hibernate.persister.entity.AbstractEntityPersister -  Insert 0: insert into UsuarioFollow (seguidor_id, usuario_id, id) values (?, ?, ?)
00:28:52.550 [main] DEBUG org.hibernate.persister.entity.AbstractEntityPersister -  Update 0: update UsuarioFollow set seguidor_id=?, usuario_id=? where id=?
00:28:52.550 [main] DEBUG org.hibernate.persister.entity.AbstractEntityPersister -  Delete 0: delete from UsuarioFollow where id=?
00:28:52.550 [main] DEBUG org.hibernate.persister.entity.AbstractEntityPersister -  Identity insert: insert into UsuarioFollow (id, seguidor_id, usuario_id) values (default, ?, ?)
00:28:52.550 [main] DEBUG org.hibernate.loader.plan.build.internal.spaces.QuerySpacesImpl - Adding QuerySpace : uid = <gen:0> -> org.hibernate.loader.plan.build.internal.spaces.EntityQuerySpaceImpl@72f3acc9]
00:28:52.550 [main] DEBUG org.hibernate.persister.walking.spi.MetamodelGraphWalker - Visiting attribute path : seguidor
00:28:52.550 [main] DEBUG org.hibernate.loader.plan.build.internal.spaces.QuerySpacesImpl - Adding QuerySpace : uid = <gen:1> -> org.hibernate.loader.plan.build.internal.spaces.EntityQuerySpaceImpl@584136c1]
00:28:52.550 [main] DEBUG org.hibernate.persister.walking.spi.MetamodelGraphWalker - Visiting attribute path : seguidor.altura
00:28:52.550 [main] DEBUG org.hibernate.persister.walking.spi.MetamodelGraphWalker - Visiting attribute path : seguidor.colaciones
00:28:52.550 [main] DEBUG org.hibernate.loader.plan.build.internal.spaces.QuerySpacesImpl - Adding QuerySpace : uid = <gen:2> -> org.hibernate.loader.plan.build.internal.spaces.CollectionQuerySpaceImpl@3ea2f72e]
00:28:52.550 [main] DEBUG org.hibernate.loader.plan.build.internal.spaces.QuerySpacesImpl - Adding QuerySpace : uid = <gen:3> -> org.hibernate.loader.plan.build.internal.spaces.EntityQuerySpaceImpl@57b33c29]
00:28:52.550 [main] DEBUG org.hibernate.persister.walking.spi.MetamodelGraphWalker - Visiting attribute path : seguidor.desafiosCompletados
00:28:52.550 [main] DEBUG org.hibernate.loader.plan.build.internal.spaces.QuerySpacesImpl - Adding QuerySpace : uid = <gen:4> -> org.hibernate.loader.plan.build.internal.spaces.CollectionQuerySpaceImpl@615ef20]
00:28:52.550 [main] DEBUG org.hibernate.loader.plan.build.internal.spaces.QuerySpacesImpl - Adding QuerySpace : uid = <gen:5> -> org.hibernate.loader.plan.build.internal.spaces.EntityQuerySpaceImpl@13390a96]
00:28:52.550 [main] DEBUG org.hibernate.persister.walking.spi.MetamodelGraphWalker - Visiting attribute path : seguidor.edad
00:28:52.550 [main] DEBUG org.hibernate.persister.walking.spi.MetamodelGraphWalker - Visiting attribute path : seguidor.email
00:28:52.550 [main] DEBUG org.hibernate.persister.walking.spi.MetamodelGraphWalker - Visiting attribute path : seguidor.genero
00:28:52.550 [main] DEBUG org.hibernate.persister.walking.spi.MetamodelGraphWalker - Visiting attribute path : seguidor.imagen
00:28:52.550 [main] DEBUG org.hibernate.persister.walking.spi.MetamodelGraphWalker - Visiting attribute path : seguidor.ingestaCalorica
00:28:52.550 [main] DEBUG org.hibernate.persister.walking.spi.MetamodelGraphWalker - Visiting attribute path : seguidor.metaAlcanzarPeso
00:28:52.550 [main] DEBUG org.hibernate.persister.walking.spi.MetamodelGraphWalker - Visiting attribute path : seguidor.nivelDeActividad
00:28:52.550 [main] DEBUG org.hibernate.persister.walking.spi.MetamodelGraphWalker - Visiting attribute path : seguidor.nombre
00:28:52.550 [main] DEBUG org.hibernate.persister.walking.spi.MetamodelGraphWalker - Visiting attribute path : seguidor.password
00:28:52.550 [main] DEBUG org.hibernate.persister.walking.spi.MetamodelGraphWalker - Visiting attribute path : seguidor.peso
00:28:52.550 [main] DEBUG org.hibernate.persister.walking.spi.MetamodelGraphWalker - Visiting attribute path : seguidor.pesoInicial
00:28:52.550 [main] DEBUG org.hibernate.persister.walking.spi.MetamodelGraphWalker - Visiting attribute path : seguidor.premium
00:28:52.550 [main] DEBUG org.hibernate.persister.walking.spi.MetamodelGraphWalker - Visiting attribute path : usuario
00:28:52.550 [main] DEBUG org.hibernate.loader.plan.build.internal.spaces.QuerySpacesImpl - Adding QuerySpace : uid = <gen:6> -> org.hibernate.loader.plan.build.internal.spaces.EntityQuerySpaceImpl@3a8b9458]
00:28:52.550 [main] DEBUG org.hibernate.persister.walking.spi.MetamodelGraphWalker - Visiting attribute path : usuario.altura
00:28:52.550 [main] DEBUG org.hibernate.persister.walking.spi.MetamodelGraphWalker - Visiting attribute path : usuario.colaciones
00:28:52.550 [main] DEBUG org.hibernate.loader.plan.build.internal.spaces.QuerySpacesImpl - Adding QuerySpace : uid = <gen:7> -> org.hibernate.loader.plan.build.internal.spaces.CollectionQuerySpaceImpl@5dd23809]
00:28:52.550 [main] DEBUG org.hibernate.loader.plan.build.internal.spaces.QuerySpacesImpl - Adding QuerySpace : uid = <gen:8> -> org.hibernate.loader.plan.build.internal.spaces.EntityQuerySpaceImpl@664f49f]
00:28:52.550 [main] DEBUG org.hibernate.persister.walking.spi.MetamodelGraphWalker - Visiting attribute path : usuario.desafiosCompletados
00:28:52.550 [main] DEBUG org.hibernate.loader.plan.build.internal.spaces.QuerySpacesImpl - Adding QuerySpace : uid = <gen:9> -> org.hibernate.loader.plan.build.internal.spaces.CollectionQuerySpaceImpl@60ab895f]
00:28:52.550 [main] DEBUG org.hibernate.loader.plan.build.internal.spaces.QuerySpacesImpl - Adding QuerySpace : uid = <gen:10> -> org.hibernate.loader.plan.build.internal.spaces.EntityQuerySpaceImpl@295f2d1b]
00:28:52.550 [main] DEBUG org.hibernate.persister.walking.spi.MetamodelGraphWalker - Visiting attribute path : usuario.edad
00:28:52.550 [main] DEBUG org.hibernate.persister.walking.spi.MetamodelGraphWalker - Visiting attribute path : usuario.email
00:28:52.550 [main] DEBUG org.hibernate.persister.walking.spi.MetamodelGraphWalker - Visiting attribute path : usuario.genero
00:28:52.550 [main] DEBUG org.hibernate.persister.walking.spi.MetamodelGraphWalker - Visiting attribute path : usuario.imagen
00:28:52.550 [main] DEBUG org.hibernate.persister.walking.spi.MetamodelGraphWalker - Visiting attribute path : usuario.ingestaCalorica
00:28:52.550 [main] DEBUG org.hibernate.persister.walking.spi.MetamodelGraphWalker - Visiting attribute path : usuario.metaAlcanzarPeso
00:28:52.550 [main] DEBUG org.hibernate.persister.walking.spi.MetamodelGraphWalker - Visiting attribute path : usuario.nivelDeActividad
00:28:52.550 [main] DEBUG org.hibernate.persister.walking.spi.MetamodelGraphWalker - Visiting attribute path : usuario.nombre
00:28:52.550 [main] DEBUG org.hibernate.persister.walking.spi.MetamodelGraphWalker - Visiting attribute path : usuario.password
00:28:52.550 [main] DEBUG org.hibernate.persister.walking.spi.MetamodelGraphWalker - Visiting attribute path : usuario.peso
00:28:52.550 [main] DEBUG org.hibernate.persister.walking.spi.MetamodelGraphWalker - Visiting attribute path : usuario.pesoInicial
00:28:52.550 [main] DEBUG org.hibernate.persister.walking.spi.MetamodelGraphWalker - Visiting attribute path : usuario.premium
00:28:52.550 [main] DEBUG org.hibernate.loader.plan.build.internal.FetchStyleLoadPlanBuildingAssociationVisitationStrategy - Building LoadPlan...
00:28:52.550 [main] DEBUG org.hibernate.loader.plan.exec.internal.LoadQueryJoinAndFetchProcessor - processing queryspace <gen:0>
00:28:52.551 [main] DEBUG org.hibernate.loader.plan.build.spi.LoadPlanTreePrinter - LoadPlan(entity=com.tallerwebi.dominio.UsuarioFollow)
    - Returns
       - EntityReturnImpl(entity=com.tallerwebi.dominio.UsuarioFollow, querySpaceUid=<gen:0>, path=com.tallerwebi.dominio.UsuarioFollow)
          - EntityAttributeFetchImpl(entity=com.tallerwebi.dominio.Usuario, querySpaceUid=<gen:1>, path=com.tallerwebi.dominio.UsuarioFollow.seguidor)
             - CollectionAttributeFetchImpl(collection=com.tallerwebi.dominio.Usuario.colaciones, querySpaceUid=<gen:2>, path=com.tallerwebi.dominio.UsuarioFollow.seguidor.colaciones)
                - (collection element) CollectionFetchableElementEntityGraph(entity=com.tallerwebi.dominio.Colacion, querySpaceUid=<gen:3>, path=com.tallerwebi.dominio.UsuarioFollow.seguidor.colaciones.<elements>)
             - CollectionAttributeFetchImpl(collection=com.tallerwebi.dominio.Usuario.desafiosCompletados, querySpaceUid=<gen:4>, path=com.tallerwebi.dominio.UsuarioFollow.seguidor.desafiosCompletados)
                - (collection element) CollectionFetchableElementEntityGraph(entity=com.tallerwebi.dominio.DesafioUsuario, querySpaceUid=<gen:5>, path=com.tallerwebi.dominio.UsuarioFollow.seguidor.desafiosCompletados.<elements>)
          - EntityAttributeFetchImpl(entity=com.tallerwebi.dominio.Usuario, querySpaceUid=<gen:6>, path=com.tallerwebi.dominio.UsuarioFollow.usuario)
             - CollectionAttributeFetchImpl(collection=com.tallerwebi.dominio.Usuario.colaciones, querySpaceUid=<gen:7>, path=com.tallerwebi.dominio.UsuarioFollow.usuario.colaciones)
                - (collection element) CollectionFetchableElementEntityGraph(entity=com.tallerwebi.dominio.Colacion, querySpaceUid=<gen:8>, path=com.tallerwebi.dominio.UsuarioFollow.usuario.colaciones.<elements>)
             - CollectionAttributeFetchImpl(collection=com.tallerwebi.dominio.Usuario.desafiosCompletados, querySpaceUid=<gen:9>, path=com.tallerwebi.dominio.UsuarioFollow.usuario.desafiosCompletados)
                - (collection element) CollectionFetchableElementEntityGraph(entity=com.tallerwebi.dominio.DesafioUsuario, querySpaceUid=<gen:10>, path=com.tallerwebi.dominio.UsuarioFollow.usuario.desafiosCompletados.<elements>)
    - QuerySpaces
       - EntityQuerySpaceImpl(uid=<gen:0>, entity=com.tallerwebi.dominio.UsuarioFollow)
          - SQL table alias mapping - usuariofol0_
          - alias suffix - 0_
          - suffixed key columns - {id1_18_0_}
          - JOIN (JoinDefinedByMetadata(seguidor)) : <gen:0> -> <gen:1>
             - EntityQuerySpaceImpl(uid=<gen:1>, entity=com.tallerwebi.dominio.Usuario)
                - SQL table alias mapping - usuario1_
                - alias suffix - 1_
                - suffixed key columns - {id1_17_1_}
          - JOIN (JoinDefinedByMetadata(usuario)) : <gen:0> -> <gen:6>
             - EntityQuerySpaceImpl(uid=<gen:6>, entity=com.tallerwebi.dominio.Usuario)
                - SQL table alias mapping - usuario2_
                - alias suffix - 2_
                - suffixed key columns - {id1_17_2_}

00:28:52.551 [main] DEBUG org.hibernate.loader.entity.plan.EntityLoader - Static select for entity com.tallerwebi.dominio.UsuarioFollow [NONE]: select usuariofol0_.id as id1_18_0_, usuariofol0_.seguidor_id as seguidor2_18_0_, usuariofol0_.usuario_id as usuario_3_18_0_, usuario1_.id as id1_17_1_, usuario1_.altura as altura2_17_1_, usuario1_.edad as edad3_17_1_, usuario1_.email as email4_17_1_, usuario1_.genero as genero5_17_1_, usuario1_.imagen as imagen6_17_1_, usuario1_.ingestaCalorica as ingestac7_17_1_, usuario1_.metaAlcanzarPeso as metaalca8_17_1_, usuario1_.nivelDeActividad as niveldea9_17_1_, usuario1_.nombre as nombre10_17_1_, usuario1_.password as passwor11_17_1_, usuario1_.peso as peso12_17_1_, usuario1_.pesoInicial as pesoini13_17_1_, usuario1_.premium as premium14_17_1_, usuario2_.id as id1_17_2_, usuario2_.altura as altura2_17_2_, usuario2_.edad as edad3_17_2_, usuario2_.email as email4_17_2_, usuario2_.genero as genero5_17_2_, usuario2_.imagen as imagen6_17_2_, usuario2_.ingestaCalorica as ingestac7_17_2_, usuario2_.metaAlcanzarPeso as metaalca8_17_2_, usuario2_.nivelDeActividad as niveldea9_17_2_, usuario2_.nombre as nombre10_17_2_, usuario2_.password as passwor11_17_2_, usuario2_.peso as peso12_17_2_, usuario2_.pesoInicial as pesoini13_17_2_, usuario2_.premium as premium14_17_2_ from UsuarioFollow usuariofol0_ left outer join Usuario usuario1_ on usuariofol0_.seguidor_id=usuario1_.id left outer join Usuario usuario2_ on usuariofol0_.usuario_id=usuario2_.id where usuariofol0_.id=?
00:28:52.551 [main] DEBUG org.hibernate.persister.entity.AbstractEntityPersister - Static SQL for entity: com.tallerwebi.dominio.PublicacionRespuesta
00:28:52.551 [main] DEBUG org.hibernate.persister.entity.AbstractEntityPersister -  Version select: select id from PublicacionRespuesta where id =?
00:28:52.551 [main] DEBUG org.hibernate.persister.entity.AbstractEntityPersister -  Snapshot select: select publicacio_.id, publicacio_.publicacion_id as publicac2_13_, publicacio_.respuesta_id as respuest3_13_ from PublicacionRespuesta publicacio_ where publicacio_.id=?
00:28:52.551 [main] DEBUG org.hibernate.persister.entity.AbstractEntityPersister -  Insert 0: insert into PublicacionRespuesta (publicacion_id, respuesta_id, id) values (?, ?, ?)
00:28:52.551 [main] DEBUG org.hibernate.persister.entity.AbstractEntityPersister -  Update 0: update PublicacionRespuesta set publicacion_id=?, respuesta_id=? where id=?
00:28:52.551 [main] DEBUG org.hibernate.persister.entity.AbstractEntityPersister -  Delete 0: delete from PublicacionRespuesta where id=?
00:28:52.551 [main] DEBUG org.hibernate.persister.entity.AbstractEntityPersister -  Identity insert: insert into PublicacionRespuesta (id, publicacion_id, respuesta_id) values (default, ?, ?)
00:28:52.551 [main] DEBUG org.hibernate.loader.plan.build.internal.spaces.QuerySpacesImpl - Adding QuerySpace : uid = <gen:0> -> org.hibernate.loader.plan.build.internal.spaces.EntityQuerySpaceImpl@65015a49]
00:28:52.551 [main] DEBUG org.hibernate.persister.walking.spi.MetamodelGraphWalker - Visiting attribute path : publicacion
00:28:52.551 [main] DEBUG org.hibernate.loader.plan.build.internal.spaces.QuerySpacesImpl - Adding QuerySpace : uid = <gen:1> -> org.hibernate.loader.plan.build.internal.spaces.EntityQuerySpaceImpl@78bd02c8]
00:28:52.551 [main] DEBUG org.hibernate.persister.walking.spi.MetamodelGraphWalker - Visiting attribute path : publicacion.contenido
00:28:52.551 [main] DEBUG org.hibernate.persister.walking.spi.MetamodelGraphWalker - Visiting attribute path : publicacion.fechaCreacion
00:28:52.551 [main] DEBUG org.hibernate.persister.walking.spi.MetamodelGraphWalker - Visiting attribute path : publicacion.fechaFormateada
00:28:52.551 [main] DEBUG org.hibernate.persister.walking.spi.MetamodelGraphWalker - Visiting attribute path : publicacion.img
00:28:52.551 [main] DEBUG org.hibernate.persister.walking.spi.MetamodelGraphWalker - Visiting attribute path : publicacion.titulo
00:28:52.551 [main] DEBUG org.hibernate.persister.walking.spi.MetamodelGraphWalker - Visiting attribute path : publicacion.usuario
00:28:52.551 [main] DEBUG org.hibernate.loader.plan.build.internal.spaces.QuerySpacesImpl - Adding QuerySpace : uid = <gen:2> -> org.hibernate.loader.plan.build.internal.spaces.EntityQuerySpaceImpl@47e60b71]
00:28:52.551 [main] DEBUG org.hibernate.persister.walking.spi.MetamodelGraphWalker - Visiting attribute path : publicacion.usuario.altura
00:28:52.551 [main] DEBUG org.hibernate.persister.walking.spi.MetamodelGraphWalker - Visiting attribute path : publicacion.usuario.colaciones
00:28:52.551 [main] DEBUG org.hibernate.loader.plan.build.internal.spaces.QuerySpacesImpl - Adding QuerySpace : uid = <gen:3> -> org.hibernate.loader.plan.build.internal.spaces.CollectionQuerySpaceImpl@17ae13d5]
00:28:52.551 [main] DEBUG org.hibernate.loader.plan.build.internal.spaces.QuerySpacesImpl - Adding QuerySpace : uid = <gen:4> -> org.hibernate.loader.plan.build.internal.spaces.EntityQuerySpaceImpl@69f3e556]
00:28:52.551 [main] DEBUG org.hibernate.persister.walking.spi.MetamodelGraphWalker - Visiting attribute path : publicacion.usuario.desafiosCompletados
00:28:52.551 [main] DEBUG org.hibernate.loader.plan.build.internal.spaces.QuerySpacesImpl - Adding QuerySpace : uid = <gen:5> -> org.hibernate.loader.plan.build.internal.spaces.CollectionQuerySpaceImpl@1eb9d69a]
00:28:52.551 [main] DEBUG org.hibernate.loader.plan.build.internal.spaces.QuerySpacesImpl - Adding QuerySpace : uid = <gen:6> -> org.hibernate.loader.plan.build.internal.spaces.EntityQuerySpaceImpl@36511772]
00:28:52.551 [main] DEBUG org.hibernate.persister.walking.spi.MetamodelGraphWalker - Visiting attribute path : publicacion.usuario.edad
00:28:52.551 [main] DEBUG org.hibernate.persister.walking.spi.MetamodelGraphWalker - Visiting attribute path : publicacion.usuario.email
00:28:52.551 [main] DEBUG org.hibernate.persister.walking.spi.MetamodelGraphWalker - Visiting attribute path : publicacion.usuario.genero
00:28:52.551 [main] DEBUG org.hibernate.persister.walking.spi.MetamodelGraphWalker - Visiting attribute path : publicacion.usuario.imagen
00:28:52.551 [main] DEBUG org.hibernate.persister.walking.spi.MetamodelGraphWalker - Visiting attribute path : publicacion.usuario.ingestaCalorica
00:28:52.551 [main] DEBUG org.hibernate.persister.walking.spi.MetamodelGraphWalker - Visiting attribute path : publicacion.usuario.metaAlcanzarPeso
00:28:52.551 [main] DEBUG org.hibernate.persister.walking.spi.MetamodelGraphWalker - Visiting attribute path : publicacion.usuario.nivelDeActividad
00:28:52.551 [main] DEBUG org.hibernate.persister.walking.spi.MetamodelGraphWalker - Visiting attribute path : publicacion.usuario.nombre
00:28:52.551 [main] DEBUG org.hibernate.persister.walking.spi.MetamodelGraphWalker - Visiting attribute path : publicacion.usuario.password
00:28:52.551 [main] DEBUG org.hibernate.persister.walking.spi.MetamodelGraphWalker - Visiting attribute path : publicacion.usuario.peso
00:28:52.551 [main] DEBUG org.hibernate.persister.walking.spi.MetamodelGraphWalker - Visiting attribute path : publicacion.usuario.pesoInicial
00:28:52.551 [main] DEBUG org.hibernate.persister.walking.spi.MetamodelGraphWalker - Visiting attribute path : publicacion.usuario.premium
00:28:52.551 [main] DEBUG org.hibernate.persister.walking.spi.MetamodelGraphWalker - Visiting attribute path : respuesta
00:28:52.551 [main] DEBUG org.hibernate.loader.plan.build.internal.spaces.QuerySpacesImpl - Adding QuerySpace : uid = <gen:7> -> org.hibernate.loader.plan.build.internal.spaces.EntityQuerySpaceImpl@51869ad6]
00:28:52.551 [main] DEBUG org.hibernate.persister.walking.spi.MetamodelGraphWalker - Visiting attribute path : respuesta.contenido
00:28:52.551 [main] DEBUG org.hibernate.persister.walking.spi.MetamodelGraphWalker - Visiting attribute path : respuesta.fechaCreacion
00:28:52.551 [main] DEBUG org.hibernate.persister.walking.spi.MetamodelGraphWalker - Visiting attribute path : respuesta.fechaFormateada
00:28:52.551 [main] DEBUG org.hibernate.persister.walking.spi.MetamodelGraphWalker - Visiting attribute path : respuesta.usuario
00:28:52.551 [main] DEBUG org.hibernate.loader.plan.build.internal.spaces.QuerySpacesImpl - Adding QuerySpace : uid = <gen:8> -> org.hibernate.loader.plan.build.internal.spaces.EntityQuerySpaceImpl@77f4038c]
00:28:52.551 [main] DEBUG org.hibernate.persister.walking.spi.MetamodelGraphWalker - Visiting attribute path : respuesta.usuario.altura
00:28:52.551 [main] DEBUG org.hibernate.persister.walking.spi.MetamodelGraphWalker - Visiting attribute path : respuesta.usuario.colaciones
00:28:52.551 [main] DEBUG org.hibernate.loader.plan.build.internal.spaces.QuerySpacesImpl - Adding QuerySpace : uid = <gen:9> -> org.hibernate.loader.plan.build.internal.spaces.CollectionQuerySpaceImpl@2c15034f]
00:28:52.551 [main] DEBUG org.hibernate.loader.plan.build.internal.spaces.QuerySpacesImpl - Adding QuerySpace : uid = <gen:10> -> org.hibernate.loader.plan.build.internal.spaces.EntityQuerySpaceImpl@43b4ec0c]
00:28:52.551 [main] DEBUG org.hibernate.persister.walking.spi.MetamodelGraphWalker - Visiting attribute path : respuesta.usuario.desafiosCompletados
00:28:52.551 [main] DEBUG org.hibernate.loader.plan.build.internal.spaces.QuerySpacesImpl - Adding QuerySpace : uid = <gen:11> -> org.hibernate.loader.plan.build.internal.spaces.CollectionQuerySpaceImpl@148b6f95]
00:28:52.551 [main] DEBUG org.hibernate.loader.plan.build.internal.spaces.QuerySpacesImpl - Adding QuerySpace : uid = <gen:12> -> org.hibernate.loader.plan.build.internal.spaces.EntityQuerySpaceImpl@5ee581db]
00:28:52.551 [main] DEBUG org.hibernate.persister.walking.spi.MetamodelGraphWalker - Visiting attribute path : respuesta.usuario.edad
00:28:52.551 [main] DEBUG org.hibernate.persister.walking.spi.MetamodelGraphWalker - Visiting attribute path : respuesta.usuario.email
00:28:52.551 [main] DEBUG org.hibernate.persister.walking.spi.MetamodelGraphWalker - Visiting attribute path : respuesta.usuario.genero
00:28:52.551 [main] DEBUG org.hibernate.persister.walking.spi.MetamodelGraphWalker - Visiting attribute path : respuesta.usuario.imagen
00:28:52.551 [main] DEBUG org.hibernate.persister.walking.spi.MetamodelGraphWalker - Visiting attribute path : respuesta.usuario.ingestaCalorica
00:28:52.551 [main] DEBUG org.hibernate.persister.walking.spi.MetamodelGraphWalker - Visiting attribute path : respuesta.usuario.metaAlcanzarPeso
00:28:52.551 [main] DEBUG org.hibernate.persister.walking.spi.MetamodelGraphWalker - Visiting attribute path : respuesta.usuario.nivelDeActividad
00:28:52.551 [main] DEBUG org.hibernate.persister.walking.spi.MetamodelGraphWalker - Visiting attribute path : respuesta.usuario.nombre
00:28:52.551 [main] DEBUG org.hibernate.persister.walking.spi.MetamodelGraphWalker - Visiting attribute path : respuesta.usuario.password
00:28:52.551 [main] DEBUG org.hibernate.persister.walking.spi.MetamodelGraphWalker - Visiting attribute path : respuesta.usuario.peso
00:28:52.551 [main] DEBUG org.hibernate.persister.walking.spi.MetamodelGraphWalker - Visiting attribute path : respuesta.usuario.pesoInicial
00:28:52.551 [main] DEBUG org.hibernate.persister.walking.spi.MetamodelGraphWalker - Visiting attribute path : respuesta.usuario.premium
00:28:52.552 [main] DEBUG org.hibernate.loader.plan.build.internal.FetchStyleLoadPlanBuildingAssociationVisitationStrategy - Building LoadPlan...
00:28:52.552 [main] DEBUG org.hibernate.loader.plan.exec.internal.LoadQueryJoinAndFetchProcessor - processing queryspace <gen:0>
00:28:52.552 [main] DEBUG org.hibernate.loader.plan.build.spi.LoadPlanTreePrinter - LoadPlan(entity=com.tallerwebi.dominio.PublicacionRespuesta)
    - Returns
       - EntityReturnImpl(entity=com.tallerwebi.dominio.PublicacionRespuesta, querySpaceUid=<gen:0>, path=com.tallerwebi.dominio.PublicacionRespuesta)
          - EntityAttributeFetchImpl(entity=com.tallerwebi.dominio.Publicacion, querySpaceUid=<gen:1>, path=com.tallerwebi.dominio.PublicacionRespuesta.publicacion)
             - EntityAttributeFetchImpl(entity=com.tallerwebi.dominio.Usuario, querySpaceUid=<gen:2>, path=com.tallerwebi.dominio.PublicacionRespuesta.publicacion.usuario)
                - CollectionAttributeFetchImpl(collection=com.tallerwebi.dominio.Usuario.colaciones, querySpaceUid=<gen:3>, path=com.tallerwebi.dominio.PublicacionRespuesta.publicacion.usuario.colaciones)
                   - (collection element) CollectionFetchableElementEntityGraph(entity=com.tallerwebi.dominio.Colacion, querySpaceUid=<gen:4>, path=com.tallerwebi.dominio.PublicacionRespuesta.publicacion.usuario.colaciones.<elements>)
                - CollectionAttributeFetchImpl(collection=com.tallerwebi.dominio.Usuario.desafiosCompletados, querySpaceUid=<gen:5>, path=com.tallerwebi.dominio.PublicacionRespuesta.publicacion.usuario.desafiosCompletados)
                   - (collection element) CollectionFetchableElementEntityGraph(entity=com.tallerwebi.dominio.DesafioUsuario, querySpaceUid=<gen:6>, path=com.tallerwebi.dominio.PublicacionRespuesta.publicacion.usuario.desafiosCompletados.<elements>)
          - EntityAttributeFetchImpl(entity=com.tallerwebi.dominio.Respuesta, querySpaceUid=<gen:7>, path=com.tallerwebi.dominio.PublicacionRespuesta.respuesta)
             - EntityAttributeFetchImpl(entity=com.tallerwebi.dominio.Usuario, querySpaceUid=<gen:8>, path=com.tallerwebi.dominio.PublicacionRespuesta.respuesta.usuario)
                - CollectionAttributeFetchImpl(collection=com.tallerwebi.dominio.Usuario.colaciones, querySpaceUid=<gen:9>, path=com.tallerwebi.dominio.PublicacionRespuesta.respuesta.usuario.colaciones)
                   - (collection element) CollectionFetchableElementEntityGraph(entity=com.tallerwebi.dominio.Colacion, querySpaceUid=<gen:10>, path=com.tallerwebi.dominio.PublicacionRespuesta.respuesta.usuario.colaciones.<elements>)
                - CollectionAttributeFetchImpl(collection=com.tallerwebi.dominio.Usuario.desafiosCompletados, querySpaceUid=<gen:11>, path=com.tallerwebi.dominio.PublicacionRespuesta.respuesta.usuario.desafiosCompletados)
                   - (collection element) CollectionFetchableElementEntityGraph(entity=com.tallerwebi.dominio.DesafioUsuario, querySpaceUid=<gen:12>, path=com.tallerwebi.dominio.PublicacionRespuesta.respuesta.usuario.desafiosCompletados.<elements>)
    - QuerySpaces
       - EntityQuerySpaceImpl(uid=<gen:0>, entity=com.tallerwebi.dominio.PublicacionRespuesta)
          - SQL table alias mapping - publicacio0_
          - alias suffix - 0_
          - suffixed key columns - {id1_13_0_}
          - JOIN (JoinDefinedByMetadata(publicacion)) : <gen:0> -> <gen:1>
             - EntityQuerySpaceImpl(uid=<gen:1>, entity=com.tallerwebi.dominio.Publicacion)
                - SQL table alias mapping - publicacio1_
                - alias suffix - 1_
                - suffixed key columns - {id1_11_1_}
                - JOIN (JoinDefinedByMetadata(usuario)) : <gen:1> -> <gen:2>
                   - EntityQuerySpaceImpl(uid=<gen:2>, entity=com.tallerwebi.dominio.Usuario)
                      - SQL table alias mapping - usuario2_
                      - alias suffix - 2_
                      - suffixed key columns - {id1_17_2_}
          - JOIN (JoinDefinedByMetadata(respuesta)) : <gen:0> -> <gen:7>
             - EntityQuerySpaceImpl(uid=<gen:7>, entity=com.tallerwebi.dominio.Respuesta)
                - SQL table alias mapping - respuesta3_
                - alias suffix - 3_
                - suffixed key columns - {id1_16_3_}
                - JOIN (JoinDefinedByMetadata(usuario)) : <gen:7> -> <gen:8>
                   - EntityQuerySpaceImpl(uid=<gen:8>, entity=com.tallerwebi.dominio.Usuario)
                      - SQL table alias mapping - usuario4_
                      - alias suffix - 4_
                      - suffixed key columns - {id1_17_4_}

00:28:52.552 [main] DEBUG org.hibernate.loader.entity.plan.EntityLoader - Static select for entity com.tallerwebi.dominio.PublicacionRespuesta [NONE]: select publicacio0_.id as id1_13_0_, publicacio0_.publicacion_id as publicac2_13_0_, publicacio0_.respuesta_id as respuest3_13_0_, publicacio1_.id as id1_11_1_, publicacio1_.contenido as contenid2_11_1_, publicacio1_.fechaCreacion as fechacre3_11_1_, publicacio1_.fechaFormateada as fechafor4_11_1_, publicacio1_.img as img5_11_1_, publicacio1_.titulo as titulo6_11_1_, publicacio1_.usuario_id as usuario_7_11_1_, usuario2_.id as id1_17_2_, usuario2_.altura as altura2_17_2_, usuario2_.edad as edad3_17_2_, usuario2_.email as email4_17_2_, usuario2_.genero as genero5_17_2_, usuario2_.imagen as imagen6_17_2_, usuario2_.ingestaCalorica as ingestac7_17_2_, usuario2_.metaAlcanzarPeso as metaalca8_17_2_, usuario2_.nivelDeActividad as niveldea9_17_2_, usuario2_.nombre as nombre10_17_2_, usuario2_.password as passwor11_17_2_, usuario2_.peso as peso12_17_2_, usuario2_.pesoInicial as pesoini13_17_2_, usuario2_.premium as premium14_17_2_, respuesta3_.id as id1_16_3_, respuesta3_.contenido as contenid2_16_3_, respuesta3_.fechaCreacion as fechacre3_16_3_, respuesta3_.fechaFormateada as fechafor4_16_3_, respuesta3_.usuario_id as usuario_5_16_3_, usuario4_.id as id1_17_4_, usuario4_.altura as altura2_17_4_, usuario4_.edad as edad3_17_4_, usuario4_.email as email4_17_4_, usuario4_.genero as genero5_17_4_, usuario4_.imagen as imagen6_17_4_, usuario4_.ingestaCalorica as ingestac7_17_4_, usuario4_.metaAlcanzarPeso as metaalca8_17_4_, usuario4_.nivelDeActividad as niveldea9_17_4_, usuario4_.nombre as nombre10_17_4_, usuario4_.password as passwor11_17_4_, usuario4_.peso as peso12_17_4_, usuario4_.pesoInicial as pesoini13_17_4_, usuario4_.premium as premium14_17_4_ from PublicacionRespuesta publicacio0_ left outer join Publicacion publicacio1_ on publicacio0_.publicacion_id=publicacio1_.id left outer join Usuario usuario2_ on publicacio1_.usuario_id=usuario2_.id left outer join Respuesta respuesta3_ on publicacio0_.respuesta_id=respuesta3_.id left outer join Usuario usuario4_ on respuesta3_.usuario_id=usuario4_.id where publicacio0_.id=?
00:28:52.552 [main] DEBUG org.hibernate.persister.entity.AbstractEntityPersister - Static SQL for entity: com.tallerwebi.dominio.Alimento
00:28:52.552 [main] DEBUG org.hibernate.persister.entity.AbstractEntityPersister -  Version select: select id from Alimento where id =?
00:28:52.552 [main] DEBUG org.hibernate.persister.entity.AbstractEntityPersister -  Snapshot select: select alimento_.id, alimento_.azucar as azucar2_0_, alimento_.baseAzucar as baseazuc3_0_, alimento_.baseCalorias as basecalo4_0_, alimento_.baseCarbohidratos as basecarb5_0_, alimento_.baseColesterol as basecole6_0_, alimento_.baseEnergia as baseener7_0_, alimento_.baseFibra as basefibr8_0_, alimento_.baseGrasa as basegras9_0_, alimento_.baseGrasaMonoinsaturada as basegra10_0_, alimento_.baseGrasaPoliinsaturada as basegra11_0_, alimento_.baseGrasaSaturada as basegra12_0_, alimento_.basePotasio as basepot13_0_, alimento_.baseProteina as basepro14_0_, alimento_.baseSodio as basesod15_0_, alimento_.calorias as caloria16_0_, alimento_.cantidad as cantida17_0_, alimento_.carbohidratos as carbohi18_0_, alimento_.categoria_id as categor32_0_, alimento_.colesterol as coleste19_0_, alimento_.energia as energia20_0_, alimento_.esPersonalizado as esperso21_0_, alimento_.fibra as fibra22_0_, alimento_.grasa as grasa23_0_, alimento_.grasaMonoinsaturada as grasamo24_0_, alimento_.grasaPoliinsaturada as grasapo25_0_, alimento_.grasaSaturada as grasasa26_0_, alimento_.imagen as imagen27_0_, alimento_.nombre as nombre28_0_, alimento_.potasio as potasio29_0_, alimento_.proteina as protein30_0_, alimento_.sodio as sodio31_0_ from Alimento alimento_ where alimento_.id=?
00:28:52.552 [main] DEBUG org.hibernate.persister.entity.AbstractEntityPersister -  Insert 0: insert into Alimento (azucar, baseAzucar, baseCalorias, baseCarbohidratos, baseColesterol, baseEnergia, baseFibra, baseGrasa, baseGrasaMonoinsaturada, baseGrasaPoliinsaturada, baseGrasaSaturada, basePotasio, baseProteina, baseSodio, calorias, cantidad, carbohidratos, categoria_id, colesterol, energia, esPersonalizado, fibra, grasa, grasaMonoinsaturada, grasaPoliinsaturada, grasaSaturada, imagen, nombre, potasio, proteina, sodio, id) values (?, ?, ?, ?, ?, ?, ?, ?, ?, ?, ?, ?, ?, ?, ?, ?, ?, ?, ?, ?, ?, ?, ?, ?, ?, ?, ?, ?, ?, ?, ?, ?)
00:28:52.552 [main] DEBUG org.hibernate.persister.entity.AbstractEntityPersister -  Update 0: update Alimento set azucar=?, baseAzucar=?, baseCalorias=?, baseCarbohidratos=?, baseColesterol=?, baseEnergia=?, baseFibra=?, baseGrasa=?, baseGrasaMonoinsaturada=?, baseGrasaPoliinsaturada=?, baseGrasaSaturada=?, basePotasio=?, baseProteina=?, baseSodio=?, calorias=?, cantidad=?, carbohidratos=?, categoria_id=?, colesterol=?, energia=?, esPersonalizado=?, fibra=?, grasa=?, grasaMonoinsaturada=?, grasaPoliinsaturada=?, grasaSaturada=?, imagen=?, nombre=?, potasio=?, proteina=?, sodio=? where id=?
00:28:52.552 [main] DEBUG org.hibernate.persister.entity.AbstractEntityPersister -  Delete 0: delete from Alimento where id=?
00:28:52.552 [main] DEBUG org.hibernate.persister.entity.AbstractEntityPersister -  Identity insert: insert into Alimento (id, azucar, baseAzucar, baseCalorias, baseCarbohidratos, baseColesterol, baseEnergia, baseFibra, baseGrasa, baseGrasaMonoinsaturada, baseGrasaPoliinsaturada, baseGrasaSaturada, basePotasio, baseProteina, baseSodio, calorias, cantidad, carbohidratos, categoria_id, colesterol, energia, esPersonalizado, fibra, grasa, grasaMonoinsaturada, grasaPoliinsaturada, grasaSaturada, imagen, nombre, potasio, proteina, sodio) values (default, ?, ?, ?, ?, ?, ?, ?, ?, ?, ?, ?, ?, ?, ?, ?, ?, ?, ?, ?, ?, ?, ?, ?, ?, ?, ?, ?, ?, ?, ?, ?)
00:28:52.552 [main] DEBUG org.hibernate.loader.plan.build.internal.spaces.QuerySpacesImpl - Adding QuerySpace : uid = <gen:0> -> org.hibernate.loader.plan.build.internal.spaces.EntityQuerySpaceImpl@5a6efe33]
00:28:52.553 [main] DEBUG org.hibernate.persister.walking.spi.MetamodelGraphWalker - Visiting attribute path : azucar
00:28:52.553 [main] DEBUG org.hibernate.persister.walking.spi.MetamodelGraphWalker - Visiting attribute path : baseAzucar
00:28:52.553 [main] DEBUG org.hibernate.persister.walking.spi.MetamodelGraphWalker - Visiting attribute path : baseCalorias
00:28:52.553 [main] DEBUG org.hibernate.persister.walking.spi.MetamodelGraphWalker - Visiting attribute path : baseCarbohidratos
00:28:52.553 [main] DEBUG org.hibernate.persister.walking.spi.MetamodelGraphWalker - Visiting attribute path : baseColesterol
00:28:52.553 [main] DEBUG org.hibernate.persister.walking.spi.MetamodelGraphWalker - Visiting attribute path : baseEnergia
00:28:52.553 [main] DEBUG org.hibernate.persister.walking.spi.MetamodelGraphWalker - Visiting attribute path : baseFibra
00:28:52.553 [main] DEBUG org.hibernate.persister.walking.spi.MetamodelGraphWalker - Visiting attribute path : baseGrasa
00:28:52.553 [main] DEBUG org.hibernate.persister.walking.spi.MetamodelGraphWalker - Visiting attribute path : baseGrasaMonoinsaturada
00:28:52.553 [main] DEBUG org.hibernate.persister.walking.spi.MetamodelGraphWalker - Visiting attribute path : baseGrasaPoliinsaturada
00:28:52.553 [main] DEBUG org.hibernate.persister.walking.spi.MetamodelGraphWalker - Visiting attribute path : baseGrasaSaturada
00:28:52.553 [main] DEBUG org.hibernate.persister.walking.spi.MetamodelGraphWalker - Visiting attribute path : basePotasio
00:28:52.553 [main] DEBUG org.hibernate.persister.walking.spi.MetamodelGraphWalker - Visiting attribute path : baseProteina
00:28:52.553 [main] DEBUG org.hibernate.persister.walking.spi.MetamodelGraphWalker - Visiting attribute path : baseSodio
00:28:52.553 [main] DEBUG org.hibernate.persister.walking.spi.MetamodelGraphWalker - Visiting attribute path : calorias
00:28:52.553 [main] DEBUG org.hibernate.persister.walking.spi.MetamodelGraphWalker - Visiting attribute path : cantidad
00:28:52.553 [main] DEBUG org.hibernate.persister.walking.spi.MetamodelGraphWalker - Visiting attribute path : carbohidratos
00:28:52.553 [main] DEBUG org.hibernate.persister.walking.spi.MetamodelGraphWalker - Visiting attribute path : categoria
00:28:52.553 [main] DEBUG org.hibernate.loader.plan.build.internal.spaces.QuerySpacesImpl - Adding QuerySpace : uid = <gen:1> -> org.hibernate.loader.plan.build.internal.spaces.EntityQuerySpaceImpl@71668a67]
00:28:52.553 [main] DEBUG org.hibernate.persister.walking.spi.MetamodelGraphWalker - Visiting attribute path : categoria.alimentos
00:28:52.553 [main] DEBUG org.hibernate.persister.walking.spi.MetamodelGraphWalker - Property path deemed to be circular : categoria.alimentos
00:28:52.553 [main] DEBUG org.hibernate.persister.walking.spi.MetamodelGraphWalker - Visiting attribute path : categoria.imagen
00:28:52.553 [main] DEBUG org.hibernate.persister.walking.spi.MetamodelGraphWalker - Visiting attribute path : categoria.nombre
00:28:52.553 [main] DEBUG org.hibernate.persister.walking.spi.MetamodelGraphWalker - Visiting attribute path : colaciones
00:28:52.553 [main] DEBUG org.hibernate.loader.plan.build.internal.spaces.QuerySpacesImpl - Adding QuerySpace : uid = <gen:2> -> org.hibernate.loader.plan.build.internal.spaces.CollectionQuerySpaceImpl@2ecdcfe3]
00:28:52.553 [main] DEBUG org.hibernate.loader.plan.build.internal.spaces.QuerySpacesImpl - Adding QuerySpace : uid = <gen:3> -> org.hibernate.loader.plan.build.internal.spaces.EntityQuerySpaceImpl@65b73689]
00:28:52.553 [main] DEBUG org.hibernate.persister.walking.spi.MetamodelGraphWalker - Visiting attribute path : colesterol
00:28:52.553 [main] DEBUG org.hibernate.persister.walking.spi.MetamodelGraphWalker - Visiting attribute path : energia
00:28:52.553 [main] DEBUG org.hibernate.persister.walking.spi.MetamodelGraphWalker - Visiting attribute path : esPersonalizado
00:28:52.553 [main] DEBUG org.hibernate.persister.walking.spi.MetamodelGraphWalker - Visiting attribute path : fibra
00:28:52.553 [main] DEBUG org.hibernate.persister.walking.spi.MetamodelGraphWalker - Visiting attribute path : grasa
00:28:52.553 [main] DEBUG org.hibernate.persister.walking.spi.MetamodelGraphWalker - Visiting attribute path : grasaMonoinsaturada
00:28:52.553 [main] DEBUG org.hibernate.persister.walking.spi.MetamodelGraphWalker - Visiting attribute path : grasaPoliinsaturada
00:28:52.553 [main] DEBUG org.hibernate.persister.walking.spi.MetamodelGraphWalker - Visiting attribute path : grasaSaturada
00:28:52.553 [main] DEBUG org.hibernate.persister.walking.spi.MetamodelGraphWalker - Visiting attribute path : imagen
00:28:52.553 [main] DEBUG org.hibernate.persister.walking.spi.MetamodelGraphWalker - Visiting attribute path : nombre
00:28:52.553 [main] DEBUG org.hibernate.persister.walking.spi.MetamodelGraphWalker - Visiting attribute path : potasio
00:28:52.553 [main] DEBUG org.hibernate.persister.walking.spi.MetamodelGraphWalker - Visiting attribute path : proteina
00:28:52.553 [main] DEBUG org.hibernate.persister.walking.spi.MetamodelGraphWalker - Visiting attribute path : sodio
00:28:52.553 [main] DEBUG org.hibernate.loader.plan.build.internal.FetchStyleLoadPlanBuildingAssociationVisitationStrategy - Building LoadPlan...
00:28:52.553 [main] DEBUG org.hibernate.loader.plan.exec.internal.LoadQueryJoinAndFetchProcessor - processing queryspace <gen:0>
00:28:52.553 [main] DEBUG org.hibernate.loader.plan.build.spi.LoadPlanTreePrinter - LoadPlan(entity=com.tallerwebi.dominio.Alimento)
    - Returns
       - EntityReturnImpl(entity=com.tallerwebi.dominio.Alimento, querySpaceUid=<gen:0>, path=com.tallerwebi.dominio.Alimento)
          - EntityAttributeFetchImpl(entity=com.tallerwebi.dominio.CategoriaAlimento, querySpaceUid=<gen:1>, path=com.tallerwebi.dominio.Alimento.categoria)
          - CollectionAttributeFetchImpl(collection=com.tallerwebi.dominio.Alimento.colaciones, querySpaceUid=<gen:2>, path=com.tallerwebi.dominio.Alimento.colaciones)
             - (collection element) CollectionFetchableElementEntityGraph(entity=com.tallerwebi.dominio.Colacion, querySpaceUid=<gen:3>, path=com.tallerwebi.dominio.Alimento.colaciones.<elements>)
    - QuerySpaces
       - EntityQuerySpaceImpl(uid=<gen:0>, entity=com.tallerwebi.dominio.Alimento)
          - SQL table alias mapping - alimento0_
          - alias suffix - 0_
          - suffixed key columns - {id1_0_0_}
          - JOIN (JoinDefinedByMetadata(categoria)) : <gen:0> -> <gen:1>
             - EntityQuerySpaceImpl(uid=<gen:1>, entity=com.tallerwebi.dominio.CategoriaAlimento)
                - SQL table alias mapping - categoriaa1_
                - alias suffix - 1_
                - suffixed key columns - {id1_1_1_}

00:28:52.553 [main] DEBUG org.hibernate.loader.entity.plan.EntityLoader - Static select for entity com.tallerwebi.dominio.Alimento [NONE]: select alimento0_.id as id1_0_0_, alimento0_.azucar as azucar2_0_0_, alimento0_.baseAzucar as baseazuc3_0_0_, alimento0_.baseCalorias as basecalo4_0_0_, alimento0_.baseCarbohidratos as basecarb5_0_0_, alimento0_.baseColesterol as basecole6_0_0_, alimento0_.baseEnergia as baseener7_0_0_, alimento0_.baseFibra as basefibr8_0_0_, alimento0_.baseGrasa as basegras9_0_0_, alimento0_.baseGrasaMonoinsaturada as basegra10_0_0_, alimento0_.baseGrasaPoliinsaturada as basegra11_0_0_, alimento0_.baseGrasaSaturada as basegra12_0_0_, alimento0_.basePotasio as basepot13_0_0_, alimento0_.baseProteina as basepro14_0_0_, alimento0_.baseSodio as basesod15_0_0_, alimento0_.calorias as caloria16_0_0_, alimento0_.cantidad as cantida17_0_0_, alimento0_.carbohidratos as carbohi18_0_0_, alimento0_.categoria_id as categor32_0_0_, alimento0_.colesterol as coleste19_0_0_, alimento0_.energia as energia20_0_0_, alimento0_.esPersonalizado as esperso21_0_0_, alimento0_.fibra as fibra22_0_0_, alimento0_.grasa as grasa23_0_0_, alimento0_.grasaMonoinsaturada as grasamo24_0_0_, alimento0_.grasaPoliinsaturada as grasapo25_0_0_, alimento0_.grasaSaturada as grasasa26_0_0_, alimento0_.imagen as imagen27_0_0_, alimento0_.nombre as nombre28_0_0_, alimento0_.potasio as potasio29_0_0_, alimento0_.proteina as protein30_0_0_, alimento0_.sodio as sodio31_0_0_, categoriaa1_.id as id1_1_1_, categoriaa1_.imagen as imagen2_1_1_, categoriaa1_.nombre as nombre3_1_1_ from Alimento alimento0_ left outer join CategoriaAlimento categoriaa1_ on alimento0_.categoria_id=categoriaa1_.id where alimento0_.id=?
00:28:52.553 [main] DEBUG org.hibernate.persister.entity.AbstractEntityPersister - Static SQL for entity: com.tallerwebi.dominio.MacronutrientesUsuario
00:28:52.553 [main] DEBUG org.hibernate.persister.entity.AbstractEntityPersister -  Version select: select id from MacronutrientesUsuario where id =?
00:28:52.553 [main] DEBUG org.hibernate.persister.entity.AbstractEntityPersister -  Snapshot select: select macronutri_.id, macronutri_.carbohidratosAConsumir as carbohid2_8_, macronutri_.grasaAConsumir as grasaaco3_8_, macronutri_.proteinaAConsumir as proteina4_8_, macronutri_.usuario_id as usuario_5_8_ from MacronutrientesUsuario macronutri_ where macronutri_.id=?
00:28:52.553 [main] DEBUG org.hibernate.persister.entity.AbstractEntityPersister -  Insert 0: insert into MacronutrientesUsuario (carbohidratosAConsumir, grasaAConsumir, proteinaAConsumir, usuario_id, id) values (?, ?, ?, ?, ?)
00:28:52.553 [main] DEBUG org.hibernate.persister.entity.AbstractEntityPersister -  Update 0: update MacronutrientesUsuario set carbohidratosAConsumir=?, grasaAConsumir=?, proteinaAConsumir=?, usuario_id=? where id=?
00:28:52.553 [main] DEBUG org.hibernate.persister.entity.AbstractEntityPersister -  Delete 0: delete from MacronutrientesUsuario where id=?
00:28:52.553 [main] DEBUG org.hibernate.persister.entity.AbstractEntityPersister -  Identity insert: insert into MacronutrientesUsuario (id, carbohidratosAConsumir, grasaAConsumir, proteinaAConsumir, usuario_id) values (default, ?, ?, ?, ?)
00:28:52.553 [main] DEBUG org.hibernate.loader.plan.build.internal.spaces.QuerySpacesImpl - Adding QuerySpace : uid = <gen:0> -> org.hibernate.loader.plan.build.internal.spaces.EntityQuerySpaceImpl@2047adea]
00:28:52.553 [main] DEBUG org.hibernate.persister.walking.spi.MetamodelGraphWalker - Visiting attribute path : carbohidratosAConsumir
00:28:52.553 [main] DEBUG org.hibernate.persister.walking.spi.MetamodelGraphWalker - Visiting attribute path : grasaAConsumir
00:28:52.553 [main] DEBUG org.hibernate.persister.walking.spi.MetamodelGraphWalker - Visiting attribute path : proteinaAConsumir
00:28:52.553 [main] DEBUG org.hibernate.persister.walking.spi.MetamodelGraphWalker - Visiting attribute path : usuario
00:28:52.553 [main] DEBUG org.hibernate.loader.plan.build.internal.spaces.QuerySpacesImpl - Adding QuerySpace : uid = <gen:1> -> org.hibernate.loader.plan.build.internal.spaces.EntityQuerySpaceImpl@1a06602f]
00:28:52.553 [main] DEBUG org.hibernate.persister.walking.spi.MetamodelGraphWalker - Visiting attribute path : usuario.altura
00:28:52.553 [main] DEBUG org.hibernate.persister.walking.spi.MetamodelGraphWalker - Visiting attribute path : usuario.colaciones
00:28:52.553 [main] DEBUG org.hibernate.loader.plan.build.internal.spaces.QuerySpacesImpl - Adding QuerySpace : uid = <gen:2> -> org.hibernate.loader.plan.build.internal.spaces.CollectionQuerySpaceImpl@5b6cc344]
00:28:52.553 [main] DEBUG org.hibernate.loader.plan.build.internal.spaces.QuerySpacesImpl - Adding QuerySpace : uid = <gen:3> -> org.hibernate.loader.plan.build.internal.spaces.EntityQuerySpaceImpl@2110684a]
00:28:52.553 [main] DEBUG org.hibernate.persister.walking.spi.MetamodelGraphWalker - Visiting attribute path : usuario.desafiosCompletados
00:28:52.553 [main] DEBUG org.hibernate.loader.plan.build.internal.spaces.QuerySpacesImpl - Adding QuerySpace : uid = <gen:4> -> org.hibernate.loader.plan.build.internal.spaces.CollectionQuerySpaceImpl@83e635f]
00:28:52.553 [main] DEBUG org.hibernate.loader.plan.build.internal.spaces.QuerySpacesImpl - Adding QuerySpace : uid = <gen:5> -> org.hibernate.loader.plan.build.internal.spaces.EntityQuerySpaceImpl@61d011e]
00:28:52.553 [main] DEBUG org.hibernate.persister.walking.spi.MetamodelGraphWalker - Visiting attribute path : usuario.edad
00:28:52.553 [main] DEBUG org.hibernate.persister.walking.spi.MetamodelGraphWalker - Visiting attribute path : usuario.email
00:28:52.553 [main] DEBUG org.hibernate.persister.walking.spi.MetamodelGraphWalker - Visiting attribute path : usuario.genero
00:28:52.553 [main] DEBUG org.hibernate.persister.walking.spi.MetamodelGraphWalker - Visiting attribute path : usuario.imagen
00:28:52.553 [main] DEBUG org.hibernate.persister.walking.spi.MetamodelGraphWalker - Visiting attribute path : usuario.ingestaCalorica
00:28:52.553 [main] DEBUG org.hibernate.persister.walking.spi.MetamodelGraphWalker - Visiting attribute path : usuario.metaAlcanzarPeso
00:28:52.553 [main] DEBUG org.hibernate.persister.walking.spi.MetamodelGraphWalker - Visiting attribute path : usuario.nivelDeActividad
00:28:52.554 [main] DEBUG org.hibernate.persister.walking.spi.MetamodelGraphWalker - Visiting attribute path : usuario.nombre
00:28:52.554 [main] DEBUG org.hibernate.persister.walking.spi.MetamodelGraphWalker - Visiting attribute path : usuario.password
00:28:52.554 [main] DEBUG org.hibernate.persister.walking.spi.MetamodelGraphWalker - Visiting attribute path : usuario.peso
00:28:52.554 [main] DEBUG org.hibernate.persister.walking.spi.MetamodelGraphWalker - Visiting attribute path : usuario.pesoInicial
00:28:52.554 [main] DEBUG org.hibernate.persister.walking.spi.MetamodelGraphWalker - Visiting attribute path : usuario.premium
00:28:52.554 [main] DEBUG org.hibernate.loader.plan.build.internal.FetchStyleLoadPlanBuildingAssociationVisitationStrategy - Building LoadPlan...
00:28:52.554 [main] DEBUG org.hibernate.loader.plan.exec.internal.LoadQueryJoinAndFetchProcessor - processing queryspace <gen:0>
00:28:52.554 [main] DEBUG org.hibernate.loader.plan.build.spi.LoadPlanTreePrinter - LoadPlan(entity=com.tallerwebi.dominio.MacronutrientesUsuario)
    - Returns
       - EntityReturnImpl(entity=com.tallerwebi.dominio.MacronutrientesUsuario, querySpaceUid=<gen:0>, path=com.tallerwebi.dominio.MacronutrientesUsuario)
          - EntityAttributeFetchImpl(entity=com.tallerwebi.dominio.Usuario, querySpaceUid=<gen:1>, path=com.tallerwebi.dominio.MacronutrientesUsuario.usuario)
             - CollectionAttributeFetchImpl(collection=com.tallerwebi.dominio.Usuario.colaciones, querySpaceUid=<gen:2>, path=com.tallerwebi.dominio.MacronutrientesUsuario.usuario.colaciones)
                - (collection element) CollectionFetchableElementEntityGraph(entity=com.tallerwebi.dominio.Colacion, querySpaceUid=<gen:3>, path=com.tallerwebi.dominio.MacronutrientesUsuario.usuario.colaciones.<elements>)
             - CollectionAttributeFetchImpl(collection=com.tallerwebi.dominio.Usuario.desafiosCompletados, querySpaceUid=<gen:4>, path=com.tallerwebi.dominio.MacronutrientesUsuario.usuario.desafiosCompletados)
                - (collection element) CollectionFetchableElementEntityGraph(entity=com.tallerwebi.dominio.DesafioUsuario, querySpaceUid=<gen:5>, path=com.tallerwebi.dominio.MacronutrientesUsuario.usuario.desafiosCompletados.<elements>)
    - QuerySpaces
       - EntityQuerySpaceImpl(uid=<gen:0>, entity=com.tallerwebi.dominio.MacronutrientesUsuario)
          - SQL table alias mapping - macronutri0_
          - alias suffix - 0_
          - suffixed key columns - {id1_8_0_}
          - JOIN (JoinDefinedByMetadata(usuario)) : <gen:0> -> <gen:1>
             - EntityQuerySpaceImpl(uid=<gen:1>, entity=com.tallerwebi.dominio.Usuario)
                - SQL table alias mapping - usuario1_
                - alias suffix - 1_
                - suffixed key columns - {id1_17_1_}

00:28:52.554 [main] DEBUG org.hibernate.loader.entity.plan.EntityLoader - Static select for entity com.tallerwebi.dominio.MacronutrientesUsuario [NONE]: select macronutri0_.id as id1_8_0_, macronutri0_.carbohidratosAConsumir as carbohid2_8_0_, macronutri0_.grasaAConsumir as grasaaco3_8_0_, macronutri0_.proteinaAConsumir as proteina4_8_0_, macronutri0_.usuario_id as usuario_5_8_0_, usuario1_.id as id1_17_1_, usuario1_.altura as altura2_17_1_, usuario1_.edad as edad3_17_1_, usuario1_.email as email4_17_1_, usuario1_.genero as genero5_17_1_, usuario1_.imagen as imagen6_17_1_, usuario1_.ingestaCalorica as ingestac7_17_1_, usuario1_.metaAlcanzarPeso as metaalca8_17_1_, usuario1_.nivelDeActividad as niveldea9_17_1_, usuario1_.nombre as nombre10_17_1_, usuario1_.password as passwor11_17_1_, usuario1_.peso as peso12_17_1_, usuario1_.pesoInicial as pesoini13_17_1_, usuario1_.premium as premium14_17_1_ from MacronutrientesUsuario macronutri0_ left outer join Usuario usuario1_ on macronutri0_.usuario_id=usuario1_.id where macronutri0_.id=?
00:28:52.554 [main] DEBUG org.hibernate.persister.entity.AbstractEntityPersister - Static SQL for entity: com.tallerwebi.dominio.Ejercicio
00:28:52.554 [main] DEBUG org.hibernate.persister.entity.AbstractEntityPersister -  Version select: select id from Ejercicio where id =?
00:28:52.554 [main] DEBUG org.hibernate.persister.entity.AbstractEntityPersister -  Snapshot select: select ejercicio_.id, ejercicio_.caloriasQuemadasPorHora as calorias2_5_, ejercicio_.intensidad as intensid3_5_, ejercicio_.nombre as nombre4_5_ from Ejercicio ejercicio_ where ejercicio_.id=?
00:28:52.554 [main] DEBUG org.hibernate.persister.entity.AbstractEntityPersister -  Insert 0: insert into Ejercicio (caloriasQuemadasPorHora, intensidad, nombre, id) values (?, ?, ?, ?)
00:28:52.554 [main] DEBUG org.hibernate.persister.entity.AbstractEntityPersister -  Update 0: update Ejercicio set caloriasQuemadasPorHora=?, intensidad=?, nombre=? where id=?
00:28:52.554 [main] DEBUG org.hibernate.persister.entity.AbstractEntityPersister -  Delete 0: delete from Ejercicio where id=?
00:28:52.554 [main] DEBUG org.hibernate.persister.entity.AbstractEntityPersister -  Identity insert: insert into Ejercicio (id, caloriasQuemadasPorHora, intensidad, nombre) values (default, ?, ?, ?)
00:28:52.554 [main] DEBUG org.hibernate.loader.plan.build.internal.spaces.QuerySpacesImpl - Adding QuerySpace : uid = <gen:0> -> org.hibernate.loader.plan.build.internal.spaces.EntityQuerySpaceImpl@3b56947a]
00:28:52.554 [main] DEBUG org.hibernate.persister.walking.spi.MetamodelGraphWalker - Visiting attribute path : caloriasQuemadasPorHora
00:28:52.554 [main] DEBUG org.hibernate.persister.walking.spi.MetamodelGraphWalker - Visiting attribute path : intensidad
00:28:52.554 [main] DEBUG org.hibernate.persister.walking.spi.MetamodelGraphWalker - Visiting attribute path : nombre
00:28:52.554 [main] DEBUG org.hibernate.loader.plan.build.internal.FetchStyleLoadPlanBuildingAssociationVisitationStrategy - Building LoadPlan...
00:28:52.554 [main] DEBUG org.hibernate.loader.plan.exec.internal.LoadQueryJoinAndFetchProcessor - processing queryspace <gen:0>
00:28:52.554 [main] DEBUG org.hibernate.loader.plan.build.spi.LoadPlanTreePrinter - LoadPlan(entity=com.tallerwebi.dominio.Ejercicio)
    - Returns
       - EntityReturnImpl(entity=com.tallerwebi.dominio.Ejercicio, querySpaceUid=<gen:0>, path=com.tallerwebi.dominio.Ejercicio)
    - QuerySpaces
       - EntityQuerySpaceImpl(uid=<gen:0>, entity=com.tallerwebi.dominio.Ejercicio)
          - SQL table alias mapping - ejercicio0_
          - alias suffix - 0_
          - suffixed key columns - {id1_5_0_}

00:28:52.554 [main] DEBUG org.hibernate.loader.entity.plan.EntityLoader - Static select for entity com.tallerwebi.dominio.Ejercicio [NONE]: select ejercicio0_.id as id1_5_0_, ejercicio0_.caloriasQuemadasPorHora as calorias2_5_0_, ejercicio0_.intensidad as intensid3_5_0_, ejercicio0_.nombre as nombre4_5_0_ from Ejercicio ejercicio0_ where ejercicio0_.id=?
00:28:52.554 [main] DEBUG org.hibernate.persister.entity.AbstractEntityPersister - Static SQL for entity: com.tallerwebi.dominio.PublicacionLike
00:28:52.554 [main] DEBUG org.hibernate.persister.entity.AbstractEntityPersister -  Version select: select id from PublicacionLike where id =?
00:28:52.554 [main] DEBUG org.hibernate.persister.entity.AbstractEntityPersister -  Snapshot select: select publicacio_.id, publicacio_.fechaCreacion as fechacre2_12_, publicacio_.fechaFormateada as fechafor3_12_, publicacio_.publicacion_id as publicac4_12_, publicacio_.usuario_id as usuario_5_12_ from PublicacionLike publicacio_ where publicacio_.id=?
00:28:52.554 [main] DEBUG org.hibernate.persister.entity.AbstractEntityPersister -  Insert 0: insert into PublicacionLike (fechaCreacion, fechaFormateada, publicacion_id, usuario_id, id) values (?, ?, ?, ?, ?)
00:28:52.554 [main] DEBUG org.hibernate.persister.entity.AbstractEntityPersister -  Update 0: update PublicacionLike set fechaCreacion=?, fechaFormateada=?, publicacion_id=?, usuario_id=? where id=?
00:28:52.554 [main] DEBUG org.hibernate.persister.entity.AbstractEntityPersister -  Delete 0: delete from PublicacionLike where id=?
00:28:52.554 [main] DEBUG org.hibernate.persister.entity.AbstractEntityPersister -  Identity insert: insert into PublicacionLike (id, fechaCreacion, fechaFormateada, publicacion_id, usuario_id) values (default, ?, ?, ?, ?)
00:28:52.554 [main] DEBUG org.hibernate.loader.plan.build.internal.spaces.QuerySpacesImpl - Adding QuerySpace : uid = <gen:0> -> org.hibernate.loader.plan.build.internal.spaces.EntityQuerySpaceImpl@62794582]
00:28:52.554 [main] DEBUG org.hibernate.persister.walking.spi.MetamodelGraphWalker - Visiting attribute path : fechaCreacion
00:28:52.554 [main] DEBUG org.hibernate.persister.walking.spi.MetamodelGraphWalker - Visiting attribute path : fechaFormateada
00:28:52.554 [main] DEBUG org.hibernate.persister.walking.spi.MetamodelGraphWalker - Visiting attribute path : publicacion
00:28:52.554 [main] DEBUG org.hibernate.loader.plan.build.internal.spaces.QuerySpacesImpl - Adding QuerySpace : uid = <gen:1> -> org.hibernate.loader.plan.build.internal.spaces.EntityQuerySpaceImpl@3f80d8c]
00:28:52.554 [main] DEBUG org.hibernate.persister.walking.spi.MetamodelGraphWalker - Visiting attribute path : publicacion.contenido
00:28:52.554 [main] DEBUG org.hibernate.persister.walking.spi.MetamodelGraphWalker - Visiting attribute path : publicacion.fechaCreacion
00:28:52.554 [main] DEBUG org.hibernate.persister.walking.spi.MetamodelGraphWalker - Visiting attribute path : publicacion.fechaFormateada
00:28:52.554 [main] DEBUG org.hibernate.persister.walking.spi.MetamodelGraphWalker - Visiting attribute path : publicacion.img
00:28:52.554 [main] DEBUG org.hibernate.persister.walking.spi.MetamodelGraphWalker - Visiting attribute path : publicacion.titulo
00:28:52.554 [main] DEBUG org.hibernate.persister.walking.spi.MetamodelGraphWalker - Visiting attribute path : publicacion.usuario
00:28:52.554 [main] DEBUG org.hibernate.loader.plan.build.internal.spaces.QuerySpacesImpl - Adding QuerySpace : uid = <gen:2> -> org.hibernate.loader.plan.build.internal.spaces.EntityQuerySpaceImpl@5c60c08]
00:28:52.554 [main] DEBUG org.hibernate.persister.walking.spi.MetamodelGraphWalker - Visiting attribute path : publicacion.usuario.altura
00:28:52.554 [main] DEBUG org.hibernate.persister.walking.spi.MetamodelGraphWalker - Visiting attribute path : publicacion.usuario.colaciones
00:28:52.554 [main] DEBUG org.hibernate.loader.plan.build.internal.spaces.QuerySpacesImpl - Adding QuerySpace : uid = <gen:3> -> org.hibernate.loader.plan.build.internal.spaces.CollectionQuerySpaceImpl@5fe3b058]
00:28:52.554 [main] DEBUG org.hibernate.loader.plan.build.internal.spaces.QuerySpacesImpl - Adding QuerySpace : uid = <gen:4> -> org.hibernate.loader.plan.build.internal.spaces.EntityQuerySpaceImpl@2a661215]
00:28:52.554 [main] DEBUG org.hibernate.persister.walking.spi.MetamodelGraphWalker - Visiting attribute path : publicacion.usuario.desafiosCompletados
00:28:52.554 [main] DEBUG org.hibernate.loader.plan.build.internal.spaces.QuerySpacesImpl - Adding QuerySpace : uid = <gen:5> -> org.hibernate.loader.plan.build.internal.spaces.CollectionQuerySpaceImpl@1f75fd1d]
00:28:52.554 [main] DEBUG org.hibernate.loader.plan.build.internal.spaces.QuerySpacesImpl - Adding QuerySpace : uid = <gen:6> -> org.hibernate.loader.plan.build.internal.spaces.EntityQuerySpaceImpl@212e39ee]
00:28:52.554 [main] DEBUG org.hibernate.persister.walking.spi.MetamodelGraphWalker - Visiting attribute path : publicacion.usuario.edad
00:28:52.554 [main] DEBUG org.hibernate.persister.walking.spi.MetamodelGraphWalker - Visiting attribute path : publicacion.usuario.email
00:28:52.554 [main] DEBUG org.hibernate.persister.walking.spi.MetamodelGraphWalker - Visiting attribute path : publicacion.usuario.genero
00:28:52.554 [main] DEBUG org.hibernate.persister.walking.spi.MetamodelGraphWalker - Visiting attribute path : publicacion.usuario.imagen
00:28:52.554 [main] DEBUG org.hibernate.persister.walking.spi.MetamodelGraphWalker - Visiting attribute path : publicacion.usuario.ingestaCalorica
00:28:52.554 [main] DEBUG org.hibernate.persister.walking.spi.MetamodelGraphWalker - Visiting attribute path : publicacion.usuario.metaAlcanzarPeso
00:28:52.554 [main] DEBUG org.hibernate.persister.walking.spi.MetamodelGraphWalker - Visiting attribute path : publicacion.usuario.nivelDeActividad
00:28:52.554 [main] DEBUG org.hibernate.persister.walking.spi.MetamodelGraphWalker - Visiting attribute path : publicacion.usuario.nombre
00:28:52.554 [main] DEBUG org.hibernate.persister.walking.spi.MetamodelGraphWalker - Visiting attribute path : publicacion.usuario.password
00:28:52.554 [main] DEBUG org.hibernate.persister.walking.spi.MetamodelGraphWalker - Visiting attribute path : publicacion.usuario.peso
00:28:52.554 [main] DEBUG org.hibernate.persister.walking.spi.MetamodelGraphWalker - Visiting attribute path : publicacion.usuario.pesoInicial
00:28:52.554 [main] DEBUG org.hibernate.persister.walking.spi.MetamodelGraphWalker - Visiting attribute path : publicacion.usuario.premium
00:28:52.554 [main] DEBUG org.hibernate.persister.walking.spi.MetamodelGraphWalker - Visiting attribute path : usuario
00:28:52.554 [main] DEBUG org.hibernate.loader.plan.build.internal.spaces.QuerySpacesImpl - Adding QuerySpace : uid = <gen:7> -> org.hibernate.loader.plan.build.internal.spaces.EntityQuerySpaceImpl@638d2ce3]
00:28:52.554 [main] DEBUG org.hibernate.persister.walking.spi.MetamodelGraphWalker - Visiting attribute path : usuario.altura
00:28:52.554 [main] DEBUG org.hibernate.persister.walking.spi.MetamodelGraphWalker - Visiting attribute path : usuario.colaciones
00:28:52.555 [main] DEBUG org.hibernate.loader.plan.build.internal.spaces.QuerySpacesImpl - Adding QuerySpace : uid = <gen:8> -> org.hibernate.loader.plan.build.internal.spaces.CollectionQuerySpaceImpl@49cceb19]
00:28:52.555 [main] DEBUG org.hibernate.loader.plan.build.internal.spaces.QuerySpacesImpl - Adding QuerySpace : uid = <gen:9> -> org.hibernate.loader.plan.build.internal.spaces.EntityQuerySpaceImpl@197d5a87]
00:28:52.555 [main] DEBUG org.hibernate.persister.walking.spi.MetamodelGraphWalker - Visiting attribute path : usuario.desafiosCompletados
00:28:52.555 [main] DEBUG org.hibernate.loader.plan.build.internal.spaces.QuerySpacesImpl - Adding QuerySpace : uid = <gen:10> -> org.hibernate.loader.plan.build.internal.spaces.CollectionQuerySpaceImpl@131d977f]
00:28:52.555 [main] DEBUG org.hibernate.loader.plan.build.internal.spaces.QuerySpacesImpl - Adding QuerySpace : uid = <gen:11> -> org.hibernate.loader.plan.build.internal.spaces.EntityQuerySpaceImpl@616f81b5]
00:28:52.555 [main] DEBUG org.hibernate.persister.walking.spi.MetamodelGraphWalker - Visiting attribute path : usuario.edad
00:28:52.555 [main] DEBUG org.hibernate.persister.walking.spi.MetamodelGraphWalker - Visiting attribute path : usuario.email
00:28:52.555 [main] DEBUG org.hibernate.persister.walking.spi.MetamodelGraphWalker - Visiting attribute path : usuario.genero
00:28:52.555 [main] DEBUG org.hibernate.persister.walking.spi.MetamodelGraphWalker - Visiting attribute path : usuario.imagen
00:28:52.555 [main] DEBUG org.hibernate.persister.walking.spi.MetamodelGraphWalker - Visiting attribute path : usuario.ingestaCalorica
00:28:52.555 [main] DEBUG org.hibernate.persister.walking.spi.MetamodelGraphWalker - Visiting attribute path : usuario.metaAlcanzarPeso
00:28:52.555 [main] DEBUG org.hibernate.persister.walking.spi.MetamodelGraphWalker - Visiting attribute path : usuario.nivelDeActividad
00:28:52.555 [main] DEBUG org.hibernate.persister.walking.spi.MetamodelGraphWalker - Visiting attribute path : usuario.nombre
00:28:52.555 [main] DEBUG org.hibernate.persister.walking.spi.MetamodelGraphWalker - Visiting attribute path : usuario.password
00:28:52.555 [main] DEBUG org.hibernate.persister.walking.spi.MetamodelGraphWalker - Visiting attribute path : usuario.peso
00:28:52.555 [main] DEBUG org.hibernate.persister.walking.spi.MetamodelGraphWalker - Visiting attribute path : usuario.pesoInicial
00:28:52.555 [main] DEBUG org.hibernate.persister.walking.spi.MetamodelGraphWalker - Visiting attribute path : usuario.premium
00:28:52.555 [main] DEBUG org.hibernate.loader.plan.build.internal.FetchStyleLoadPlanBuildingAssociationVisitationStrategy - Building LoadPlan...
00:28:52.555 [main] DEBUG org.hibernate.loader.plan.exec.internal.LoadQueryJoinAndFetchProcessor - processing queryspace <gen:0>
00:28:52.555 [main] DEBUG org.hibernate.loader.plan.build.spi.LoadPlanTreePrinter - LoadPlan(entity=com.tallerwebi.dominio.PublicacionLike)
    - Returns
       - EntityReturnImpl(entity=com.tallerwebi.dominio.PublicacionLike, querySpaceUid=<gen:0>, path=com.tallerwebi.dominio.PublicacionLike)
          - EntityAttributeFetchImpl(entity=com.tallerwebi.dominio.Publicacion, querySpaceUid=<gen:1>, path=com.tallerwebi.dominio.PublicacionLike.publicacion)
             - EntityAttributeFetchImpl(entity=com.tallerwebi.dominio.Usuario, querySpaceUid=<gen:2>, path=com.tallerwebi.dominio.PublicacionLike.publicacion.usuario)
                - CollectionAttributeFetchImpl(collection=com.tallerwebi.dominio.Usuario.colaciones, querySpaceUid=<gen:3>, path=com.tallerwebi.dominio.PublicacionLike.publicacion.usuario.colaciones)
                   - (collection element) CollectionFetchableElementEntityGraph(entity=com.tallerwebi.dominio.Colacion, querySpaceUid=<gen:4>, path=com.tallerwebi.dominio.PublicacionLike.publicacion.usuario.colaciones.<elements>)
                - CollectionAttributeFetchImpl(collection=com.tallerwebi.dominio.Usuario.desafiosCompletados, querySpaceUid=<gen:5>, path=com.tallerwebi.dominio.PublicacionLike.publicacion.usuario.desafiosCompletados)
                   - (collection element) CollectionFetchableElementEntityGraph(entity=com.tallerwebi.dominio.DesafioUsuario, querySpaceUid=<gen:6>, path=com.tallerwebi.dominio.PublicacionLike.publicacion.usuario.desafiosCompletados.<elements>)
          - EntityAttributeFetchImpl(entity=com.tallerwebi.dominio.Usuario, querySpaceUid=<gen:7>, path=com.tallerwebi.dominio.PublicacionLike.usuario)
             - CollectionAttributeFetchImpl(collection=com.tallerwebi.dominio.Usuario.colaciones, querySpaceUid=<gen:8>, path=com.tallerwebi.dominio.PublicacionLike.usuario.colaciones)
                - (collection element) CollectionFetchableElementEntityGraph(entity=com.tallerwebi.dominio.Colacion, querySpaceUid=<gen:9>, path=com.tallerwebi.dominio.PublicacionLike.usuario.colaciones.<elements>)
             - CollectionAttributeFetchImpl(collection=com.tallerwebi.dominio.Usuario.desafiosCompletados, querySpaceUid=<gen:10>, path=com.tallerwebi.dominio.PublicacionLike.usuario.desafiosCompletados)
                - (collection element) CollectionFetchableElementEntityGraph(entity=com.tallerwebi.dominio.DesafioUsuario, querySpaceUid=<gen:11>, path=com.tallerwebi.dominio.PublicacionLike.usuario.desafiosCompletados.<elements>)
    - QuerySpaces
       - EntityQuerySpaceImpl(uid=<gen:0>, entity=com.tallerwebi.dominio.PublicacionLike)
          - SQL table alias mapping - publicacio0_
          - alias suffix - 0_
          - suffixed key columns - {id1_12_0_}
          - JOIN (JoinDefinedByMetadata(publicacion)) : <gen:0> -> <gen:1>
             - EntityQuerySpaceImpl(uid=<gen:1>, entity=com.tallerwebi.dominio.Publicacion)
                - SQL table alias mapping - publicacio1_
                - alias suffix - 1_
                - suffixed key columns - {id1_11_1_}
                - JOIN (JoinDefinedByMetadata(usuario)) : <gen:1> -> <gen:2>
                   - EntityQuerySpaceImpl(uid=<gen:2>, entity=com.tallerwebi.dominio.Usuario)
                      - SQL table alias mapping - usuario2_
                      - alias suffix - 2_
                      - suffixed key columns - {id1_17_2_}
          - JOIN (JoinDefinedByMetadata(usuario)) : <gen:0> -> <gen:7>
             - EntityQuerySpaceImpl(uid=<gen:7>, entity=com.tallerwebi.dominio.Usuario)
                - SQL table alias mapping - usuario3_
                - alias suffix - 3_
                - suffixed key columns - {id1_17_3_}

00:28:52.555 [main] DEBUG org.hibernate.loader.entity.plan.EntityLoader - Static select for entity com.tallerwebi.dominio.PublicacionLike [NONE]: select publicacio0_.id as id1_12_0_, publicacio0_.fechaCreacion as fechacre2_12_0_, publicacio0_.fechaFormateada as fechafor3_12_0_, publicacio0_.publicacion_id as publicac4_12_0_, publicacio0_.usuario_id as usuario_5_12_0_, publicacio1_.id as id1_11_1_, publicacio1_.contenido as contenid2_11_1_, publicacio1_.fechaCreacion as fechacre3_11_1_, publicacio1_.fechaFormateada as fechafor4_11_1_, publicacio1_.img as img5_11_1_, publicacio1_.titulo as titulo6_11_1_, publicacio1_.usuario_id as usuario_7_11_1_, usuario2_.id as id1_17_2_, usuario2_.altura as altura2_17_2_, usuario2_.edad as edad3_17_2_, usuario2_.email as email4_17_2_, usuario2_.genero as genero5_17_2_, usuario2_.imagen as imagen6_17_2_, usuario2_.ingestaCalorica as ingestac7_17_2_, usuario2_.metaAlcanzarPeso as metaalca8_17_2_, usuario2_.nivelDeActividad as niveldea9_17_2_, usuario2_.nombre as nombre10_17_2_, usuario2_.password as passwor11_17_2_, usuario2_.peso as peso12_17_2_, usuario2_.pesoInicial as pesoini13_17_2_, usuario2_.premium as premium14_17_2_, usuario3_.id as id1_17_3_, usuario3_.altura as altura2_17_3_, usuario3_.edad as edad3_17_3_, usuario3_.email as email4_17_3_, usuario3_.genero as genero5_17_3_, usuario3_.imagen as imagen6_17_3_, usuario3_.ingestaCalorica as ingestac7_17_3_, usuario3_.metaAlcanzarPeso as metaalca8_17_3_, usuario3_.nivelDeActividad as niveldea9_17_3_, usuario3_.nombre as nombre10_17_3_, usuario3_.password as passwor11_17_3_, usuario3_.peso as peso12_17_3_, usuario3_.pesoInicial as pesoini13_17_3_, usuario3_.premium as premium14_17_3_ from PublicacionLike publicacio0_ left outer join Publicacion publicacio1_ on publicacio0_.publicacion_id=publicacio1_.id left outer join Usuario usuario2_ on publicacio1_.usuario_id=usuario2_.id left outer join Usuario usuario3_ on publicacio0_.usuario_id=usuario3_.id where publicacio0_.id=?
00:28:52.555 [main] DEBUG org.hibernate.persister.entity.AbstractEntityPersister - Static SQL for entity: com.tallerwebi.dominio.Receta
00:28:52.555 [main] DEBUG org.hibernate.persister.entity.AbstractEntityPersister -  Version select: select id from Receta where id =?
00:28:52.555 [main] DEBUG org.hibernate.persister.entity.AbstractEntityPersister -  Snapshot select: select receta_.id, receta_.azucar as azucar2_14_, receta_.calorias as calorias3_14_, receta_.cantidad as cantidad4_14_, receta_.carbohidratos as carbohid5_14_, receta_.colesterol as colester6_14_, receta_.descripcion as descripc7_14_, receta_.energia as energia8_14_, receta_.fibra as fibra9_14_, receta_.grasa as grasa10_14_, receta_.grasaMonoinsaturada as grasamo11_14_, receta_.grasaPoliinsaturada as grasapo12_14_, receta_.grasaSaturada as grasasa13_14_, receta_.imagen as imagen14_14_, receta_.ingredientes as ingredi15_14_, receta_.instrucciones as instruc16_14_, receta_.nombre as nombre17_14_, receta_.potasio as potasio18_14_, receta_.proteina as protein19_14_, receta_.sodio as sodio20_14_, receta_.usuario_id as usuario21_14_ from Receta receta_ where receta_.id=?
00:28:52.555 [main] DEBUG org.hibernate.persister.entity.AbstractEntityPersister -  Insert 0: insert into Receta (azucar, calorias, cantidad, carbohidratos, colesterol, descripcion, energia, fibra, grasa, grasaMonoinsaturada, grasaPoliinsaturada, grasaSaturada, imagen, ingredientes, instrucciones, nombre, potasio, proteina, sodio, usuario_id, id) values (?, ?, ?, ?, ?, ?, ?, ?, ?, ?, ?, ?, ?, ?, ?, ?, ?, ?, ?, ?, ?)
00:28:52.555 [main] DEBUG org.hibernate.persister.entity.AbstractEntityPersister -  Update 0: update Receta set azucar=?, calorias=?, cantidad=?, carbohidratos=?, colesterol=?, descripcion=?, energia=?, fibra=?, grasa=?, grasaMonoinsaturada=?, grasaPoliinsaturada=?, grasaSaturada=?, imagen=?, ingredientes=?, instrucciones=?, nombre=?, potasio=?, proteina=?, sodio=?, usuario_id=? where id=?
00:28:52.555 [main] DEBUG org.hibernate.persister.entity.AbstractEntityPersister -  Delete 0: delete from Receta where id=?
00:28:52.555 [main] DEBUG org.hibernate.persister.entity.AbstractEntityPersister -  Identity insert: insert into Receta (id, azucar, calorias, cantidad, carbohidratos, colesterol, descripcion, energia, fibra, grasa, grasaMonoinsaturada, grasaPoliinsaturada, grasaSaturada, imagen, ingredientes, instrucciones, nombre, potasio, proteina, sodio, usuario_id) values (default, ?, ?, ?, ?, ?, ?, ?, ?, ?, ?, ?, ?, ?, ?, ?, ?, ?, ?, ?, ?)
00:28:52.555 [main] DEBUG org.hibernate.loader.plan.build.internal.spaces.QuerySpacesImpl - Adding QuerySpace : uid = <gen:0> -> org.hibernate.loader.plan.build.internal.spaces.EntityQuerySpaceImpl@4f552aa2]
00:28:52.555 [main] DEBUG org.hibernate.persister.walking.spi.MetamodelGraphWalker - Visiting attribute path : azucar
00:28:52.555 [main] DEBUG org.hibernate.persister.walking.spi.MetamodelGraphWalker - Visiting attribute path : calorias
00:28:52.555 [main] DEBUG org.hibernate.persister.walking.spi.MetamodelGraphWalker - Visiting attribute path : cantidad
00:28:52.555 [main] DEBUG org.hibernate.persister.walking.spi.MetamodelGraphWalker - Visiting attribute path : carbohidratos
00:28:52.555 [main] DEBUG org.hibernate.persister.walking.spi.MetamodelGraphWalker - Visiting attribute path : colesterol
00:28:52.555 [main] DEBUG org.hibernate.persister.walking.spi.MetamodelGraphWalker - Visiting attribute path : descripcion
00:28:52.555 [main] DEBUG org.hibernate.persister.walking.spi.MetamodelGraphWalker - Visiting attribute path : energia
00:28:52.555 [main] DEBUG org.hibernate.persister.walking.spi.MetamodelGraphWalker - Visiting attribute path : fibra
00:28:52.555 [main] DEBUG org.hibernate.persister.walking.spi.MetamodelGraphWalker - Visiting attribute path : grasa
00:28:52.555 [main] DEBUG org.hibernate.persister.walking.spi.MetamodelGraphWalker - Visiting attribute path : grasaMonoinsaturada
00:28:52.555 [main] DEBUG org.hibernate.persister.walking.spi.MetamodelGraphWalker - Visiting attribute path : grasaPoliinsaturada
00:28:52.555 [main] DEBUG org.hibernate.persister.walking.spi.MetamodelGraphWalker - Visiting attribute path : grasaSaturada
00:28:52.555 [main] DEBUG org.hibernate.persister.walking.spi.MetamodelGraphWalker - Visiting attribute path : imagen
00:28:52.555 [main] DEBUG org.hibernate.persister.walking.spi.MetamodelGraphWalker - Visiting attribute path : ingredientes
00:28:52.555 [main] DEBUG org.hibernate.persister.walking.spi.MetamodelGraphWalker - Visiting attribute path : instrucciones
00:28:52.555 [main] DEBUG org.hibernate.persister.walking.spi.MetamodelGraphWalker - Visiting attribute path : nombre
00:28:52.555 [main] DEBUG org.hibernate.persister.walking.spi.MetamodelGraphWalker - Visiting attribute path : potasio
00:28:52.555 [main] DEBUG org.hibernate.persister.walking.spi.MetamodelGraphWalker - Visiting attribute path : proteina
00:28:52.555 [main] DEBUG org.hibernate.persister.walking.spi.MetamodelGraphWalker - Visiting attribute path : sodio
00:28:52.555 [main] DEBUG org.hibernate.persister.walking.spi.MetamodelGraphWalker - Visiting attribute path : usuario
00:28:52.555 [main] DEBUG org.hibernate.loader.plan.build.internal.spaces.QuerySpacesImpl - Adding QuerySpace : uid = <gen:1> -> org.hibernate.loader.plan.build.internal.spaces.EntityQuerySpaceImpl@43d6262c]
00:28:52.555 [main] DEBUG org.hibernate.persister.walking.spi.MetamodelGraphWalker - Visiting attribute path : usuario.altura
00:28:52.555 [main] DEBUG org.hibernate.persister.walking.spi.MetamodelGraphWalker - Visiting attribute path : usuario.colaciones
00:28:52.555 [main] DEBUG org.hibernate.loader.plan.build.internal.spaces.QuerySpacesImpl - Adding QuerySpace : uid = <gen:2> -> org.hibernate.loader.plan.build.internal.spaces.CollectionQuerySpaceImpl@38cf4497]
00:28:52.555 [main] DEBUG org.hibernate.loader.plan.build.internal.spaces.QuerySpacesImpl - Adding QuerySpace : uid = <gen:3> -> org.hibernate.loader.plan.build.internal.spaces.EntityQuerySpaceImpl@7b4619a3]
00:28:52.555 [main] DEBUG org.hibernate.persister.walking.spi.MetamodelGraphWalker - Visiting attribute path : usuario.desafiosCompletados
00:28:52.555 [main] DEBUG org.hibernate.loader.plan.build.internal.spaces.QuerySpacesImpl - Adding QuerySpace : uid = <gen:4> -> org.hibernate.loader.plan.build.internal.spaces.CollectionQuerySpaceImpl@9d3a7a1]
00:28:52.555 [main] DEBUG org.hibernate.loader.plan.build.internal.spaces.QuerySpacesImpl - Adding QuerySpace : uid = <gen:5> -> org.hibernate.loader.plan.build.internal.spaces.EntityQuerySpaceImpl@1c411474]
00:28:52.555 [main] DEBUG org.hibernate.persister.walking.spi.MetamodelGraphWalker - Visiting attribute path : usuario.edad
00:28:52.555 [main] DEBUG org.hibernate.persister.walking.spi.MetamodelGraphWalker - Visiting attribute path : usuario.email
00:28:52.555 [main] DEBUG org.hibernate.persister.walking.spi.MetamodelGraphWalker - Visiting attribute path : usuario.genero
00:28:52.555 [main] DEBUG org.hibernate.persister.walking.spi.MetamodelGraphWalker - Visiting attribute path : usuario.imagen
00:28:52.555 [main] DEBUG org.hibernate.persister.walking.spi.MetamodelGraphWalker - Visiting attribute path : usuario.ingestaCalorica
00:28:52.555 [main] DEBUG org.hibernate.persister.walking.spi.MetamodelGraphWalker - Visiting attribute path : usuario.metaAlcanzarPeso
00:28:52.555 [main] DEBUG org.hibernate.persister.walking.spi.MetamodelGraphWalker - Visiting attribute path : usuario.nivelDeActividad
00:28:52.555 [main] DEBUG org.hibernate.persister.walking.spi.MetamodelGraphWalker - Visiting attribute path : usuario.nombre
00:28:52.555 [main] DEBUG org.hibernate.persister.walking.spi.MetamodelGraphWalker - Visiting attribute path : usuario.password
00:28:52.555 [main] DEBUG org.hibernate.persister.walking.spi.MetamodelGraphWalker - Visiting attribute path : usuario.peso
00:28:52.556 [main] DEBUG org.hibernate.persister.walking.spi.MetamodelGraphWalker - Visiting attribute path : usuario.pesoInicial
00:28:52.556 [main] DEBUG org.hibernate.persister.walking.spi.MetamodelGraphWalker - Visiting attribute path : usuario.premium
00:28:52.556 [main] DEBUG org.hibernate.loader.plan.build.internal.FetchStyleLoadPlanBuildingAssociationVisitationStrategy - Building LoadPlan...
00:28:52.556 [main] DEBUG org.hibernate.loader.plan.exec.internal.LoadQueryJoinAndFetchProcessor - processing queryspace <gen:0>
00:28:52.556 [main] DEBUG org.hibernate.loader.plan.build.spi.LoadPlanTreePrinter - LoadPlan(entity=com.tallerwebi.dominio.Receta)
    - Returns
       - EntityReturnImpl(entity=com.tallerwebi.dominio.Receta, querySpaceUid=<gen:0>, path=com.tallerwebi.dominio.Receta)
          - EntityAttributeFetchImpl(entity=com.tallerwebi.dominio.Usuario, querySpaceUid=<gen:1>, path=com.tallerwebi.dominio.Receta.usuario)
             - CollectionAttributeFetchImpl(collection=com.tallerwebi.dominio.Usuario.colaciones, querySpaceUid=<gen:2>, path=com.tallerwebi.dominio.Receta.usuario.colaciones)
                - (collection element) CollectionFetchableElementEntityGraph(entity=com.tallerwebi.dominio.Colacion, querySpaceUid=<gen:3>, path=com.tallerwebi.dominio.Receta.usuario.colaciones.<elements>)
             - CollectionAttributeFetchImpl(collection=com.tallerwebi.dominio.Usuario.desafiosCompletados, querySpaceUid=<gen:4>, path=com.tallerwebi.dominio.Receta.usuario.desafiosCompletados)
                - (collection element) CollectionFetchableElementEntityGraph(entity=com.tallerwebi.dominio.DesafioUsuario, querySpaceUid=<gen:5>, path=com.tallerwebi.dominio.Receta.usuario.desafiosCompletados.<elements>)
    - QuerySpaces
       - EntityQuerySpaceImpl(uid=<gen:0>, entity=com.tallerwebi.dominio.Receta)
          - SQL table alias mapping - receta0_
          - alias suffix - 0_
          - suffixed key columns - {id1_14_0_}
          - JOIN (JoinDefinedByMetadata(usuario)) : <gen:0> -> <gen:1>
             - EntityQuerySpaceImpl(uid=<gen:1>, entity=com.tallerwebi.dominio.Usuario)
                - SQL table alias mapping - usuario1_
                - alias suffix - 1_
                - suffixed key columns - {id1_17_1_}

00:28:52.556 [main] DEBUG org.hibernate.loader.entity.plan.EntityLoader - Static select for entity com.tallerwebi.dominio.Receta [NONE]: select receta0_.id as id1_14_0_, receta0_.azucar as azucar2_14_0_, receta0_.calorias as calorias3_14_0_, receta0_.cantidad as cantidad4_14_0_, receta0_.carbohidratos as carbohid5_14_0_, receta0_.colesterol as colester6_14_0_, receta0_.descripcion as descripc7_14_0_, receta0_.energia as energia8_14_0_, receta0_.fibra as fibra9_14_0_, receta0_.grasa as grasa10_14_0_, receta0_.grasaMonoinsaturada as grasamo11_14_0_, receta0_.grasaPoliinsaturada as grasapo12_14_0_, receta0_.grasaSaturada as grasasa13_14_0_, receta0_.imagen as imagen14_14_0_, receta0_.ingredientes as ingredi15_14_0_, receta0_.instrucciones as instruc16_14_0_, receta0_.nombre as nombre17_14_0_, receta0_.potasio as potasio18_14_0_, receta0_.proteina as protein19_14_0_, receta0_.sodio as sodio20_14_0_, receta0_.usuario_id as usuario21_14_0_, usuario1_.id as id1_17_1_, usuario1_.altura as altura2_17_1_, usuario1_.edad as edad3_17_1_, usuario1_.email as email4_17_1_, usuario1_.genero as genero5_17_1_, usuario1_.imagen as imagen6_17_1_, usuario1_.ingestaCalorica as ingestac7_17_1_, usuario1_.metaAlcanzarPeso as metaalca8_17_1_, usuario1_.nivelDeActividad as niveldea9_17_1_, usuario1_.nombre as nombre10_17_1_, usuario1_.password as passwor11_17_1_, usuario1_.peso as peso12_17_1_, usuario1_.pesoInicial as pesoini13_17_1_, usuario1_.premium as premium14_17_1_ from Receta receta0_ left outer join Usuario usuario1_ on receta0_.usuario_id=usuario1_.id where receta0_.id=?
00:28:52.556 [main] DEBUG org.hibernate.persister.entity.AbstractEntityPersister - Static SQL for entity: com.tallerwebi.dominio.HistoriaPesoUsuario
00:28:52.556 [main] DEBUG org.hibernate.persister.entity.AbstractEntityPersister -  Version select: select id from HistoriaPesoUsuario where id =?
00:28:52.556 [main] DEBUG org.hibernate.persister.entity.AbstractEntityPersister -  Snapshot select: select historiape_.id, historiape_.fecha as fecha2_7_, historiape_.peso as peso3_7_, historiape_.usuario_id as usuario_4_7_ from HistoriaPesoUsuario historiape_ where historiape_.id=?
00:28:52.556 [main] DEBUG org.hibernate.persister.entity.AbstractEntityPersister -  Insert 0: insert into HistoriaPesoUsuario (fecha, peso, usuario_id, id) values (?, ?, ?, ?)
00:28:52.556 [main] DEBUG org.hibernate.persister.entity.AbstractEntityPersister -  Update 0: update HistoriaPesoUsuario set fecha=?, peso=?, usuario_id=? where id=?
00:28:52.556 [main] DEBUG org.hibernate.persister.entity.AbstractEntityPersister -  Delete 0: delete from HistoriaPesoUsuario where id=?
00:28:52.556 [main] DEBUG org.hibernate.persister.entity.AbstractEntityPersister -  Identity insert: insert into HistoriaPesoUsuario (id, fecha, peso, usuario_id) values (default, ?, ?, ?)
00:28:52.556 [main] DEBUG org.hibernate.loader.plan.build.internal.spaces.QuerySpacesImpl - Adding QuerySpace : uid = <gen:0> -> org.hibernate.loader.plan.build.internal.spaces.EntityQuerySpaceImpl@5e681097]
00:28:52.556 [main] DEBUG org.hibernate.persister.walking.spi.MetamodelGraphWalker - Visiting attribute path : fecha
00:28:52.556 [main] DEBUG org.hibernate.persister.walking.spi.MetamodelGraphWalker - Visiting attribute path : peso
00:28:52.556 [main] DEBUG org.hibernate.persister.walking.spi.MetamodelGraphWalker - Visiting attribute path : usuario
00:28:52.556 [main] DEBUG org.hibernate.loader.plan.build.internal.spaces.QuerySpacesImpl - Adding QuerySpace : uid = <gen:1> -> org.hibernate.loader.plan.build.internal.spaces.EntityQuerySpaceImpl@1d2c253]
00:28:52.556 [main] DEBUG org.hibernate.persister.walking.spi.MetamodelGraphWalker - Visiting attribute path : usuario.altura
00:28:52.556 [main] DEBUG org.hibernate.persister.walking.spi.MetamodelGraphWalker - Visiting attribute path : usuario.colaciones
00:28:52.556 [main] DEBUG org.hibernate.loader.plan.build.internal.spaces.QuerySpacesImpl - Adding QuerySpace : uid = <gen:2> -> org.hibernate.loader.plan.build.internal.spaces.CollectionQuerySpaceImpl@b56c222]
00:28:52.556 [main] DEBUG org.hibernate.loader.plan.build.internal.spaces.QuerySpacesImpl - Adding QuerySpace : uid = <gen:3> -> org.hibernate.loader.plan.build.internal.spaces.EntityQuerySpaceImpl@5a2035e1]
00:28:52.556 [main] DEBUG org.hibernate.persister.walking.spi.MetamodelGraphWalker - Visiting attribute path : usuario.desafiosCompletados
00:28:52.556 [main] DEBUG org.hibernate.loader.plan.build.internal.spaces.QuerySpacesImpl - Adding QuerySpace : uid = <gen:4> -> org.hibernate.loader.plan.build.internal.spaces.CollectionQuerySpaceImpl@4df7b4ac]
00:28:52.556 [main] DEBUG org.hibernate.loader.plan.build.internal.spaces.QuerySpacesImpl - Adding QuerySpace : uid = <gen:5> -> org.hibernate.loader.plan.build.internal.spaces.EntityQuerySpaceImpl@7c47e077]
00:28:52.556 [main] DEBUG org.hibernate.persister.walking.spi.MetamodelGraphWalker - Visiting attribute path : usuario.edad
00:28:52.556 [main] DEBUG org.hibernate.persister.walking.spi.MetamodelGraphWalker - Visiting attribute path : usuario.email
00:28:52.556 [main] DEBUG org.hibernate.persister.walking.spi.MetamodelGraphWalker - Visiting attribute path : usuario.genero
00:28:52.556 [main] DEBUG org.hibernate.persister.walking.spi.MetamodelGraphWalker - Visiting attribute path : usuario.imagen
00:28:52.556 [main] DEBUG org.hibernate.persister.walking.spi.MetamodelGraphWalker - Visiting attribute path : usuario.ingestaCalorica
00:28:52.556 [main] DEBUG org.hibernate.persister.walking.spi.MetamodelGraphWalker - Visiting attribute path : usuario.metaAlcanzarPeso
00:28:52.556 [main] DEBUG org.hibernate.persister.walking.spi.MetamodelGraphWalker - Visiting attribute path : usuario.nivelDeActividad
00:28:52.556 [main] DEBUG org.hibernate.persister.walking.spi.MetamodelGraphWalker - Visiting attribute path : usuario.nombre
00:28:52.556 [main] DEBUG org.hibernate.persister.walking.spi.MetamodelGraphWalker - Visiting attribute path : usuario.password
00:28:52.556 [main] DEBUG org.hibernate.persister.walking.spi.MetamodelGraphWalker - Visiting attribute path : usuario.peso
00:28:52.556 [main] DEBUG org.hibernate.persister.walking.spi.MetamodelGraphWalker - Visiting attribute path : usuario.pesoInicial
00:28:52.556 [main] DEBUG org.hibernate.persister.walking.spi.MetamodelGraphWalker - Visiting attribute path : usuario.premium
00:28:52.556 [main] DEBUG org.hibernate.loader.plan.build.internal.FetchStyleLoadPlanBuildingAssociationVisitationStrategy - Building LoadPlan...
00:28:52.556 [main] DEBUG org.hibernate.loader.plan.exec.internal.LoadQueryJoinAndFetchProcessor - processing queryspace <gen:0>
00:28:52.557 [main] DEBUG org.hibernate.loader.plan.build.spi.LoadPlanTreePrinter - LoadPlan(entity=com.tallerwebi.dominio.HistoriaPesoUsuario)
    - Returns
       - EntityReturnImpl(entity=com.tallerwebi.dominio.HistoriaPesoUsuario, querySpaceUid=<gen:0>, path=com.tallerwebi.dominio.HistoriaPesoUsuario)
          - EntityAttributeFetchImpl(entity=com.tallerwebi.dominio.Usuario, querySpaceUid=<gen:1>, path=com.tallerwebi.dominio.HistoriaPesoUsuario.usuario)
             - CollectionAttributeFetchImpl(collection=com.tallerwebi.dominio.Usuario.colaciones, querySpaceUid=<gen:2>, path=com.tallerwebi.dominio.HistoriaPesoUsuario.usuario.colaciones)
                - (collection element) CollectionFetchableElementEntityGraph(entity=com.tallerwebi.dominio.Colacion, querySpaceUid=<gen:3>, path=com.tallerwebi.dominio.HistoriaPesoUsuario.usuario.colaciones.<elements>)
             - CollectionAttributeFetchImpl(collection=com.tallerwebi.dominio.Usuario.desafiosCompletados, querySpaceUid=<gen:4>, path=com.tallerwebi.dominio.HistoriaPesoUsuario.usuario.desafiosCompletados)
                - (collection element) CollectionFetchableElementEntityGraph(entity=com.tallerwebi.dominio.DesafioUsuario, querySpaceUid=<gen:5>, path=com.tallerwebi.dominio.HistoriaPesoUsuario.usuario.desafiosCompletados.<elements>)
    - QuerySpaces
       - EntityQuerySpaceImpl(uid=<gen:0>, entity=com.tallerwebi.dominio.HistoriaPesoUsuario)
          - SQL table alias mapping - historiape0_
          - alias suffix - 0_
          - suffixed key columns - {id1_7_0_}
          - JOIN (JoinDefinedByMetadata(usuario)) : <gen:0> -> <gen:1>
             - EntityQuerySpaceImpl(uid=<gen:1>, entity=com.tallerwebi.dominio.Usuario)
                - SQL table alias mapping - usuario1_
                - alias suffix - 1_
                - suffixed key columns - {id1_17_1_}

00:28:52.557 [main] DEBUG org.hibernate.loader.entity.plan.EntityLoader - Static select for entity com.tallerwebi.dominio.HistoriaPesoUsuario [NONE]: select historiape0_.id as id1_7_0_, historiape0_.fecha as fecha2_7_0_, historiape0_.peso as peso3_7_0_, historiape0_.usuario_id as usuario_4_7_0_, usuario1_.id as id1_17_1_, usuario1_.altura as altura2_17_1_, usuario1_.edad as edad3_17_1_, usuario1_.email as email4_17_1_, usuario1_.genero as genero5_17_1_, usuario1_.imagen as imagen6_17_1_, usuario1_.ingestaCalorica as ingestac7_17_1_, usuario1_.metaAlcanzarPeso as metaalca8_17_1_, usuario1_.nivelDeActividad as niveldea9_17_1_, usuario1_.nombre as nombre10_17_1_, usuario1_.password as passwor11_17_1_, usuario1_.peso as peso12_17_1_, usuario1_.pesoInicial as pesoini13_17_1_, usuario1_.premium as premium14_17_1_ from HistoriaPesoUsuario historiape0_ left outer join Usuario usuario1_ on historiape0_.usuario_id=usuario1_.id where historiape0_.id=?
00:28:52.557 [main] DEBUG org.hibernate.persister.entity.AbstractEntityPersister - Static SQL for entity: com.tallerwebi.dominio.Notificacion
00:28:52.557 [main] DEBUG org.hibernate.persister.entity.AbstractEntityPersister -  Version select: select id from Notificacion where id =?
00:28:52.557 [main] DEBUG org.hibernate.persister.entity.AbstractEntityPersister -  Snapshot select: select notificaci_.id, notificaci_.contenido as contenid2_9_, notificaci_.titulo as titulo3_9_ from Notificacion notificaci_ where notificaci_.id=?
00:28:52.557 [main] DEBUG org.hibernate.persister.entity.AbstractEntityPersister -  Insert 0: insert into Notificacion (contenido, titulo, id) values (?, ?, ?)
00:28:52.557 [main] DEBUG org.hibernate.persister.entity.AbstractEntityPersister -  Update 0: update Notificacion set contenido=?, titulo=? where id=?
00:28:52.557 [main] DEBUG org.hibernate.persister.entity.AbstractEntityPersister -  Delete 0: delete from Notificacion where id=?
00:28:52.557 [main] DEBUG org.hibernate.persister.entity.AbstractEntityPersister -  Identity insert: insert into Notificacion (id, contenido, titulo) values (default, ?, ?)
00:28:52.557 [main] DEBUG org.hibernate.loader.plan.build.internal.spaces.QuerySpacesImpl - Adding QuerySpace : uid = <gen:0> -> org.hibernate.loader.plan.build.internal.spaces.EntityQuerySpaceImpl@41bd6a0f]
00:28:52.557 [main] DEBUG org.hibernate.persister.walking.spi.MetamodelGraphWalker - Visiting attribute path : contenido
00:28:52.557 [main] DEBUG org.hibernate.persister.walking.spi.MetamodelGraphWalker - Visiting attribute path : titulo
00:28:52.557 [main] DEBUG org.hibernate.loader.plan.build.internal.FetchStyleLoadPlanBuildingAssociationVisitationStrategy - Building LoadPlan...
00:28:52.557 [main] DEBUG org.hibernate.loader.plan.exec.internal.LoadQueryJoinAndFetchProcessor - processing queryspace <gen:0>
00:28:52.557 [main] DEBUG org.hibernate.loader.plan.build.spi.LoadPlanTreePrinter - LoadPlan(entity=com.tallerwebi.dominio.Notificacion)
    - Returns
       - EntityReturnImpl(entity=com.tallerwebi.dominio.Notificacion, querySpaceUid=<gen:0>, path=com.tallerwebi.dominio.Notificacion)
    - QuerySpaces
       - EntityQuerySpaceImpl(uid=<gen:0>, entity=com.tallerwebi.dominio.Notificacion)
          - SQL table alias mapping - notificaci0_
          - alias suffix - 0_
          - suffixed key columns - {id1_9_0_}

00:28:52.557 [main] DEBUG org.hibernate.loader.entity.plan.EntityLoader - Static select for entity com.tallerwebi.dominio.Notificacion [NONE]: select notificaci0_.id as id1_9_0_, notificaci0_.contenido as contenid2_9_0_, notificaci0_.titulo as titulo3_9_0_ from Notificacion notificaci0_ where notificaci0_.id=?
00:28:52.557 [main] DEBUG org.hibernate.persister.entity.AbstractEntityPersister - Static SQL for entity: com.tallerwebi.dominio.Publicacion
00:28:52.557 [main] DEBUG org.hibernate.persister.entity.AbstractEntityPersister -  Version select: select id from Publicacion where id =?
00:28:52.557 [main] DEBUG org.hibernate.persister.entity.AbstractEntityPersister -  Snapshot select: select publicacio_.id, publicacio_.contenido as contenid2_11_, publicacio_.fechaCreacion as fechacre3_11_, publicacio_.fechaFormateada as fechafor4_11_, publicacio_.img as img5_11_, publicacio_.titulo as titulo6_11_, publicacio_.usuario_id as usuario_7_11_ from Publicacion publicacio_ where publicacio_.id=?
00:28:52.557 [main] DEBUG org.hibernate.persister.entity.AbstractEntityPersister -  Insert 0: insert into Publicacion (contenido, fechaCreacion, fechaFormateada, img, titulo, usuario_id, id) values (?, ?, ?, ?, ?, ?, ?)
00:28:52.557 [main] DEBUG org.hibernate.persister.entity.AbstractEntityPersister -  Update 0: update Publicacion set contenido=?, fechaCreacion=?, fechaFormateada=?, img=?, titulo=?, usuario_id=? where id=?
00:28:52.557 [main] DEBUG org.hibernate.persister.entity.AbstractEntityPersister -  Delete 0: delete from Publicacion where id=?
00:28:52.557 [main] DEBUG org.hibernate.persister.entity.AbstractEntityPersister -  Identity insert: insert into Publicacion (id, contenido, fechaCreacion, fechaFormateada, img, titulo, usuario_id) values (default, ?, ?, ?, ?, ?, ?)
00:28:52.557 [main] DEBUG org.hibernate.loader.plan.build.internal.spaces.QuerySpacesImpl - Adding QuerySpace : uid = <gen:0> -> org.hibernate.loader.plan.build.internal.spaces.EntityQuerySpaceImpl@6acb45c1]
00:28:52.557 [main] DEBUG org.hibernate.persister.walking.spi.MetamodelGraphWalker - Visiting attribute path : contenido
00:28:52.557 [main] DEBUG org.hibernate.persister.walking.spi.MetamodelGraphWalker - Visiting attribute path : fechaCreacion
00:28:52.557 [main] DEBUG org.hibernate.persister.walking.spi.MetamodelGraphWalker - Visiting attribute path : fechaFormateada
00:28:52.557 [main] DEBUG org.hibernate.persister.walking.spi.MetamodelGraphWalker - Visiting attribute path : img
00:28:52.557 [main] DEBUG org.hibernate.persister.walking.spi.MetamodelGraphWalker - Visiting attribute path : titulo
00:28:52.557 [main] DEBUG org.hibernate.persister.walking.spi.MetamodelGraphWalker - Visiting attribute path : usuario
00:28:52.557 [main] DEBUG org.hibernate.loader.plan.build.internal.spaces.QuerySpacesImpl - Adding QuerySpace : uid = <gen:1> -> org.hibernate.loader.plan.build.internal.spaces.EntityQuerySpaceImpl@30bbe83]
00:28:52.557 [main] DEBUG org.hibernate.persister.walking.spi.MetamodelGraphWalker - Visiting attribute path : usuario.altura
00:28:52.557 [main] DEBUG org.hibernate.persister.walking.spi.MetamodelGraphWalker - Visiting attribute path : usuario.colaciones
00:28:52.557 [main] DEBUG org.hibernate.loader.plan.build.internal.spaces.QuerySpacesImpl - Adding QuerySpace : uid = <gen:2> -> org.hibernate.loader.plan.build.internal.spaces.CollectionQuerySpaceImpl@67e4928c]
00:28:52.557 [main] DEBUG org.hibernate.loader.plan.build.internal.spaces.QuerySpacesImpl - Adding QuerySpace : uid = <gen:3> -> org.hibernate.loader.plan.build.internal.spaces.EntityQuerySpaceImpl@2cc61b3b]
00:28:52.557 [main] DEBUG org.hibernate.persister.walking.spi.MetamodelGraphWalker - Visiting attribute path : usuario.desafiosCompletados
00:28:52.557 [main] DEBUG org.hibernate.loader.plan.build.internal.spaces.QuerySpacesImpl - Adding QuerySpace : uid = <gen:4> -> org.hibernate.loader.plan.build.internal.spaces.CollectionQuerySpaceImpl@72e75786]
00:28:52.557 [main] DEBUG org.hibernate.loader.plan.build.internal.spaces.QuerySpacesImpl - Adding QuerySpace : uid = <gen:5> -> org.hibernate.loader.plan.build.internal.spaces.EntityQuerySpaceImpl@2c0fefac]
00:28:52.557 [main] DEBUG org.hibernate.persister.walking.spi.MetamodelGraphWalker - Visiting attribute path : usuario.edad
00:28:52.557 [main] DEBUG org.hibernate.persister.walking.spi.MetamodelGraphWalker - Visiting attribute path : usuario.email
00:28:52.557 [main] DEBUG org.hibernate.persister.walking.spi.MetamodelGraphWalker - Visiting attribute path : usuario.genero
00:28:52.557 [main] DEBUG org.hibernate.persister.walking.spi.MetamodelGraphWalker - Visiting attribute path : usuario.imagen
00:28:52.557 [main] DEBUG org.hibernate.persister.walking.spi.MetamodelGraphWalker - Visiting attribute path : usuario.ingestaCalorica
00:28:52.557 [main] DEBUG org.hibernate.persister.walking.spi.MetamodelGraphWalker - Visiting attribute path : usuario.metaAlcanzarPeso
00:28:52.557 [main] DEBUG org.hibernate.persister.walking.spi.MetamodelGraphWalker - Visiting attribute path : usuario.nivelDeActividad
00:28:52.557 [main] DEBUG org.hibernate.persister.walking.spi.MetamodelGraphWalker - Visiting attribute path : usuario.nombre
00:28:52.557 [main] DEBUG org.hibernate.persister.walking.spi.MetamodelGraphWalker - Visiting attribute path : usuario.password
00:28:52.557 [main] DEBUG org.hibernate.persister.walking.spi.MetamodelGraphWalker - Visiting attribute path : usuario.peso
00:28:52.557 [main] DEBUG org.hibernate.persister.walking.spi.MetamodelGraphWalker - Visiting attribute path : usuario.pesoInicial
00:28:52.557 [main] DEBUG org.hibernate.persister.walking.spi.MetamodelGraphWalker - Visiting attribute path : usuario.premium
00:28:52.557 [main] DEBUG org.hibernate.loader.plan.build.internal.FetchStyleLoadPlanBuildingAssociationVisitationStrategy - Building LoadPlan...
00:28:52.557 [main] DEBUG org.hibernate.loader.plan.exec.internal.LoadQueryJoinAndFetchProcessor - processing queryspace <gen:0>
00:28:52.557 [main] DEBUG org.hibernate.loader.plan.build.spi.LoadPlanTreePrinter - LoadPlan(entity=com.tallerwebi.dominio.Publicacion)
    - Returns
       - EntityReturnImpl(entity=com.tallerwebi.dominio.Publicacion, querySpaceUid=<gen:0>, path=com.tallerwebi.dominio.Publicacion)
          - EntityAttributeFetchImpl(entity=com.tallerwebi.dominio.Usuario, querySpaceUid=<gen:1>, path=com.tallerwebi.dominio.Publicacion.usuario)
             - CollectionAttributeFetchImpl(collection=com.tallerwebi.dominio.Usuario.colaciones, querySpaceUid=<gen:2>, path=com.tallerwebi.dominio.Publicacion.usuario.colaciones)
                - (collection element) CollectionFetchableElementEntityGraph(entity=com.tallerwebi.dominio.Colacion, querySpaceUid=<gen:3>, path=com.tallerwebi.dominio.Publicacion.usuario.colaciones.<elements>)
             - CollectionAttributeFetchImpl(collection=com.tallerwebi.dominio.Usuario.desafiosCompletados, querySpaceUid=<gen:4>, path=com.tallerwebi.dominio.Publicacion.usuario.desafiosCompletados)
                - (collection element) CollectionFetchableElementEntityGraph(entity=com.tallerwebi.dominio.DesafioUsuario, querySpaceUid=<gen:5>, path=com.tallerwebi.dominio.Publicacion.usuario.desafiosCompletados.<elements>)
    - QuerySpaces
       - EntityQuerySpaceImpl(uid=<gen:0>, entity=com.tallerwebi.dominio.Publicacion)
          - SQL table alias mapping - publicacio0_
          - alias suffix - 0_
          - suffixed key columns - {id1_11_0_}
          - JOIN (JoinDefinedByMetadata(usuario)) : <gen:0> -> <gen:1>
             - EntityQuerySpaceImpl(uid=<gen:1>, entity=com.tallerwebi.dominio.Usuario)
                - SQL table alias mapping - usuario1_
                - alias suffix - 1_
                - suffixed key columns - {id1_17_1_}

00:28:52.557 [main] DEBUG org.hibernate.loader.entity.plan.EntityLoader - Static select for entity com.tallerwebi.dominio.Publicacion [NONE]: select publicacio0_.id as id1_11_0_, publicacio0_.contenido as contenid2_11_0_, publicacio0_.fechaCreacion as fechacre3_11_0_, publicacio0_.fechaFormateada as fechafor4_11_0_, publicacio0_.img as img5_11_0_, publicacio0_.titulo as titulo6_11_0_, publicacio0_.usuario_id as usuario_7_11_0_, usuario1_.id as id1_17_1_, usuario1_.altura as altura2_17_1_, usuario1_.edad as edad3_17_1_, usuario1_.email as email4_17_1_, usuario1_.genero as genero5_17_1_, usuario1_.imagen as imagen6_17_1_, usuario1_.ingestaCalorica as ingestac7_17_1_, usuario1_.metaAlcanzarPeso as metaalca8_17_1_, usuario1_.nivelDeActividad as niveldea9_17_1_, usuario1_.nombre as nombre10_17_1_, usuario1_.password as passwor11_17_1_, usuario1_.peso as peso12_17_1_, usuario1_.pesoInicial as pesoini13_17_1_, usuario1_.premium as premium14_17_1_ from Publicacion publicacio0_ left outer join Usuario usuario1_ on publicacio0_.usuario_id=usuario1_.id where publicacio0_.id=?
00:28:52.557 [main] DEBUG org.hibernate.persister.entity.AbstractEntityPersister - Static SQL for entity: com.tallerwebi.dominio.Desafio
00:28:52.557 [main] DEBUG org.hibernate.persister.entity.AbstractEntityPersister -  Version select: select id from Desafio where id =?
00:28:52.557 [main] DEBUG org.hibernate.persister.entity.AbstractEntityPersister -  Snapshot select: select desafio_.id, desafio_.descripcion as descripc2_3_, desafio_.fechaFin as fechafin3_3_, desafio_.fechaInicio as fechaini4_3_, desafio_.nombre as nombre5_3_, desafio_.puntos as puntos6_3_ from Desafio desafio_ where desafio_.id=?
00:28:52.557 [main] DEBUG org.hibernate.persister.entity.AbstractEntityPersister -  Insert 0: insert into Desafio (descripcion, fechaFin, fechaInicio, nombre, puntos, id) values (?, ?, ?, ?, ?, ?)
00:28:52.558 [main] DEBUG org.hibernate.persister.entity.AbstractEntityPersister -  Update 0: update Desafio set descripcion=?, fechaFin=?, fechaInicio=?, nombre=?, puntos=? where id=?
00:28:52.558 [main] DEBUG org.hibernate.persister.entity.AbstractEntityPersister -  Delete 0: delete from Desafio where id=?
00:28:52.558 [main] DEBUG org.hibernate.persister.entity.AbstractEntityPersister -  Identity insert: insert into Desafio (id, descripcion, fechaFin, fechaInicio, nombre, puntos) values (default, ?, ?, ?, ?, ?)
00:28:52.558 [main] DEBUG org.hibernate.loader.plan.build.internal.spaces.QuerySpacesImpl - Adding QuerySpace : uid = <gen:0> -> org.hibernate.loader.plan.build.internal.spaces.EntityQuerySpaceImpl@6fbc7853]
00:28:52.558 [main] DEBUG org.hibernate.persister.walking.spi.MetamodelGraphWalker - Visiting attribute path : desafiosCompletados
00:28:52.558 [main] DEBUG org.hibernate.loader.plan.build.internal.spaces.QuerySpacesImpl - Adding QuerySpace : uid = <gen:1> -> org.hibernate.loader.plan.build.internal.spaces.CollectionQuerySpaceImpl@3b2c8bda]
00:28:52.558 [main] DEBUG org.hibernate.loader.plan.build.internal.spaces.QuerySpacesImpl - Adding QuerySpace : uid = <gen:2> -> org.hibernate.loader.plan.build.internal.spaces.EntityQuerySpaceImpl@688d619c]
00:28:52.558 [main] DEBUG org.hibernate.persister.walking.spi.MetamodelGraphWalker - Visiting attribute path : descripcion
00:28:52.558 [main] DEBUG org.hibernate.persister.walking.spi.MetamodelGraphWalker - Visiting attribute path : fechaFin
00:28:52.558 [main] DEBUG org.hibernate.persister.walking.spi.MetamodelGraphWalker - Visiting attribute path : fechaInicio
00:28:52.558 [main] DEBUG org.hibernate.persister.walking.spi.MetamodelGraphWalker - Visiting attribute path : nombre
00:28:52.558 [main] DEBUG org.hibernate.persister.walking.spi.MetamodelGraphWalker - Visiting attribute path : puntos
00:28:52.558 [main] DEBUG org.hibernate.loader.plan.build.internal.FetchStyleLoadPlanBuildingAssociationVisitationStrategy - Building LoadPlan...
00:28:52.558 [main] DEBUG org.hibernate.loader.plan.exec.internal.LoadQueryJoinAndFetchProcessor - processing queryspace <gen:0>
00:28:52.558 [main] DEBUG org.hibernate.loader.plan.build.spi.LoadPlanTreePrinter - LoadPlan(entity=com.tallerwebi.dominio.Desafio)
    - Returns
       - EntityReturnImpl(entity=com.tallerwebi.dominio.Desafio, querySpaceUid=<gen:0>, path=com.tallerwebi.dominio.Desafio)
          - CollectionAttributeFetchImpl(collection=com.tallerwebi.dominio.Desafio.desafiosCompletados, querySpaceUid=<gen:1>, path=com.tallerwebi.dominio.Desafio.desafiosCompletados)
             - (collection element) CollectionFetchableElementEntityGraph(entity=com.tallerwebi.dominio.DesafioUsuario, querySpaceUid=<gen:2>, path=com.tallerwebi.dominio.Desafio.desafiosCompletados.<elements>)
    - QuerySpaces
       - EntityQuerySpaceImpl(uid=<gen:0>, entity=com.tallerwebi.dominio.Desafio)
          - SQL table alias mapping - desafio0_
          - alias suffix - 0_
          - suffixed key columns - {id1_3_0_}

00:28:52.558 [main] DEBUG org.hibernate.loader.entity.plan.EntityLoader - Static select for entity com.tallerwebi.dominio.Desafio [NONE]: select desafio0_.id as id1_3_0_, desafio0_.descripcion as descripc2_3_0_, desafio0_.fechaFin as fechafin3_3_0_, desafio0_.fechaInicio as fechaini4_3_0_, desafio0_.nombre as nombre5_3_0_, desafio0_.puntos as puntos6_3_0_ from Desafio desafio0_ where desafio0_.id=?
00:28:52.560 [main] DEBUG org.hibernate.loader.plan.build.internal.spaces.QuerySpacesImpl - Adding QuerySpace : uid = <gen:0> -> org.hibernate.loader.plan.build.internal.spaces.CollectionQuerySpaceImpl@16949dfa]
00:28:52.561 [main] DEBUG org.hibernate.loader.plan.build.internal.spaces.QuerySpacesImpl - Adding QuerySpace : uid = <gen:1> -> org.hibernate.loader.plan.build.internal.spaces.EntityQuerySpaceImpl@d6d683e]
00:28:52.561 [main] DEBUG org.hibernate.persister.walking.spi.MetamodelGraphWalker - Visiting attribute path : azucar
00:28:52.561 [main] DEBUG org.hibernate.persister.walking.spi.MetamodelGraphWalker - Visiting attribute path : baseAzucar
00:28:52.561 [main] DEBUG org.hibernate.persister.walking.spi.MetamodelGraphWalker - Visiting attribute path : baseCalorias
00:28:52.561 [main] DEBUG org.hibernate.persister.walking.spi.MetamodelGraphWalker - Visiting attribute path : baseCarbohidratos
00:28:52.561 [main] DEBUG org.hibernate.persister.walking.spi.MetamodelGraphWalker - Visiting attribute path : baseColesterol
00:28:52.561 [main] DEBUG org.hibernate.persister.walking.spi.MetamodelGraphWalker - Visiting attribute path : baseEnergia
00:28:52.561 [main] DEBUG org.hibernate.persister.walking.spi.MetamodelGraphWalker - Visiting attribute path : baseFibra
00:28:52.561 [main] DEBUG org.hibernate.persister.walking.spi.MetamodelGraphWalker - Visiting attribute path : baseGrasa
00:28:52.561 [main] DEBUG org.hibernate.persister.walking.spi.MetamodelGraphWalker - Visiting attribute path : baseGrasaMonoinsaturada
00:28:52.561 [main] DEBUG org.hibernate.persister.walking.spi.MetamodelGraphWalker - Visiting attribute path : baseGrasaPoliinsaturada
00:28:52.561 [main] DEBUG org.hibernate.persister.walking.spi.MetamodelGraphWalker - Visiting attribute path : baseGrasaSaturada
00:28:52.561 [main] DEBUG org.hibernate.persister.walking.spi.MetamodelGraphWalker - Visiting attribute path : basePotasio
00:28:52.561 [main] DEBUG org.hibernate.persister.walking.spi.MetamodelGraphWalker - Visiting attribute path : baseProteina
00:28:52.561 [main] DEBUG org.hibernate.persister.walking.spi.MetamodelGraphWalker - Visiting attribute path : baseSodio
00:28:52.561 [main] DEBUG org.hibernate.persister.walking.spi.MetamodelGraphWalker - Visiting attribute path : calorias
00:28:52.561 [main] DEBUG org.hibernate.persister.walking.spi.MetamodelGraphWalker - Visiting attribute path : cantidad
00:28:52.561 [main] DEBUG org.hibernate.persister.walking.spi.MetamodelGraphWalker - Visiting attribute path : carbohidratos
00:28:52.561 [main] DEBUG org.hibernate.persister.walking.spi.MetamodelGraphWalker - Visiting attribute path : categoria
00:28:52.561 [main] DEBUG org.hibernate.persister.walking.spi.MetamodelGraphWalker - Property path deemed to be circular : categoria
00:28:52.561 [main] DEBUG org.hibernate.persister.walking.spi.MetamodelGraphWalker - Visiting attribute path : colaciones
00:28:52.561 [main] DEBUG org.hibernate.loader.plan.build.internal.spaces.QuerySpacesImpl - Adding QuerySpace : uid = <gen:2> -> org.hibernate.loader.plan.build.internal.spaces.CollectionQuerySpaceImpl@71beada8]
00:28:52.561 [main] DEBUG org.hibernate.loader.plan.build.internal.spaces.QuerySpacesImpl - Adding QuerySpace : uid = <gen:3> -> org.hibernate.loader.plan.build.internal.spaces.EntityQuerySpaceImpl@17f41739]
00:28:52.561 [main] DEBUG org.hibernate.persister.walking.spi.MetamodelGraphWalker - Visiting attribute path : colesterol
00:28:52.561 [main] DEBUG org.hibernate.persister.walking.spi.MetamodelGraphWalker - Visiting attribute path : energia
00:28:52.561 [main] DEBUG org.hibernate.persister.walking.spi.MetamodelGraphWalker - Visiting attribute path : esPersonalizado
00:28:52.561 [main] DEBUG org.hibernate.persister.walking.spi.MetamodelGraphWalker - Visiting attribute path : fibra
00:28:52.561 [main] DEBUG org.hibernate.persister.walking.spi.MetamodelGraphWalker - Visiting attribute path : grasa
00:28:52.561 [main] DEBUG org.hibernate.persister.walking.spi.MetamodelGraphWalker - Visiting attribute path : grasaMonoinsaturada
00:28:52.561 [main] DEBUG org.hibernate.persister.walking.spi.MetamodelGraphWalker - Visiting attribute path : grasaPoliinsaturada
00:28:52.561 [main] DEBUG org.hibernate.persister.walking.spi.MetamodelGraphWalker - Visiting attribute path : grasaSaturada
00:28:52.561 [main] DEBUG org.hibernate.persister.walking.spi.MetamodelGraphWalker - Visiting attribute path : imagen
00:28:52.561 [main] DEBUG org.hibernate.persister.walking.spi.MetamodelGraphWalker - Visiting attribute path : nombre
00:28:52.561 [main] DEBUG org.hibernate.persister.walking.spi.MetamodelGraphWalker - Visiting attribute path : potasio
00:28:52.561 [main] DEBUG org.hibernate.persister.walking.spi.MetamodelGraphWalker - Visiting attribute path : proteina
00:28:52.561 [main] DEBUG org.hibernate.persister.walking.spi.MetamodelGraphWalker - Visiting attribute path : sodio
00:28:52.561 [main] DEBUG org.hibernate.loader.plan.build.internal.FetchStyleLoadPlanBuildingAssociationVisitationStrategy - Building LoadPlan...
00:28:52.562 [main] DEBUG org.hibernate.loader.plan.exec.internal.LoadQueryJoinAndFetchProcessor - processing queryspace <gen:0>
00:28:52.562 [main] DEBUG org.hibernate.loader.plan.build.spi.LoadPlanTreePrinter - LoadPlan(collection=com.tallerwebi.dominio.CategoriaAlimento.alimentos)
    - Returns
       - CollectionReturnImpl(collection=com.tallerwebi.dominio.CategoriaAlimento.alimentos, querySpaceUid=<gen:0>, path=[com.tallerwebi.dominio.CategoriaAlimento.alimentos])
          - (collection element) CollectionFetchableElementEntityGraph(entity=com.tallerwebi.dominio.Alimento, querySpaceUid=<gen:1>, path=[com.tallerwebi.dominio.CategoriaAlimento.alimentos].<elements>)
             - CollectionAttributeFetchImpl(collection=com.tallerwebi.dominio.Alimento.colaciones, querySpaceUid=<gen:2>, path=[com.tallerwebi.dominio.CategoriaAlimento.alimentos].<elements>.colaciones)
                - (collection element) CollectionFetchableElementEntityGraph(entity=com.tallerwebi.dominio.Colacion, querySpaceUid=<gen:3>, path=[com.tallerwebi.dominio.CategoriaAlimento.alimentos].<elements>.colaciones.<elements>)
    - QuerySpaces
       - CollectionQuerySpaceImpl(uid=<gen:0>, collection=com.tallerwebi.dominio.CategoriaAlimento.alimentos)
          - SQL table alias mapping - alimentos0_
          - alias suffix - 0_
          - suffixed key columns - {categor32_0_0_}
          - entity-element alias suffix - 1_
          - 1_entity-element suffixed key columns - id1_0_1_
          - JOIN (JoinDefinedByMetadata(elements)) : <gen:0> -> <gen:1>
             - EntityQuerySpaceImpl(uid=<gen:1>, entity=com.tallerwebi.dominio.Alimento)
                - SQL table alias mapping - alimentos0_
                - alias suffix - 1_
                - suffixed key columns - {id1_0_1_}

00:28:52.562 [main] DEBUG org.hibernate.loader.collection.plan.CollectionLoader - Static select for collection com.tallerwebi.dominio.CategoriaAlimento.alimentos: select alimentos0_.categoria_id as categor32_0_0_, alimentos0_.id as id1_0_0_, alimentos0_.id as id1_0_1_, alimentos0_.azucar as azucar2_0_1_, alimentos0_.baseAzucar as baseazuc3_0_1_, alimentos0_.baseCalorias as basecalo4_0_1_, alimentos0_.baseCarbohidratos as basecarb5_0_1_, alimentos0_.baseColesterol as basecole6_0_1_, alimentos0_.baseEnergia as baseener7_0_1_, alimentos0_.baseFibra as basefibr8_0_1_, alimentos0_.baseGrasa as basegras9_0_1_, alimentos0_.baseGrasaMonoinsaturada as basegra10_0_1_, alimentos0_.baseGrasaPoliinsaturada as basegra11_0_1_, alimentos0_.baseGrasaSaturada as basegra12_0_1_, alimentos0_.basePotasio as basepot13_0_1_, alimentos0_.baseProteina as basepro14_0_1_, alimentos0_.baseSodio as basesod15_0_1_, alimentos0_.calorias as caloria16_0_1_, alimentos0_.cantidad as cantida17_0_1_, alimentos0_.carbohidratos as carbohi18_0_1_, alimentos0_.categoria_id as categor32_0_1_, alimentos0_.colesterol as coleste19_0_1_, alimentos0_.energia as energia20_0_1_, alimentos0_.esPersonalizado as esperso21_0_1_, alimentos0_.fibra as fibra22_0_1_, alimentos0_.grasa as grasa23_0_1_, alimentos0_.grasaMonoinsaturada as grasamo24_0_1_, alimentos0_.grasaPoliinsaturada as grasapo25_0_1_, alimentos0_.grasaSaturada as grasasa26_0_1_, alimentos0_.imagen as imagen27_0_1_, alimentos0_.nombre as nombre28_0_1_, alimentos0_.potasio as potasio29_0_1_, alimentos0_.proteina as protein30_0_1_, alimentos0_.sodio as sodio31_0_1_ from Alimento alimentos0_ where alimentos0_.categoria_id=?
00:28:52.562 [main] DEBUG org.hibernate.loader.plan.build.internal.spaces.QuerySpacesImpl - Adding QuerySpace : uid = <gen:0> -> org.hibernate.loader.plan.build.internal.spaces.CollectionQuerySpaceImpl@7598d675]
00:28:52.562 [main] DEBUG org.hibernate.loader.plan.build.internal.spaces.QuerySpacesImpl - Adding QuerySpace : uid = <gen:1> -> org.hibernate.loader.plan.build.internal.spaces.EntityQuerySpaceImpl@4946485c]
00:28:52.563 [main] DEBUG org.hibernate.persister.walking.spi.MetamodelGraphWalker - Visiting attribute path : completado
00:28:52.563 [main] DEBUG org.hibernate.persister.walking.spi.MetamodelGraphWalker - Visiting attribute path : desafio
00:28:52.563 [main] DEBUG org.hibernate.loader.plan.build.internal.spaces.QuerySpacesImpl - Adding QuerySpace : uid = <gen:2> -> org.hibernate.loader.plan.build.internal.spaces.EntityQuerySpaceImpl@4ff074a0]
00:28:52.563 [main] DEBUG org.hibernate.persister.walking.spi.MetamodelGraphWalker - Visiting attribute path : desafio.desafiosCompletados
00:28:52.563 [main] DEBUG org.hibernate.persister.walking.spi.MetamodelGraphWalker - Property path deemed to be circular : desafio.desafiosCompletados
00:28:52.563 [main] DEBUG org.hibernate.persister.walking.spi.MetamodelGraphWalker - Visiting attribute path : desafio.descripcion
00:28:52.563 [main] DEBUG org.hibernate.persister.walking.spi.MetamodelGraphWalker - Visiting attribute path : desafio.fechaFin
00:28:52.563 [main] DEBUG org.hibernate.persister.walking.spi.MetamodelGraphWalker - Visiting attribute path : desafio.fechaInicio
00:28:52.563 [main] DEBUG org.hibernate.persister.walking.spi.MetamodelGraphWalker - Visiting attribute path : desafio.nombre
00:28:52.563 [main] DEBUG org.hibernate.persister.walking.spi.MetamodelGraphWalker - Visiting attribute path : desafio.puntos
00:28:52.563 [main] DEBUG org.hibernate.persister.walking.spi.MetamodelGraphWalker - Visiting attribute path : fechaFin
00:28:52.563 [main] DEBUG org.hibernate.persister.walking.spi.MetamodelGraphWalker - Visiting attribute path : fechaInicio
00:28:52.563 [main] DEBUG org.hibernate.persister.walking.spi.MetamodelGraphWalker - Visiting attribute path : nombre
00:28:52.563 [main] DEBUG org.hibernate.persister.walking.spi.MetamodelGraphWalker - Visiting attribute path : usuario
00:28:52.563 [main] DEBUG org.hibernate.persister.walking.spi.MetamodelGraphWalker - Property path deemed to be circular : usuario
00:28:52.563 [main] DEBUG org.hibernate.loader.plan.build.internal.FetchStyleLoadPlanBuildingAssociationVisitationStrategy - Building LoadPlan...
00:28:52.563 [main] DEBUG org.hibernate.loader.plan.exec.internal.LoadQueryJoinAndFetchProcessor - processing queryspace <gen:0>
00:28:52.563 [main] DEBUG org.hibernate.loader.plan.build.spi.LoadPlanTreePrinter - LoadPlan(collection=com.tallerwebi.dominio.Usuario.desafiosCompletados)
    - Returns
       - CollectionReturnImpl(collection=com.tallerwebi.dominio.Usuario.desafiosCompletados, querySpaceUid=<gen:0>, path=[com.tallerwebi.dominio.Usuario.desafiosCompletados])
          - (collection element) CollectionFetchableElementEntityGraph(entity=com.tallerwebi.dominio.DesafioUsuario, querySpaceUid=<gen:1>, path=[com.tallerwebi.dominio.Usuario.desafiosCompletados].<elements>)
             - EntityAttributeFetchImpl(entity=com.tallerwebi.dominio.Desafio, querySpaceUid=<gen:2>, path=[com.tallerwebi.dominio.Usuario.desafiosCompletados].<elements>.desafio)
    - QuerySpaces
       - CollectionQuerySpaceImpl(uid=<gen:0>, collection=com.tallerwebi.dominio.Usuario.desafiosCompletados)
          - SQL table alias mapping - desafiosco0_
          - alias suffix - 0_
          - suffixed key columns - {usuario_7_4_0_}
          - entity-element alias suffix - 1_
          - 1_entity-element suffixed key columns - id1_4_1_
          - JOIN (JoinDefinedByMetadata(elements)) : <gen:0> -> <gen:1>
             - EntityQuerySpaceImpl(uid=<gen:1>, entity=com.tallerwebi.dominio.DesafioUsuario)
                - SQL table alias mapping - desafiosco0_
                - alias suffix - 1_
                - suffixed key columns - {id1_4_1_}
                - JOIN (JoinDefinedByMetadata(desafio)) : <gen:1> -> <gen:2>
                   - EntityQuerySpaceImpl(uid=<gen:2>, entity=com.tallerwebi.dominio.Desafio)
                      - SQL table alias mapping - desafio1_
                      - alias suffix - 2_
                      - suffixed key columns - {id1_3_2_}

00:28:52.563 [main] DEBUG org.hibernate.loader.collection.plan.CollectionLoader - Static select for collection com.tallerwebi.dominio.Usuario.desafiosCompletados: select desafiosco0_.usuario_id as usuario_7_4_0_, desafiosco0_.id as id1_4_0_, desafiosco0_.id as id1_4_1_, desafiosco0_.completado as completa2_4_1_, desafiosco0_.desafio_id as desafio_6_4_1_, desafiosco0_.fechaFin as fechafin3_4_1_, desafiosco0_.fechaInicio as fechaini4_4_1_, desafiosco0_.nombre as nombre5_4_1_, desafiosco0_.usuario_id as usuario_7_4_1_, desafio1_.id as id1_3_2_, desafio1_.descripcion as descripc2_3_2_, desafio1_.fechaFin as fechafin3_3_2_, desafio1_.fechaInicio as fechaini4_3_2_, desafio1_.nombre as nombre5_3_2_, desafio1_.puntos as puntos6_3_2_ from DesafioUsuario desafiosco0_ left outer join Desafio desafio1_ on desafiosco0_.desafio_id=desafio1_.id where desafiosco0_.usuario_id=?
00:28:52.563 [main] DEBUG org.hibernate.loader.plan.build.internal.spaces.QuerySpacesImpl - Adding QuerySpace : uid = <gen:0> -> org.hibernate.loader.plan.build.internal.spaces.CollectionQuerySpaceImpl@34a33343]
00:28:52.563 [main] DEBUG org.hibernate.loader.plan.build.internal.spaces.QuerySpacesImpl - Adding QuerySpace : uid = <gen:1> -> org.hibernate.loader.plan.build.internal.spaces.EntityQuerySpaceImpl@98722ef]
00:28:52.563 [main] DEBUG org.hibernate.persister.walking.spi.MetamodelGraphWalker - Visiting attribute path : alimentos
00:28:52.563 [main] DEBUG org.hibernate.loader.plan.build.internal.spaces.QuerySpacesImpl - Adding QuerySpace : uid = <gen:2> -> org.hibernate.loader.plan.build.internal.spaces.EntityQuerySpaceImpl@22429a11]
00:28:52.563 [main] DEBUG org.hibernate.persister.walking.spi.MetamodelGraphWalker - Visiting attribute path : alimentos.azucar
00:28:52.563 [main] DEBUG org.hibernate.persister.walking.spi.MetamodelGraphWalker - Visiting attribute path : alimentos.baseAzucar
00:28:52.563 [main] DEBUG org.hibernate.persister.walking.spi.MetamodelGraphWalker - Visiting attribute path : alimentos.baseCalorias
00:28:52.563 [main] DEBUG org.hibernate.persister.walking.spi.MetamodelGraphWalker - Visiting attribute path : alimentos.baseCarbohidratos
00:28:52.563 [main] DEBUG org.hibernate.persister.walking.spi.MetamodelGraphWalker - Visiting attribute path : alimentos.baseColesterol
00:28:52.563 [main] DEBUG org.hibernate.persister.walking.spi.MetamodelGraphWalker - Visiting attribute path : alimentos.baseEnergia
00:28:52.563 [main] DEBUG org.hibernate.persister.walking.spi.MetamodelGraphWalker - Visiting attribute path : alimentos.baseFibra
00:28:52.563 [main] DEBUG org.hibernate.persister.walking.spi.MetamodelGraphWalker - Visiting attribute path : alimentos.baseGrasa
00:28:52.563 [main] DEBUG org.hibernate.persister.walking.spi.MetamodelGraphWalker - Visiting attribute path : alimentos.baseGrasaMonoinsaturada
00:28:52.563 [main] DEBUG org.hibernate.persister.walking.spi.MetamodelGraphWalker - Visiting attribute path : alimentos.baseGrasaPoliinsaturada
00:28:52.563 [main] DEBUG org.hibernate.persister.walking.spi.MetamodelGraphWalker - Visiting attribute path : alimentos.baseGrasaSaturada
00:28:52.563 [main] DEBUG org.hibernate.persister.walking.spi.MetamodelGraphWalker - Visiting attribute path : alimentos.basePotasio
00:28:52.563 [main] DEBUG org.hibernate.persister.walking.spi.MetamodelGraphWalker - Visiting attribute path : alimentos.baseProteina
00:28:52.563 [main] DEBUG org.hibernate.persister.walking.spi.MetamodelGraphWalker - Visiting attribute path : alimentos.baseSodio
00:28:52.563 [main] DEBUG org.hibernate.persister.walking.spi.MetamodelGraphWalker - Visiting attribute path : alimentos.calorias
00:28:52.563 [main] DEBUG org.hibernate.persister.walking.spi.MetamodelGraphWalker - Visiting attribute path : alimentos.cantidad
00:28:52.563 [main] DEBUG org.hibernate.persister.walking.spi.MetamodelGraphWalker - Visiting attribute path : alimentos.carbohidratos
00:28:52.563 [main] DEBUG org.hibernate.persister.walking.spi.MetamodelGraphWalker - Visiting attribute path : alimentos.categoria
00:28:52.563 [main] DEBUG org.hibernate.loader.plan.build.internal.spaces.QuerySpacesImpl - Adding QuerySpace : uid = <gen:3> -> org.hibernate.loader.plan.build.internal.spaces.EntityQuerySpaceImpl@275902e1]
00:28:52.563 [main] DEBUG org.hibernate.persister.walking.spi.MetamodelGraphWalker - Visiting attribute path : alimentos.categoria.alimentos
00:28:52.563 [main] DEBUG org.hibernate.persister.walking.spi.MetamodelGraphWalker - Property path deemed to be circular : alimentos.categoria.alimentos
00:28:52.563 [main] DEBUG org.hibernate.persister.walking.spi.MetamodelGraphWalker - Visiting attribute path : alimentos.categoria.imagen
00:28:52.563 [main] DEBUG org.hibernate.persister.walking.spi.MetamodelGraphWalker - Visiting attribute path : alimentos.categoria.nombre
00:28:52.563 [main] DEBUG org.hibernate.persister.walking.spi.MetamodelGraphWalker - Visiting attribute path : alimentos.colaciones
00:28:52.563 [main] DEBUG org.hibernate.persister.walking.spi.MetamodelGraphWalker - Property path deemed to be circular : alimentos.colaciones
00:28:52.563 [main] DEBUG org.hibernate.persister.walking.spi.MetamodelGraphWalker - Visiting attribute path : alimentos.colesterol
00:28:52.563 [main] DEBUG org.hibernate.persister.walking.spi.MetamodelGraphWalker - Visiting attribute path : alimentos.energia
00:28:52.563 [main] DEBUG org.hibernate.persister.walking.spi.MetamodelGraphWalker - Visiting attribute path : alimentos.esPersonalizado
00:28:52.563 [main] DEBUG org.hibernate.persister.walking.spi.MetamodelGraphWalker - Visiting attribute path : alimentos.fibra
00:28:52.563 [main] DEBUG org.hibernate.persister.walking.spi.MetamodelGraphWalker - Visiting attribute path : alimentos.grasa
00:28:52.563 [main] DEBUG org.hibernate.persister.walking.spi.MetamodelGraphWalker - Visiting attribute path : alimentos.grasaMonoinsaturada
00:28:52.563 [main] DEBUG org.hibernate.persister.walking.spi.MetamodelGraphWalker - Visiting attribute path : alimentos.grasaPoliinsaturada
00:28:52.563 [main] DEBUG org.hibernate.persister.walking.spi.MetamodelGraphWalker - Visiting attribute path : alimentos.grasaSaturada
00:28:52.563 [main] DEBUG org.hibernate.persister.walking.spi.MetamodelGraphWalker - Visiting attribute path : alimentos.imagen
00:28:52.563 [main] DEBUG org.hibernate.persister.walking.spi.MetamodelGraphWalker - Visiting attribute path : alimentos.nombre
00:28:52.563 [main] DEBUG org.hibernate.persister.walking.spi.MetamodelGraphWalker - Visiting attribute path : alimentos.potasio
00:28:52.563 [main] DEBUG org.hibernate.persister.walking.spi.MetamodelGraphWalker - Visiting attribute path : alimentos.proteina
00:28:52.563 [main] DEBUG org.hibernate.persister.walking.spi.MetamodelGraphWalker - Visiting attribute path : alimentos.sodio
00:28:52.563 [main] DEBUG org.hibernate.persister.walking.spi.MetamodelGraphWalker - Visiting attribute path : cantidad
00:28:52.563 [main] DEBUG org.hibernate.persister.walking.spi.MetamodelGraphWalker - Visiting attribute path : fecha
00:28:52.563 [main] DEBUG org.hibernate.persister.walking.spi.MetamodelGraphWalker - Visiting attribute path : tipo
00:28:52.563 [main] DEBUG org.hibernate.persister.walking.spi.MetamodelGraphWalker - Visiting attribute path : usuario
00:28:52.563 [main] DEBUG org.hibernate.persister.walking.spi.MetamodelGraphWalker - Property path deemed to be circular : usuario
00:28:52.563 [main] DEBUG org.hibernate.loader.plan.build.internal.FetchStyleLoadPlanBuildingAssociationVisitationStrategy - Building LoadPlan...
00:28:52.563 [main] DEBUG org.hibernate.loader.plan.exec.internal.LoadQueryJoinAndFetchProcessor - processing queryspace <gen:0>
00:28:52.564 [main] DEBUG org.hibernate.loader.plan.build.spi.LoadPlanTreePrinter - LoadPlan(collection=com.tallerwebi.dominio.Usuario.colaciones)
    - Returns
       - CollectionReturnImpl(collection=com.tallerwebi.dominio.Usuario.colaciones, querySpaceUid=<gen:0>, path=[com.tallerwebi.dominio.Usuario.colaciones])
          - (collection element) CollectionFetchableElementEntityGraph(entity=com.tallerwebi.dominio.Colacion, querySpaceUid=<gen:1>, path=[com.tallerwebi.dominio.Usuario.colaciones].<elements>)
             - EntityAttributeFetchImpl(entity=com.tallerwebi.dominio.Alimento, querySpaceUid=<gen:2>, path=[com.tallerwebi.dominio.Usuario.colaciones].<elements>.alimentos)
                - EntityAttributeFetchImpl(entity=com.tallerwebi.dominio.CategoriaAlimento, querySpaceUid=<gen:3>, path=[com.tallerwebi.dominio.Usuario.colaciones].<elements>.alimentos.categoria)
    - QuerySpaces
       - CollectionQuerySpaceImpl(uid=<gen:0>, collection=com.tallerwebi.dominio.Usuario.colaciones)
          - SQL table alias mapping - colaciones0_
          - alias suffix - 0_
          - suffixed key columns - {usuario_6_2_0_}
          - entity-element alias suffix - 1_
          - 1_entity-element suffixed key columns - id1_2_1_
          - JOIN (JoinDefinedByMetadata(elements)) : <gen:0> -> <gen:1>
             - EntityQuerySpaceImpl(uid=<gen:1>, entity=com.tallerwebi.dominio.Colacion)
                - SQL table alias mapping - colaciones0_
                - alias suffix - 1_
                - suffixed key columns - {id1_2_1_}
                - JOIN (JoinDefinedByMetadata(alimentos)) : <gen:1> -> <gen:2>
                   - EntityQuerySpaceImpl(uid=<gen:2>, entity=com.tallerwebi.dominio.Alimento)
                      - SQL table alias mapping - alimento1_
                      - alias suffix - 2_
                      - suffixed key columns - {id1_0_2_}
                      - JOIN (JoinDefinedByMetadata(categoria)) : <gen:2> -> <gen:3>
                         - EntityQuerySpaceImpl(uid=<gen:3>, entity=com.tallerwebi.dominio.CategoriaAlimento)
                            - SQL table alias mapping - categoriaa2_
                            - alias suffix - 3_
                            - suffixed key columns - {id1_1_3_}

00:28:52.564 [main] DEBUG org.hibernate.loader.collection.plan.CollectionLoader - Static select for collection com.tallerwebi.dominio.Usuario.colaciones: select colaciones0_.usuario_id as usuario_6_2_0_, colaciones0_.id as id1_2_0_, colaciones0_.id as id1_2_1_, colaciones0_.alimento_id as alimento5_2_1_, colaciones0_.cantidad as cantidad2_2_1_, colaciones0_.fecha as fecha3_2_1_, colaciones0_.tipo as tipo4_2_1_, colaciones0_.usuario_id as usuario_6_2_1_, alimento1_.id as id1_0_2_, alimento1_.azucar as azucar2_0_2_, alimento1_.baseAzucar as baseazuc3_0_2_, alimento1_.baseCalorias as basecalo4_0_2_, alimento1_.baseCarbohidratos as basecarb5_0_2_, alimento1_.baseColesterol as basecole6_0_2_, alimento1_.baseEnergia as baseener7_0_2_, alimento1_.baseFibra as basefibr8_0_2_, alimento1_.baseGrasa as basegras9_0_2_, alimento1_.baseGrasaMonoinsaturada as basegra10_0_2_, alimento1_.baseGrasaPoliinsaturada as basegra11_0_2_, alimento1_.baseGrasaSaturada as basegra12_0_2_, alimento1_.basePotasio as basepot13_0_2_, alimento1_.baseProteina as basepro14_0_2_, alimento1_.baseSodio as basesod15_0_2_, alimento1_.calorias as caloria16_0_2_, alimento1_.cantidad as cantida17_0_2_, alimento1_.carbohidratos as carbohi18_0_2_, alimento1_.categoria_id as categor32_0_2_, alimento1_.colesterol as coleste19_0_2_, alimento1_.energia as energia20_0_2_, alimento1_.esPersonalizado as esperso21_0_2_, alimento1_.fibra as fibra22_0_2_, alimento1_.grasa as grasa23_0_2_, alimento1_.grasaMonoinsaturada as grasamo24_0_2_, alimento1_.grasaPoliinsaturada as grasapo25_0_2_, alimento1_.grasaSaturada as grasasa26_0_2_, alimento1_.imagen as imagen27_0_2_, alimento1_.nombre as nombre28_0_2_, alimento1_.potasio as potasio29_0_2_, alimento1_.proteina as protein30_0_2_, alimento1_.sodio as sodio31_0_2_, categoriaa2_.id as id1_1_3_, categoriaa2_.imagen as imagen2_1_3_, categoriaa2_.nombre as nombre3_1_3_ from Colacion colaciones0_ left outer join Alimento alimento1_ on colaciones0_.alimento_id=alimento1_.id left outer join CategoriaAlimento categoriaa2_ on alimento1_.categoria_id=categoriaa2_.id where colaciones0_.usuario_id=?
00:28:52.564 [main] DEBUG org.hibernate.loader.plan.build.internal.spaces.QuerySpacesImpl - Adding QuerySpace : uid = <gen:0> -> org.hibernate.loader.plan.build.internal.spaces.CollectionQuerySpaceImpl@2adc1e84]
00:28:52.564 [main] DEBUG org.hibernate.loader.plan.build.internal.spaces.QuerySpacesImpl - Adding QuerySpace : uid = <gen:1> -> org.hibernate.loader.plan.build.internal.spaces.EntityQuerySpaceImpl@2a99fa07]
00:28:52.564 [main] DEBUG org.hibernate.persister.walking.spi.MetamodelGraphWalker - Visiting attribute path : alimentos
00:28:52.565 [main] DEBUG org.hibernate.persister.walking.spi.MetamodelGraphWalker - Property path deemed to be circular : alimentos
00:28:52.565 [main] DEBUG org.hibernate.persister.walking.spi.MetamodelGraphWalker - Visiting attribute path : cantidad
00:28:52.565 [main] DEBUG org.hibernate.persister.walking.spi.MetamodelGraphWalker - Visiting attribute path : fecha
00:28:52.565 [main] DEBUG org.hibernate.persister.walking.spi.MetamodelGraphWalker - Visiting attribute path : tipo
00:28:52.565 [main] DEBUG org.hibernate.persister.walking.spi.MetamodelGraphWalker - Visiting attribute path : usuario
00:28:52.565 [main] DEBUG org.hibernate.loader.plan.build.internal.spaces.QuerySpacesImpl - Adding QuerySpace : uid = <gen:2> -> org.hibernate.loader.plan.build.internal.spaces.EntityQuerySpaceImpl@57927bc9]
00:28:52.565 [main] DEBUG org.hibernate.persister.walking.spi.MetamodelGraphWalker - Visiting attribute path : usuario.altura
00:28:52.565 [main] DEBUG org.hibernate.persister.walking.spi.MetamodelGraphWalker - Visiting attribute path : usuario.colaciones
00:28:52.565 [main] DEBUG org.hibernate.persister.walking.spi.MetamodelGraphWalker - Property path deemed to be circular : usuario.colaciones
00:28:52.565 [main] DEBUG org.hibernate.persister.walking.spi.MetamodelGraphWalker - Visiting attribute path : usuario.desafiosCompletados
00:28:52.565 [main] DEBUG org.hibernate.loader.plan.build.internal.spaces.QuerySpacesImpl - Adding QuerySpace : uid = <gen:3> -> org.hibernate.loader.plan.build.internal.spaces.CollectionQuerySpaceImpl@32dbca45]
00:28:52.565 [main] DEBUG org.hibernate.loader.plan.build.internal.spaces.QuerySpacesImpl - Adding QuerySpace : uid = <gen:4> -> org.hibernate.loader.plan.build.internal.spaces.EntityQuerySpaceImpl@2cc34cd5]
00:28:52.565 [main] DEBUG org.hibernate.persister.walking.spi.MetamodelGraphWalker - Visiting attribute path : usuario.edad
00:28:52.565 [main] DEBUG org.hibernate.persister.walking.spi.MetamodelGraphWalker - Visiting attribute path : usuario.email
00:28:52.565 [main] DEBUG org.hibernate.persister.walking.spi.MetamodelGraphWalker - Visiting attribute path : usuario.genero
00:28:52.565 [main] DEBUG org.hibernate.persister.walking.spi.MetamodelGraphWalker - Visiting attribute path : usuario.imagen
00:28:52.565 [main] DEBUG org.hibernate.persister.walking.spi.MetamodelGraphWalker - Visiting attribute path : usuario.ingestaCalorica
00:28:52.565 [main] DEBUG org.hibernate.persister.walking.spi.MetamodelGraphWalker - Visiting attribute path : usuario.metaAlcanzarPeso
00:28:52.565 [main] DEBUG org.hibernate.persister.walking.spi.MetamodelGraphWalker - Visiting attribute path : usuario.nivelDeActividad
00:28:52.565 [main] DEBUG org.hibernate.persister.walking.spi.MetamodelGraphWalker - Visiting attribute path : usuario.nombre
00:28:52.565 [main] DEBUG org.hibernate.persister.walking.spi.MetamodelGraphWalker - Visiting attribute path : usuario.password
00:28:52.565 [main] DEBUG org.hibernate.persister.walking.spi.MetamodelGraphWalker - Visiting attribute path : usuario.peso
00:28:52.565 [main] DEBUG org.hibernate.persister.walking.spi.MetamodelGraphWalker - Visiting attribute path : usuario.pesoInicial
00:28:52.565 [main] DEBUG org.hibernate.persister.walking.spi.MetamodelGraphWalker - Visiting attribute path : usuario.premium
00:28:52.565 [main] DEBUG org.hibernate.loader.plan.build.internal.FetchStyleLoadPlanBuildingAssociationVisitationStrategy - Building LoadPlan...
00:28:52.565 [main] DEBUG org.hibernate.loader.plan.exec.internal.LoadQueryJoinAndFetchProcessor - processing queryspace <gen:0>
00:28:52.565 [main] DEBUG org.hibernate.loader.plan.build.spi.LoadPlanTreePrinter - LoadPlan(collection=com.tallerwebi.dominio.Alimento.colaciones)
    - Returns
       - CollectionReturnImpl(collection=com.tallerwebi.dominio.Alimento.colaciones, querySpaceUid=<gen:0>, path=[com.tallerwebi.dominio.Alimento.colaciones])
          - (collection element) CollectionFetchableElementEntityGraph(entity=com.tallerwebi.dominio.Colacion, querySpaceUid=<gen:1>, path=[com.tallerwebi.dominio.Alimento.colaciones].<elements>)
             - EntityAttributeFetchImpl(entity=com.tallerwebi.dominio.Usuario, querySpaceUid=<gen:2>, path=[com.tallerwebi.dominio.Alimento.colaciones].<elements>.usuario)
                - CollectionAttributeFetchImpl(collection=com.tallerwebi.dominio.Usuario.desafiosCompletados, querySpaceUid=<gen:3>, path=[com.tallerwebi.dominio.Alimento.colaciones].<elements>.usuario.desafiosCompletados)
                   - (collection element) CollectionFetchableElementEntityGraph(entity=com.tallerwebi.dominio.DesafioUsuario, querySpaceUid=<gen:4>, path=[com.tallerwebi.dominio.Alimento.colaciones].<elements>.usuario.desafiosCompletados.<elements>)
    - QuerySpaces
       - CollectionQuerySpaceImpl(uid=<gen:0>, collection=com.tallerwebi.dominio.Alimento.colaciones)
          - SQL table alias mapping - colaciones0_
          - alias suffix - 0_
          - suffixed key columns - {alimento5_2_0_}
          - entity-element alias suffix - 1_
          - 1_entity-element suffixed key columns - id1_2_1_
          - JOIN (JoinDefinedByMetadata(elements)) : <gen:0> -> <gen:1>
             - EntityQuerySpaceImpl(uid=<gen:1>, entity=com.tallerwebi.dominio.Colacion)
                - SQL table alias mapping - colaciones0_
                - alias suffix - 1_
                - suffixed key columns - {id1_2_1_}
                - JOIN (JoinDefinedByMetadata(usuario)) : <gen:1> -> <gen:2>
                   - EntityQuerySpaceImpl(uid=<gen:2>, entity=com.tallerwebi.dominio.Usuario)
                      - SQL table alias mapping - usuario1_
                      - alias suffix - 2_
                      - suffixed key columns - {id1_17_2_}

00:28:52.565 [main] DEBUG org.hibernate.loader.collection.plan.CollectionLoader - Static select for collection com.tallerwebi.dominio.Alimento.colaciones: select colaciones0_.alimento_id as alimento5_2_0_, colaciones0_.id as id1_2_0_, colaciones0_.id as id1_2_1_, colaciones0_.alimento_id as alimento5_2_1_, colaciones0_.cantidad as cantidad2_2_1_, colaciones0_.fecha as fecha3_2_1_, colaciones0_.tipo as tipo4_2_1_, colaciones0_.usuario_id as usuario_6_2_1_, usuario1_.id as id1_17_2_, usuario1_.altura as altura2_17_2_, usuario1_.edad as edad3_17_2_, usuario1_.email as email4_17_2_, usuario1_.genero as genero5_17_2_, usuario1_.imagen as imagen6_17_2_, usuario1_.ingestaCalorica as ingestac7_17_2_, usuario1_.metaAlcanzarPeso as metaalca8_17_2_, usuario1_.nivelDeActividad as niveldea9_17_2_, usuario1_.nombre as nombre10_17_2_, usuario1_.password as passwor11_17_2_, usuario1_.peso as peso12_17_2_, usuario1_.pesoInicial as pesoini13_17_2_, usuario1_.premium as premium14_17_2_ from Colacion colaciones0_ left outer join Usuario usuario1_ on colaciones0_.usuario_id=usuario1_.id where colaciones0_.alimento_id=?
00:28:52.565 [main] DEBUG org.hibernate.loader.plan.build.internal.spaces.QuerySpacesImpl - Adding QuerySpace : uid = <gen:0> -> org.hibernate.loader.plan.build.internal.spaces.CollectionQuerySpaceImpl@684b26b7]
00:28:52.565 [main] DEBUG org.hibernate.loader.plan.build.internal.spaces.QuerySpacesImpl - Adding QuerySpace : uid = <gen:1> -> org.hibernate.loader.plan.build.internal.spaces.EntityQuerySpaceImpl@2de7c84a]
00:28:52.565 [main] DEBUG org.hibernate.persister.walking.spi.MetamodelGraphWalker - Visiting attribute path : completado
00:28:52.565 [main] DEBUG org.hibernate.persister.walking.spi.MetamodelGraphWalker - Visiting attribute path : desafio
00:28:52.566 [main] DEBUG org.hibernate.persister.walking.spi.MetamodelGraphWalker - Property path deemed to be circular : desafio
00:28:52.566 [main] DEBUG org.hibernate.persister.walking.spi.MetamodelGraphWalker - Visiting attribute path : fechaFin
00:28:52.566 [main] DEBUG org.hibernate.persister.walking.spi.MetamodelGraphWalker - Visiting attribute path : fechaInicio
00:28:52.566 [main] DEBUG org.hibernate.persister.walking.spi.MetamodelGraphWalker - Visiting attribute path : nombre
00:28:52.566 [main] DEBUG org.hibernate.persister.walking.spi.MetamodelGraphWalker - Visiting attribute path : usuario
00:28:52.566 [main] DEBUG org.hibernate.loader.plan.build.internal.spaces.QuerySpacesImpl - Adding QuerySpace : uid = <gen:2> -> org.hibernate.loader.plan.build.internal.spaces.EntityQuerySpaceImpl@46de118b]
00:28:52.566 [main] DEBUG org.hibernate.persister.walking.spi.MetamodelGraphWalker - Visiting attribute path : usuario.altura
00:28:52.566 [main] DEBUG org.hibernate.persister.walking.spi.MetamodelGraphWalker - Visiting attribute path : usuario.colaciones
00:28:52.566 [main] DEBUG org.hibernate.loader.plan.build.internal.spaces.QuerySpacesImpl - Adding QuerySpace : uid = <gen:3> -> org.hibernate.loader.plan.build.internal.spaces.CollectionQuerySpaceImpl@10cb050]
00:28:52.566 [main] DEBUG org.hibernate.loader.plan.build.internal.spaces.QuerySpacesImpl - Adding QuerySpace : uid = <gen:4> -> org.hibernate.loader.plan.build.internal.spaces.EntityQuerySpaceImpl@799fb45e]
00:28:52.566 [main] DEBUG org.hibernate.persister.walking.spi.MetamodelGraphWalker - Visiting attribute path : usuario.desafiosCompletados
00:28:52.566 [main] DEBUG org.hibernate.persister.walking.spi.MetamodelGraphWalker - Property path deemed to be circular : usuario.desafiosCompletados
00:28:52.566 [main] DEBUG org.hibernate.persister.walking.spi.MetamodelGraphWalker - Visiting attribute path : usuario.edad
00:28:52.566 [main] DEBUG org.hibernate.persister.walking.spi.MetamodelGraphWalker - Visiting attribute path : usuario.email
00:28:52.566 [main] DEBUG org.hibernate.persister.walking.spi.MetamodelGraphWalker - Visiting attribute path : usuario.genero
00:28:52.566 [main] DEBUG org.hibernate.persister.walking.spi.MetamodelGraphWalker - Visiting attribute path : usuario.imagen
00:28:52.566 [main] DEBUG org.hibernate.persister.walking.spi.MetamodelGraphWalker - Visiting attribute path : usuario.ingestaCalorica
00:28:52.566 [main] DEBUG org.hibernate.persister.walking.spi.MetamodelGraphWalker - Visiting attribute path : usuario.metaAlcanzarPeso
00:28:52.566 [main] DEBUG org.hibernate.persister.walking.spi.MetamodelGraphWalker - Visiting attribute path : usuario.nivelDeActividad
00:28:52.566 [main] DEBUG org.hibernate.persister.walking.spi.MetamodelGraphWalker - Visiting attribute path : usuario.nombre
00:28:52.566 [main] DEBUG org.hibernate.persister.walking.spi.MetamodelGraphWalker - Visiting attribute path : usuario.password
00:28:52.566 [main] DEBUG org.hibernate.persister.walking.spi.MetamodelGraphWalker - Visiting attribute path : usuario.peso
00:28:52.566 [main] DEBUG org.hibernate.persister.walking.spi.MetamodelGraphWalker - Visiting attribute path : usuario.pesoInicial
00:28:52.566 [main] DEBUG org.hibernate.persister.walking.spi.MetamodelGraphWalker - Visiting attribute path : usuario.premium
00:28:52.566 [main] DEBUG org.hibernate.loader.plan.build.internal.FetchStyleLoadPlanBuildingAssociationVisitationStrategy - Building LoadPlan...
00:28:52.566 [main] DEBUG org.hibernate.loader.plan.exec.internal.LoadQueryJoinAndFetchProcessor - processing queryspace <gen:0>
00:28:52.566 [main] DEBUG org.hibernate.loader.plan.build.spi.LoadPlanTreePrinter - LoadPlan(collection=com.tallerwebi.dominio.Desafio.desafiosCompletados)
    - Returns
       - CollectionReturnImpl(collection=com.tallerwebi.dominio.Desafio.desafiosCompletados, querySpaceUid=<gen:0>, path=[com.tallerwebi.dominio.Desafio.desafiosCompletados])
          - (collection element) CollectionFetchableElementEntityGraph(entity=com.tallerwebi.dominio.DesafioUsuario, querySpaceUid=<gen:1>, path=[com.tallerwebi.dominio.Desafio.desafiosCompletados].<elements>)
             - EntityAttributeFetchImpl(entity=com.tallerwebi.dominio.Usuario, querySpaceUid=<gen:2>, path=[com.tallerwebi.dominio.Desafio.desafiosCompletados].<elements>.usuario)
                - CollectionAttributeFetchImpl(collection=com.tallerwebi.dominio.Usuario.colaciones, querySpaceUid=<gen:3>, path=[com.tallerwebi.dominio.Desafio.desafiosCompletados].<elements>.usuario.colaciones)
                   - (collection element) CollectionFetchableElementEntityGraph(entity=com.tallerwebi.dominio.Colacion, querySpaceUid=<gen:4>, path=[com.tallerwebi.dominio.Desafio.desafiosCompletados].<elements>.usuario.colaciones.<elements>)
    - QuerySpaces
       - CollectionQuerySpaceImpl(uid=<gen:0>, collection=com.tallerwebi.dominio.Desafio.desafiosCompletados)
          - SQL table alias mapping - desafiosco0_
          - alias suffix - 0_
          - suffixed key columns - {desafio_6_4_0_}
          - entity-element alias suffix - 1_
          - 1_entity-element suffixed key columns - id1_4_1_
          - JOIN (JoinDefinedByMetadata(elements)) : <gen:0> -> <gen:1>
             - EntityQuerySpaceImpl(uid=<gen:1>, entity=com.tallerwebi.dominio.DesafioUsuario)
                - SQL table alias mapping - desafiosco0_
                - alias suffix - 1_
                - suffixed key columns - {id1_4_1_}
                - JOIN (JoinDefinedByMetadata(usuario)) : <gen:1> -> <gen:2>
                   - EntityQuerySpaceImpl(uid=<gen:2>, entity=com.tallerwebi.dominio.Usuario)
                      - SQL table alias mapping - usuario1_
                      - alias suffix - 2_
                      - suffixed key columns - {id1_17_2_}

00:28:52.566 [main] DEBUG org.hibernate.loader.collection.plan.CollectionLoader - Static select for collection com.tallerwebi.dominio.Desafio.desafiosCompletados: select desafiosco0_.desafio_id as desafio_6_4_0_, desafiosco0_.id as id1_4_0_, desafiosco0_.id as id1_4_1_, desafiosco0_.completado as completa2_4_1_, desafiosco0_.desafio_id as desafio_6_4_1_, desafiosco0_.fechaFin as fechafin3_4_1_, desafiosco0_.fechaInicio as fechaini4_4_1_, desafiosco0_.nombre as nombre5_4_1_, desafiosco0_.usuario_id as usuario_7_4_1_, usuario1_.id as id1_17_2_, usuario1_.altura as altura2_17_2_, usuario1_.edad as edad3_17_2_, usuario1_.email as email4_17_2_, usuario1_.genero as genero5_17_2_, usuario1_.imagen as imagen6_17_2_, usuario1_.ingestaCalorica as ingestac7_17_2_, usuario1_.metaAlcanzarPeso as metaalca8_17_2_, usuario1_.nivelDeActividad as niveldea9_17_2_, usuario1_.nombre as nombre10_17_2_, usuario1_.password as passwor11_17_2_, usuario1_.peso as peso12_17_2_, usuario1_.pesoInicial as pesoini13_17_2_, usuario1_.premium as premium14_17_2_ from DesafioUsuario desafiosco0_ left outer join Usuario usuario1_ on desafiosco0_.usuario_id=usuario1_.id where desafiosco0_.desafio_id=?
00:28:52.586 [main] DEBUG org.hibernate.type.EnumType - Using NAMED-based conversion for Enum com.tallerwebi.dominio.TipoColacion
00:28:52.586 [main] DEBUG org.hibernate.type.EnumType - Using NAMED-based conversion for Enum com.tallerwebi.dominio.TipoColacion
00:28:52.587 [main] DEBUG org.hibernate.type.EnumType - Using NAMED-based conversion for Enum com.tallerwebi.dominio.TipoColacion
00:28:52.605 [main] DEBUG org.hibernate.SQL - 
    
    drop table if exists Alimento CASCADE 
Hibernate: 
    
    drop table if exists Alimento CASCADE 
00:28:52.605 [main] DEBUG org.springframework.jdbc.datasource.DriverManagerDataSource - Creating new JDBC DriverManager Connection to [jdbc:hsqldb:mem:db_]
00:28:52.606 [main] DEBUG org.hibernate.SQL - 
    
    drop table if exists CategoriaAlimento CASCADE 
Hibernate: 
    
    drop table if exists CategoriaAlimento CASCADE 
00:28:52.606 [main] DEBUG org.hibernate.SQL - 
    
    drop table if exists Colacion CASCADE 
Hibernate: 
    
    drop table if exists Colacion CASCADE 
00:28:52.606 [main] DEBUG org.hibernate.SQL - 
    
    drop table if exists Desafio CASCADE 
Hibernate: 
    
    drop table if exists Desafio CASCADE 
00:28:52.606 [main] DEBUG org.hibernate.SQL - 
    
    drop table if exists DesafioUsuario CASCADE 
Hibernate: 
    
    drop table if exists DesafioUsuario CASCADE 
00:28:52.606 [main] DEBUG org.hibernate.SQL - 
    
    drop table if exists Ejercicio CASCADE 
Hibernate: 
    
    drop table if exists Ejercicio CASCADE 
00:28:52.606 [main] DEBUG org.hibernate.SQL - 
    
    drop table if exists EjercicioUsuario CASCADE 
Hibernate: 
    
    drop table if exists EjercicioUsuario CASCADE 
00:28:52.606 [main] DEBUG org.hibernate.SQL - 
    
    drop table if exists HistoriaPesoUsuario CASCADE 
Hibernate: 
    
    drop table if exists HistoriaPesoUsuario CASCADE 
00:28:52.606 [main] DEBUG org.hibernate.SQL - 
    
    drop table if exists MacronutrientesUsuario CASCADE 
Hibernate: 
    
    drop table if exists MacronutrientesUsuario CASCADE 
00:28:52.606 [main] DEBUG org.hibernate.SQL - 
    
    drop table if exists Notificacion CASCADE 
Hibernate: 
    
    drop table if exists Notificacion CASCADE 
00:28:52.606 [main] DEBUG org.hibernate.SQL - 
    
    drop table if exists NotificacionUsuario CASCADE 
Hibernate: 
    
    drop table if exists NotificacionUsuario CASCADE 
00:28:52.606 [main] DEBUG org.hibernate.SQL - 
    
    drop table if exists Publicacion CASCADE 
Hibernate: 
    
    drop table if exists Publicacion CASCADE 
00:28:52.606 [main] DEBUG org.hibernate.SQL - 
    
    drop table if exists PublicacionLike CASCADE 
Hibernate: 
    
    drop table if exists PublicacionLike CASCADE 
00:28:52.606 [main] DEBUG org.hibernate.SQL - 
    
    drop table if exists PublicacionRespuesta CASCADE 
Hibernate: 
    
    drop table if exists PublicacionRespuesta CASCADE 
00:28:52.606 [main] DEBUG org.hibernate.SQL - 
    
    drop table if exists Receta CASCADE 
Hibernate: 
    
    drop table if exists Receta CASCADE 
00:28:52.606 [main] DEBUG org.hibernate.SQL - 
    
    drop table if exists RecetaFavorito CASCADE 
Hibernate: 
    
    drop table if exists RecetaFavorito CASCADE 
00:28:52.606 [main] DEBUG org.hibernate.SQL - 
    
    drop table if exists Respuesta CASCADE 
Hibernate: 
    
    drop table if exists Respuesta CASCADE 
00:28:52.606 [main] DEBUG org.hibernate.SQL - 
    
    drop table if exists Usuario CASCADE 
Hibernate: 
    
    drop table if exists Usuario CASCADE 
00:28:52.606 [main] DEBUG org.hibernate.SQL - 
    
    drop table if exists UsuarioFollow CASCADE 
Hibernate: 
    
    drop table if exists UsuarioFollow CASCADE 
00:28:52.606 [main] DEBUG org.hibernate.SQL - 
    
    drop sequence hibernate_sequence if exists
Hibernate: 
    
    drop sequence hibernate_sequence if exists
00:28:52.608 [main] DEBUG org.hibernate.SQL - create sequence hibernate_sequence start with 1 increment by 1
Hibernate: create sequence hibernate_sequence start with 1 increment by 1
00:28:52.608 [main] DEBUG org.springframework.jdbc.datasource.DriverManagerDataSource - Creating new JDBC DriverManager Connection to [jdbc:hsqldb:mem:db_]
00:28:52.609 [main] DEBUG org.hibernate.SQL - 
    
    create table Alimento (
       id bigint generated by default as identity (start with 1),
        azucar double,
        baseAzucar double,
        baseCalorias integer,
        baseCarbohidratos double,
        baseColesterol integer,
        baseEnergia integer,
        baseFibra integer,
        baseGrasa double,
        baseGrasaMonoinsaturada double,
        baseGrasaPoliinsaturada double,
        baseGrasaSaturada double,
        basePotasio integer,
        baseProteina double,
        baseSodio integer,
        calorias integer,
        cantidad integer default 1 not null,
        carbohidratos double,
        colesterol integer,
        energia integer,
        esPersonalizado boolean not null,
        fibra integer,
        grasa double,
        grasaMonoinsaturada double,
        grasaPoliinsaturada double,
        grasaSaturada double,
        imagen varchar(255),
        nombre varchar(255),
        potasio integer,
        proteina double,
        sodio integer,
        categoria_id bigint,
        primary key (id)
    )
Hibernate: 
    
    create table Alimento (
       id bigint generated by default as identity (start with 1),
        azucar double,
        baseAzucar double,
        baseCalorias integer,
        baseCarbohidratos double,
        baseColesterol integer,
        baseEnergia integer,
        baseFibra integer,
        baseGrasa double,
        baseGrasaMonoinsaturada double,
        baseGrasaPoliinsaturada double,
        baseGrasaSaturada double,
        basePotasio integer,
        baseProteina double,
        baseSodio integer,
        calorias integer,
        cantidad integer default 1 not null,
        carbohidratos double,
        colesterol integer,
        energia integer,
        esPersonalizado boolean not null,
        fibra integer,
        grasa double,
        grasaMonoinsaturada double,
        grasaPoliinsaturada double,
        grasaSaturada double,
        imagen varchar(255),
        nombre varchar(255),
        potasio integer,
        proteina double,
        sodio integer,
        categoria_id bigint,
        primary key (id)
    )
00:28:52.609 [main] DEBUG org.hibernate.SQL - 
    
    create table CategoriaAlimento (
       id bigint generated by default as identity (start with 1),
        imagen varchar(255),
        nombre varchar(255),
        primary key (id)
    )
Hibernate: 
    
    create table CategoriaAlimento (
       id bigint generated by default as identity (start with 1),
        imagen varchar(255),
        nombre varchar(255),
        primary key (id)
    )
00:28:52.610 [main] DEBUG org.hibernate.type.EnumType - Using NAMED-based conversion for Enum com.tallerwebi.dominio.TipoColacion
00:28:52.610 [main] DEBUG org.hibernate.SQL - 
    
    create table Colacion (
       id bigint generated by default as identity (start with 1),
        cantidad integer,
        fecha date,
        tipo varchar(255),
        alimento_id bigint,
        usuario_id bigint,
        primary key (id)
    )
Hibernate: 
    
    create table Colacion (
       id bigint generated by default as identity (start with 1),
        cantidad integer,
        fecha date,
        tipo varchar(255),
        alimento_id bigint,
        usuario_id bigint,
        primary key (id)
    )
00:28:52.610 [main] DEBUG org.hibernate.SQL - 
    
    create table Desafio (
       id bigint generated by default as identity (start with 1),
        descripcion varchar(255),
        fechaFin date,
        fechaInicio date,
        nombre varchar(255),
        puntos integer not null,
        primary key (id)
    )
Hibernate: 
    
    create table Desafio (
       id bigint generated by default as identity (start with 1),
        descripcion varchar(255),
        fechaFin date,
        fechaInicio date,
        nombre varchar(255),
        puntos integer not null,
        primary key (id)
    )
00:28:52.610 [main] DEBUG org.hibernate.SQL - 
    
    create table DesafioUsuario (
       id bigint generated by default as identity (start with 1),
        completado boolean not null,
        fechaFin date,
        fechaInicio date,
        nombre varchar(255),
        desafio_id bigint,
        usuario_id bigint,
        primary key (id)
    )
Hibernate: 
    
    create table DesafioUsuario (
       id bigint generated by default as identity (start with 1),
        completado boolean not null,
        fechaFin date,
        fechaInicio date,
        nombre varchar(255),
        desafio_id bigint,
        usuario_id bigint,
        primary key (id)
    )
00:28:52.610 [main] DEBUG org.hibernate.SQL - 
    
    create table Ejercicio (
       id bigint generated by default as identity (start with 1),
        caloriasQuemadasPorHora integer,
        intensidad varchar(255),
        nombre varchar(255),
        primary key (id)
    )
Hibernate: 
    
    create table Ejercicio (
       id bigint generated by default as identity (start with 1),
        caloriasQuemadasPorHora integer,
        intensidad varchar(255),
        nombre varchar(255),
        primary key (id)
    )
00:28:52.610 [main] DEBUG org.hibernate.SQL - 
    
    create table EjercicioUsuario (
       id bigint generated by default as identity (start with 1),
        caloriasQuemadas integer,
        fecha date,
        intensidad varchar(255),
        minutos integer,
        nombre varchar(255),
        ejercicio_id bigint,
        usuario_id bigint,
        primary key (id)
    )
Hibernate: 
    
    create table EjercicioUsuario (
       id bigint generated by default as identity (start with 1),
        caloriasQuemadas integer,
        fecha date,
        intensidad varchar(255),
        minutos integer,
        nombre varchar(255),
        ejercicio_id bigint,
        usuario_id bigint,
        primary key (id)
    )
00:28:52.610 [main] DEBUG org.hibernate.SQL - 
    
    create table HistoriaPesoUsuario (
       id bigint generated by default as identity (start with 1),
        fecha date,
        peso double,
        usuario_id bigint,
        primary key (id)
    )
Hibernate: 
    
    create table HistoriaPesoUsuario (
       id bigint generated by default as identity (start with 1),
        fecha date,
        peso double,
        usuario_id bigint,
        primary key (id)
    )
00:28:52.610 [main] DEBUG org.hibernate.SQL - 
    
    create table MacronutrientesUsuario (
       id bigint generated by default as identity (start with 1),
        carbohidratosAConsumir integer,
        grasaAConsumir integer,
        proteinaAConsumir integer,
        usuario_id bigint,
        primary key (id)
    )
Hibernate: 
    
    create table MacronutrientesUsuario (
       id bigint generated by default as identity (start with 1),
        carbohidratosAConsumir integer,
        grasaAConsumir integer,
        proteinaAConsumir integer,
        usuario_id bigint,
        primary key (id)
    )
00:28:52.611 [main] DEBUG org.hibernate.SQL - 
    
    create table Notificacion (
       id bigint generated by default as identity (start with 1),
        contenido varchar(255),
        titulo varchar(255),
        primary key (id)
    )
Hibernate: 
    
    create table Notificacion (
       id bigint generated by default as identity (start with 1),
        contenido varchar(255),
        titulo varchar(255),
        primary key (id)
    )
00:28:52.611 [main] DEBUG org.hibernate.SQL - 
    
    create table NotificacionUsuario (
       id bigint generated by default as identity (start with 1),
        fechaHora timestamp,
        leida boolean not null,
        notificacion_id bigint,
        usuario_id bigint,
        primary key (id)
    )
Hibernate: 
    
    create table NotificacionUsuario (
       id bigint generated by default as identity (start with 1),
        fechaHora timestamp,
        leida boolean not null,
        notificacion_id bigint,
        usuario_id bigint,
        primary key (id)
    )
00:28:52.611 [main] DEBUG org.hibernate.SQL - 
    
    create table Publicacion (
       id bigint generated by default as identity (start with 1),
        contenido varchar(255),
        fechaCreacion timestamp,
        fechaFormateada varchar(255),
        img varchar(255),
        titulo varchar(255),
        usuario_id bigint,
        primary key (id)
    )
Hibernate: 
    
    create table Publicacion (
       id bigint generated by default as identity (start with 1),
        contenido varchar(255),
        fechaCreacion timestamp,
        fechaFormateada varchar(255),
        img varchar(255),
        titulo varchar(255),
        usuario_id bigint,
        primary key (id)
    )
00:28:52.611 [main] DEBUG org.hibernate.SQL - 
    
    create table PublicacionLike (
       id bigint generated by default as identity (start with 1),
        fechaCreacion timestamp,
        fechaFormateada varchar(255),
        publicacion_id bigint,
        usuario_id bigint,
        primary key (id)
    )
Hibernate: 
    
    create table PublicacionLike (
       id bigint generated by default as identity (start with 1),
        fechaCreacion timestamp,
        fechaFormateada varchar(255),
        publicacion_id bigint,
        usuario_id bigint,
        primary key (id)
    )
00:28:52.611 [main] DEBUG org.hibernate.SQL - 
    
    create table PublicacionRespuesta (
       id bigint generated by default as identity (start with 1),
        publicacion_id bigint,
        respuesta_id bigint,
        primary key (id)
    )
Hibernate: 
    
    create table PublicacionRespuesta (
       id bigint generated by default as identity (start with 1),
        publicacion_id bigint,
        respuesta_id bigint,
        primary key (id)
    )
00:28:52.611 [main] DEBUG org.hibernate.SQL - 
    
    create table Receta (
       id bigint generated by default as identity (start with 1),
        azucar double,
        calorias integer,
        cantidad integer default 1 not null,
        carbohidratos double,
        colesterol integer,
        descripcion varchar(100) not null,
        energia integer,
        fibra integer,
        grasa double,
        grasaMonoinsaturada double,
        grasaPoliinsaturada double,
        grasaSaturada double,
        imagen varchar(255) not null,
        ingredientes varchar(4000) not null,
        instrucciones varchar(4000) not null,
        nombre varchar(255) not null,
        potasio integer,
        proteina double,
        sodio integer,
        usuario_id bigint,
        primary key (id)
    )
Hibernate: 
    
    create table Receta (
       id bigint generated by default as identity (start with 1),
        azucar double,
        calorias integer,
        cantidad integer default 1 not null,
        carbohidratos double,
        colesterol integer,
        descripcion varchar(100) not null,
        energia integer,
        fibra integer,
        grasa double,
        grasaMonoinsaturada double,
        grasaPoliinsaturada double,
        grasaSaturada double,
        imagen varchar(255) not null,
        ingredientes varchar(4000) not null,
        instrucciones varchar(4000) not null,
        nombre varchar(255) not null,
        potasio integer,
        proteina double,
        sodio integer,
        usuario_id bigint,
        primary key (id)
    )
00:28:52.613 [main] DEBUG org.hibernate.SQL - 
    
    create table RecetaFavorito (
       id bigint not null,
        descripcion varchar(100) not null,
        imagen varchar(255) not null,
        nombre varchar(255) not null,
        recetasFavoritas_id bigint,
        usuario_id bigint,
        primary key (id)
    )
Hibernate: 
    
    create table RecetaFavorito (
       id bigint not null,
        descripcion varchar(100) not null,
        imagen varchar(255) not null,
        nombre varchar(255) not null,
        recetasFavoritas_id bigint,
        usuario_id bigint,
        primary key (id)
    )
00:28:52.614 [main] DEBUG org.hibernate.SQL - 
    
    create table Respuesta (
       id bigint generated by default as identity (start with 1),
        contenido varchar(255),
        fechaCreacion timestamp,
        fechaFormateada varchar(255),
        usuario_id bigint,
        primary key (id)
    )
Hibernate: 
    
    create table Respuesta (
       id bigint generated by default as identity (start with 1),
        contenido varchar(255),
        fechaCreacion timestamp,
        fechaFormateada varchar(255),
        usuario_id bigint,
        primary key (id)
    )
00:28:52.614 [main] DEBUG org.hibernate.SQL - 
    
    create table Usuario (
       id bigint generated by default as identity (start with 1),
        altura double,
        edad integer,
        email varchar(255),
        genero varchar(255),
        imagen varchar(255),
        ingestaCalorica integer,
        metaAlcanzarPeso double,
        nivelDeActividad varchar(255),
        nombre varchar(255),
        password varchar(255),
        peso double,
        pesoInicial double,
        premium boolean,
        primary key (id)
    )
Hibernate: 
    
    create table Usuario (
       id bigint generated by default as identity (start with 1),
        altura double,
        edad integer,
        email varchar(255),
        genero varchar(255),
        imagen varchar(255),
        ingestaCalorica integer,
        metaAlcanzarPeso double,
        nivelDeActividad varchar(255),
        nombre varchar(255),
        password varchar(255),
        peso double,
        pesoInicial double,
        premium boolean,
        primary key (id)
    )
00:28:52.614 [main] DEBUG org.hibernate.SQL - 
    
    create table UsuarioFollow (
       id bigint generated by default as identity (start with 1),
        seguidor_id bigint,
        usuario_id bigint,
        primary key (id)
    )
Hibernate: 
    
    create table UsuarioFollow (
       id bigint generated by default as identity (start with 1),
        seguidor_id bigint,
        usuario_id bigint,
        primary key (id)
    )
00:28:52.615 [main] DEBUG org.hibernate.SQL - 
    
    alter table Alimento 
       add constraint FKiht5nf2x17p2b4kp4ash393v2 
       foreign key (categoria_id) 
       references CategoriaAlimento
Hibernate: 
    
    alter table Alimento 
       add constraint FKiht5nf2x17p2b4kp4ash393v2 
       foreign key (categoria_id) 
       references CategoriaAlimento
00:28:52.615 [main] DEBUG org.hibernate.SQL - 
    
    alter table Colacion 
       add constraint FKin47pxpejqp7cuth5yarvk7vv 
       foreign key (alimento_id) 
       references Alimento
Hibernate: 
    
    alter table Colacion 
       add constraint FKin47pxpejqp7cuth5yarvk7vv 
       foreign key (alimento_id) 
       references Alimento
00:28:52.615 [main] DEBUG org.hibernate.SQL - 
    
    alter table Colacion 
       add constraint FKlxaxv62nkbsau4lrgbnrjtyat 
       foreign key (usuario_id) 
       references Usuario
Hibernate: 
    
    alter table Colacion 
       add constraint FKlxaxv62nkbsau4lrgbnrjtyat 
       foreign key (usuario_id) 
       references Usuario
00:28:52.615 [main] DEBUG org.hibernate.SQL - 
    
    alter table DesafioUsuario 
       add constraint FK3y4tckfat656dtfvcgtxstb0g 
       foreign key (desafio_id) 
       references Desafio
Hibernate: 
    
    alter table DesafioUsuario 
       add constraint FK3y4tckfat656dtfvcgtxstb0g 
       foreign key (desafio_id) 
       references Desafio
00:28:52.615 [main] DEBUG org.hibernate.SQL - 
    
    alter table DesafioUsuario 
       add constraint FKqelqnjuc5dn4s6wvxk1bd29hu 
       foreign key (usuario_id) 
       references Usuario
Hibernate: 
    
    alter table DesafioUsuario 
       add constraint FKqelqnjuc5dn4s6wvxk1bd29hu 
       foreign key (usuario_id) 
       references Usuario
00:28:52.616 [main] DEBUG org.hibernate.SQL - 
    
    alter table EjercicioUsuario 
       add constraint FKg46xww3wh3synvyoj4b04gm4f 
       foreign key (ejercicio_id) 
       references Ejercicio
Hibernate: 
    
    alter table EjercicioUsuario 
       add constraint FKg46xww3wh3synvyoj4b04gm4f 
       foreign key (ejercicio_id) 
       references Ejercicio
00:28:52.616 [main] DEBUG org.hibernate.SQL - 
    
    alter table EjercicioUsuario 
       add constraint FKaepn4h16xirj1xgcn2c9ii0rj 
       foreign key (usuario_id) 
       references Usuario
Hibernate: 
    
    alter table EjercicioUsuario 
       add constraint FKaepn4h16xirj1xgcn2c9ii0rj 
       foreign key (usuario_id) 
       references Usuario
00:28:52.616 [main] DEBUG org.hibernate.SQL - 
    
    alter table HistoriaPesoUsuario 
       add constraint FKfgcqm3oskpbwqb62qcrauhy2q 
       foreign key (usuario_id) 
       references Usuario
Hibernate: 
    
    alter table HistoriaPesoUsuario 
       add constraint FKfgcqm3oskpbwqb62qcrauhy2q 
       foreign key (usuario_id) 
       references Usuario
00:28:52.616 [main] DEBUG org.hibernate.SQL - 
    
    alter table MacronutrientesUsuario 
       add constraint FKgmefsphtcov7p4d1mg9aovon4 
       foreign key (usuario_id) 
       references Usuario
Hibernate: 
    
    alter table MacronutrientesUsuario 
       add constraint FKgmefsphtcov7p4d1mg9aovon4 
       foreign key (usuario_id) 
       references Usuario
00:28:52.617 [main] DEBUG org.hibernate.SQL - 
    
    alter table NotificacionUsuario 
       add constraint FKei6ykvhocvs0w0rs7mgbp4c4h 
       foreign key (notificacion_id) 
       references Notificacion
Hibernate: 
    
    alter table NotificacionUsuario 
       add constraint FKei6ykvhocvs0w0rs7mgbp4c4h 
       foreign key (notificacion_id) 
       references Notificacion
00:28:52.617 [main] DEBUG org.hibernate.SQL - 
    
    alter table NotificacionUsuario 
       add constraint FK6blcqqcf5bk96q97j0iv91ma9 
       foreign key (usuario_id) 
       references Usuario
Hibernate: 
    
    alter table NotificacionUsuario 
       add constraint FK6blcqqcf5bk96q97j0iv91ma9 
       foreign key (usuario_id) 
       references Usuario
00:28:52.617 [main] DEBUG org.hibernate.SQL - 
    
    alter table Publicacion 
       add constraint FKrfbxv3finr62x94rulf1mm5mp 
       foreign key (usuario_id) 
       references Usuario
Hibernate: 
    
    alter table Publicacion 
       add constraint FKrfbxv3finr62x94rulf1mm5mp 
       foreign key (usuario_id) 
       references Usuario
00:28:52.617 [main] DEBUG org.hibernate.SQL - 
    
    alter table PublicacionLike 
       add constraint FKhhrwn8i2f22rof2jltk3lkhdm 
       foreign key (publicacion_id) 
       references Publicacion
Hibernate: 
    
    alter table PublicacionLike 
       add constraint FKhhrwn8i2f22rof2jltk3lkhdm 
       foreign key (publicacion_id) 
       references Publicacion
00:28:52.617 [main] DEBUG org.hibernate.SQL - 
    
    alter table PublicacionLike 
       add constraint FKihcokpbmsj7j5iivflxcidoii 
       foreign key (usuario_id) 
       references Usuario
Hibernate: 
    
    alter table PublicacionLike 
       add constraint FKihcokpbmsj7j5iivflxcidoii 
       foreign key (usuario_id) 
       references Usuario
00:28:52.617 [main] DEBUG org.hibernate.SQL - 
    
    alter table PublicacionRespuesta 
       add constraint FK4a4yxed49vpdskbqisoncrwaq 
       foreign key (publicacion_id) 
       references Publicacion
Hibernate: 
    
    alter table PublicacionRespuesta 
       add constraint FK4a4yxed49vpdskbqisoncrwaq 
       foreign key (publicacion_id) 
       references Publicacion
00:28:52.617 [main] DEBUG org.hibernate.SQL - 
    
    alter table PublicacionRespuesta 
       add constraint FK8p5092woqjt662e69q7d45o6 
       foreign key (respuesta_id) 
       references Respuesta
Hibernate: 
    
    alter table PublicacionRespuesta 
       add constraint FK8p5092woqjt662e69q7d45o6 
       foreign key (respuesta_id) 
       references Respuesta
00:28:52.617 [main] DEBUG org.hibernate.SQL - 
    
    alter table Receta 
       add constraint FKp6jg4om75uh3fjw1vxixsent7 
       foreign key (usuario_id) 
       references Usuario
Hibernate: 
    
    alter table Receta 
       add constraint FKp6jg4om75uh3fjw1vxixsent7 
       foreign key (usuario_id) 
       references Usuario
00:28:52.618 [main] DEBUG org.hibernate.SQL - 
    
    alter table RecetaFavorito 
       add constraint FKn5u7iusahnupv49jc4ju43be8 
       foreign key (recetasFavoritas_id) 
       references Receta
Hibernate: 
    
    alter table RecetaFavorito 
       add constraint FKn5u7iusahnupv49jc4ju43be8 
       foreign key (recetasFavoritas_id) 
       references Receta
00:28:52.618 [main] DEBUG org.hibernate.SQL - 
    
    alter table RecetaFavorito 
       add constraint FK460v6thskcfkt050tm0px206k 
       foreign key (usuario_id) 
       references Usuario
Hibernate: 
    
    alter table RecetaFavorito 
       add constraint FK460v6thskcfkt050tm0px206k 
       foreign key (usuario_id) 
       references Usuario
00:28:52.619 [main] DEBUG org.hibernate.SQL - 
    
    alter table Respuesta 
       add constraint FKm5jorp71ras0w1l5pjvuuj0u1 
       foreign key (usuario_id) 
       references Usuario
Hibernate: 
    
    alter table Respuesta 
       add constraint FKm5jorp71ras0w1l5pjvuuj0u1 
       foreign key (usuario_id) 
       references Usuario
00:28:52.619 [main] DEBUG org.hibernate.SQL - 
    
    alter table UsuarioFollow 
       add constraint FKi7v4x567l7cfldhfrhg9ov4m1 
       foreign key (seguidor_id) 
       references Usuario
Hibernate: 
    
    alter table UsuarioFollow 
       add constraint FKi7v4x567l7cfldhfrhg9ov4m1 
       foreign key (seguidor_id) 
       references Usuario
00:28:52.619 [main] DEBUG org.hibernate.SQL - 
    
    alter table UsuarioFollow 
       add constraint FKa14gcy0gudy1fi9f4dvl1h0s0 
       foreign key (usuario_id) 
       references Usuario
Hibernate: 
    
    alter table UsuarioFollow 
       add constraint FKa14gcy0gudy1fi9f4dvl1h0s0 
       foreign key (usuario_id) 
       references Usuario
00:28:52.621 [main] DEBUG org.hibernate.engine.transaction.jta.platform.internal.JtaPlatformInitiator - No JtaPlatform was specified, checking resolver
00:28:52.621 [main] DEBUG org.hibernate.engine.transaction.jta.platform.internal.JtaPlatformResolverInitiator - No JtaPlatformResolver was specified, using default [org.hibernate.engine.transaction.jta.platform.internal.StandardJtaPlatformResolver]
00:28:52.626 [main] DEBUG org.hibernate.engine.transaction.jta.platform.internal.StandardJtaPlatformResolver - Could not resolve JtaPlatform, using default [org.hibernate.engine.transaction.jta.platform.internal.NoJtaPlatform]
00:28:52.627 [main] INFO org.hibernate.engine.transaction.jta.platform.internal.JtaPlatformInitiator - HHH000490: Using JtaPlatform implementation: [org.hibernate.engine.transaction.jta.platform.internal.NoJtaPlatform]
00:28:52.627 [main] DEBUG org.hibernate.query.spi.NamedQueryRepository - Checking 0 named HQL queries
00:28:52.627 [main] DEBUG org.hibernate.query.spi.NamedQueryRepository - Checking 0 named SQL queries
00:28:52.633 [main] DEBUG org.hibernate.internal.SessionFactoryRegistry - Initializing SessionFactoryRegistry : org.hibernate.internal.SessionFactoryRegistry@47d9c01
00:28:52.633 [main] DEBUG org.hibernate.internal.SessionFactoryRegistry - Registering SessionFactory: 12615ff8-b2c3-4229-8bf5-513eaf4834a4 (<unnamed>)
00:28:52.633 [main] DEBUG org.hibernate.internal.SessionFactoryRegistry - Not binding SessionFactory to JNDI, no JNDI name configured
00:28:52.646 [main] DEBUG org.springframework.beans.factory.support.DefaultListableBeanFactory - Autowiring by type from bean name 'repositorioCategoriaAlimento' via constructor to bean named 'sessionFactory'
00:28:52.655 [main] DEBUG org.springframework.beans.factory.support.DefaultListableBeanFactory - Autowiring by type from bean name 'servicioCategoriaAlimento' via constructor to bean named 'repositorioCategoriaAlimento'
00:28:52.657 [main] DEBUG org.springframework.beans.factory.support.DefaultListableBeanFactory - Creating shared instance of singleton bean 'servicioAlimento'
00:28:52.658 [main] DEBUG org.springframework.beans.factory.support.DefaultListableBeanFactory - Creating shared instance of singleton bean 'repositorioAlimento'
00:28:52.660 [main] DEBUG org.springframework.beans.factory.support.DefaultListableBeanFactory - Autowiring by type from bean name 'repositorioAlimento' via constructor to bean named 'sessionFactory'
00:28:52.661 [main] DEBUG org.springframework.beans.factory.support.DefaultListableBeanFactory - Autowiring by type from bean name 'servicioAlimento' via constructor to bean named 'repositorioAlimento'
00:28:52.663 [main] DEBUG org.springframework.beans.factory.support.DefaultListableBeanFactory - Creating shared instance of singleton bean 'servicioColacionImpl'
00:28:52.663 [main] DEBUG org.springframework.beans.factory.support.DefaultListableBeanFactory - Creating shared instance of singleton bean 'repositorioColacionImpl'
00:28:52.665 [main] DEBUG org.springframework.beans.factory.support.DefaultListableBeanFactory - Autowiring by type from bean name 'repositorioColacionImpl' via constructor to bean named 'sessionFactory'
00:28:52.667 [main] DEBUG org.springframework.beans.factory.support.DefaultListableBeanFactory - Creating shared instance of singleton bean 'servicioDatosUsuarioImpl'
00:28:52.669 [main] DEBUG org.springframework.beans.factory.support.DefaultListableBeanFactory - Creating shared instance of singleton bean 'servicioLogin'
00:28:52.670 [main] DEBUG org.springframework.beans.factory.support.DefaultListableBeanFactory - Creating shared instance of singleton bean 'repositorioUsuario'
00:28:52.670 [main] DEBUG org.springframework.beans.factory.support.DefaultListableBeanFactory - Autowiring by type from bean name 'repositorioUsuario' via constructor to bean named 'sessionFactory'
00:28:52.673 [main] DEBUG org.springframework.beans.factory.support.DefaultListableBeanFactory - Autowiring by type from bean name 'servicioLogin' via constructor to bean named 'repositorioUsuario'
00:28:52.673 [main] DEBUG org.springframework.beans.factory.support.DefaultListableBeanFactory - Creating shared instance of singleton bean 'RepositorioHistoriaPesoUsuario'
00:28:52.675 [main] DEBUG org.springframework.beans.factory.support.DefaultListableBeanFactory - Autowiring by type from bean name 'RepositorioHistoriaPesoUsuario' via constructor to bean named 'sessionFactory'
00:28:52.676 [main] DEBUG org.springframework.beans.factory.support.DefaultListableBeanFactory - Creating shared instance of singleton bean 'servicioCalendarioImpl'
00:28:52.677 [main] DEBUG org.springframework.beans.factory.support.DefaultListableBeanFactory - Creating shared instance of singleton bean 'repositorioEjercicioUsuario'
00:28:52.678 [main] DEBUG org.springframework.beans.factory.support.DefaultListableBeanFactory - Autowiring by type from bean name 'repositorioEjercicioUsuario' via constructor to bean named 'sessionFactory'
00:28:52.679 [main] DEBUG org.springframework.beans.factory.support.DefaultListableBeanFactory - Autowiring by type from bean name 'servicioCalendarioImpl' via constructor to bean named 'repositorioEjercicioUsuario'
00:28:52.679 [main] DEBUG org.springframework.beans.factory.support.DefaultListableBeanFactory - Autowiring by type from bean name 'servicioCalendarioImpl' via constructor to bean named 'repositorioColacionImpl'
00:28:52.679 [main] DEBUG org.springframework.beans.factory.support.DefaultListableBeanFactory - Creating shared instance of singleton bean 'servicioNotificacionImpl'
00:28:52.681 [main] DEBUG org.springframework.beans.factory.support.DefaultListableBeanFactory - Creating shared instance of singleton bean 'repositorioNotificacion'
00:28:52.682 [main] DEBUG org.springframework.beans.factory.support.DefaultListableBeanFactory - Autowiring by type from bean name 'repositorioNotificacion' via constructor to bean named 'sessionFactory'
00:28:52.683 [main] DEBUG org.springframework.beans.factory.support.DefaultListableBeanFactory - Creating shared instance of singleton bean 'repositorioNotificacionUsuario'
00:28:52.684 [main] DEBUG org.springframework.beans.factory.support.DefaultListableBeanFactory - Autowiring by type from bean name 'repositorioNotificacionUsuario' via constructor to bean named 'sessionFactory'
00:28:52.685 [main] DEBUG org.springframework.beans.factory.support.DefaultListableBeanFactory - Autowiring by type from bean name 'servicioNotificacionImpl' via constructor to bean named 'repositorioNotificacion'
00:28:52.685 [main] DEBUG org.springframework.beans.factory.support.DefaultListableBeanFactory - Autowiring by type from bean name 'servicioNotificacionImpl' via constructor to bean named 'repositorioNotificacionUsuario'
00:28:52.685 [main] DEBUG org.springframework.beans.factory.support.DefaultListableBeanFactory - Autowiring by type from bean name 'servicioNotificacionImpl' via constructor to bean named 'repositorioUsuario'
00:28:52.687 [main] DEBUG org.springframework.beans.factory.support.DefaultListableBeanFactory - Creating shared instance of singleton bean 'repositorioMacronutrientes'
00:28:52.687 [main] DEBUG org.springframework.beans.factory.support.DefaultListableBeanFactory - Autowiring by type from bean name 'repositorioMacronutrientes' via constructor to bean named 'sessionFactory'
00:28:52.688 [main] DEBUG org.springframework.beans.factory.support.DefaultListableBeanFactory - Creating shared instance of singleton bean 'servicioEjercicioImpl'
00:28:52.692 [main] DEBUG org.springframework.beans.factory.support.DefaultListableBeanFactory - Creating shared instance of singleton bean 'repositorioEjercicio'
00:28:52.693 [main] DEBUG org.springframework.beans.factory.support.DefaultListableBeanFactory - Autowiring by type from bean name 'repositorioEjercicio' via constructor to bean named 'sessionFactory'
00:28:52.701 [main] DEBUG org.springframework.beans.factory.support.DefaultListableBeanFactory - Autowiring by type from bean name 'servicioEjercicioImpl' via constructor to bean named 'repositorioEjercicio'
00:28:52.701 [main] DEBUG org.springframework.beans.factory.support.DefaultListableBeanFactory - Autowiring by type from bean name 'servicioEjercicioImpl' via constructor to bean named 'repositorioEjercicioUsuario'
00:28:52.702 [main] DEBUG org.springframework.beans.factory.support.DefaultListableBeanFactory - Autowiring by type from bean name 'servicioDatosUsuarioImpl' via constructor to bean named 'servicioLogin'
00:28:52.702 [main] DEBUG org.springframework.beans.factory.support.DefaultListableBeanFactory - Autowiring by type from bean name 'servicioDatosUsuarioImpl' via constructor to bean named 'RepositorioHistoriaPesoUsuario'
00:28:52.702 [main] DEBUG org.springframework.beans.factory.support.DefaultListableBeanFactory - Autowiring by type from bean name 'servicioDatosUsuarioImpl' via constructor to bean named 'repositorioUsuario'
00:28:52.702 [main] DEBUG org.springframework.beans.factory.support.DefaultListableBeanFactory - Autowiring by type from bean name 'servicioDatosUsuarioImpl' via constructor to bean named 'servicioCalendarioImpl'
00:28:52.702 [main] DEBUG org.springframework.beans.factory.support.DefaultListableBeanFactory - Autowiring by type from bean name 'servicioDatosUsuarioImpl' via constructor to bean named 'servicioNotificacionImpl'
00:28:52.702 [main] DEBUG org.springframework.beans.factory.support.DefaultListableBeanFactory - Autowiring by type from bean name 'servicioDatosUsuarioImpl' via constructor to bean named 'repositorioMacronutrientes'
00:28:52.702 [main] DEBUG org.springframework.beans.factory.support.DefaultListableBeanFactory - Autowiring by type from bean name 'servicioDatosUsuarioImpl' via constructor to bean named 'servicioEjercicioImpl'
00:28:52.704 [main] DEBUG org.springframework.beans.factory.support.DefaultListableBeanFactory - Autowiring by type from bean name 'servicioColacionImpl' via constructor to bean named 'repositorioColacionImpl'
00:28:52.704 [main] DEBUG org.springframework.beans.factory.support.DefaultListableBeanFactory - Autowiring by type from bean name 'servicioColacionImpl' via constructor to bean named 'repositorioAlimento'
00:28:52.704 [main] DEBUG org.springframework.beans.factory.support.DefaultListableBeanFactory - Autowiring by type from bean name 'servicioColacionImpl' via constructor to bean named 'servicioDatosUsuarioImpl'
00:28:52.705 [main] DEBUG org.springframework.beans.factory.support.DefaultListableBeanFactory - Autowiring by type from bean name 'controladorAlimentos' via constructor to bean named 'servicioCategoriaAlimento'
00:28:52.705 [main] DEBUG org.springframework.beans.factory.support.DefaultListableBeanFactory - Autowiring by type from bean name 'controladorAlimentos' via constructor to bean named 'servicioAlimento'
00:28:52.705 [main] DEBUG org.springframework.beans.factory.support.DefaultListableBeanFactory - Autowiring by type from bean name 'controladorAlimentos' via constructor to bean named 'servicioColacionImpl'
00:28:52.705 [main] DEBUG org.springframework.beans.factory.support.DefaultListableBeanFactory - Creating shared instance of singleton bean 'controladorCalendario'
00:28:52.707 [main] DEBUG org.springframework.beans.factory.support.DefaultListableBeanFactory - Autowiring by type from bean name 'controladorCalendario' via constructor to bean named 'repositorioEjercicio'
00:28:52.707 [main] DEBUG org.springframework.beans.factory.support.DefaultListableBeanFactory - Autowiring by type from bean name 'controladorCalendario' via constructor to bean named 'repositorioEjercicioUsuario'
00:28:52.707 [main] DEBUG org.springframework.beans.factory.support.DefaultListableBeanFactory - Autowiring by type from bean name 'controladorCalendario' via constructor to bean named 'repositorioUsuario'
00:28:52.707 [main] DEBUG org.springframework.beans.factory.support.DefaultListableBeanFactory - Autowiring by type from bean name 'controladorCalendario' via constructor to bean named 'servicioCalendarioImpl'
00:28:52.707 [main] DEBUG org.springframework.beans.factory.support.DefaultListableBeanFactory - Autowiring by type from bean name 'controladorCalendario' via constructor to bean named 'servicioDatosUsuarioImpl'
00:28:52.709 [main] DEBUG org.springframework.beans.factory.support.DefaultListableBeanFactory - Creating shared instance of singleton bean 'controladorComunidad'
00:28:52.711 [main] DEBUG org.springframework.beans.factory.support.DefaultListableBeanFactory - Creating shared instance of singleton bean 'servicioComunidadImpl'
00:28:52.712 [main] DEBUG org.springframework.beans.factory.support.DefaultListableBeanFactory - Creating shared instance of singleton bean 'repositorioComunidad'
00:28:52.714 [main] DEBUG org.springframework.beans.factory.support.DefaultListableBeanFactory - Autowiring by type from bean name 'repositorioComunidad' via constructor to bean named 'sessionFactory'
00:28:52.714 [main] DEBUG org.springframework.beans.factory.support.DefaultListableBeanFactory - Autowiring by type from bean name 'servicioComunidadImpl' via constructor to bean named 'repositorioComunidad'
00:28:52.715 [main] DEBUG org.springframework.beans.factory.support.DefaultListableBeanFactory - Creating shared instance of singleton bean 'servicioFollowImpl'
00:28:52.716 [main] DEBUG org.springframework.beans.factory.support.DefaultListableBeanFactory - Creating shared instance of singleton bean 'repositorioUsuarioFollow'
00:28:52.717 [main] DEBUG org.springframework.beans.factory.support.DefaultListableBeanFactory - Autowiring by type from bean name 'repositorioUsuarioFollow' via constructor to bean named 'sessionFactory'
00:28:52.717 [main] DEBUG org.springframework.beans.factory.support.DefaultListableBeanFactory - Autowiring by type from bean name 'servicioFollowImpl' via constructor to bean named 'repositorioUsuario'
00:28:52.718 [main] DEBUG org.springframework.beans.factory.support.DefaultListableBeanFactory - Autowiring by type from bean name 'servicioFollowImpl' via constructor to bean named 'repositorioUsuarioFollow'
00:28:52.718 [main] DEBUG org.springframework.beans.factory.support.DefaultListableBeanFactory - Creating shared instance of singleton bean 'servicioDesafioImpl'
00:28:52.719 [main] DEBUG org.springframework.beans.factory.support.DefaultListableBeanFactory - Creating shared instance of singleton bean 'repositorioDesafio'
00:28:52.728 [main] DEBUG org.springframework.beans.factory.support.DefaultListableBeanFactory - Creating shared instance of singleton bean 'repositorioDesafioUsuario'
00:28:52.730 [main] DEBUG org.springframework.beans.factory.support.DefaultListableBeanFactory - Autowiring by type from bean name 'servicioDesafioImpl' via constructor to bean named 'repositorioDesafio'
00:28:52.730 [main] DEBUG org.springframework.beans.factory.support.DefaultListableBeanFactory - Autowiring by type from bean name 'servicioDesafioImpl' via constructor to bean named 'repositorioUsuario'
00:28:52.730 [main] DEBUG org.springframework.beans.factory.support.DefaultListableBeanFactory - Autowiring by type from bean name 'servicioDesafioImpl' via constructor to bean named 'repositorioDesafioUsuario'
00:28:52.731 [main] DEBUG org.springframework.beans.factory.support.DefaultListableBeanFactory - Autowiring by type from bean name 'controladorComunidad' via constructor to bean named 'servicioComunidadImpl'
00:28:52.731 [main] DEBUG org.springframework.beans.factory.support.DefaultListableBeanFactory - Autowiring by type from bean name 'controladorComunidad' via constructor to bean named 'servicioFollowImpl'
00:28:52.731 [main] DEBUG org.springframework.beans.factory.support.DefaultListableBeanFactory - Autowiring by type from bean name 'controladorComunidad' via constructor to bean named 'servicioNotificacionImpl'
00:28:52.731 [main] DEBUG org.springframework.beans.factory.support.DefaultListableBeanFactory - Autowiring by type from bean name 'controladorComunidad' via constructor to bean named 'servicioDesafioImpl'
00:28:52.731 [main] DEBUG org.springframework.beans.factory.support.DefaultListableBeanFactory - Autowiring by type from bean name 'controladorComunidad' via constructor to bean named 'repositorioDesafioUsuario'
00:28:52.749 [main] DEBUG org.springframework.beans.factory.support.DefaultListableBeanFactory - Creating shared instance of singleton bean 'controladorEjercicio'
00:28:52.750 [main] DEBUG org.springframework.beans.factory.support.DefaultListableBeanFactory - Autowiring by type from bean name 'controladorEjercicio' via constructor to bean named 'repositorioEjercicio'
00:28:52.750 [main] DEBUG org.springframework.beans.factory.support.DefaultListableBeanFactory - Autowiring by type from bean name 'controladorEjercicio' via constructor to bean named 'repositorioEjercicioUsuario'
00:28:52.750 [main] DEBUG org.springframework.beans.factory.support.DefaultListableBeanFactory - Autowiring by type from bean name 'controladorEjercicio' via constructor to bean named 'repositorioUsuario'
00:28:52.750 [main] DEBUG org.springframework.beans.factory.support.DefaultListableBeanFactory - Autowiring by type from bean name 'controladorEjercicio' via constructor to bean named 'servicioEjercicioImpl'
00:28:52.752 [main] DEBUG org.springframework.beans.factory.support.DefaultListableBeanFactory - Creating shared instance of singleton bean 'controladorEstadisticaUsuario'
00:28:52.753 [main] DEBUG org.springframework.beans.factory.support.DefaultListableBeanFactory - Creating shared instance of singleton bean 'servicioPago'
00:28:52.753 [main] DEBUG org.springframework.beans.factory.support.DefaultListableBeanFactory - Creating shared instance of singleton bean 'repositorioPago'
00:28:52.753 [main] DEBUG org.springframework.beans.factory.support.DefaultListableBeanFactory - Autowiring by type from bean name 'repositorioPago' via constructor to bean named 'sessionFactory'
00:28:52.754 [main] DEBUG org.springframework.beans.factory.support.DefaultListableBeanFactory - Autowiring by type from bean name 'servicioPago' via constructor to bean named 'repositorioPago'
00:28:52.756 [main] DEBUG org.springframework.beans.factory.support.DefaultListableBeanFactory - Autowiring by type from bean name 'controladorEstadisticaUsuario' via constructor to bean named 'servicioDatosUsuarioImpl'
00:28:52.756 [main] DEBUG org.springframework.beans.factory.support.DefaultListableBeanFactory - Autowiring by type from bean name 'controladorEstadisticaUsuario' via constructor to bean named 'servicioPago'
00:28:52.756 [main] DEBUG org.springframework.beans.factory.support.DefaultListableBeanFactory - Creating shared instance of singleton bean 'controladorHome'
00:28:52.758 [main] DEBUG org.springframework.beans.factory.support.DefaultListableBeanFactory - Autowiring by type from bean name 'controladorHome' via constructor to bean named 'servicioDatosUsuarioImpl'
00:28:52.758 [main] DEBUG org.springframework.beans.factory.support.DefaultListableBeanFactory - Autowiring by type from bean name 'controladorHome' via constructor to bean named 'servicioCalendarioImpl'
00:28:52.759 [main] DEBUG org.springframework.beans.factory.support.DefaultListableBeanFactory - Creating shared instance of singleton bean 'controladorMisAlimentos'
00:28:52.760 [main] DEBUG org.springframework.beans.factory.support.DefaultListableBeanFactory - Autowiring by type from bean name 'controladorMisAlimentos' via constructor to bean named 'servicioColacionImpl'
00:28:52.760 [main] DEBUG org.springframework.beans.factory.support.DefaultListableBeanFactory - Autowiring by type from bean name 'controladorMisAlimentos' via constructor to bean named 'servicioAlimento'
00:28:52.760 [main] DEBUG org.springframework.beans.factory.support.DefaultListableBeanFactory - Autowiring by type from bean name 'controladorMisAlimentos' via constructor to bean named 'servicioDatosUsuarioImpl'
00:28:52.760 [main] DEBUG org.springframework.beans.factory.support.DefaultListableBeanFactory - Creating shared instance of singleton bean 'controladorPago'
00:28:52.762 [main] DEBUG org.springframework.beans.factory.support.DefaultListableBeanFactory - Autowiring by type from bean name 'controladorPago' via constructor to bean named 'servicioPago'
00:28:52.763 [main] DEBUG org.springframework.beans.factory.support.DefaultListableBeanFactory - Creating shared instance of singleton bean 'controladorPerfil'
00:28:52.764 [main] DEBUG org.springframework.beans.factory.support.DefaultListableBeanFactory - Autowiring by type from bean name 'controladorPerfil' via constructor to bean named 'servicioLogin'
00:28:52.764 [main] DEBUG org.springframework.beans.factory.support.DefaultListableBeanFactory - Autowiring by type from bean name 'controladorPerfil' via constructor to bean named 'servicioNotificacionImpl'
00:28:52.768 [main] DEBUG org.springframework.beans.factory.support.DefaultListableBeanFactory - Creating shared instance of singleton bean 'controladorRecetas'
00:28:52.770 [main] DEBUG org.springframework.beans.factory.support.DefaultListableBeanFactory - Creating shared instance of singleton bean 'servicioReceta'
00:28:52.771 [main] DEBUG org.springframework.beans.factory.support.DefaultListableBeanFactory - Creating shared instance of singleton bean 'repositorioReceta'
00:28:52.772 [main] DEBUG org.springframework.beans.factory.support.DefaultListableBeanFactory - Autowiring by type from bean name 'repositorioReceta' via constructor to bean named 'sessionFactory'
00:28:52.773 [main] DEBUG org.springframework.beans.factory.support.DefaultListableBeanFactory - Creating shared instance of singleton bean 'repositorioRecetaFavorito'
00:28:52.774 [main] DEBUG org.springframework.beans.factory.support.DefaultListableBeanFactory - Autowiring by type from bean name 'repositorioRecetaFavorito' via constructor to bean named 'sessionFactory'
00:28:52.776 [main] DEBUG org.springframework.beans.factory.support.DefaultListableBeanFactory - Autowiring by type from bean name 'servicioReceta' via constructor to bean named 'repositorioReceta'
00:28:52.776 [main] DEBUG org.springframework.beans.factory.support.DefaultListableBeanFactory - Autowiring by type from bean name 'servicioReceta' via constructor to bean named 'repositorioRecetaFavorito'
00:28:52.777 [main] DEBUG org.springframework.beans.factory.support.DefaultListableBeanFactory - Autowiring by type from bean name 'controladorRecetas' via constructor to bean named 'servicioReceta'
00:28:52.777 [main] DEBUG org.springframework.beans.factory.support.DefaultListableBeanFactory - Autowiring by type from bean name 'controladorRecetas' via constructor to bean named 'servicioAlimento'
00:28:52.778 [main] DEBUG org.springframework.beans.factory.support.DefaultListableBeanFactory - Creating shared instance of singleton bean 'controladorRegistro'
00:28:52.778 [main] DEBUG org.springframework.beans.factory.support.DefaultListableBeanFactory - Autowiring by type from bean name 'controladorRegistro' via constructor to bean named 'servicioLogin'
00:28:52.778 [main] DEBUG org.springframework.beans.factory.support.DefaultListableBeanFactory - Autowiring by type from bean name 'controladorRegistro' via constructor to bean named 'servicioNotificacionImpl'
00:28:52.778 [main] DEBUG org.springframework.beans.factory.support.DefaultListableBeanFactory - Autowiring by type from bean name 'controladorRegistro' via constructor to bean named 'servicioDatosUsuarioImpl'
00:28:52.779 [main] DEBUG org.springframework.beans.factory.support.DefaultListableBeanFactory - Creating shared instance of singleton bean 'globalExceptionHandler'
00:28:52.781 [main] DEBUG org.springframework.beans.factory.support.DefaultListableBeanFactory - Creating shared instance of singleton bean 'org.springframework.web.servlet.config.annotation.DelegatingWebMvcConfiguration'
00:28:52.792 [main] DEBUG org.springframework.beans.factory.support.DefaultListableBeanFactory - Creating shared instance of singleton bean 'requestMappingHandlerMapping'
00:28:52.795 [main] DEBUG org.springframework.beans.factory.support.DefaultListableBeanFactory - Creating shared instance of singleton bean 'mvcContentNegotiationManager'
00:28:52.803 [main] DEBUG org.springframework.beans.factory.support.DefaultListableBeanFactory - Creating shared instance of singleton bean 'mvcConversionService'
00:28:52.830 [main] DEBUG org.springframework.beans.factory.support.DefaultListableBeanFactory - Creating shared instance of singleton bean 'mvcResourceUrlProvider'
00:28:52.831 [main] DEBUG org.springframework.beans.factory.support.DefaultListableBeanFactory - Autowiring by type from bean name 'requestMappingHandlerMapping' via factory method to bean named 'mvcContentNegotiationManager'
00:28:52.831 [main] DEBUG org.springframework.beans.factory.support.DefaultListableBeanFactory - Autowiring by type from bean name 'requestMappingHandlerMapping' via factory method to bean named 'mvcConversionService'
00:28:52.831 [main] DEBUG org.springframework.beans.factory.support.DefaultListableBeanFactory - Autowiring by type from bean name 'requestMappingHandlerMapping' via factory method to bean named 'mvcResourceUrlProvider'
00:28:52.863 [main] DEBUG org.springframework.web.servlet.mvc.method.annotation.RequestMappingHandlerMapping - 58 mappings in 'requestMappingHandlerMapping'
00:28:52.863 [main] DEBUG org.springframework.beans.factory.support.DefaultListableBeanFactory - Creating shared instance of singleton bean 'mvcPathMatcher'
00:28:52.864 [main] DEBUG org.springframework.beans.factory.support.DefaultListableBeanFactory - Creating shared instance of singleton bean 'mvcUrlPathHelper'
00:28:52.864 [main] DEBUG org.springframework.beans.factory.support.DefaultListableBeanFactory - Creating shared instance of singleton bean 'viewControllerHandlerMapping'
00:28:52.865 [main] DEBUG org.springframework.beans.factory.support.DefaultListableBeanFactory - Autowiring by type from bean name 'viewControllerHandlerMapping' via factory method to bean named 'mvcPathMatcher'
00:28:52.865 [main] DEBUG org.springframework.beans.factory.support.DefaultListableBeanFactory - Autowiring by type from bean name 'viewControllerHandlerMapping' via factory method to bean named 'mvcUrlPathHelper'
00:28:52.865 [main] DEBUG org.springframework.beans.factory.support.DefaultListableBeanFactory - Autowiring by type from bean name 'viewControllerHandlerMapping' via factory method to bean named 'mvcConversionService'
00:28:52.865 [main] DEBUG org.springframework.beans.factory.support.DefaultListableBeanFactory - Autowiring by type from bean name 'viewControllerHandlerMapping' via factory method to bean named 'mvcResourceUrlProvider'
00:28:52.866 [main] DEBUG org.springframework.beans.factory.support.DefaultListableBeanFactory - Creating shared instance of singleton bean 'beanNameHandlerMapping'
00:28:52.866 [main] DEBUG org.springframework.beans.factory.support.DefaultListableBeanFactory - Autowiring by type from bean name 'beanNameHandlerMapping' via factory method to bean named 'mvcConversionService'
00:28:52.866 [main] DEBUG org.springframework.beans.factory.support.DefaultListableBeanFactory - Autowiring by type from bean name 'beanNameHandlerMapping' via factory method to bean named 'mvcResourceUrlProvider'
00:28:52.868 [main] DEBUG org.springframework.beans.factory.support.DefaultListableBeanFactory - Creating shared instance of singleton bean 'routerFunctionMapping'
00:28:52.868 [main] DEBUG org.springframework.beans.factory.support.DefaultListableBeanFactory - Autowiring by type from bean name 'routerFunctionMapping' via factory method to bean named 'mvcConversionService'
00:28:52.868 [main] DEBUG org.springframework.beans.factory.support.DefaultListableBeanFactory - Autowiring by type from bean name 'routerFunctionMapping' via factory method to bean named 'mvcResourceUrlProvider'
00:28:52.905 [main] DEBUG org.springframework.beans.factory.support.DefaultListableBeanFactory - Creating shared instance of singleton bean 'resourceHandlerMapping'
00:28:52.906 [main] DEBUG org.springframework.beans.factory.support.DefaultListableBeanFactory - Autowiring by type from bean name 'resourceHandlerMapping' via factory method to bean named 'mvcUrlPathHelper'
00:28:52.906 [main] DEBUG org.springframework.beans.factory.support.DefaultListableBeanFactory - Autowiring by type from bean name 'resourceHandlerMapping' via factory method to bean named 'mvcPathMatcher'
00:28:52.906 [main] DEBUG org.springframework.beans.factory.support.DefaultListableBeanFactory - Autowiring by type from bean name 'resourceHandlerMapping' via factory method to bean named 'mvcContentNegotiationManager'
00:28:52.906 [main] DEBUG org.springframework.beans.factory.support.DefaultListableBeanFactory - Autowiring by type from bean name 'resourceHandlerMapping' via factory method to bean named 'mvcConversionService'
00:28:52.906 [main] DEBUG org.springframework.beans.factory.support.DefaultListableBeanFactory - Autowiring by type from bean name 'resourceHandlerMapping' via factory method to bean named 'mvcResourceUrlProvider'
00:28:52.914 [main] DEBUG org.springframework.web.servlet.handler.SimpleUrlHandlerMapping - Patterns [/css/**, /js/**, /webjars/**] in 'resourceHandlerMapping'
00:28:52.914 [main] DEBUG org.springframework.beans.factory.support.DefaultListableBeanFactory - Creating shared instance of singleton bean 'defaultServletHandlerMapping'
00:28:52.915 [main] DEBUG org.springframework.beans.factory.support.DefaultListableBeanFactory - Creating shared instance of singleton bean 'requestMappingHandlerAdapter'
00:28:52.915 [main] DEBUG org.springframework.beans.factory.support.DefaultListableBeanFactory - Creating shared instance of singleton bean 'mvcValidator'
00:28:52.916 [main] DEBUG org.springframework.beans.factory.support.DefaultListableBeanFactory - Autowiring by type from bean name 'requestMappingHandlerAdapter' via factory method to bean named 'mvcContentNegotiationManager'
00:28:52.916 [main] DEBUG org.springframework.beans.factory.support.DefaultListableBeanFactory - Autowiring by type from bean name 'requestMappingHandlerAdapter' via factory method to bean named 'mvcConversionService'
00:28:52.916 [main] DEBUG org.springframework.beans.factory.support.DefaultListableBeanFactory - Autowiring by type from bean name 'requestMappingHandlerAdapter' via factory method to bean named 'mvcValidator'
00:28:52.934 [main] DEBUG org.springframework.web.servlet.mvc.method.annotation.RequestMappingHandlerAdapter - ControllerAdvice beans: none
00:28:52.962 [main] DEBUG org.springframework.beans.factory.support.DefaultListableBeanFactory - Creating shared instance of singleton bean 'handlerFunctionAdapter'
00:28:52.962 [main] DEBUG org.springframework.beans.factory.support.DefaultListableBeanFactory - Creating shared instance of singleton bean 'mvcUriComponentsContributor'
00:28:52.965 [main] DEBUG org.springframework.beans.factory.support.DefaultListableBeanFactory - Autowiring by type from bean name 'mvcUriComponentsContributor' via factory method to bean named 'mvcConversionService'
00:28:52.965 [main] DEBUG org.springframework.beans.factory.support.DefaultListableBeanFactory - Autowiring by type from bean name 'mvcUriComponentsContributor' via factory method to bean named 'requestMappingHandlerAdapter'
00:28:52.966 [main] DEBUG org.springframework.beans.factory.support.DefaultListableBeanFactory - Creating shared instance of singleton bean 'httpRequestHandlerAdapter'
00:28:52.966 [main] DEBUG org.springframework.beans.factory.support.DefaultListableBeanFactory - Creating shared instance of singleton bean 'simpleControllerHandlerAdapter'
00:28:52.967 [main] DEBUG org.springframework.beans.factory.support.DefaultListableBeanFactory - Creating shared instance of singleton bean 'handlerExceptionResolver'
00:28:52.967 [main] DEBUG org.springframework.beans.factory.support.DefaultListableBeanFactory - Autowiring by type from bean name 'handlerExceptionResolver' via factory method to bean named 'mvcContentNegotiationManager'
00:28:52.970 [main] DEBUG org.springframework.web.servlet.mvc.method.annotation.ExceptionHandlerExceptionResolver - ControllerAdvice beans: 1 @ExceptionHandler, 0 ResponseBodyAdvice
00:28:52.972 [main] DEBUG org.springframework.beans.factory.support.DefaultListableBeanFactory - Creating shared instance of singleton bean 'mvcViewResolver'
00:28:52.972 [main] DEBUG org.springframework.beans.factory.support.DefaultListableBeanFactory - Autowiring by type from bean name 'mvcViewResolver' via factory method to bean named 'mvcContentNegotiationManager'
00:28:52.975 [main] DEBUG org.springframework.beans.factory.support.DefaultListableBeanFactory - Creating shared instance of singleton bean 'templateResolver'
00:28:52.982 [main] DEBUG org.springframework.beans.factory.support.DefaultListableBeanFactory - Creating shared instance of singleton bean 'templateEngine'
00:28:52.993 [main] DEBUG org.springframework.beans.factory.support.DefaultListableBeanFactory - Creating shared instance of singleton bean 'viewResolver'
00:28:52.996 [main] DEBUG org.springframework.beans.factory.support.DefaultListableBeanFactory - Creating shared instance of singleton bean 'transactionManager'
00:28:53.007 [main] DEBUG org.springframework.orm.hibernate5.HibernateTransactionManager - Using DataSource [org.springframework.jdbc.datasource.DriverManagerDataSource@60bb7995] of Hibernate SessionFactory for HibernateTransactionManager
00:28:53.015 [main] DEBUG org.springframework.test.context.cache.DefaultCacheAwareContextLoaderDelegate - Storing ApplicationContext [1384210339] in cache under key [[WebMergedContextConfiguration@2e570ded testClass = RepositorioAlimentoTest, locations = '{}', classes = '{class com.tallerwebi.integracion.config.SpringWebTestConfig, class com.tallerwebi.integracion.config.HibernateTestConfig}', contextInitializerClasses = '[]', activeProfiles = '{}', propertySourceLocations = '{}', propertySourceProperties = '{}', contextCustomizers = set[[empty]], resourceBasePath = 'src/main/webapp', contextLoader = 'org.springframework.test.context.web.WebDelegatingSmartContextLoader', parent = [null]]]
00:28:53.015 [main] DEBUG org.springframework.test.context.cache - Spring test ApplicationContext cache statistics: [DefaultContextCache@397dfbe8 size = 1, maxSize = 32, parentContextCount = 0, hitCount = 0, missCount = 1]
00:28:53.016 [main] DEBUG org.springframework.test.context.web.ServletTestExecutionListener - Setting up MockHttpServletRequest, MockHttpServletResponse, ServletWebRequest, and RequestContextHolder for test context [DefaultTestContext@35b74c5c testClass = RepositorioAlimentoTest, testInstance = com.tallerwebi.dominio.RepositorioAlimentoTest@66fff42f, testMethod = [null], testException = [null], mergedContextConfiguration = [WebMergedContextConfiguration@2e570ded testClass = RepositorioAlimentoTest, locations = '{}', classes = '{class com.tallerwebi.integracion.config.SpringWebTestConfig, class com.tallerwebi.integracion.config.HibernateTestConfig}', contextInitializerClasses = '[]', activeProfiles = '{}', propertySourceLocations = '{}', propertySourceProperties = '{}', contextCustomizers = set[[empty]], resourceBasePath = 'src/main/webapp', contextLoader = 'org.springframework.test.context.web.WebDelegatingSmartContextLoader', parent = [null]], attributes = map[[empty]]].
00:28:53.024 [main] DEBUG org.springframework.test.context.support.DependencyInjectionTestExecutionListener - Performing dependency injection for test context [[DefaultTestContext@35b74c5c testClass = RepositorioAlimentoTest, testInstance = com.tallerwebi.dominio.RepositorioAlimentoTest@66fff42f, testMethod = [null], testException = [null], mergedContextConfiguration = [WebMergedContextConfiguration@2e570ded testClass = RepositorioAlimentoTest, locations = '{}', classes = '{class com.tallerwebi.integracion.config.SpringWebTestConfig, class com.tallerwebi.integracion.config.HibernateTestConfig}', contextInitializerClasses = '[]', activeProfiles = '{}', propertySourceLocations = '{}', propertySourceProperties = '{}', contextCustomizers = set[[empty]], resourceBasePath = 'src/main/webapp', contextLoader = 'org.springframework.test.context.web.WebDelegatingSmartContextLoader', parent = [null]], attributes = map['org.springframework.test.context.web.ServletTestExecutionListener.populatedRequestContextHolder' -> true, 'org.springframework.test.context.web.ServletTestExecutionListener.resetRequestContextHolder' -> true]]].
00:28:53.024 [main] DEBUG org.springframework.test.context.cache.DefaultCacheAwareContextLoaderDelegate - Retrieved ApplicationContext [1384210339] from cache with key [[WebMergedContextConfiguration@2e570ded testClass = RepositorioAlimentoTest, locations = '{}', classes = '{class com.tallerwebi.integracion.config.SpringWebTestConfig, class com.tallerwebi.integracion.config.HibernateTestConfig}', contextInitializerClasses = '[]', activeProfiles = '{}', propertySourceLocations = '{}', propertySourceProperties = '{}', contextCustomizers = set[[empty]], resourceBasePath = 'src/main/webapp', contextLoader = 'org.springframework.test.context.web.WebDelegatingSmartContextLoader', parent = [null]]]
00:28:53.024 [main] DEBUG org.springframework.test.context.cache - Spring test ApplicationContext cache statistics: [DefaultContextCache@397dfbe8 size = 1, maxSize = 32, parentContextCount = 0, hitCount = 1, missCount = 1]
00:28:53.026 [main] DEBUG org.springframework.test.context.cache.DefaultCacheAwareContextLoaderDelegate - Retrieved ApplicationContext [1384210339] from cache with key [[WebMergedContextConfiguration@2e570ded testClass = RepositorioAlimentoTest, locations = '{}', classes = '{class com.tallerwebi.integracion.config.SpringWebTestConfig, class com.tallerwebi.integracion.config.HibernateTestConfig}', contextInitializerClasses = '[]', activeProfiles = '{}', propertySourceLocations = '{}', propertySourceProperties = '{}', contextCustomizers = set[[empty]], resourceBasePath = 'src/main/webapp', contextLoader = 'org.springframework.test.context.web.WebDelegatingSmartContextLoader', parent = [null]]]
00:28:53.026 [main] DEBUG org.springframework.test.context.cache - Spring test ApplicationContext cache statistics: [DefaultContextCache@397dfbe8 size = 1, maxSize = 32, parentContextCount = 0, hitCount = 2, missCount = 1]
00:28:53.035 [main] DEBUG org.springframework.test.context.support.AbstractDirtiesContextTestExecutionListener - Before test method: context [DefaultTestContext@35b74c5c testClass = RepositorioAlimentoTest, testInstance = com.tallerwebi.dominio.RepositorioAlimentoTest@66fff42f, testMethod = testNoObtenerAlimentosPorNombreIncorrecto@RepositorioAlimentoTest, testException = [null], mergedContextConfiguration = [WebMergedContextConfiguration@2e570ded testClass = RepositorioAlimentoTest, locations = '{}', classes = '{class com.tallerwebi.integracion.config.SpringWebTestConfig, class com.tallerwebi.integracion.config.HibernateTestConfig}', contextInitializerClasses = '[]', activeProfiles = '{}', propertySourceLocations = '{}', propertySourceProperties = '{}', contextCustomizers = set[[empty]], resourceBasePath = 'src/main/webapp', contextLoader = 'org.springframework.test.context.web.WebDelegatingSmartContextLoader', parent = [null]], attributes = map['org.springframework.test.context.web.ServletTestExecutionListener.populatedRequestContextHolder' -> true, 'org.springframework.test.context.web.ServletTestExecutionListener.resetRequestContextHolder' -> true]], class annotated with @DirtiesContext [false] with mode [null], method annotated with @DirtiesContext [false] with mode [null].
00:28:53.036 [main] DEBUG org.springframework.test.context.transaction.TransactionalTestExecutionListener - Explicit transaction definition [PROPAGATION_REQUIRED,ISOLATION_DEFAULT] found for test context [DefaultTestContext@35b74c5c testClass = RepositorioAlimentoTest, testInstance = com.tallerwebi.dominio.RepositorioAlimentoTest@66fff42f, testMethod = testNoObtenerAlimentosPorNombreIncorrecto@RepositorioAlimentoTest, testException = [null], mergedContextConfiguration = [WebMergedContextConfiguration@2e570ded testClass = RepositorioAlimentoTest, locations = '{}', classes = '{class com.tallerwebi.integracion.config.SpringWebTestConfig, class com.tallerwebi.integracion.config.HibernateTestConfig}', contextInitializerClasses = '[]', activeProfiles = '{}', propertySourceLocations = '{}', propertySourceProperties = '{}', contextCustomizers = set[[empty]], resourceBasePath = 'src/main/webapp', contextLoader = 'org.springframework.test.context.web.WebDelegatingSmartContextLoader', parent = [null]], attributes = map['org.springframework.test.context.web.ServletTestExecutionListener.populatedRequestContextHolder' -> true, 'org.springframework.test.context.web.ServletTestExecutionListener.resetRequestContextHolder' -> true]]
00:28:53.037 [main] DEBUG org.springframework.test.context.cache.DefaultCacheAwareContextLoaderDelegate - Retrieved ApplicationContext [1384210339] from cache with key [[WebMergedContextConfiguration@2e570ded testClass = RepositorioAlimentoTest, locations = '{}', classes = '{class com.tallerwebi.integracion.config.SpringWebTestConfig, class com.tallerwebi.integracion.config.HibernateTestConfig}', contextInitializerClasses = '[]', activeProfiles = '{}', propertySourceLocations = '{}', propertySourceProperties = '{}', contextCustomizers = set[[empty]], resourceBasePath = 'src/main/webapp', contextLoader = 'org.springframework.test.context.web.WebDelegatingSmartContextLoader', parent = [null]]]
00:28:53.037 [main] DEBUG org.springframework.test.context.cache - Spring test ApplicationContext cache statistics: [DefaultContextCache@397dfbe8 size = 1, maxSize = 32, parentContextCount = 0, hitCount = 3, missCount = 1]
00:28:53.037 [main] DEBUG org.springframework.test.context.transaction.TransactionalTestExecutionListener - Method-level @Rollback(true) overrides default rollback [true] for test context [DefaultTestContext@35b74c5c testClass = RepositorioAlimentoTest, testInstance = com.tallerwebi.dominio.RepositorioAlimentoTest@66fff42f, testMethod = testNoObtenerAlimentosPorNombreIncorrecto@RepositorioAlimentoTest, testException = [null], mergedContextConfiguration = [WebMergedContextConfiguration@2e570ded testClass = RepositorioAlimentoTest, locations = '{}', classes = '{class com.tallerwebi.integracion.config.SpringWebTestConfig, class com.tallerwebi.integracion.config.HibernateTestConfig}', contextInitializerClasses = '[]', activeProfiles = '{}', propertySourceLocations = '{}', propertySourceProperties = '{}', contextCustomizers = set[[empty]], resourceBasePath = 'src/main/webapp', contextLoader = 'org.springframework.test.context.web.WebDelegatingSmartContextLoader', parent = [null]], attributes = map['org.springframework.test.context.web.ServletTestExecutionListener.populatedRequestContextHolder' -> true, 'org.springframework.test.context.web.ServletTestExecutionListener.resetRequestContextHolder' -> true]].
00:28:53.041 [main] DEBUG org.springframework.orm.hibernate5.HibernateTransactionManager - Creating new transaction with name [com.tallerwebi.dominio.RepositorioAlimentoTest.testNoObtenerAlimentosPorNombreIncorrecto]: PROPAGATION_REQUIRED,ISOLATION_DEFAULT
00:28:53.069 [main] DEBUG org.hibernate.stat.internal.StatisticsInitiator - Statistics initialized [enabled=false]
00:28:53.071 [main] DEBUG org.springframework.orm.hibernate5.HibernateTransactionManager - Opened new Session [SessionImpl(1182586041<open>)] for Hibernate transaction
00:28:53.073 [main] DEBUG org.hibernate.engine.transaction.internal.TransactionImpl - On TransactionImpl creation, JpaCompliance#isJpaTransactionComplianceEnabled == false
00:28:53.073 [main] DEBUG org.hibernate.engine.transaction.internal.TransactionImpl - begin
00:28:53.073 [main] DEBUG org.springframework.jdbc.datasource.DriverManagerDataSource - Creating new JDBC DriverManager Connection to [jdbc:hsqldb:mem:db_]
00:28:53.074 [main] DEBUG org.springframework.orm.hibernate5.HibernateTransactionManager - Exposing Hibernate transaction as JDBC [org.springframework.orm.hibernate5.HibernateTransactionManager$$Lambda$602/0x0000000801596000@77401977]
00:28:53.074 [main] INFO org.springframework.test.context.transaction.TransactionContext - Began transaction (1) for test context [DefaultTestContext@35b74c5c testClass = RepositorioAlimentoTest, testInstance = com.tallerwebi.dominio.RepositorioAlimentoTest@66fff42f, testMethod = testNoObtenerAlimentosPorNombreIncorrecto@RepositorioAlimentoTest, testException = [null], mergedContextConfiguration = [WebMergedContextConfiguration@2e570ded testClass = RepositorioAlimentoTest, locations = '{}', classes = '{class com.tallerwebi.integracion.config.SpringWebTestConfig, class com.tallerwebi.integracion.config.HibernateTestConfig}', contextInitializerClasses = '[]', activeProfiles = '{}', propertySourceLocations = '{}', propertySourceProperties = '{}', contextCustomizers = set[[empty]], resourceBasePath = 'src/main/webapp', contextLoader = 'org.springframework.test.context.web.WebDelegatingSmartContextLoader', parent = [null]], attributes = map['org.springframework.test.context.web.ServletTestExecutionListener.populatedRequestContextHolder' -> true, 'org.springframework.test.context.web.ServletTestExecutionListener.resetRequestContextHolder' -> true]]; transaction manager [org.springframework.orm.hibernate5.HibernateTransactionManager@6ad198c9]; rollback [true]
00:28:53.076 [main] DEBUG org.springframework.test.context.cache.DefaultCacheAwareContextLoaderDelegate - Retrieved ApplicationContext [1384210339] from cache with key [[WebMergedContextConfiguration@2e570ded testClass = RepositorioAlimentoTest, locations = '{}', classes = '{class com.tallerwebi.integracion.config.SpringWebTestConfig, class com.tallerwebi.integracion.config.HibernateTestConfig}', contextInitializerClasses = '[]', activeProfiles = '{}', propertySourceLocations = '{}', propertySourceProperties = '{}', contextCustomizers = set[[empty]], resourceBasePath = 'src/main/webapp', contextLoader = 'org.springframework.test.context.web.WebDelegatingSmartContextLoader', parent = [null]]]
00:28:53.076 [main] DEBUG org.springframework.test.context.cache - Spring test ApplicationContext cache statistics: [DefaultContextCache@397dfbe8 size = 1, maxSize = 32, parentContextCount = 0, hitCount = 4, missCount = 1]
00:28:53.077 [main] DEBUG org.springframework.test.context.cache.DefaultCacheAwareContextLoaderDelegate - Retrieved ApplicationContext [1384210339] from cache with key [[WebMergedContextConfiguration@2e570ded testClass = RepositorioAlimentoTest, locations = '{}', classes = '{class com.tallerwebi.integracion.config.SpringWebTestConfig, class com.tallerwebi.integracion.config.HibernateTestConfig}', contextInitializerClasses = '[]', activeProfiles = '{}', propertySourceLocations = '{}', propertySourceProperties = '{}', contextCustomizers = set[[empty]], resourceBasePath = 'src/main/webapp', contextLoader = 'org.springframework.test.context.web.WebDelegatingSmartContextLoader', parent = [null]]]
00:28:53.077 [main] DEBUG org.springframework.test.context.cache - Spring test ApplicationContext cache statistics: [DefaultContextCache@397dfbe8 size = 1, maxSize = 32, parentContextCount = 0, hitCount = 5, missCount = 1]
00:28:53.092 [main] DEBUG org.hibernate.engine.spi.ActionQueue - Executing identity-insert immediately
00:28:53.093 [main] DEBUG org.hibernate.SQL - 
    insert 
    into
        CategoriaAlimento
        (id, imagen, nombre) 
    values
        (default, ?, ?)
Hibernate: 
    insert 
    into
        CategoriaAlimento
        (id, imagen, nombre) 
    values
        (default, ?, ?)
00:28:53.096 [main] DEBUG org.hibernate.id.IdentifierGeneratorHelper - Natively generated identity: 1
00:28:53.096 [main] DEBUG org.hibernate.resource.jdbc.internal.ResourceRegistryStandardImpl - HHH000387: ResultSet's statement was not registered
00:28:53.099 [main] DEBUG org.hibernate.engine.spi.ActionQueue - Executing identity-insert immediately
00:28:53.100 [main] DEBUG org.springframework.test.context.cache.DefaultCacheAwareContextLoaderDelegate - Retrieved ApplicationContext [1384210339] from cache with key [[WebMergedContextConfiguration@2e570ded testClass = RepositorioAlimentoTest, locations = '{}', classes = '{class com.tallerwebi.integracion.config.SpringWebTestConfig, class com.tallerwebi.integracion.config.HibernateTestConfig}', contextInitializerClasses = '[]', activeProfiles = '{}', propertySourceLocations = '{}', propertySourceProperties = '{}', contextCustomizers = set[[empty]], resourceBasePath = 'src/main/webapp', contextLoader = 'org.springframework.test.context.web.WebDelegatingSmartContextLoader', parent = [null]]]
00:28:53.100 [main] DEBUG org.springframework.test.context.cache - Spring test ApplicationContext cache statistics: [DefaultContextCache@397dfbe8 size = 1, maxSize = 32, parentContextCount = 0, hitCount = 6, missCount = 1]
00:28:53.101 [main] DEBUG org.springframework.test.context.cache.DefaultCacheAwareContextLoaderDelegate - Retrieved ApplicationContext [1384210339] from cache with key [[WebMergedContextConfiguration@2e570ded testClass = RepositorioAlimentoTest, locations = '{}', classes = '{class com.tallerwebi.integracion.config.SpringWebTestConfig, class com.tallerwebi.integracion.config.HibernateTestConfig}', contextInitializerClasses = '[]', activeProfiles = '{}', propertySourceLocations = '{}', propertySourceProperties = '{}', contextCustomizers = set[[empty]], resourceBasePath = 'src/main/webapp', contextLoader = 'org.springframework.test.context.web.WebDelegatingSmartContextLoader', parent = [null]]]
00:28:53.101 [main] DEBUG org.springframework.test.context.cache - Spring test ApplicationContext cache statistics: [DefaultContextCache@397dfbe8 size = 1, maxSize = 32, parentContextCount = 0, hitCount = 7, missCount = 1]
00:28:53.102 [main] DEBUG org.springframework.orm.hibernate5.HibernateTransactionManager - Initiating transaction rollback
00:28:53.102 [main] DEBUG org.springframework.orm.hibernate5.HibernateTransactionManager - Rolling back Hibernate transaction on Session [SessionImpl(1182586041<open>)]
00:28:53.102 [main] DEBUG org.hibernate.engine.transaction.internal.TransactionImpl - rolling back
00:28:53.104 [main] DEBUG org.springframework.orm.hibernate5.HibernateTransactionManager - Closing Hibernate Session [SessionImpl(1182586041<open>)] after transaction
00:28:53.105 [main] INFO org.springframework.test.context.transaction.TransactionContext - Rolled back transaction for test: [DefaultTestContext@35b74c5c testClass = RepositorioAlimentoTest, testInstance = com.tallerwebi.dominio.RepositorioAlimentoTest@66fff42f, testMethod = testNoObtenerAlimentosPorNombreIncorrecto@RepositorioAlimentoTest, testException = org.hibernate.PropertyValueException: not-null property references a null or transient value : com.tallerwebi.dominio.Alimento.cantidad, mergedContextConfiguration = [WebMergedContextConfiguration@2e570ded testClass = RepositorioAlimentoTest, locations = '{}', classes = '{class com.tallerwebi.integracion.config.SpringWebTestConfig, class com.tallerwebi.integracion.config.HibernateTestConfig}', contextInitializerClasses = '[]', activeProfiles = '{}', propertySourceLocations = '{}', propertySourceProperties = '{}', contextCustomizers = set[[empty]], resourceBasePath = 'src/main/webapp', contextLoader = 'org.springframework.test.context.web.WebDelegatingSmartContextLoader', parent = [null]], attributes = map['org.springframework.test.context.web.ServletTestExecutionListener.populatedRequestContextHolder' -> true, 'org.springframework.test.context.web.ServletTestExecutionListener.resetRequestContextHolder' -> true]]
00:28:53.105 [main] DEBUG org.springframework.test.context.support.AbstractDirtiesContextTestExecutionListener - After test method: context [DefaultTestContext@35b74c5c testClass = RepositorioAlimentoTest, testInstance = com.tallerwebi.dominio.RepositorioAlimentoTest@66fff42f, testMethod = testNoObtenerAlimentosPorNombreIncorrecto@RepositorioAlimentoTest, testException = org.hibernate.PropertyValueException: not-null property references a null or transient value : com.tallerwebi.dominio.Alimento.cantidad, mergedContextConfiguration = [WebMergedContextConfiguration@2e570ded testClass = RepositorioAlimentoTest, locations = '{}', classes = '{class com.tallerwebi.integracion.config.SpringWebTestConfig, class com.tallerwebi.integracion.config.HibernateTestConfig}', contextInitializerClasses = '[]', activeProfiles = '{}', propertySourceLocations = '{}', propertySourceProperties = '{}', contextCustomizers = set[[empty]], resourceBasePath = 'src/main/webapp', contextLoader = 'org.springframework.test.context.web.WebDelegatingSmartContextLoader', parent = [null]], attributes = map['org.springframework.test.context.web.ServletTestExecutionListener.populatedRequestContextHolder' -> true, 'org.springframework.test.context.web.ServletTestExecutionListener.resetRequestContextHolder' -> true]], class annotated with @DirtiesContext [false] with mode [null], method annotated with @DirtiesContext [false] with mode [null].
00:28:53.105 [main] DEBUG org.springframework.test.context.web.ServletTestExecutionListener - Resetting RequestContextHolder for test context [DefaultTestContext@35b74c5c testClass = RepositorioAlimentoTest, testInstance = com.tallerwebi.dominio.RepositorioAlimentoTest@66fff42f, testMethod = testNoObtenerAlimentosPorNombreIncorrecto@RepositorioAlimentoTest, testException = org.hibernate.PropertyValueException: not-null property references a null or transient value : com.tallerwebi.dominio.Alimento.cantidad, mergedContextConfiguration = [WebMergedContextConfiguration@2e570ded testClass = RepositorioAlimentoTest, locations = '{}', classes = '{class com.tallerwebi.integracion.config.SpringWebTestConfig, class com.tallerwebi.integracion.config.HibernateTestConfig}', contextInitializerClasses = '[]', activeProfiles = '{}', propertySourceLocations = '{}', propertySourceProperties = '{}', contextCustomizers = set[[empty]], resourceBasePath = 'src/main/webapp', contextLoader = 'org.springframework.test.context.web.WebDelegatingSmartContextLoader', parent = [null]], attributes = map['org.springframework.test.context.web.ServletTestExecutionListener.populatedRequestContextHolder' -> true, 'org.springframework.test.context.web.ServletTestExecutionListener.resetRequestContextHolder' -> true]].
]]></system-out>
  </testcase>
  <testcase name="testObtenerAlimentoPorNombre" classname="com.tallerwebi.dominio.RepositorioAlimentoTest" time="0.003">
    <error type="org.hibernate.PropertyValueException"><![CDATA[org.hibernate.PropertyValueException: not-null property references a null or transient value : com.tallerwebi.dominio.Alimento.cantidad
	at com.tallerwebi.dominio.RepositorioAlimentoTest.givenExisteAlimento(RepositorioAlimentoTest.java:57)
	at com.tallerwebi.dominio.RepositorioAlimentoTest.testObtenerAlimentoPorNombre(RepositorioAlimentoTest.java:74)
]]></error>
    <system-out><![CDATA[00:28:53.111 [main] DEBUG org.springframework.test.context.cache.DefaultCacheAwareContextLoaderDelegate - Retrieved ApplicationContext [1384210339] from cache with key [[WebMergedContextConfiguration@2e570ded testClass = RepositorioAlimentoTest, locations = '{}', classes = '{class com.tallerwebi.integracion.config.SpringWebTestConfig, class com.tallerwebi.integracion.config.HibernateTestConfig}', contextInitializerClasses = '[]', activeProfiles = '{}', propertySourceLocations = '{}', propertySourceProperties = '{}', contextCustomizers = set[[empty]], resourceBasePath = 'src/main/webapp', contextLoader = 'org.springframework.test.context.web.WebDelegatingSmartContextLoader', parent = [null]]]
00:28:53.111 [main] DEBUG org.springframework.test.context.cache - Spring test ApplicationContext cache statistics: [DefaultContextCache@397dfbe8 size = 1, maxSize = 32, parentContextCount = 0, hitCount = 8, missCount = 1]
00:28:53.111 [main] DEBUG org.springframework.test.context.web.ServletTestExecutionListener - Setting up MockHttpServletRequest, MockHttpServletResponse, ServletWebRequest, and RequestContextHolder for test context [DefaultTestContext@35b74c5c testClass = RepositorioAlimentoTest, testInstance = com.tallerwebi.dominio.RepositorioAlimentoTest@5dd227b7, testMethod = [null], testException = [null], mergedContextConfiguration = [WebMergedContextConfiguration@2e570ded testClass = RepositorioAlimentoTest, locations = '{}', classes = '{class com.tallerwebi.integracion.config.SpringWebTestConfig, class com.tallerwebi.integracion.config.HibernateTestConfig}', contextInitializerClasses = '[]', activeProfiles = '{}', propertySourceLocations = '{}', propertySourceProperties = '{}', contextCustomizers = set[[empty]], resourceBasePath = 'src/main/webapp', contextLoader = 'org.springframework.test.context.web.WebDelegatingSmartContextLoader', parent = [null]], attributes = map['org.springframework.test.context.support.DependencyInjectionTestExecutionListener.reinjectDependencies' -> true]].
00:28:53.111 [main] DEBUG org.springframework.test.context.support.DependencyInjectionTestExecutionListener - Performing dependency injection for test context [[DefaultTestContext@35b74c5c testClass = RepositorioAlimentoTest, testInstance = com.tallerwebi.dominio.RepositorioAlimentoTest@5dd227b7, testMethod = [null], testException = [null], mergedContextConfiguration = [WebMergedContextConfiguration@2e570ded testClass = RepositorioAlimentoTest, locations = '{}', classes = '{class com.tallerwebi.integracion.config.SpringWebTestConfig, class com.tallerwebi.integracion.config.HibernateTestConfig}', contextInitializerClasses = '[]', activeProfiles = '{}', propertySourceLocations = '{}', propertySourceProperties = '{}', contextCustomizers = set[[empty]], resourceBasePath = 'src/main/webapp', contextLoader = 'org.springframework.test.context.web.WebDelegatingSmartContextLoader', parent = [null]], attributes = map['org.springframework.test.context.web.ServletTestExecutionListener.populatedRequestContextHolder' -> true, 'org.springframework.test.context.web.ServletTestExecutionListener.resetRequestContextHolder' -> true, 'org.springframework.test.context.support.DependencyInjectionTestExecutionListener.reinjectDependencies' -> true]]].
00:28:53.111 [main] DEBUG org.springframework.test.context.cache.DefaultCacheAwareContextLoaderDelegate - Retrieved ApplicationContext [1384210339] from cache with key [[WebMergedContextConfiguration@2e570ded testClass = RepositorioAlimentoTest, locations = '{}', classes = '{class com.tallerwebi.integracion.config.SpringWebTestConfig, class com.tallerwebi.integracion.config.HibernateTestConfig}', contextInitializerClasses = '[]', activeProfiles = '{}', propertySourceLocations = '{}', propertySourceProperties = '{}', contextCustomizers = set[[empty]], resourceBasePath = 'src/main/webapp', contextLoader = 'org.springframework.test.context.web.WebDelegatingSmartContextLoader', parent = [null]]]
00:28:53.111 [main] DEBUG org.springframework.test.context.cache - Spring test ApplicationContext cache statistics: [DefaultContextCache@397dfbe8 size = 1, maxSize = 32, parentContextCount = 0, hitCount = 9, missCount = 1]
00:28:53.112 [main] DEBUG org.springframework.test.context.cache.DefaultCacheAwareContextLoaderDelegate - Retrieved ApplicationContext [1384210339] from cache with key [[WebMergedContextConfiguration@2e570ded testClass = RepositorioAlimentoTest, locations = '{}', classes = '{class com.tallerwebi.integracion.config.SpringWebTestConfig, class com.tallerwebi.integracion.config.HibernateTestConfig}', contextInitializerClasses = '[]', activeProfiles = '{}', propertySourceLocations = '{}', propertySourceProperties = '{}', contextCustomizers = set[[empty]], resourceBasePath = 'src/main/webapp', contextLoader = 'org.springframework.test.context.web.WebDelegatingSmartContextLoader', parent = [null]]]
00:28:53.112 [main] DEBUG org.springframework.test.context.cache - Spring test ApplicationContext cache statistics: [DefaultContextCache@397dfbe8 size = 1, maxSize = 32, parentContextCount = 0, hitCount = 10, missCount = 1]
00:28:53.112 [main] DEBUG org.springframework.test.context.support.AbstractDirtiesContextTestExecutionListener - Before test method: context [DefaultTestContext@35b74c5c testClass = RepositorioAlimentoTest, testInstance = com.tallerwebi.dominio.RepositorioAlimentoTest@5dd227b7, testMethod = testObtenerAlimentoPorNombre@RepositorioAlimentoTest, testException = [null], mergedContextConfiguration = [WebMergedContextConfiguration@2e570ded testClass = RepositorioAlimentoTest, locations = '{}', classes = '{class com.tallerwebi.integracion.config.SpringWebTestConfig, class com.tallerwebi.integracion.config.HibernateTestConfig}', contextInitializerClasses = '[]', activeProfiles = '{}', propertySourceLocations = '{}', propertySourceProperties = '{}', contextCustomizers = set[[empty]], resourceBasePath = 'src/main/webapp', contextLoader = 'org.springframework.test.context.web.WebDelegatingSmartContextLoader', parent = [null]], attributes = map['org.springframework.test.context.web.ServletTestExecutionListener.populatedRequestContextHolder' -> true, 'org.springframework.test.context.web.ServletTestExecutionListener.resetRequestContextHolder' -> true]], class annotated with @DirtiesContext [false] with mode [null], method annotated with @DirtiesContext [false] with mode [null].
00:28:53.113 [main] DEBUG org.springframework.test.context.transaction.TransactionalTestExecutionListener - Explicit transaction definition [PROPAGATION_REQUIRED,ISOLATION_DEFAULT] found for test context [DefaultTestContext@35b74c5c testClass = RepositorioAlimentoTest, testInstance = com.tallerwebi.dominio.RepositorioAlimentoTest@5dd227b7, testMethod = testObtenerAlimentoPorNombre@RepositorioAlimentoTest, testException = [null], mergedContextConfiguration = [WebMergedContextConfiguration@2e570ded testClass = RepositorioAlimentoTest, locations = '{}', classes = '{class com.tallerwebi.integracion.config.SpringWebTestConfig, class com.tallerwebi.integracion.config.HibernateTestConfig}', contextInitializerClasses = '[]', activeProfiles = '{}', propertySourceLocations = '{}', propertySourceProperties = '{}', contextCustomizers = set[[empty]], resourceBasePath = 'src/main/webapp', contextLoader = 'org.springframework.test.context.web.WebDelegatingSmartContextLoader', parent = [null]], attributes = map['org.springframework.test.context.web.ServletTestExecutionListener.populatedRequestContextHolder' -> true, 'org.springframework.test.context.web.ServletTestExecutionListener.resetRequestContextHolder' -> true]]
00:28:53.113 [main] DEBUG org.springframework.test.context.cache.DefaultCacheAwareContextLoaderDelegate - Retrieved ApplicationContext [1384210339] from cache with key [[WebMergedContextConfiguration@2e570ded testClass = RepositorioAlimentoTest, locations = '{}', classes = '{class com.tallerwebi.integracion.config.SpringWebTestConfig, class com.tallerwebi.integracion.config.HibernateTestConfig}', contextInitializerClasses = '[]', activeProfiles = '{}', propertySourceLocations = '{}', propertySourceProperties = '{}', contextCustomizers = set[[empty]], resourceBasePath = 'src/main/webapp', contextLoader = 'org.springframework.test.context.web.WebDelegatingSmartContextLoader', parent = [null]]]
00:28:53.113 [main] DEBUG org.springframework.test.context.cache - Spring test ApplicationContext cache statistics: [DefaultContextCache@397dfbe8 size = 1, maxSize = 32, parentContextCount = 0, hitCount = 11, missCount = 1]
00:28:53.113 [main] DEBUG org.springframework.test.context.transaction.TransactionalTestExecutionListener - Method-level @Rollback(true) overrides default rollback [true] for test context [DefaultTestContext@35b74c5c testClass = RepositorioAlimentoTest, testInstance = com.tallerwebi.dominio.RepositorioAlimentoTest@5dd227b7, testMethod = testObtenerAlimentoPorNombre@RepositorioAlimentoTest, testException = [null], mergedContextConfiguration = [WebMergedContextConfiguration@2e570ded testClass = RepositorioAlimentoTest, locations = '{}', classes = '{class com.tallerwebi.integracion.config.SpringWebTestConfig, class com.tallerwebi.integracion.config.HibernateTestConfig}', contextInitializerClasses = '[]', activeProfiles = '{}', propertySourceLocations = '{}', propertySourceProperties = '{}', contextCustomizers = set[[empty]], resourceBasePath = 'src/main/webapp', contextLoader = 'org.springframework.test.context.web.WebDelegatingSmartContextLoader', parent = [null]], attributes = map['org.springframework.test.context.web.ServletTestExecutionListener.populatedRequestContextHolder' -> true, 'org.springframework.test.context.web.ServletTestExecutionListener.resetRequestContextHolder' -> true]].
00:28:53.113 [main] DEBUG org.springframework.orm.hibernate5.HibernateTransactionManager - Creating new transaction with name [com.tallerwebi.dominio.RepositorioAlimentoTest.testObtenerAlimentoPorNombre]: PROPAGATION_REQUIRED,ISOLATION_DEFAULT
00:28:53.113 [main] DEBUG org.springframework.orm.hibernate5.HibernateTransactionManager - Opened new Session [SessionImpl(1027310894<open>)] for Hibernate transaction
00:28:53.113 [main] DEBUG org.hibernate.engine.transaction.internal.TransactionImpl - On TransactionImpl creation, JpaCompliance#isJpaTransactionComplianceEnabled == false
00:28:53.113 [main] DEBUG org.hibernate.engine.transaction.internal.TransactionImpl - begin
00:28:53.113 [main] DEBUG org.springframework.jdbc.datasource.DriverManagerDataSource - Creating new JDBC DriverManager Connection to [jdbc:hsqldb:mem:db_]
00:28:53.113 [main] DEBUG org.springframework.orm.hibernate5.HibernateTransactionManager - Exposing Hibernate transaction as JDBC [org.springframework.orm.hibernate5.HibernateTransactionManager$$Lambda$602/0x0000000801596000@14ba7f15]
00:28:53.113 [main] INFO org.springframework.test.context.transaction.TransactionContext - Began transaction (1) for test context [DefaultTestContext@35b74c5c testClass = RepositorioAlimentoTest, testInstance = com.tallerwebi.dominio.RepositorioAlimentoTest@5dd227b7, testMethod = testObtenerAlimentoPorNombre@RepositorioAlimentoTest, testException = [null], mergedContextConfiguration = [WebMergedContextConfiguration@2e570ded testClass = RepositorioAlimentoTest, locations = '{}', classes = '{class com.tallerwebi.integracion.config.SpringWebTestConfig, class com.tallerwebi.integracion.config.HibernateTestConfig}', contextInitializerClasses = '[]', activeProfiles = '{}', propertySourceLocations = '{}', propertySourceProperties = '{}', contextCustomizers = set[[empty]], resourceBasePath = 'src/main/webapp', contextLoader = 'org.springframework.test.context.web.WebDelegatingSmartContextLoader', parent = [null]], attributes = map['org.springframework.test.context.web.ServletTestExecutionListener.populatedRequestContextHolder' -> true, 'org.springframework.test.context.web.ServletTestExecutionListener.resetRequestContextHolder' -> true]]; transaction manager [org.springframework.orm.hibernate5.HibernateTransactionManager@6ad198c9]; rollback [true]
00:28:53.113 [main] DEBUG org.springframework.test.context.cache.DefaultCacheAwareContextLoaderDelegate - Retrieved ApplicationContext [1384210339] from cache with key [[WebMergedContextConfiguration@2e570ded testClass = RepositorioAlimentoTest, locations = '{}', classes = '{class com.tallerwebi.integracion.config.SpringWebTestConfig, class com.tallerwebi.integracion.config.HibernateTestConfig}', contextInitializerClasses = '[]', activeProfiles = '{}', propertySourceLocations = '{}', propertySourceProperties = '{}', contextCustomizers = set[[empty]], resourceBasePath = 'src/main/webapp', contextLoader = 'org.springframework.test.context.web.WebDelegatingSmartContextLoader', parent = [null]]]
00:28:53.113 [main] DEBUG org.springframework.test.context.cache - Spring test ApplicationContext cache statistics: [DefaultContextCache@397dfbe8 size = 1, maxSize = 32, parentContextCount = 0, hitCount = 12, missCount = 1]
00:28:53.114 [main] DEBUG org.springframework.test.context.cache.DefaultCacheAwareContextLoaderDelegate - Retrieved ApplicationContext [1384210339] from cache with key [[WebMergedContextConfiguration@2e570ded testClass = RepositorioAlimentoTest, locations = '{}', classes = '{class com.tallerwebi.integracion.config.SpringWebTestConfig, class com.tallerwebi.integracion.config.HibernateTestConfig}', contextInitializerClasses = '[]', activeProfiles = '{}', propertySourceLocations = '{}', propertySourceProperties = '{}', contextCustomizers = set[[empty]], resourceBasePath = 'src/main/webapp', contextLoader = 'org.springframework.test.context.web.WebDelegatingSmartContextLoader', parent = [null]]]
00:28:53.114 [main] DEBUG org.springframework.test.context.cache - Spring test ApplicationContext cache statistics: [DefaultContextCache@397dfbe8 size = 1, maxSize = 32, parentContextCount = 0, hitCount = 13, missCount = 1]
00:28:53.114 [main] DEBUG org.hibernate.engine.spi.ActionQueue - Executing identity-insert immediately
00:28:53.114 [main] DEBUG org.hibernate.SQL - 
    insert 
    into
        CategoriaAlimento
        (id, imagen, nombre) 
    values
        (default, ?, ?)
Hibernate: 
    insert 
    into
        CategoriaAlimento
        (id, imagen, nombre) 
    values
        (default, ?, ?)
00:28:53.114 [main] DEBUG org.hibernate.id.IdentifierGeneratorHelper - Natively generated identity: 2
00:28:53.114 [main] DEBUG org.hibernate.resource.jdbc.internal.ResourceRegistryStandardImpl - HHH000387: ResultSet's statement was not registered
00:28:53.114 [main] DEBUG org.hibernate.engine.spi.ActionQueue - Executing identity-insert immediately
00:28:53.114 [main] DEBUG org.springframework.test.context.cache.DefaultCacheAwareContextLoaderDelegate - Retrieved ApplicationContext [1384210339] from cache with key [[WebMergedContextConfiguration@2e570ded testClass = RepositorioAlimentoTest, locations = '{}', classes = '{class com.tallerwebi.integracion.config.SpringWebTestConfig, class com.tallerwebi.integracion.config.HibernateTestConfig}', contextInitializerClasses = '[]', activeProfiles = '{}', propertySourceLocations = '{}', propertySourceProperties = '{}', contextCustomizers = set[[empty]], resourceBasePath = 'src/main/webapp', contextLoader = 'org.springframework.test.context.web.WebDelegatingSmartContextLoader', parent = [null]]]
00:28:53.114 [main] DEBUG org.springframework.test.context.cache - Spring test ApplicationContext cache statistics: [DefaultContextCache@397dfbe8 size = 1, maxSize = 32, parentContextCount = 0, hitCount = 14, missCount = 1]
00:28:53.114 [main] DEBUG org.springframework.test.context.cache.DefaultCacheAwareContextLoaderDelegate - Retrieved ApplicationContext [1384210339] from cache with key [[WebMergedContextConfiguration@2e570ded testClass = RepositorioAlimentoTest, locations = '{}', classes = '{class com.tallerwebi.integracion.config.SpringWebTestConfig, class com.tallerwebi.integracion.config.HibernateTestConfig}', contextInitializerClasses = '[]', activeProfiles = '{}', propertySourceLocations = '{}', propertySourceProperties = '{}', contextCustomizers = set[[empty]], resourceBasePath = 'src/main/webapp', contextLoader = 'org.springframework.test.context.web.WebDelegatingSmartContextLoader', parent = [null]]]
00:28:53.114 [main] DEBUG org.springframework.test.context.cache - Spring test ApplicationContext cache statistics: [DefaultContextCache@397dfbe8 size = 1, maxSize = 32, parentContextCount = 0, hitCount = 15, missCount = 1]
00:28:53.115 [main] DEBUG org.springframework.orm.hibernate5.HibernateTransactionManager - Initiating transaction rollback
00:28:53.115 [main] DEBUG org.springframework.orm.hibernate5.HibernateTransactionManager - Rolling back Hibernate transaction on Session [SessionImpl(1027310894<open>)]
00:28:53.115 [main] DEBUG org.hibernate.engine.transaction.internal.TransactionImpl - rolling back
00:28:53.115 [main] DEBUG org.springframework.orm.hibernate5.HibernateTransactionManager - Closing Hibernate Session [SessionImpl(1027310894<open>)] after transaction
00:28:53.115 [main] INFO org.springframework.test.context.transaction.TransactionContext - Rolled back transaction for test: [DefaultTestContext@35b74c5c testClass = RepositorioAlimentoTest, testInstance = com.tallerwebi.dominio.RepositorioAlimentoTest@5dd227b7, testMethod = testObtenerAlimentoPorNombre@RepositorioAlimentoTest, testException = org.hibernate.PropertyValueException: not-null property references a null or transient value : com.tallerwebi.dominio.Alimento.cantidad, mergedContextConfiguration = [WebMergedContextConfiguration@2e570ded testClass = RepositorioAlimentoTest, locations = '{}', classes = '{class com.tallerwebi.integracion.config.SpringWebTestConfig, class com.tallerwebi.integracion.config.HibernateTestConfig}', contextInitializerClasses = '[]', activeProfiles = '{}', propertySourceLocations = '{}', propertySourceProperties = '{}', contextCustomizers = set[[empty]], resourceBasePath = 'src/main/webapp', contextLoader = 'org.springframework.test.context.web.WebDelegatingSmartContextLoader', parent = [null]], attributes = map['org.springframework.test.context.web.ServletTestExecutionListener.populatedRequestContextHolder' -> true, 'org.springframework.test.context.web.ServletTestExecutionListener.resetRequestContextHolder' -> true]]
00:28:53.115 [main] DEBUG org.springframework.test.context.support.AbstractDirtiesContextTestExecutionListener - After test method: context [DefaultTestContext@35b74c5c testClass = RepositorioAlimentoTest, testInstance = com.tallerwebi.dominio.RepositorioAlimentoTest@5dd227b7, testMethod = testObtenerAlimentoPorNombre@RepositorioAlimentoTest, testException = org.hibernate.PropertyValueException: not-null property references a null or transient value : com.tallerwebi.dominio.Alimento.cantidad, mergedContextConfiguration = [WebMergedContextConfiguration@2e570ded testClass = RepositorioAlimentoTest, locations = '{}', classes = '{class com.tallerwebi.integracion.config.SpringWebTestConfig, class com.tallerwebi.integracion.config.HibernateTestConfig}', contextInitializerClasses = '[]', activeProfiles = '{}', propertySourceLocations = '{}', propertySourceProperties = '{}', contextCustomizers = set[[empty]], resourceBasePath = 'src/main/webapp', contextLoader = 'org.springframework.test.context.web.WebDelegatingSmartContextLoader', parent = [null]], attributes = map['org.springframework.test.context.web.ServletTestExecutionListener.populatedRequestContextHolder' -> true, 'org.springframework.test.context.web.ServletTestExecutionListener.resetRequestContextHolder' -> true]], class annotated with @DirtiesContext [false] with mode [null], method annotated with @DirtiesContext [false] with mode [null].
00:28:53.115 [main] DEBUG org.springframework.test.context.web.ServletTestExecutionListener - Resetting RequestContextHolder for test context [DefaultTestContext@35b74c5c testClass = RepositorioAlimentoTest, testInstance = com.tallerwebi.dominio.RepositorioAlimentoTest@5dd227b7, testMethod = testObtenerAlimentoPorNombre@RepositorioAlimentoTest, testException = org.hibernate.PropertyValueException: not-null property references a null or transient value : com.tallerwebi.dominio.Alimento.cantidad, mergedContextConfiguration = [WebMergedContextConfiguration@2e570ded testClass = RepositorioAlimentoTest, locations = '{}', classes = '{class com.tallerwebi.integracion.config.SpringWebTestConfig, class com.tallerwebi.integracion.config.HibernateTestConfig}', contextInitializerClasses = '[]', activeProfiles = '{}', propertySourceLocations = '{}', propertySourceProperties = '{}', contextCustomizers = set[[empty]], resourceBasePath = 'src/main/webapp', contextLoader = 'org.springframework.test.context.web.WebDelegatingSmartContextLoader', parent = [null]], attributes = map['org.springframework.test.context.web.ServletTestExecutionListener.populatedRequestContextHolder' -> true, 'org.springframework.test.context.web.ServletTestExecutionListener.resetRequestContextHolder' -> true]].
]]></system-out>
  </testcase>
  <testcase name="testObtenerTodosLosAlimentos" classname="com.tallerwebi.dominio.RepositorioAlimentoTest" time="0.003">
    <error type="org.hibernate.PropertyValueException"><![CDATA[org.hibernate.PropertyValueException: not-null property references a null or transient value : com.tallerwebi.dominio.Alimento.cantidad
	at com.tallerwebi.dominio.RepositorioAlimentoTest.givenExisteAlimento(RepositorioAlimentoTest.java:57)
	at com.tallerwebi.dominio.RepositorioAlimentoTest.testObtenerTodosLosAlimentos(RepositorioAlimentoTest.java:37)
]]></error>
    <system-out><![CDATA[00:28:53.116 [main] DEBUG org.springframework.test.context.cache.DefaultCacheAwareContextLoaderDelegate - Retrieved ApplicationContext [1384210339] from cache with key [[WebMergedContextConfiguration@2e570ded testClass = RepositorioAlimentoTest, locations = '{}', classes = '{class com.tallerwebi.integracion.config.SpringWebTestConfig, class com.tallerwebi.integracion.config.HibernateTestConfig}', contextInitializerClasses = '[]', activeProfiles = '{}', propertySourceLocations = '{}', propertySourceProperties = '{}', contextCustomizers = set[[empty]], resourceBasePath = 'src/main/webapp', contextLoader = 'org.springframework.test.context.web.WebDelegatingSmartContextLoader', parent = [null]]]
00:28:53.116 [main] DEBUG org.springframework.test.context.cache - Spring test ApplicationContext cache statistics: [DefaultContextCache@397dfbe8 size = 1, maxSize = 32, parentContextCount = 0, hitCount = 16, missCount = 1]
00:28:53.116 [main] DEBUG org.springframework.test.context.web.ServletTestExecutionListener - Setting up MockHttpServletRequest, MockHttpServletResponse, ServletWebRequest, and RequestContextHolder for test context [DefaultTestContext@35b74c5c testClass = RepositorioAlimentoTest, testInstance = com.tallerwebi.dominio.RepositorioAlimentoTest@f287a4e, testMethod = [null], testException = [null], mergedContextConfiguration = [WebMergedContextConfiguration@2e570ded testClass = RepositorioAlimentoTest, locations = '{}', classes = '{class com.tallerwebi.integracion.config.SpringWebTestConfig, class com.tallerwebi.integracion.config.HibernateTestConfig}', contextInitializerClasses = '[]', activeProfiles = '{}', propertySourceLocations = '{}', propertySourceProperties = '{}', contextCustomizers = set[[empty]], resourceBasePath = 'src/main/webapp', contextLoader = 'org.springframework.test.context.web.WebDelegatingSmartContextLoader', parent = [null]], attributes = map['org.springframework.test.context.support.DependencyInjectionTestExecutionListener.reinjectDependencies' -> true]].
00:28:53.116 [main] DEBUG org.springframework.test.context.support.DependencyInjectionTestExecutionListener - Performing dependency injection for test context [[DefaultTestContext@35b74c5c testClass = RepositorioAlimentoTest, testInstance = com.tallerwebi.dominio.RepositorioAlimentoTest@f287a4e, testMethod = [null], testException = [null], mergedContextConfiguration = [WebMergedContextConfiguration@2e570ded testClass = RepositorioAlimentoTest, locations = '{}', classes = '{class com.tallerwebi.integracion.config.SpringWebTestConfig, class com.tallerwebi.integracion.config.HibernateTestConfig}', contextInitializerClasses = '[]', activeProfiles = '{}', propertySourceLocations = '{}', propertySourceProperties = '{}', contextCustomizers = set[[empty]], resourceBasePath = 'src/main/webapp', contextLoader = 'org.springframework.test.context.web.WebDelegatingSmartContextLoader', parent = [null]], attributes = map['org.springframework.test.context.web.ServletTestExecutionListener.populatedRequestContextHolder' -> true, 'org.springframework.test.context.web.ServletTestExecutionListener.resetRequestContextHolder' -> true, 'org.springframework.test.context.support.DependencyInjectionTestExecutionListener.reinjectDependencies' -> true]]].
00:28:53.116 [main] DEBUG org.springframework.test.context.cache.DefaultCacheAwareContextLoaderDelegate - Retrieved ApplicationContext [1384210339] from cache with key [[WebMergedContextConfiguration@2e570ded testClass = RepositorioAlimentoTest, locations = '{}', classes = '{class com.tallerwebi.integracion.config.SpringWebTestConfig, class com.tallerwebi.integracion.config.HibernateTestConfig}', contextInitializerClasses = '[]', activeProfiles = '{}', propertySourceLocations = '{}', propertySourceProperties = '{}', contextCustomizers = set[[empty]], resourceBasePath = 'src/main/webapp', contextLoader = 'org.springframework.test.context.web.WebDelegatingSmartContextLoader', parent = [null]]]
00:28:53.116 [main] DEBUG org.springframework.test.context.cache - Spring test ApplicationContext cache statistics: [DefaultContextCache@397dfbe8 size = 1, maxSize = 32, parentContextCount = 0, hitCount = 17, missCount = 1]
00:28:53.116 [main] DEBUG org.springframework.test.context.cache.DefaultCacheAwareContextLoaderDelegate - Retrieved ApplicationContext [1384210339] from cache with key [[WebMergedContextConfiguration@2e570ded testClass = RepositorioAlimentoTest, locations = '{}', classes = '{class com.tallerwebi.integracion.config.SpringWebTestConfig, class com.tallerwebi.integracion.config.HibernateTestConfig}', contextInitializerClasses = '[]', activeProfiles = '{}', propertySourceLocations = '{}', propertySourceProperties = '{}', contextCustomizers = set[[empty]], resourceBasePath = 'src/main/webapp', contextLoader = 'org.springframework.test.context.web.WebDelegatingSmartContextLoader', parent = [null]]]
00:28:53.116 [main] DEBUG org.springframework.test.context.cache - Spring test ApplicationContext cache statistics: [DefaultContextCache@397dfbe8 size = 1, maxSize = 32, parentContextCount = 0, hitCount = 18, missCount = 1]
00:28:53.118 [main] DEBUG org.springframework.test.context.support.AbstractDirtiesContextTestExecutionListener - Before test method: context [DefaultTestContext@35b74c5c testClass = RepositorioAlimentoTest, testInstance = com.tallerwebi.dominio.RepositorioAlimentoTest@f287a4e, testMethod = testObtenerTodosLosAlimentos@RepositorioAlimentoTest, testException = [null], mergedContextConfiguration = [WebMergedContextConfiguration@2e570ded testClass = RepositorioAlimentoTest, locations = '{}', classes = '{class com.tallerwebi.integracion.config.SpringWebTestConfig, class com.tallerwebi.integracion.config.HibernateTestConfig}', contextInitializerClasses = '[]', activeProfiles = '{}', propertySourceLocations = '{}', propertySourceProperties = '{}', contextCustomizers = set[[empty]], resourceBasePath = 'src/main/webapp', contextLoader = 'org.springframework.test.context.web.WebDelegatingSmartContextLoader', parent = [null]], attributes = map['org.springframework.test.context.web.ServletTestExecutionListener.populatedRequestContextHolder' -> true, 'org.springframework.test.context.web.ServletTestExecutionListener.resetRequestContextHolder' -> true]], class annotated with @DirtiesContext [false] with mode [null], method annotated with @DirtiesContext [false] with mode [null].
00:28:53.118 [main] DEBUG org.springframework.test.context.transaction.TransactionalTestExecutionListener - Explicit transaction definition [PROPAGATION_REQUIRED,ISOLATION_DEFAULT] found for test context [DefaultTestContext@35b74c5c testClass = RepositorioAlimentoTest, testInstance = com.tallerwebi.dominio.RepositorioAlimentoTest@f287a4e, testMethod = testObtenerTodosLosAlimentos@RepositorioAlimentoTest, testException = [null], mergedContextConfiguration = [WebMergedContextConfiguration@2e570ded testClass = RepositorioAlimentoTest, locations = '{}', classes = '{class com.tallerwebi.integracion.config.SpringWebTestConfig, class com.tallerwebi.integracion.config.HibernateTestConfig}', contextInitializerClasses = '[]', activeProfiles = '{}', propertySourceLocations = '{}', propertySourceProperties = '{}', contextCustomizers = set[[empty]], resourceBasePath = 'src/main/webapp', contextLoader = 'org.springframework.test.context.web.WebDelegatingSmartContextLoader', parent = [null]], attributes = map['org.springframework.test.context.web.ServletTestExecutionListener.populatedRequestContextHolder' -> true, 'org.springframework.test.context.web.ServletTestExecutionListener.resetRequestContextHolder' -> true]]
00:28:53.118 [main] DEBUG org.springframework.test.context.cache.DefaultCacheAwareContextLoaderDelegate - Retrieved ApplicationContext [1384210339] from cache with key [[WebMergedContextConfiguration@2e570ded testClass = RepositorioAlimentoTest, locations = '{}', classes = '{class com.tallerwebi.integracion.config.SpringWebTestConfig, class com.tallerwebi.integracion.config.HibernateTestConfig}', contextInitializerClasses = '[]', activeProfiles = '{}', propertySourceLocations = '{}', propertySourceProperties = '{}', contextCustomizers = set[[empty]], resourceBasePath = 'src/main/webapp', contextLoader = 'org.springframework.test.context.web.WebDelegatingSmartContextLoader', parent = [null]]]
00:28:53.118 [main] DEBUG org.springframework.test.context.cache - Spring test ApplicationContext cache statistics: [DefaultContextCache@397dfbe8 size = 1, maxSize = 32, parentContextCount = 0, hitCount = 19, missCount = 1]
00:28:53.118 [main] DEBUG org.springframework.test.context.transaction.TransactionalTestExecutionListener - Method-level @Rollback(true) overrides default rollback [true] for test context [DefaultTestContext@35b74c5c testClass = RepositorioAlimentoTest, testInstance = com.tallerwebi.dominio.RepositorioAlimentoTest@f287a4e, testMethod = testObtenerTodosLosAlimentos@RepositorioAlimentoTest, testException = [null], mergedContextConfiguration = [WebMergedContextConfiguration@2e570ded testClass = RepositorioAlimentoTest, locations = '{}', classes = '{class com.tallerwebi.integracion.config.SpringWebTestConfig, class com.tallerwebi.integracion.config.HibernateTestConfig}', contextInitializerClasses = '[]', activeProfiles = '{}', propertySourceLocations = '{}', propertySourceProperties = '{}', contextCustomizers = set[[empty]], resourceBasePath = 'src/main/webapp', contextLoader = 'org.springframework.test.context.web.WebDelegatingSmartContextLoader', parent = [null]], attributes = map['org.springframework.test.context.web.ServletTestExecutionListener.populatedRequestContextHolder' -> true, 'org.springframework.test.context.web.ServletTestExecutionListener.resetRequestContextHolder' -> true]].
00:28:53.118 [main] DEBUG org.springframework.orm.hibernate5.HibernateTransactionManager - Creating new transaction with name [com.tallerwebi.dominio.RepositorioAlimentoTest.testObtenerTodosLosAlimentos]: PROPAGATION_REQUIRED,ISOLATION_DEFAULT
00:28:53.118 [main] DEBUG org.springframework.orm.hibernate5.HibernateTransactionManager - Opened new Session [SessionImpl(947519212<open>)] for Hibernate transaction
00:28:53.118 [main] DEBUG org.hibernate.engine.transaction.internal.TransactionImpl - On TransactionImpl creation, JpaCompliance#isJpaTransactionComplianceEnabled == false
00:28:53.118 [main] DEBUG org.hibernate.engine.transaction.internal.TransactionImpl - begin
00:28:53.118 [main] DEBUG org.springframework.jdbc.datasource.DriverManagerDataSource - Creating new JDBC DriverManager Connection to [jdbc:hsqldb:mem:db_]
00:28:53.118 [main] DEBUG org.springframework.orm.hibernate5.HibernateTransactionManager - Exposing Hibernate transaction as JDBC [org.springframework.orm.hibernate5.HibernateTransactionManager$$Lambda$602/0x0000000801596000@71d2261e]
00:28:53.118 [main] INFO org.springframework.test.context.transaction.TransactionContext - Began transaction (1) for test context [DefaultTestContext@35b74c5c testClass = RepositorioAlimentoTest, testInstance = com.tallerwebi.dominio.RepositorioAlimentoTest@f287a4e, testMethod = testObtenerTodosLosAlimentos@RepositorioAlimentoTest, testException = [null], mergedContextConfiguration = [WebMergedContextConfiguration@2e570ded testClass = RepositorioAlimentoTest, locations = '{}', classes = '{class com.tallerwebi.integracion.config.SpringWebTestConfig, class com.tallerwebi.integracion.config.HibernateTestConfig}', contextInitializerClasses = '[]', activeProfiles = '{}', propertySourceLocations = '{}', propertySourceProperties = '{}', contextCustomizers = set[[empty]], resourceBasePath = 'src/main/webapp', contextLoader = 'org.springframework.test.context.web.WebDelegatingSmartContextLoader', parent = [null]], attributes = map['org.springframework.test.context.web.ServletTestExecutionListener.populatedRequestContextHolder' -> true, 'org.springframework.test.context.web.ServletTestExecutionListener.resetRequestContextHolder' -> true]]; transaction manager [org.springframework.orm.hibernate5.HibernateTransactionManager@6ad198c9]; rollback [true]
00:28:53.118 [main] DEBUG org.springframework.test.context.cache.DefaultCacheAwareContextLoaderDelegate - Retrieved ApplicationContext [1384210339] from cache with key [[WebMergedContextConfiguration@2e570ded testClass = RepositorioAlimentoTest, locations = '{}', classes = '{class com.tallerwebi.integracion.config.SpringWebTestConfig, class com.tallerwebi.integracion.config.HibernateTestConfig}', contextInitializerClasses = '[]', activeProfiles = '{}', propertySourceLocations = '{}', propertySourceProperties = '{}', contextCustomizers = set[[empty]], resourceBasePath = 'src/main/webapp', contextLoader = 'org.springframework.test.context.web.WebDelegatingSmartContextLoader', parent = [null]]]
00:28:53.118 [main] DEBUG org.springframework.test.context.cache - Spring test ApplicationContext cache statistics: [DefaultContextCache@397dfbe8 size = 1, maxSize = 32, parentContextCount = 0, hitCount = 20, missCount = 1]
00:28:53.119 [main] DEBUG org.springframework.test.context.cache.DefaultCacheAwareContextLoaderDelegate - Retrieved ApplicationContext [1384210339] from cache with key [[WebMergedContextConfiguration@2e570ded testClass = RepositorioAlimentoTest, locations = '{}', classes = '{class com.tallerwebi.integracion.config.SpringWebTestConfig, class com.tallerwebi.integracion.config.HibernateTestConfig}', contextInitializerClasses = '[]', activeProfiles = '{}', propertySourceLocations = '{}', propertySourceProperties = '{}', contextCustomizers = set[[empty]], resourceBasePath = 'src/main/webapp', contextLoader = 'org.springframework.test.context.web.WebDelegatingSmartContextLoader', parent = [null]]]
00:28:53.119 [main] DEBUG org.springframework.test.context.cache - Spring test ApplicationContext cache statistics: [DefaultContextCache@397dfbe8 size = 1, maxSize = 32, parentContextCount = 0, hitCount = 21, missCount = 1]
00:28:53.119 [main] DEBUG org.hibernate.engine.spi.ActionQueue - Executing identity-insert immediately
00:28:53.119 [main] DEBUG org.hibernate.SQL - 
    insert 
    into
        CategoriaAlimento
        (id, imagen, nombre) 
    values
        (default, ?, ?)
Hibernate: 
    insert 
    into
        CategoriaAlimento
        (id, imagen, nombre) 
    values
        (default, ?, ?)
00:28:53.119 [main] DEBUG org.hibernate.id.IdentifierGeneratorHelper - Natively generated identity: 3
00:28:53.119 [main] DEBUG org.hibernate.resource.jdbc.internal.ResourceRegistryStandardImpl - HHH000387: ResultSet's statement was not registered
00:28:53.119 [main] DEBUG org.hibernate.engine.spi.ActionQueue - Executing identity-insert immediately
00:28:53.119 [main] DEBUG org.springframework.test.context.cache.DefaultCacheAwareContextLoaderDelegate - Retrieved ApplicationContext [1384210339] from cache with key [[WebMergedContextConfiguration@2e570ded testClass = RepositorioAlimentoTest, locations = '{}', classes = '{class com.tallerwebi.integracion.config.SpringWebTestConfig, class com.tallerwebi.integracion.config.HibernateTestConfig}', contextInitializerClasses = '[]', activeProfiles = '{}', propertySourceLocations = '{}', propertySourceProperties = '{}', contextCustomizers = set[[empty]], resourceBasePath = 'src/main/webapp', contextLoader = 'org.springframework.test.context.web.WebDelegatingSmartContextLoader', parent = [null]]]
00:28:53.119 [main] DEBUG org.springframework.test.context.cache - Spring test ApplicationContext cache statistics: [DefaultContextCache@397dfbe8 size = 1, maxSize = 32, parentContextCount = 0, hitCount = 22, missCount = 1]
00:28:53.119 [main] DEBUG org.springframework.test.context.cache.DefaultCacheAwareContextLoaderDelegate - Retrieved ApplicationContext [1384210339] from cache with key [[WebMergedContextConfiguration@2e570ded testClass = RepositorioAlimentoTest, locations = '{}', classes = '{class com.tallerwebi.integracion.config.SpringWebTestConfig, class com.tallerwebi.integracion.config.HibernateTestConfig}', contextInitializerClasses = '[]', activeProfiles = '{}', propertySourceLocations = '{}', propertySourceProperties = '{}', contextCustomizers = set[[empty]], resourceBasePath = 'src/main/webapp', contextLoader = 'org.springframework.test.context.web.WebDelegatingSmartContextLoader', parent = [null]]]
00:28:53.119 [main] DEBUG org.springframework.test.context.cache - Spring test ApplicationContext cache statistics: [DefaultContextCache@397dfbe8 size = 1, maxSize = 32, parentContextCount = 0, hitCount = 23, missCount = 1]
00:28:53.119 [main] DEBUG org.springframework.orm.hibernate5.HibernateTransactionManager - Initiating transaction rollback
00:28:53.119 [main] DEBUG org.springframework.orm.hibernate5.HibernateTransactionManager - Rolling back Hibernate transaction on Session [SessionImpl(947519212<open>)]
00:28:53.119 [main] DEBUG org.hibernate.engine.transaction.internal.TransactionImpl - rolling back
00:28:53.120 [main] DEBUG org.springframework.orm.hibernate5.HibernateTransactionManager - Closing Hibernate Session [SessionImpl(947519212<open>)] after transaction
00:28:53.120 [main] INFO org.springframework.test.context.transaction.TransactionContext - Rolled back transaction for test: [DefaultTestContext@35b74c5c testClass = RepositorioAlimentoTest, testInstance = com.tallerwebi.dominio.RepositorioAlimentoTest@f287a4e, testMethod = testObtenerTodosLosAlimentos@RepositorioAlimentoTest, testException = org.hibernate.PropertyValueException: not-null property references a null or transient value : com.tallerwebi.dominio.Alimento.cantidad, mergedContextConfiguration = [WebMergedContextConfiguration@2e570ded testClass = RepositorioAlimentoTest, locations = '{}', classes = '{class com.tallerwebi.integracion.config.SpringWebTestConfig, class com.tallerwebi.integracion.config.HibernateTestConfig}', contextInitializerClasses = '[]', activeProfiles = '{}', propertySourceLocations = '{}', propertySourceProperties = '{}', contextCustomizers = set[[empty]], resourceBasePath = 'src/main/webapp', contextLoader = 'org.springframework.test.context.web.WebDelegatingSmartContextLoader', parent = [null]], attributes = map['org.springframework.test.context.web.ServletTestExecutionListener.populatedRequestContextHolder' -> true, 'org.springframework.test.context.web.ServletTestExecutionListener.resetRequestContextHolder' -> true]]
00:28:53.120 [main] DEBUG org.springframework.test.context.support.AbstractDirtiesContextTestExecutionListener - After test method: context [DefaultTestContext@35b74c5c testClass = RepositorioAlimentoTest, testInstance = com.tallerwebi.dominio.RepositorioAlimentoTest@f287a4e, testMethod = testObtenerTodosLosAlimentos@RepositorioAlimentoTest, testException = org.hibernate.PropertyValueException: not-null property references a null or transient value : com.tallerwebi.dominio.Alimento.cantidad, mergedContextConfiguration = [WebMergedContextConfiguration@2e570ded testClass = RepositorioAlimentoTest, locations = '{}', classes = '{class com.tallerwebi.integracion.config.SpringWebTestConfig, class com.tallerwebi.integracion.config.HibernateTestConfig}', contextInitializerClasses = '[]', activeProfiles = '{}', propertySourceLocations = '{}', propertySourceProperties = '{}', contextCustomizers = set[[empty]], resourceBasePath = 'src/main/webapp', contextLoader = 'org.springframework.test.context.web.WebDelegatingSmartContextLoader', parent = [null]], attributes = map['org.springframework.test.context.web.ServletTestExecutionListener.populatedRequestContextHolder' -> true, 'org.springframework.test.context.web.ServletTestExecutionListener.resetRequestContextHolder' -> true]], class annotated with @DirtiesContext [false] with mode [null], method annotated with @DirtiesContext [false] with mode [null].
00:28:53.120 [main] DEBUG org.springframework.test.context.web.ServletTestExecutionListener - Resetting RequestContextHolder for test context [DefaultTestContext@35b74c5c testClass = RepositorioAlimentoTest, testInstance = com.tallerwebi.dominio.RepositorioAlimentoTest@f287a4e, testMethod = testObtenerTodosLosAlimentos@RepositorioAlimentoTest, testException = org.hibernate.PropertyValueException: not-null property references a null or transient value : com.tallerwebi.dominio.Alimento.cantidad, mergedContextConfiguration = [WebMergedContextConfiguration@2e570ded testClass = RepositorioAlimentoTest, locations = '{}', classes = '{class com.tallerwebi.integracion.config.SpringWebTestConfig, class com.tallerwebi.integracion.config.HibernateTestConfig}', contextInitializerClasses = '[]', activeProfiles = '{}', propertySourceLocations = '{}', propertySourceProperties = '{}', contextCustomizers = set[[empty]], resourceBasePath = 'src/main/webapp', contextLoader = 'org.springframework.test.context.web.WebDelegatingSmartContextLoader', parent = [null]], attributes = map['org.springframework.test.context.web.ServletTestExecutionListener.populatedRequestContextHolder' -> true, 'org.springframework.test.context.web.ServletTestExecutionListener.resetRequestContextHolder' -> true]].
]]></system-out>
  </testcase>
  <testcase name="testNoObtenerAlimentosPorIdCategoriaIncorrecto" classname="com.tallerwebi.dominio.RepositorioAlimentoTest" time="0.004">
    <error type="org.hibernate.PropertyValueException"><![CDATA[org.hibernate.PropertyValueException: not-null property references a null or transient value : com.tallerwebi.dominio.Alimento.cantidad
	at com.tallerwebi.dominio.RepositorioAlimentoTest.givenExisteAlimento(RepositorioAlimentoTest.java:57)
	at com.tallerwebi.dominio.RepositorioAlimentoTest.testNoObtenerAlimentosPorIdCategoriaIncorrecto(RepositorioAlimentoTest.java:105)
]]></error>
    <system-out><![CDATA[00:28:53.121 [main] DEBUG org.springframework.test.context.cache.DefaultCacheAwareContextLoaderDelegate - Retrieved ApplicationContext [1384210339] from cache with key [[WebMergedContextConfiguration@2e570ded testClass = RepositorioAlimentoTest, locations = '{}', classes = '{class com.tallerwebi.integracion.config.SpringWebTestConfig, class com.tallerwebi.integracion.config.HibernateTestConfig}', contextInitializerClasses = '[]', activeProfiles = '{}', propertySourceLocations = '{}', propertySourceProperties = '{}', contextCustomizers = set[[empty]], resourceBasePath = 'src/main/webapp', contextLoader = 'org.springframework.test.context.web.WebDelegatingSmartContextLoader', parent = [null]]]
00:28:53.121 [main] DEBUG org.springframework.test.context.cache - Spring test ApplicationContext cache statistics: [DefaultContextCache@397dfbe8 size = 1, maxSize = 32, parentContextCount = 0, hitCount = 24, missCount = 1]
00:28:53.121 [main] DEBUG org.springframework.test.context.web.ServletTestExecutionListener - Setting up MockHttpServletRequest, MockHttpServletResponse, ServletWebRequest, and RequestContextHolder for test context [DefaultTestContext@35b74c5c testClass = RepositorioAlimentoTest, testInstance = com.tallerwebi.dominio.RepositorioAlimentoTest@50f13494, testMethod = [null], testException = [null], mergedContextConfiguration = [WebMergedContextConfiguration@2e570ded testClass = RepositorioAlimentoTest, locations = '{}', classes = '{class com.tallerwebi.integracion.config.SpringWebTestConfig, class com.tallerwebi.integracion.config.HibernateTestConfig}', contextInitializerClasses = '[]', activeProfiles = '{}', propertySourceLocations = '{}', propertySourceProperties = '{}', contextCustomizers = set[[empty]], resourceBasePath = 'src/main/webapp', contextLoader = 'org.springframework.test.context.web.WebDelegatingSmartContextLoader', parent = [null]], attributes = map['org.springframework.test.context.support.DependencyInjectionTestExecutionListener.reinjectDependencies' -> true]].
00:28:53.121 [main] DEBUG org.springframework.test.context.support.DependencyInjectionTestExecutionListener - Performing dependency injection for test context [[DefaultTestContext@35b74c5c testClass = RepositorioAlimentoTest, testInstance = com.tallerwebi.dominio.RepositorioAlimentoTest@50f13494, testMethod = [null], testException = [null], mergedContextConfiguration = [WebMergedContextConfiguration@2e570ded testClass = RepositorioAlimentoTest, locations = '{}', classes = '{class com.tallerwebi.integracion.config.SpringWebTestConfig, class com.tallerwebi.integracion.config.HibernateTestConfig}', contextInitializerClasses = '[]', activeProfiles = '{}', propertySourceLocations = '{}', propertySourceProperties = '{}', contextCustomizers = set[[empty]], resourceBasePath = 'src/main/webapp', contextLoader = 'org.springframework.test.context.web.WebDelegatingSmartContextLoader', parent = [null]], attributes = map['org.springframework.test.context.web.ServletTestExecutionListener.populatedRequestContextHolder' -> true, 'org.springframework.test.context.web.ServletTestExecutionListener.resetRequestContextHolder' -> true, 'org.springframework.test.context.support.DependencyInjectionTestExecutionListener.reinjectDependencies' -> true]]].
00:28:53.121 [main] DEBUG org.springframework.test.context.cache.DefaultCacheAwareContextLoaderDelegate - Retrieved ApplicationContext [1384210339] from cache with key [[WebMergedContextConfiguration@2e570ded testClass = RepositorioAlimentoTest, locations = '{}', classes = '{class com.tallerwebi.integracion.config.SpringWebTestConfig, class com.tallerwebi.integracion.config.HibernateTestConfig}', contextInitializerClasses = '[]', activeProfiles = '{}', propertySourceLocations = '{}', propertySourceProperties = '{}', contextCustomizers = set[[empty]], resourceBasePath = 'src/main/webapp', contextLoader = 'org.springframework.test.context.web.WebDelegatingSmartContextLoader', parent = [null]]]
00:28:53.121 [main] DEBUG org.springframework.test.context.cache - Spring test ApplicationContext cache statistics: [DefaultContextCache@397dfbe8 size = 1, maxSize = 32, parentContextCount = 0, hitCount = 25, missCount = 1]
00:28:53.121 [main] DEBUG org.springframework.test.context.cache.DefaultCacheAwareContextLoaderDelegate - Retrieved ApplicationContext [1384210339] from cache with key [[WebMergedContextConfiguration@2e570ded testClass = RepositorioAlimentoTest, locations = '{}', classes = '{class com.tallerwebi.integracion.config.SpringWebTestConfig, class com.tallerwebi.integracion.config.HibernateTestConfig}', contextInitializerClasses = '[]', activeProfiles = '{}', propertySourceLocations = '{}', propertySourceProperties = '{}', contextCustomizers = set[[empty]], resourceBasePath = 'src/main/webapp', contextLoader = 'org.springframework.test.context.web.WebDelegatingSmartContextLoader', parent = [null]]]
00:28:53.121 [main] DEBUG org.springframework.test.context.cache - Spring test ApplicationContext cache statistics: [DefaultContextCache@397dfbe8 size = 1, maxSize = 32, parentContextCount = 0, hitCount = 26, missCount = 1]
00:28:53.122 [main] DEBUG org.springframework.test.context.support.AbstractDirtiesContextTestExecutionListener - Before test method: context [DefaultTestContext@35b74c5c testClass = RepositorioAlimentoTest, testInstance = com.tallerwebi.dominio.RepositorioAlimentoTest@50f13494, testMethod = testNoObtenerAlimentosPorIdCategoriaIncorrecto@RepositorioAlimentoTest, testException = [null], mergedContextConfiguration = [WebMergedContextConfiguration@2e570ded testClass = RepositorioAlimentoTest, locations = '{}', classes = '{class com.tallerwebi.integracion.config.SpringWebTestConfig, class com.tallerwebi.integracion.config.HibernateTestConfig}', contextInitializerClasses = '[]', activeProfiles = '{}', propertySourceLocations = '{}', propertySourceProperties = '{}', contextCustomizers = set[[empty]], resourceBasePath = 'src/main/webapp', contextLoader = 'org.springframework.test.context.web.WebDelegatingSmartContextLoader', parent = [null]], attributes = map['org.springframework.test.context.web.ServletTestExecutionListener.populatedRequestContextHolder' -> true, 'org.springframework.test.context.web.ServletTestExecutionListener.resetRequestContextHolder' -> true]], class annotated with @DirtiesContext [false] with mode [null], method annotated with @DirtiesContext [false] with mode [null].
00:28:53.122 [main] DEBUG org.springframework.test.context.transaction.TransactionalTestExecutionListener - Explicit transaction definition [PROPAGATION_REQUIRED,ISOLATION_DEFAULT] found for test context [DefaultTestContext@35b74c5c testClass = RepositorioAlimentoTest, testInstance = com.tallerwebi.dominio.RepositorioAlimentoTest@50f13494, testMethod = testNoObtenerAlimentosPorIdCategoriaIncorrecto@RepositorioAlimentoTest, testException = [null], mergedContextConfiguration = [WebMergedContextConfiguration@2e570ded testClass = RepositorioAlimentoTest, locations = '{}', classes = '{class com.tallerwebi.integracion.config.SpringWebTestConfig, class com.tallerwebi.integracion.config.HibernateTestConfig}', contextInitializerClasses = '[]', activeProfiles = '{}', propertySourceLocations = '{}', propertySourceProperties = '{}', contextCustomizers = set[[empty]], resourceBasePath = 'src/main/webapp', contextLoader = 'org.springframework.test.context.web.WebDelegatingSmartContextLoader', parent = [null]], attributes = map['org.springframework.test.context.web.ServletTestExecutionListener.populatedRequestContextHolder' -> true, 'org.springframework.test.context.web.ServletTestExecutionListener.resetRequestContextHolder' -> true]]
00:28:53.122 [main] DEBUG org.springframework.test.context.cache.DefaultCacheAwareContextLoaderDelegate - Retrieved ApplicationContext [1384210339] from cache with key [[WebMergedContextConfiguration@2e570ded testClass = RepositorioAlimentoTest, locations = '{}', classes = '{class com.tallerwebi.integracion.config.SpringWebTestConfig, class com.tallerwebi.integracion.config.HibernateTestConfig}', contextInitializerClasses = '[]', activeProfiles = '{}', propertySourceLocations = '{}', propertySourceProperties = '{}', contextCustomizers = set[[empty]], resourceBasePath = 'src/main/webapp', contextLoader = 'org.springframework.test.context.web.WebDelegatingSmartContextLoader', parent = [null]]]
00:28:53.122 [main] DEBUG org.springframework.test.context.cache - Spring test ApplicationContext cache statistics: [DefaultContextCache@397dfbe8 size = 1, maxSize = 32, parentContextCount = 0, hitCount = 27, missCount = 1]
00:28:53.122 [main] DEBUG org.springframework.test.context.transaction.TransactionalTestExecutionListener - Method-level @Rollback(true) overrides default rollback [true] for test context [DefaultTestContext@35b74c5c testClass = RepositorioAlimentoTest, testInstance = com.tallerwebi.dominio.RepositorioAlimentoTest@50f13494, testMethod = testNoObtenerAlimentosPorIdCategoriaIncorrecto@RepositorioAlimentoTest, testException = [null], mergedContextConfiguration = [WebMergedContextConfiguration@2e570ded testClass = RepositorioAlimentoTest, locations = '{}', classes = '{class com.tallerwebi.integracion.config.SpringWebTestConfig, class com.tallerwebi.integracion.config.HibernateTestConfig}', contextInitializerClasses = '[]', activeProfiles = '{}', propertySourceLocations = '{}', propertySourceProperties = '{}', contextCustomizers = set[[empty]], resourceBasePath = 'src/main/webapp', contextLoader = 'org.springframework.test.context.web.WebDelegatingSmartContextLoader', parent = [null]], attributes = map['org.springframework.test.context.web.ServletTestExecutionListener.populatedRequestContextHolder' -> true, 'org.springframework.test.context.web.ServletTestExecutionListener.resetRequestContextHolder' -> true]].
00:28:53.122 [main] DEBUG org.springframework.orm.hibernate5.HibernateTransactionManager - Creating new transaction with name [com.tallerwebi.dominio.RepositorioAlimentoTest.testNoObtenerAlimentosPorIdCategoriaIncorrecto]: PROPAGATION_REQUIRED,ISOLATION_DEFAULT
00:28:53.122 [main] DEBUG org.springframework.orm.hibernate5.HibernateTransactionManager - Opened new Session [SessionImpl(1942002328<open>)] for Hibernate transaction
00:28:53.122 [main] DEBUG org.hibernate.engine.transaction.internal.TransactionImpl - On TransactionImpl creation, JpaCompliance#isJpaTransactionComplianceEnabled == false
00:28:53.122 [main] DEBUG org.hibernate.engine.transaction.internal.TransactionImpl - begin
00:28:53.122 [main] DEBUG org.springframework.jdbc.datasource.DriverManagerDataSource - Creating new JDBC DriverManager Connection to [jdbc:hsqldb:mem:db_]
00:28:53.124 [main] DEBUG org.springframework.orm.hibernate5.HibernateTransactionManager - Exposing Hibernate transaction as JDBC [org.springframework.orm.hibernate5.HibernateTransactionManager$$Lambda$602/0x0000000801596000@6f2bf657]
00:28:53.124 [main] INFO org.springframework.test.context.transaction.TransactionContext - Began transaction (1) for test context [DefaultTestContext@35b74c5c testClass = RepositorioAlimentoTest, testInstance = com.tallerwebi.dominio.RepositorioAlimentoTest@50f13494, testMethod = testNoObtenerAlimentosPorIdCategoriaIncorrecto@RepositorioAlimentoTest, testException = [null], mergedContextConfiguration = [WebMergedContextConfiguration@2e570ded testClass = RepositorioAlimentoTest, locations = '{}', classes = '{class com.tallerwebi.integracion.config.SpringWebTestConfig, class com.tallerwebi.integracion.config.HibernateTestConfig}', contextInitializerClasses = '[]', activeProfiles = '{}', propertySourceLocations = '{}', propertySourceProperties = '{}', contextCustomizers = set[[empty]], resourceBasePath = 'src/main/webapp', contextLoader = 'org.springframework.test.context.web.WebDelegatingSmartContextLoader', parent = [null]], attributes = map['org.springframework.test.context.web.ServletTestExecutionListener.populatedRequestContextHolder' -> true, 'org.springframework.test.context.web.ServletTestExecutionListener.resetRequestContextHolder' -> true]]; transaction manager [org.springframework.orm.hibernate5.HibernateTransactionManager@6ad198c9]; rollback [true]
00:28:53.124 [main] DEBUG org.springframework.test.context.cache.DefaultCacheAwareContextLoaderDelegate - Retrieved ApplicationContext [1384210339] from cache with key [[WebMergedContextConfiguration@2e570ded testClass = RepositorioAlimentoTest, locations = '{}', classes = '{class com.tallerwebi.integracion.config.SpringWebTestConfig, class com.tallerwebi.integracion.config.HibernateTestConfig}', contextInitializerClasses = '[]', activeProfiles = '{}', propertySourceLocations = '{}', propertySourceProperties = '{}', contextCustomizers = set[[empty]], resourceBasePath = 'src/main/webapp', contextLoader = 'org.springframework.test.context.web.WebDelegatingSmartContextLoader', parent = [null]]]
00:28:53.124 [main] DEBUG org.springframework.test.context.cache - Spring test ApplicationContext cache statistics: [DefaultContextCache@397dfbe8 size = 1, maxSize = 32, parentContextCount = 0, hitCount = 28, missCount = 1]
00:28:53.124 [main] DEBUG org.springframework.test.context.cache.DefaultCacheAwareContextLoaderDelegate - Retrieved ApplicationContext [1384210339] from cache with key [[WebMergedContextConfiguration@2e570ded testClass = RepositorioAlimentoTest, locations = '{}', classes = '{class com.tallerwebi.integracion.config.SpringWebTestConfig, class com.tallerwebi.integracion.config.HibernateTestConfig}', contextInitializerClasses = '[]', activeProfiles = '{}', propertySourceLocations = '{}', propertySourceProperties = '{}', contextCustomizers = set[[empty]], resourceBasePath = 'src/main/webapp', contextLoader = 'org.springframework.test.context.web.WebDelegatingSmartContextLoader', parent = [null]]]
00:28:53.124 [main] DEBUG org.springframework.test.context.cache - Spring test ApplicationContext cache statistics: [DefaultContextCache@397dfbe8 size = 1, maxSize = 32, parentContextCount = 0, hitCount = 29, missCount = 1]
00:28:53.124 [main] DEBUG org.hibernate.engine.spi.ActionQueue - Executing identity-insert immediately
00:28:53.124 [main] DEBUG org.hibernate.SQL - 
    insert 
    into
        CategoriaAlimento
        (id, imagen, nombre) 
    values
        (default, ?, ?)
Hibernate: 
    insert 
    into
        CategoriaAlimento
        (id, imagen, nombre) 
    values
        (default, ?, ?)
00:28:53.125 [main] DEBUG org.hibernate.id.IdentifierGeneratorHelper - Natively generated identity: 4
00:28:53.125 [main] DEBUG org.hibernate.resource.jdbc.internal.ResourceRegistryStandardImpl - HHH000387: ResultSet's statement was not registered
00:28:53.125 [main] DEBUG org.hibernate.engine.spi.ActionQueue - Executing identity-insert immediately
00:28:53.125 [main] DEBUG org.hibernate.SQL - 
    insert 
    into
        CategoriaAlimento
        (id, imagen, nombre) 
    values
        (default, ?, ?)
Hibernate: 
    insert 
    into
        CategoriaAlimento
        (id, imagen, nombre) 
    values
        (default, ?, ?)
00:28:53.125 [main] DEBUG org.hibernate.id.IdentifierGeneratorHelper - Natively generated identity: 5
00:28:53.125 [main] DEBUG org.hibernate.resource.jdbc.internal.ResourceRegistryStandardImpl - HHH000387: ResultSet's statement was not registered
00:28:53.125 [main] DEBUG org.hibernate.engine.spi.ActionQueue - Executing identity-insert immediately
00:28:53.125 [main] DEBUG org.springframework.test.context.cache.DefaultCacheAwareContextLoaderDelegate - Retrieved ApplicationContext [1384210339] from cache with key [[WebMergedContextConfiguration@2e570ded testClass = RepositorioAlimentoTest, locations = '{}', classes = '{class com.tallerwebi.integracion.config.SpringWebTestConfig, class com.tallerwebi.integracion.config.HibernateTestConfig}', contextInitializerClasses = '[]', activeProfiles = '{}', propertySourceLocations = '{}', propertySourceProperties = '{}', contextCustomizers = set[[empty]], resourceBasePath = 'src/main/webapp', contextLoader = 'org.springframework.test.context.web.WebDelegatingSmartContextLoader', parent = [null]]]
00:28:53.125 [main] DEBUG org.springframework.test.context.cache - Spring test ApplicationContext cache statistics: [DefaultContextCache@397dfbe8 size = 1, maxSize = 32, parentContextCount = 0, hitCount = 30, missCount = 1]
00:28:53.125 [main] DEBUG org.springframework.test.context.cache.DefaultCacheAwareContextLoaderDelegate - Retrieved ApplicationContext [1384210339] from cache with key [[WebMergedContextConfiguration@2e570ded testClass = RepositorioAlimentoTest, locations = '{}', classes = '{class com.tallerwebi.integracion.config.SpringWebTestConfig, class com.tallerwebi.integracion.config.HibernateTestConfig}', contextInitializerClasses = '[]', activeProfiles = '{}', propertySourceLocations = '{}', propertySourceProperties = '{}', contextCustomizers = set[[empty]], resourceBasePath = 'src/main/webapp', contextLoader = 'org.springframework.test.context.web.WebDelegatingSmartContextLoader', parent = [null]]]
00:28:53.125 [main] DEBUG org.springframework.test.context.cache - Spring test ApplicationContext cache statistics: [DefaultContextCache@397dfbe8 size = 1, maxSize = 32, parentContextCount = 0, hitCount = 31, missCount = 1]
00:28:53.126 [main] DEBUG org.springframework.orm.hibernate5.HibernateTransactionManager - Initiating transaction rollback
00:28:53.126 [main] DEBUG org.springframework.orm.hibernate5.HibernateTransactionManager - Rolling back Hibernate transaction on Session [SessionImpl(1942002328<open>)]
00:28:53.126 [main] DEBUG org.hibernate.engine.transaction.internal.TransactionImpl - rolling back
00:28:53.126 [main] DEBUG org.springframework.orm.hibernate5.HibernateTransactionManager - Closing Hibernate Session [SessionImpl(1942002328<open>)] after transaction
00:28:53.126 [main] INFO org.springframework.test.context.transaction.TransactionContext - Rolled back transaction for test: [DefaultTestContext@35b74c5c testClass = RepositorioAlimentoTest, testInstance = com.tallerwebi.dominio.RepositorioAlimentoTest@50f13494, testMethod = testNoObtenerAlimentosPorIdCategoriaIncorrecto@RepositorioAlimentoTest, testException = org.hibernate.PropertyValueException: not-null property references a null or transient value : com.tallerwebi.dominio.Alimento.cantidad, mergedContextConfiguration = [WebMergedContextConfiguration@2e570ded testClass = RepositorioAlimentoTest, locations = '{}', classes = '{class com.tallerwebi.integracion.config.SpringWebTestConfig, class com.tallerwebi.integracion.config.HibernateTestConfig}', contextInitializerClasses = '[]', activeProfiles = '{}', propertySourceLocations = '{}', propertySourceProperties = '{}', contextCustomizers = set[[empty]], resourceBasePath = 'src/main/webapp', contextLoader = 'org.springframework.test.context.web.WebDelegatingSmartContextLoader', parent = [null]], attributes = map['org.springframework.test.context.web.ServletTestExecutionListener.populatedRequestContextHolder' -> true, 'org.springframework.test.context.web.ServletTestExecutionListener.resetRequestContextHolder' -> true]]
00:28:53.126 [main] DEBUG org.springframework.test.context.support.AbstractDirtiesContextTestExecutionListener - After test method: context [DefaultTestContext@35b74c5c testClass = RepositorioAlimentoTest, testInstance = com.tallerwebi.dominio.RepositorioAlimentoTest@50f13494, testMethod = testNoObtenerAlimentosPorIdCategoriaIncorrecto@RepositorioAlimentoTest, testException = org.hibernate.PropertyValueException: not-null property references a null or transient value : com.tallerwebi.dominio.Alimento.cantidad, mergedContextConfiguration = [WebMergedContextConfiguration@2e570ded testClass = RepositorioAlimentoTest, locations = '{}', classes = '{class com.tallerwebi.integracion.config.SpringWebTestConfig, class com.tallerwebi.integracion.config.HibernateTestConfig}', contextInitializerClasses = '[]', activeProfiles = '{}', propertySourceLocations = '{}', propertySourceProperties = '{}', contextCustomizers = set[[empty]], resourceBasePath = 'src/main/webapp', contextLoader = 'org.springframework.test.context.web.WebDelegatingSmartContextLoader', parent = [null]], attributes = map['org.springframework.test.context.web.ServletTestExecutionListener.populatedRequestContextHolder' -> true, 'org.springframework.test.context.web.ServletTestExecutionListener.resetRequestContextHolder' -> true]], class annotated with @DirtiesContext [false] with mode [null], method annotated with @DirtiesContext [false] with mode [null].
00:28:53.126 [main] DEBUG org.springframework.test.context.web.ServletTestExecutionListener - Resetting RequestContextHolder for test context [DefaultTestContext@35b74c5c testClass = RepositorioAlimentoTest, testInstance = com.tallerwebi.dominio.RepositorioAlimentoTest@50f13494, testMethod = testNoObtenerAlimentosPorIdCategoriaIncorrecto@RepositorioAlimentoTest, testException = org.hibernate.PropertyValueException: not-null property references a null or transient value : com.tallerwebi.dominio.Alimento.cantidad, mergedContextConfiguration = [WebMergedContextConfiguration@2e570ded testClass = RepositorioAlimentoTest, locations = '{}', classes = '{class com.tallerwebi.integracion.config.SpringWebTestConfig, class com.tallerwebi.integracion.config.HibernateTestConfig}', contextInitializerClasses = '[]', activeProfiles = '{}', propertySourceLocations = '{}', propertySourceProperties = '{}', contextCustomizers = set[[empty]], resourceBasePath = 'src/main/webapp', contextLoader = 'org.springframework.test.context.web.WebDelegatingSmartContextLoader', parent = [null]], attributes = map['org.springframework.test.context.web.ServletTestExecutionListener.populatedRequestContextHolder' -> true, 'org.springframework.test.context.web.ServletTestExecutionListener.resetRequestContextHolder' -> true]].
]]></system-out>
  </testcase>
</testsuite>